[2023-02-01T11:58:31.154+0000] {processor.py:153} INFO - Started process (PID=51) to work on /home/airflow/.local/lib/python3.7/site-packages/airflow/example_dags/example_branch_python_dop_operator_3.py
[2023-02-01T11:58:31.156+0000] {processor.py:743} INFO - Processing file /home/airflow/.local/lib/python3.7/site-packages/airflow/example_dags/example_branch_python_dop_operator_3.py for tasks to queue
[2023-02-01T11:58:31.159+0000] {logging_mixin.py:137} INFO - [2023-02-01T11:58:31.158+0000] {dagbag.py:538} INFO - Filling up the DagBag from /home/airflow/.local/lib/python3.7/site-packages/airflow/example_dags/example_branch_python_dop_operator_3.py
[2023-02-01T11:58:31.218+0000] {processor.py:753} INFO - DAG(s) dict_keys(['example_branch_dop_operator_v3']) retrieved from /home/airflow/.local/lib/python3.7/site-packages/airflow/example_dags/example_branch_python_dop_operator_3.py
[2023-02-01T11:58:31.249+0000] {logging_mixin.py:137} INFO - [2023-02-01T11:58:31.249+0000] {dag.py:2690} INFO - Sync 1 DAGs
[2023-02-01T11:58:31.325+0000] {logging_mixin.py:137} INFO - [2023-02-01T11:58:31.325+0000] {dag.py:3441} INFO - Setting next_dagrun for example_branch_dop_operator_v3 to 2023-02-01T11:57:00+00:00, run_after=2023-02-01T11:58:00+00:00
[2023-02-01T11:58:31.356+0000] {processor.py:175} INFO - Processing /home/airflow/.local/lib/python3.7/site-packages/airflow/example_dags/example_branch_python_dop_operator_3.py took 0.207 seconds
[2023-02-01T11:59:01.543+0000] {processor.py:153} INFO - Started process (PID=127) to work on /home/airflow/.local/lib/python3.7/site-packages/airflow/example_dags/example_branch_python_dop_operator_3.py
[2023-02-01T11:59:01.544+0000] {processor.py:743} INFO - Processing file /home/airflow/.local/lib/python3.7/site-packages/airflow/example_dags/example_branch_python_dop_operator_3.py for tasks to queue
[2023-02-01T11:59:01.545+0000] {logging_mixin.py:137} INFO - [2023-02-01T11:59:01.545+0000] {dagbag.py:538} INFO - Filling up the DagBag from /home/airflow/.local/lib/python3.7/site-packages/airflow/example_dags/example_branch_python_dop_operator_3.py
[2023-02-01T11:59:01.567+0000] {processor.py:753} INFO - DAG(s) dict_keys(['example_branch_dop_operator_v3']) retrieved from /home/airflow/.local/lib/python3.7/site-packages/airflow/example_dags/example_branch_python_dop_operator_3.py
[2023-02-01T11:59:01.597+0000] {logging_mixin.py:137} INFO - [2023-02-01T11:59:01.597+0000] {dag.py:2690} INFO - Sync 1 DAGs
[2023-02-01T11:59:01.650+0000] {logging_mixin.py:137} INFO - [2023-02-01T11:59:01.650+0000] {dag.py:3441} INFO - Setting next_dagrun for example_branch_dop_operator_v3 to 2023-02-01T11:58:00+00:00, run_after=2023-02-01T11:59:00+00:00
[2023-02-01T11:59:01.676+0000] {processor.py:175} INFO - Processing /home/airflow/.local/lib/python3.7/site-packages/airflow/example_dags/example_branch_python_dop_operator_3.py took 0.137 seconds
[2023-02-01T11:59:32.455+0000] {processor.py:153} INFO - Started process (PID=193) to work on /home/airflow/.local/lib/python3.7/site-packages/airflow/example_dags/example_branch_python_dop_operator_3.py
[2023-02-01T11:59:32.458+0000] {processor.py:743} INFO - Processing file /home/airflow/.local/lib/python3.7/site-packages/airflow/example_dags/example_branch_python_dop_operator_3.py for tasks to queue
[2023-02-01T11:59:32.458+0000] {logging_mixin.py:137} INFO - [2023-02-01T11:59:32.458+0000] {dagbag.py:538} INFO - Filling up the DagBag from /home/airflow/.local/lib/python3.7/site-packages/airflow/example_dags/example_branch_python_dop_operator_3.py
[2023-02-01T11:59:32.532+0000] {processor.py:753} INFO - DAG(s) dict_keys(['example_branch_dop_operator_v3']) retrieved from /home/airflow/.local/lib/python3.7/site-packages/airflow/example_dags/example_branch_python_dop_operator_3.py
[2023-02-01T11:59:32.570+0000] {logging_mixin.py:137} INFO - [2023-02-01T11:59:32.569+0000] {dag.py:2690} INFO - Sync 1 DAGs
[2023-02-01T11:59:32.609+0000] {logging_mixin.py:137} INFO - [2023-02-01T11:59:32.609+0000] {dag.py:3441} INFO - Setting next_dagrun for example_branch_dop_operator_v3 to 2023-02-01T11:58:00+00:00, run_after=2023-02-01T11:59:00+00:00
[2023-02-01T11:59:32.626+0000] {processor.py:175} INFO - Processing /home/airflow/.local/lib/python3.7/site-packages/airflow/example_dags/example_branch_python_dop_operator_3.py took 0.175 seconds
[2023-02-01T12:00:03.318+0000] {processor.py:153} INFO - Started process (PID=272) to work on /home/airflow/.local/lib/python3.7/site-packages/airflow/example_dags/example_branch_python_dop_operator_3.py
[2023-02-01T12:00:03.320+0000] {processor.py:743} INFO - Processing file /home/airflow/.local/lib/python3.7/site-packages/airflow/example_dags/example_branch_python_dop_operator_3.py for tasks to queue
[2023-02-01T12:00:03.321+0000] {logging_mixin.py:137} INFO - [2023-02-01T12:00:03.321+0000] {dagbag.py:538} INFO - Filling up the DagBag from /home/airflow/.local/lib/python3.7/site-packages/airflow/example_dags/example_branch_python_dop_operator_3.py
[2023-02-01T12:00:03.347+0000] {processor.py:753} INFO - DAG(s) dict_keys(['example_branch_dop_operator_v3']) retrieved from /home/airflow/.local/lib/python3.7/site-packages/airflow/example_dags/example_branch_python_dop_operator_3.py
[2023-02-01T12:00:03.372+0000] {logging_mixin.py:137} INFO - [2023-02-01T12:00:03.371+0000] {dag.py:2690} INFO - Sync 1 DAGs
[2023-02-01T12:00:03.404+0000] {logging_mixin.py:137} INFO - [2023-02-01T12:00:03.404+0000] {dag.py:3441} INFO - Setting next_dagrun for example_branch_dop_operator_v3 to 2023-02-01T11:59:00+00:00, run_after=2023-02-01T12:00:00+00:00
[2023-02-01T12:00:03.425+0000] {processor.py:175} INFO - Processing /home/airflow/.local/lib/python3.7/site-packages/airflow/example_dags/example_branch_python_dop_operator_3.py took 0.110 seconds
[2023-02-01T12:00:34.051+0000] {processor.py:153} INFO - Started process (PID=350) to work on /home/airflow/.local/lib/python3.7/site-packages/airflow/example_dags/example_branch_python_dop_operator_3.py
[2023-02-01T12:00:34.052+0000] {processor.py:743} INFO - Processing file /home/airflow/.local/lib/python3.7/site-packages/airflow/example_dags/example_branch_python_dop_operator_3.py for tasks to queue
[2023-02-01T12:00:34.057+0000] {logging_mixin.py:137} INFO - [2023-02-01T12:00:34.056+0000] {dagbag.py:538} INFO - Filling up the DagBag from /home/airflow/.local/lib/python3.7/site-packages/airflow/example_dags/example_branch_python_dop_operator_3.py
[2023-02-01T12:00:34.117+0000] {processor.py:753} INFO - DAG(s) dict_keys(['example_branch_dop_operator_v3']) retrieved from /home/airflow/.local/lib/python3.7/site-packages/airflow/example_dags/example_branch_python_dop_operator_3.py
[2023-02-01T12:00:34.149+0000] {logging_mixin.py:137} INFO - [2023-02-01T12:00:34.149+0000] {dag.py:2690} INFO - Sync 1 DAGs
[2023-02-01T12:00:34.193+0000] {logging_mixin.py:137} INFO - [2023-02-01T12:00:34.192+0000] {dag.py:3441} INFO - Setting next_dagrun for example_branch_dop_operator_v3 to 2023-02-01T11:59:00+00:00, run_after=2023-02-01T12:00:00+00:00
[2023-02-01T12:00:34.221+0000] {processor.py:175} INFO - Processing /home/airflow/.local/lib/python3.7/site-packages/airflow/example_dags/example_branch_python_dop_operator_3.py took 0.175 seconds
[2023-02-01T12:01:04.774+0000] {processor.py:153} INFO - Started process (PID=415) to work on /home/airflow/.local/lib/python3.7/site-packages/airflow/example_dags/example_branch_python_dop_operator_3.py
[2023-02-01T12:01:04.775+0000] {processor.py:743} INFO - Processing file /home/airflow/.local/lib/python3.7/site-packages/airflow/example_dags/example_branch_python_dop_operator_3.py for tasks to queue
[2023-02-01T12:01:04.776+0000] {logging_mixin.py:137} INFO - [2023-02-01T12:01:04.776+0000] {dagbag.py:538} INFO - Filling up the DagBag from /home/airflow/.local/lib/python3.7/site-packages/airflow/example_dags/example_branch_python_dop_operator_3.py
[2023-02-01T12:01:04.799+0000] {processor.py:753} INFO - DAG(s) dict_keys(['example_branch_dop_operator_v3']) retrieved from /home/airflow/.local/lib/python3.7/site-packages/airflow/example_dags/example_branch_python_dop_operator_3.py
[2023-02-01T12:01:04.822+0000] {logging_mixin.py:137} INFO - [2023-02-01T12:01:04.822+0000] {dag.py:2690} INFO - Sync 1 DAGs
[2023-02-01T12:01:04.851+0000] {logging_mixin.py:137} INFO - [2023-02-01T12:01:04.851+0000] {dag.py:3441} INFO - Setting next_dagrun for example_branch_dop_operator_v3 to 2023-02-01T12:00:00+00:00, run_after=2023-02-01T12:01:00+00:00
[2023-02-01T12:01:04.867+0000] {processor.py:175} INFO - Processing /home/airflow/.local/lib/python3.7/site-packages/airflow/example_dags/example_branch_python_dop_operator_3.py took 0.097 seconds
[2023-02-01T12:01:35.664+0000] {processor.py:153} INFO - Started process (PID=494) to work on /home/airflow/.local/lib/python3.7/site-packages/airflow/example_dags/example_branch_python_dop_operator_3.py
[2023-02-01T12:01:35.665+0000] {processor.py:743} INFO - Processing file /home/airflow/.local/lib/python3.7/site-packages/airflow/example_dags/example_branch_python_dop_operator_3.py for tasks to queue
[2023-02-01T12:01:35.667+0000] {logging_mixin.py:137} INFO - [2023-02-01T12:01:35.667+0000] {dagbag.py:538} INFO - Filling up the DagBag from /home/airflow/.local/lib/python3.7/site-packages/airflow/example_dags/example_branch_python_dop_operator_3.py
[2023-02-01T12:01:35.691+0000] {processor.py:753} INFO - DAG(s) dict_keys(['example_branch_dop_operator_v3']) retrieved from /home/airflow/.local/lib/python3.7/site-packages/airflow/example_dags/example_branch_python_dop_operator_3.py
[2023-02-01T12:01:35.722+0000] {logging_mixin.py:137} INFO - [2023-02-01T12:01:35.722+0000] {dag.py:2690} INFO - Sync 1 DAGs
[2023-02-01T12:01:35.758+0000] {logging_mixin.py:137} INFO - [2023-02-01T12:01:35.757+0000] {dag.py:3441} INFO - Setting next_dagrun for example_branch_dop_operator_v3 to 2023-02-01T12:00:00+00:00, run_after=2023-02-01T12:01:00+00:00
[2023-02-01T12:01:35.781+0000] {processor.py:175} INFO - Processing /home/airflow/.local/lib/python3.7/site-packages/airflow/example_dags/example_branch_python_dop_operator_3.py took 0.121 seconds
[2023-02-01T12:02:07.333+0000] {processor.py:153} INFO - Started process (PID=567) to work on /home/airflow/.local/lib/python3.7/site-packages/airflow/example_dags/example_branch_python_dop_operator_3.py
[2023-02-01T12:02:07.335+0000] {processor.py:743} INFO - Processing file /home/airflow/.local/lib/python3.7/site-packages/airflow/example_dags/example_branch_python_dop_operator_3.py for tasks to queue
[2023-02-01T12:02:07.337+0000] {logging_mixin.py:137} INFO - [2023-02-01T12:02:07.336+0000] {dagbag.py:538} INFO - Filling up the DagBag from /home/airflow/.local/lib/python3.7/site-packages/airflow/example_dags/example_branch_python_dop_operator_3.py
[2023-02-01T12:02:07.383+0000] {processor.py:753} INFO - DAG(s) dict_keys(['example_branch_dop_operator_v3']) retrieved from /home/airflow/.local/lib/python3.7/site-packages/airflow/example_dags/example_branch_python_dop_operator_3.py
[2023-02-01T12:02:07.424+0000] {logging_mixin.py:137} INFO - [2023-02-01T12:02:07.423+0000] {dag.py:2690} INFO - Sync 1 DAGs
[2023-02-01T12:02:07.474+0000] {logging_mixin.py:137} INFO - [2023-02-01T12:02:07.473+0000] {dag.py:3441} INFO - Setting next_dagrun for example_branch_dop_operator_v3 to 2023-02-01T12:01:00+00:00, run_after=2023-02-01T12:02:00+00:00
[2023-02-01T12:02:07.509+0000] {processor.py:175} INFO - Processing /home/airflow/.local/lib/python3.7/site-packages/airflow/example_dags/example_branch_python_dop_operator_3.py took 0.181 seconds
[2023-02-01T12:02:38.208+0000] {processor.py:153} INFO - Started process (PID=636) to work on /home/airflow/.local/lib/python3.7/site-packages/airflow/example_dags/example_branch_python_dop_operator_3.py
[2023-02-01T12:02:38.209+0000] {processor.py:743} INFO - Processing file /home/airflow/.local/lib/python3.7/site-packages/airflow/example_dags/example_branch_python_dop_operator_3.py for tasks to queue
[2023-02-01T12:02:38.210+0000] {logging_mixin.py:137} INFO - [2023-02-01T12:02:38.210+0000] {dagbag.py:538} INFO - Filling up the DagBag from /home/airflow/.local/lib/python3.7/site-packages/airflow/example_dags/example_branch_python_dop_operator_3.py
[2023-02-01T12:02:38.234+0000] {processor.py:753} INFO - DAG(s) dict_keys(['example_branch_dop_operator_v3']) retrieved from /home/airflow/.local/lib/python3.7/site-packages/airflow/example_dags/example_branch_python_dop_operator_3.py
[2023-02-01T12:02:38.260+0000] {logging_mixin.py:137} INFO - [2023-02-01T12:02:38.260+0000] {dag.py:2690} INFO - Sync 1 DAGs
[2023-02-01T12:02:38.290+0000] {logging_mixin.py:137} INFO - [2023-02-01T12:02:38.290+0000] {dag.py:3441} INFO - Setting next_dagrun for example_branch_dop_operator_v3 to 2023-02-01T12:01:00+00:00, run_after=2023-02-01T12:02:00+00:00
[2023-02-01T12:02:38.310+0000] {processor.py:175} INFO - Processing /home/airflow/.local/lib/python3.7/site-packages/airflow/example_dags/example_branch_python_dop_operator_3.py took 0.107 seconds
[2023-02-01T12:03:08.511+0000] {processor.py:153} INFO - Started process (PID=715) to work on /home/airflow/.local/lib/python3.7/site-packages/airflow/example_dags/example_branch_python_dop_operator_3.py
[2023-02-01T12:03:08.512+0000] {processor.py:743} INFO - Processing file /home/airflow/.local/lib/python3.7/site-packages/airflow/example_dags/example_branch_python_dop_operator_3.py for tasks to queue
[2023-02-01T12:03:08.514+0000] {logging_mixin.py:137} INFO - [2023-02-01T12:03:08.514+0000] {dagbag.py:538} INFO - Filling up the DagBag from /home/airflow/.local/lib/python3.7/site-packages/airflow/example_dags/example_branch_python_dop_operator_3.py
[2023-02-01T12:03:08.538+0000] {processor.py:753} INFO - DAG(s) dict_keys(['example_branch_dop_operator_v3']) retrieved from /home/airflow/.local/lib/python3.7/site-packages/airflow/example_dags/example_branch_python_dop_operator_3.py
[2023-02-01T12:03:08.564+0000] {logging_mixin.py:137} INFO - [2023-02-01T12:03:08.564+0000] {dag.py:2690} INFO - Sync 1 DAGs
[2023-02-01T12:03:08.597+0000] {logging_mixin.py:137} INFO - [2023-02-01T12:03:08.597+0000] {dag.py:3441} INFO - Setting next_dagrun for example_branch_dop_operator_v3 to 2023-02-01T12:02:00+00:00, run_after=2023-02-01T12:03:00+00:00
[2023-02-01T12:03:08.625+0000] {processor.py:175} INFO - Processing /home/airflow/.local/lib/python3.7/site-packages/airflow/example_dags/example_branch_python_dop_operator_3.py took 0.118 seconds
[2023-02-01T12:03:39.302+0000] {processor.py:153} INFO - Started process (PID=780) to work on /home/airflow/.local/lib/python3.7/site-packages/airflow/example_dags/example_branch_python_dop_operator_3.py
[2023-02-01T12:03:39.303+0000] {processor.py:743} INFO - Processing file /home/airflow/.local/lib/python3.7/site-packages/airflow/example_dags/example_branch_python_dop_operator_3.py for tasks to queue
[2023-02-01T12:03:39.304+0000] {logging_mixin.py:137} INFO - [2023-02-01T12:03:39.304+0000] {dagbag.py:538} INFO - Filling up the DagBag from /home/airflow/.local/lib/python3.7/site-packages/airflow/example_dags/example_branch_python_dop_operator_3.py
[2023-02-01T12:03:39.337+0000] {processor.py:753} INFO - DAG(s) dict_keys(['example_branch_dop_operator_v3']) retrieved from /home/airflow/.local/lib/python3.7/site-packages/airflow/example_dags/example_branch_python_dop_operator_3.py
[2023-02-01T12:03:39.369+0000] {logging_mixin.py:137} INFO - [2023-02-01T12:03:39.368+0000] {dag.py:2690} INFO - Sync 1 DAGs
[2023-02-01T12:03:39.403+0000] {logging_mixin.py:137} INFO - [2023-02-01T12:03:39.403+0000] {dag.py:3441} INFO - Setting next_dagrun for example_branch_dop_operator_v3 to 2023-02-01T12:02:00+00:00, run_after=2023-02-01T12:03:00+00:00
[2023-02-01T12:03:39.437+0000] {processor.py:175} INFO - Processing /home/airflow/.local/lib/python3.7/site-packages/airflow/example_dags/example_branch_python_dop_operator_3.py took 0.141 seconds
[2023-02-01T12:04:10.174+0000] {processor.py:153} INFO - Started process (PID=853) to work on /home/airflow/.local/lib/python3.7/site-packages/airflow/example_dags/example_branch_python_dop_operator_3.py
[2023-02-01T12:04:10.176+0000] {processor.py:743} INFO - Processing file /home/airflow/.local/lib/python3.7/site-packages/airflow/example_dags/example_branch_python_dop_operator_3.py for tasks to queue
[2023-02-01T12:04:10.179+0000] {logging_mixin.py:137} INFO - [2023-02-01T12:04:10.178+0000] {dagbag.py:538} INFO - Filling up the DagBag from /home/airflow/.local/lib/python3.7/site-packages/airflow/example_dags/example_branch_python_dop_operator_3.py
[2023-02-01T12:04:10.214+0000] {processor.py:753} INFO - DAG(s) dict_keys(['example_branch_dop_operator_v3']) retrieved from /home/airflow/.local/lib/python3.7/site-packages/airflow/example_dags/example_branch_python_dop_operator_3.py
[2023-02-01T12:04:10.263+0000] {logging_mixin.py:137} INFO - [2023-02-01T12:04:10.263+0000] {dag.py:2690} INFO - Sync 1 DAGs
[2023-02-01T12:04:10.326+0000] {logging_mixin.py:137} INFO - [2023-02-01T12:04:10.326+0000] {dag.py:3441} INFO - Setting next_dagrun for example_branch_dop_operator_v3 to 2023-02-01T12:03:00+00:00, run_after=2023-02-01T12:04:00+00:00
[2023-02-01T12:04:10.389+0000] {processor.py:175} INFO - Processing /home/airflow/.local/lib/python3.7/site-packages/airflow/example_dags/example_branch_python_dop_operator_3.py took 0.222 seconds
[2023-02-01T12:04:40.899+0000] {processor.py:153} INFO - Started process (PID=922) to work on /home/airflow/.local/lib/python3.7/site-packages/airflow/example_dags/example_branch_python_dop_operator_3.py
[2023-02-01T12:04:40.900+0000] {processor.py:743} INFO - Processing file /home/airflow/.local/lib/python3.7/site-packages/airflow/example_dags/example_branch_python_dop_operator_3.py for tasks to queue
[2023-02-01T12:04:40.902+0000] {logging_mixin.py:137} INFO - [2023-02-01T12:04:40.902+0000] {dagbag.py:538} INFO - Filling up the DagBag from /home/airflow/.local/lib/python3.7/site-packages/airflow/example_dags/example_branch_python_dop_operator_3.py
[2023-02-01T12:04:40.932+0000] {processor.py:753} INFO - DAG(s) dict_keys(['example_branch_dop_operator_v3']) retrieved from /home/airflow/.local/lib/python3.7/site-packages/airflow/example_dags/example_branch_python_dop_operator_3.py
[2023-02-01T12:04:40.964+0000] {logging_mixin.py:137} INFO - [2023-02-01T12:04:40.963+0000] {dag.py:2690} INFO - Sync 1 DAGs
[2023-02-01T12:04:40.994+0000] {logging_mixin.py:137} INFO - [2023-02-01T12:04:40.994+0000] {dag.py:3441} INFO - Setting next_dagrun for example_branch_dop_operator_v3 to 2023-02-01T12:03:00+00:00, run_after=2023-02-01T12:04:00+00:00
[2023-02-01T12:04:41.015+0000] {processor.py:175} INFO - Processing /home/airflow/.local/lib/python3.7/site-packages/airflow/example_dags/example_branch_python_dop_operator_3.py took 0.121 seconds
[2023-02-01T12:05:11.691+0000] {processor.py:153} INFO - Started process (PID=1001) to work on /home/airflow/.local/lib/python3.7/site-packages/airflow/example_dags/example_branch_python_dop_operator_3.py
[2023-02-01T12:05:11.692+0000] {processor.py:743} INFO - Processing file /home/airflow/.local/lib/python3.7/site-packages/airflow/example_dags/example_branch_python_dop_operator_3.py for tasks to queue
[2023-02-01T12:05:11.693+0000] {logging_mixin.py:137} INFO - [2023-02-01T12:05:11.693+0000] {dagbag.py:538} INFO - Filling up the DagBag from /home/airflow/.local/lib/python3.7/site-packages/airflow/example_dags/example_branch_python_dop_operator_3.py
[2023-02-01T12:05:11.716+0000] {processor.py:753} INFO - DAG(s) dict_keys(['example_branch_dop_operator_v3']) retrieved from /home/airflow/.local/lib/python3.7/site-packages/airflow/example_dags/example_branch_python_dop_operator_3.py
[2023-02-01T12:05:11.740+0000] {logging_mixin.py:137} INFO - [2023-02-01T12:05:11.740+0000] {dag.py:2690} INFO - Sync 1 DAGs
[2023-02-01T12:05:11.765+0000] {logging_mixin.py:137} INFO - [2023-02-01T12:05:11.765+0000] {dag.py:3441} INFO - Setting next_dagrun for example_branch_dop_operator_v3 to 2023-02-01T12:04:00+00:00, run_after=2023-02-01T12:05:00+00:00
[2023-02-01T12:05:11.781+0000] {processor.py:175} INFO - Processing /home/airflow/.local/lib/python3.7/site-packages/airflow/example_dags/example_branch_python_dop_operator_3.py took 0.094 seconds
[2023-02-01T12:05:42.370+0000] {processor.py:153} INFO - Started process (PID=1066) to work on /home/airflow/.local/lib/python3.7/site-packages/airflow/example_dags/example_branch_python_dop_operator_3.py
[2023-02-01T12:05:42.371+0000] {processor.py:743} INFO - Processing file /home/airflow/.local/lib/python3.7/site-packages/airflow/example_dags/example_branch_python_dop_operator_3.py for tasks to queue
[2023-02-01T12:05:42.372+0000] {logging_mixin.py:137} INFO - [2023-02-01T12:05:42.371+0000] {dagbag.py:538} INFO - Filling up the DagBag from /home/airflow/.local/lib/python3.7/site-packages/airflow/example_dags/example_branch_python_dop_operator_3.py
[2023-02-01T12:05:42.393+0000] {processor.py:753} INFO - DAG(s) dict_keys(['example_branch_dop_operator_v3']) retrieved from /home/airflow/.local/lib/python3.7/site-packages/airflow/example_dags/example_branch_python_dop_operator_3.py
[2023-02-01T12:05:42.418+0000] {logging_mixin.py:137} INFO - [2023-02-01T12:05:42.418+0000] {dag.py:2690} INFO - Sync 1 DAGs
[2023-02-01T12:05:42.444+0000] {logging_mixin.py:137} INFO - [2023-02-01T12:05:42.444+0000] {dag.py:3441} INFO - Setting next_dagrun for example_branch_dop_operator_v3 to 2023-02-01T12:04:00+00:00, run_after=2023-02-01T12:05:00+00:00
[2023-02-01T12:05:42.460+0000] {processor.py:175} INFO - Processing /home/airflow/.local/lib/python3.7/site-packages/airflow/example_dags/example_branch_python_dop_operator_3.py took 0.095 seconds
[2023-02-01T12:06:12.914+0000] {processor.py:153} INFO - Started process (PID=1144) to work on /home/airflow/.local/lib/python3.7/site-packages/airflow/example_dags/example_branch_python_dop_operator_3.py
[2023-02-01T12:06:12.915+0000] {processor.py:743} INFO - Processing file /home/airflow/.local/lib/python3.7/site-packages/airflow/example_dags/example_branch_python_dop_operator_3.py for tasks to queue
[2023-02-01T12:06:12.916+0000] {logging_mixin.py:137} INFO - [2023-02-01T12:06:12.916+0000] {dagbag.py:538} INFO - Filling up the DagBag from /home/airflow/.local/lib/python3.7/site-packages/airflow/example_dags/example_branch_python_dop_operator_3.py
[2023-02-01T12:06:12.937+0000] {processor.py:753} INFO - DAG(s) dict_keys(['example_branch_dop_operator_v3']) retrieved from /home/airflow/.local/lib/python3.7/site-packages/airflow/example_dags/example_branch_python_dop_operator_3.py
[2023-02-01T12:06:12.960+0000] {logging_mixin.py:137} INFO - [2023-02-01T12:06:12.960+0000] {dag.py:2690} INFO - Sync 1 DAGs
[2023-02-01T12:06:12.984+0000] {logging_mixin.py:137} INFO - [2023-02-01T12:06:12.984+0000] {dag.py:3441} INFO - Setting next_dagrun for example_branch_dop_operator_v3 to 2023-02-01T12:05:00+00:00, run_after=2023-02-01T12:06:00+00:00
[2023-02-01T12:06:13.001+0000] {processor.py:175} INFO - Processing /home/airflow/.local/lib/python3.7/site-packages/airflow/example_dags/example_branch_python_dop_operator_3.py took 0.091 seconds
[2023-02-01T12:06:43.470+0000] {processor.py:153} INFO - Started process (PID=1216) to work on /home/airflow/.local/lib/python3.7/site-packages/airflow/example_dags/example_branch_python_dop_operator_3.py
[2023-02-01T12:06:43.471+0000] {processor.py:743} INFO - Processing file /home/airflow/.local/lib/python3.7/site-packages/airflow/example_dags/example_branch_python_dop_operator_3.py for tasks to queue
[2023-02-01T12:06:43.472+0000] {logging_mixin.py:137} INFO - [2023-02-01T12:06:43.472+0000] {dagbag.py:538} INFO - Filling up the DagBag from /home/airflow/.local/lib/python3.7/site-packages/airflow/example_dags/example_branch_python_dop_operator_3.py
[2023-02-01T12:06:43.503+0000] {processor.py:753} INFO - DAG(s) dict_keys(['example_branch_dop_operator_v3']) retrieved from /home/airflow/.local/lib/python3.7/site-packages/airflow/example_dags/example_branch_python_dop_operator_3.py
[2023-02-01T12:06:43.539+0000] {logging_mixin.py:137} INFO - [2023-02-01T12:06:43.539+0000] {dag.py:2690} INFO - Sync 1 DAGs
[2023-02-01T12:06:43.574+0000] {logging_mixin.py:137} INFO - [2023-02-01T12:06:43.574+0000] {dag.py:3441} INFO - Setting next_dagrun for example_branch_dop_operator_v3 to 2023-02-01T12:05:00+00:00, run_after=2023-02-01T12:06:00+00:00
[2023-02-01T12:06:43.602+0000] {processor.py:175} INFO - Processing /home/airflow/.local/lib/python3.7/site-packages/airflow/example_dags/example_branch_python_dop_operator_3.py took 0.135 seconds
[2023-02-01T12:07:13.785+0000] {processor.py:153} INFO - Started process (PID=1286) to work on /home/airflow/.local/lib/python3.7/site-packages/airflow/example_dags/example_branch_python_dop_operator_3.py
[2023-02-01T12:07:13.785+0000] {processor.py:743} INFO - Processing file /home/airflow/.local/lib/python3.7/site-packages/airflow/example_dags/example_branch_python_dop_operator_3.py for tasks to queue
[2023-02-01T12:07:13.786+0000] {logging_mixin.py:137} INFO - [2023-02-01T12:07:13.786+0000] {dagbag.py:538} INFO - Filling up the DagBag from /home/airflow/.local/lib/python3.7/site-packages/airflow/example_dags/example_branch_python_dop_operator_3.py
[2023-02-01T12:07:13.811+0000] {processor.py:753} INFO - DAG(s) dict_keys(['example_branch_dop_operator_v3']) retrieved from /home/airflow/.local/lib/python3.7/site-packages/airflow/example_dags/example_branch_python_dop_operator_3.py
[2023-02-01T12:07:13.838+0000] {logging_mixin.py:137} INFO - [2023-02-01T12:07:13.838+0000] {dag.py:2690} INFO - Sync 1 DAGs
[2023-02-01T12:07:13.868+0000] {logging_mixin.py:137} INFO - [2023-02-01T12:07:13.868+0000] {dag.py:3441} INFO - Setting next_dagrun for example_branch_dop_operator_v3 to 2023-02-01T12:06:00+00:00, run_after=2023-02-01T12:07:00+00:00
[2023-02-01T12:07:13.934+0000] {processor.py:175} INFO - Processing /home/airflow/.local/lib/python3.7/site-packages/airflow/example_dags/example_branch_python_dop_operator_3.py took 0.152 seconds
[2023-02-01T12:07:44.097+0000] {processor.py:153} INFO - Started process (PID=1365) to work on /home/airflow/.local/lib/python3.7/site-packages/airflow/example_dags/example_branch_python_dop_operator_3.py
[2023-02-01T12:07:44.098+0000] {processor.py:743} INFO - Processing file /home/airflow/.local/lib/python3.7/site-packages/airflow/example_dags/example_branch_python_dop_operator_3.py for tasks to queue
[2023-02-01T12:07:44.099+0000] {logging_mixin.py:137} INFO - [2023-02-01T12:07:44.099+0000] {dagbag.py:538} INFO - Filling up the DagBag from /home/airflow/.local/lib/python3.7/site-packages/airflow/example_dags/example_branch_python_dop_operator_3.py
[2023-02-01T12:07:44.127+0000] {processor.py:753} INFO - DAG(s) dict_keys(['example_branch_dop_operator_v3']) retrieved from /home/airflow/.local/lib/python3.7/site-packages/airflow/example_dags/example_branch_python_dop_operator_3.py
[2023-02-01T12:07:44.154+0000] {logging_mixin.py:137} INFO - [2023-02-01T12:07:44.154+0000] {dag.py:2690} INFO - Sync 1 DAGs
[2023-02-01T12:07:44.190+0000] {logging_mixin.py:137} INFO - [2023-02-01T12:07:44.190+0000] {dag.py:3441} INFO - Setting next_dagrun for example_branch_dop_operator_v3 to 2023-02-01T12:06:00+00:00, run_after=2023-02-01T12:07:00+00:00
[2023-02-01T12:07:44.213+0000] {processor.py:175} INFO - Processing /home/airflow/.local/lib/python3.7/site-packages/airflow/example_dags/example_branch_python_dop_operator_3.py took 0.121 seconds
