[2023-02-01T11:58:30.779+0000] {processor.py:153} INFO - Started process (PID=46) to work on /home/airflow/.local/lib/python3.7/site-packages/airflow/example_dags/example_bash_operator.py
[2023-02-01T11:58:30.783+0000] {processor.py:743} INFO - Processing file /home/airflow/.local/lib/python3.7/site-packages/airflow/example_dags/example_bash_operator.py for tasks to queue
[2023-02-01T11:58:30.784+0000] {logging_mixin.py:137} INFO - [2023-02-01T11:58:30.784+0000] {dagbag.py:538} INFO - Filling up the DagBag from /home/airflow/.local/lib/python3.7/site-packages/airflow/example_dags/example_bash_operator.py
[2023-02-01T11:58:30.814+0000] {processor.py:753} INFO - DAG(s) dict_keys(['example_bash_operator']) retrieved from /home/airflow/.local/lib/python3.7/site-packages/airflow/example_dags/example_bash_operator.py
[2023-02-01T11:58:30.828+0000] {logging_mixin.py:137} INFO - [2023-02-01T11:58:30.828+0000] {dag.py:2690} INFO - Sync 1 DAGs
[2023-02-01T11:58:30.861+0000] {logging_mixin.py:137} INFO - [2023-02-01T11:58:30.861+0000] {dag.py:3441} INFO - Setting next_dagrun for example_bash_operator to 2023-01-31T00:00:00+00:00, run_after=2023-02-01T00:00:00+00:00
[2023-02-01T11:58:30.887+0000] {processor.py:175} INFO - Processing /home/airflow/.local/lib/python3.7/site-packages/airflow/example_dags/example_bash_operator.py took 0.112 seconds
[2023-02-01T11:59:01.240+0000] {processor.py:153} INFO - Started process (PID=122) to work on /home/airflow/.local/lib/python3.7/site-packages/airflow/example_dags/example_bash_operator.py
[2023-02-01T11:59:01.241+0000] {processor.py:743} INFO - Processing file /home/airflow/.local/lib/python3.7/site-packages/airflow/example_dags/example_bash_operator.py for tasks to queue
[2023-02-01T11:59:01.242+0000] {logging_mixin.py:137} INFO - [2023-02-01T11:59:01.242+0000] {dagbag.py:538} INFO - Filling up the DagBag from /home/airflow/.local/lib/python3.7/site-packages/airflow/example_dags/example_bash_operator.py
[2023-02-01T11:59:01.266+0000] {processor.py:753} INFO - DAG(s) dict_keys(['example_bash_operator']) retrieved from /home/airflow/.local/lib/python3.7/site-packages/airflow/example_dags/example_bash_operator.py
[2023-02-01T11:59:01.300+0000] {logging_mixin.py:137} INFO - [2023-02-01T11:59:01.300+0000] {dag.py:2690} INFO - Sync 1 DAGs
[2023-02-01T11:59:01.326+0000] {logging_mixin.py:137} INFO - [2023-02-01T11:59:01.326+0000] {dag.py:3441} INFO - Setting next_dagrun for example_bash_operator to 2023-01-31T00:00:00+00:00, run_after=2023-02-01T00:00:00+00:00
[2023-02-01T11:59:01.344+0000] {processor.py:175} INFO - Processing /home/airflow/.local/lib/python3.7/site-packages/airflow/example_dags/example_bash_operator.py took 0.108 seconds
[2023-02-01T11:59:32.127+0000] {processor.py:153} INFO - Started process (PID=188) to work on /home/airflow/.local/lib/python3.7/site-packages/airflow/example_dags/example_bash_operator.py
[2023-02-01T11:59:32.128+0000] {processor.py:743} INFO - Processing file /home/airflow/.local/lib/python3.7/site-packages/airflow/example_dags/example_bash_operator.py for tasks to queue
[2023-02-01T11:59:32.129+0000] {logging_mixin.py:137} INFO - [2023-02-01T11:59:32.129+0000] {dagbag.py:538} INFO - Filling up the DagBag from /home/airflow/.local/lib/python3.7/site-packages/airflow/example_dags/example_bash_operator.py
[2023-02-01T11:59:32.155+0000] {processor.py:753} INFO - DAG(s) dict_keys(['example_bash_operator']) retrieved from /home/airflow/.local/lib/python3.7/site-packages/airflow/example_dags/example_bash_operator.py
[2023-02-01T11:59:32.206+0000] {logging_mixin.py:137} INFO - [2023-02-01T11:59:32.206+0000] {dag.py:2690} INFO - Sync 1 DAGs
[2023-02-01T11:59:32.233+0000] {logging_mixin.py:137} INFO - [2023-02-01T11:59:32.233+0000] {dag.py:3441} INFO - Setting next_dagrun for example_bash_operator to 2023-01-31T00:00:00+00:00, run_after=2023-02-01T00:00:00+00:00
[2023-02-01T11:59:32.250+0000] {processor.py:175} INFO - Processing /home/airflow/.local/lib/python3.7/site-packages/airflow/example_dags/example_bash_operator.py took 0.127 seconds
[2023-02-01T12:00:02.990+0000] {processor.py:153} INFO - Started process (PID=267) to work on /home/airflow/.local/lib/python3.7/site-packages/airflow/example_dags/example_bash_operator.py
[2023-02-01T12:00:02.991+0000] {processor.py:743} INFO - Processing file /home/airflow/.local/lib/python3.7/site-packages/airflow/example_dags/example_bash_operator.py for tasks to queue
[2023-02-01T12:00:02.992+0000] {logging_mixin.py:137} INFO - [2023-02-01T12:00:02.992+0000] {dagbag.py:538} INFO - Filling up the DagBag from /home/airflow/.local/lib/python3.7/site-packages/airflow/example_dags/example_bash_operator.py
[2023-02-01T12:00:03.013+0000] {processor.py:753} INFO - DAG(s) dict_keys(['example_bash_operator']) retrieved from /home/airflow/.local/lib/python3.7/site-packages/airflow/example_dags/example_bash_operator.py
[2023-02-01T12:00:03.046+0000] {logging_mixin.py:137} INFO - [2023-02-01T12:00:03.046+0000] {dag.py:2690} INFO - Sync 1 DAGs
[2023-02-01T12:00:03.076+0000] {logging_mixin.py:137} INFO - [2023-02-01T12:00:03.076+0000] {dag.py:3441} INFO - Setting next_dagrun for example_bash_operator to 2023-01-31T00:00:00+00:00, run_after=2023-02-01T00:00:00+00:00
[2023-02-01T12:00:03.097+0000] {processor.py:175} INFO - Processing /home/airflow/.local/lib/python3.7/site-packages/airflow/example_dags/example_bash_operator.py took 0.112 seconds
[2023-02-01T12:00:33.623+0000] {processor.py:153} INFO - Started process (PID=345) to work on /home/airflow/.local/lib/python3.7/site-packages/airflow/example_dags/example_bash_operator.py
[2023-02-01T12:00:33.624+0000] {processor.py:743} INFO - Processing file /home/airflow/.local/lib/python3.7/site-packages/airflow/example_dags/example_bash_operator.py for tasks to queue
[2023-02-01T12:00:33.625+0000] {logging_mixin.py:137} INFO - [2023-02-01T12:00:33.625+0000] {dagbag.py:538} INFO - Filling up the DagBag from /home/airflow/.local/lib/python3.7/site-packages/airflow/example_dags/example_bash_operator.py
[2023-02-01T12:00:33.647+0000] {processor.py:753} INFO - DAG(s) dict_keys(['example_bash_operator']) retrieved from /home/airflow/.local/lib/python3.7/site-packages/airflow/example_dags/example_bash_operator.py
[2023-02-01T12:00:33.686+0000] {logging_mixin.py:137} INFO - [2023-02-01T12:00:33.685+0000] {dag.py:2690} INFO - Sync 1 DAGs
[2023-02-01T12:00:33.708+0000] {logging_mixin.py:137} INFO - [2023-02-01T12:00:33.708+0000] {dag.py:3441} INFO - Setting next_dagrun for example_bash_operator to 2023-01-31T00:00:00+00:00, run_after=2023-02-01T00:00:00+00:00
[2023-02-01T12:00:33.725+0000] {processor.py:175} INFO - Processing /home/airflow/.local/lib/python3.7/site-packages/airflow/example_dags/example_bash_operator.py took 0.106 seconds
[2023-02-01T12:01:04.444+0000] {processor.py:153} INFO - Started process (PID=410) to work on /home/airflow/.local/lib/python3.7/site-packages/airflow/example_dags/example_bash_operator.py
[2023-02-01T12:01:04.445+0000] {processor.py:743} INFO - Processing file /home/airflow/.local/lib/python3.7/site-packages/airflow/example_dags/example_bash_operator.py for tasks to queue
[2023-02-01T12:01:04.446+0000] {logging_mixin.py:137} INFO - [2023-02-01T12:01:04.446+0000] {dagbag.py:538} INFO - Filling up the DagBag from /home/airflow/.local/lib/python3.7/site-packages/airflow/example_dags/example_bash_operator.py
[2023-02-01T12:01:04.467+0000] {processor.py:753} INFO - DAG(s) dict_keys(['example_bash_operator']) retrieved from /home/airflow/.local/lib/python3.7/site-packages/airflow/example_dags/example_bash_operator.py
[2023-02-01T12:01:04.507+0000] {logging_mixin.py:137} INFO - [2023-02-01T12:01:04.507+0000] {dag.py:2690} INFO - Sync 1 DAGs
[2023-02-01T12:01:04.533+0000] {logging_mixin.py:137} INFO - [2023-02-01T12:01:04.533+0000] {dag.py:3441} INFO - Setting next_dagrun for example_bash_operator to 2023-01-31T00:00:00+00:00, run_after=2023-02-01T00:00:00+00:00
[2023-02-01T12:01:04.550+0000] {processor.py:175} INFO - Processing /home/airflow/.local/lib/python3.7/site-packages/airflow/example_dags/example_bash_operator.py took 0.111 seconds
[2023-02-01T12:01:35.325+0000] {processor.py:153} INFO - Started process (PID=489) to work on /home/airflow/.local/lib/python3.7/site-packages/airflow/example_dags/example_bash_operator.py
[2023-02-01T12:01:35.326+0000] {processor.py:743} INFO - Processing file /home/airflow/.local/lib/python3.7/site-packages/airflow/example_dags/example_bash_operator.py for tasks to queue
[2023-02-01T12:01:35.327+0000] {logging_mixin.py:137} INFO - [2023-02-01T12:01:35.326+0000] {dagbag.py:538} INFO - Filling up the DagBag from /home/airflow/.local/lib/python3.7/site-packages/airflow/example_dags/example_bash_operator.py
[2023-02-01T12:01:35.353+0000] {processor.py:753} INFO - DAG(s) dict_keys(['example_bash_operator']) retrieved from /home/airflow/.local/lib/python3.7/site-packages/airflow/example_dags/example_bash_operator.py
[2023-02-01T12:01:35.390+0000] {logging_mixin.py:137} INFO - [2023-02-01T12:01:35.389+0000] {dag.py:2690} INFO - Sync 1 DAGs
[2023-02-01T12:01:35.427+0000] {logging_mixin.py:137} INFO - [2023-02-01T12:01:35.427+0000] {dag.py:3441} INFO - Setting next_dagrun for example_bash_operator to 2023-01-31T00:00:00+00:00, run_after=2023-02-01T00:00:00+00:00
[2023-02-01T12:01:35.448+0000] {processor.py:175} INFO - Processing /home/airflow/.local/lib/python3.7/site-packages/airflow/example_dags/example_bash_operator.py took 0.127 seconds
[2023-02-01T12:02:06.509+0000] {processor.py:153} INFO - Started process (PID=554) to work on /home/airflow/.local/lib/python3.7/site-packages/airflow/example_dags/example_bash_operator.py
[2023-02-01T12:02:06.510+0000] {processor.py:743} INFO - Processing file /home/airflow/.local/lib/python3.7/site-packages/airflow/example_dags/example_bash_operator.py for tasks to queue
[2023-02-01T12:02:06.512+0000] {logging_mixin.py:137} INFO - [2023-02-01T12:02:06.512+0000] {dagbag.py:538} INFO - Filling up the DagBag from /home/airflow/.local/lib/python3.7/site-packages/airflow/example_dags/example_bash_operator.py
[2023-02-01T12:02:06.567+0000] {processor.py:753} INFO - DAG(s) dict_keys(['example_bash_operator']) retrieved from /home/airflow/.local/lib/python3.7/site-packages/airflow/example_dags/example_bash_operator.py
[2023-02-01T12:02:06.628+0000] {logging_mixin.py:137} INFO - [2023-02-01T12:02:06.627+0000] {dag.py:2690} INFO - Sync 1 DAGs
[2023-02-01T12:02:06.695+0000] {logging_mixin.py:137} INFO - [2023-02-01T12:02:06.694+0000] {dag.py:3441} INFO - Setting next_dagrun for example_bash_operator to 2023-01-31T00:00:00+00:00, run_after=2023-02-01T00:00:00+00:00
[2023-02-01T12:02:06.754+0000] {processor.py:175} INFO - Processing /home/airflow/.local/lib/python3.7/site-packages/airflow/example_dags/example_bash_operator.py took 0.262 seconds
[2023-02-01T12:02:36.834+0000] {processor.py:153} INFO - Started process (PID=631) to work on /home/airflow/.local/lib/python3.7/site-packages/airflow/example_dags/example_bash_operator.py
[2023-02-01T12:02:36.835+0000] {processor.py:743} INFO - Processing file /home/airflow/.local/lib/python3.7/site-packages/airflow/example_dags/example_bash_operator.py for tasks to queue
[2023-02-01T12:02:36.836+0000] {logging_mixin.py:137} INFO - [2023-02-01T12:02:36.836+0000] {dagbag.py:538} INFO - Filling up the DagBag from /home/airflow/.local/lib/python3.7/site-packages/airflow/example_dags/example_bash_operator.py
[2023-02-01T12:02:36.865+0000] {processor.py:753} INFO - DAG(s) dict_keys(['example_bash_operator']) retrieved from /home/airflow/.local/lib/python3.7/site-packages/airflow/example_dags/example_bash_operator.py
[2023-02-01T12:02:36.908+0000] {logging_mixin.py:137} INFO - [2023-02-01T12:02:36.908+0000] {dag.py:2690} INFO - Sync 1 DAGs
[2023-02-01T12:02:36.940+0000] {logging_mixin.py:137} INFO - [2023-02-01T12:02:36.939+0000] {dag.py:3441} INFO - Setting next_dagrun for example_bash_operator to 2023-01-31T00:00:00+00:00, run_after=2023-02-01T00:00:00+00:00
[2023-02-01T12:02:36.956+0000] {processor.py:175} INFO - Processing /home/airflow/.local/lib/python3.7/site-packages/airflow/example_dags/example_bash_operator.py took 0.128 seconds
[2023-02-01T12:03:07.081+0000] {processor.py:153} INFO - Started process (PID=696) to work on /home/airflow/.local/lib/python3.7/site-packages/airflow/example_dags/example_bash_operator.py
[2023-02-01T12:03:07.082+0000] {processor.py:743} INFO - Processing file /home/airflow/.local/lib/python3.7/site-packages/airflow/example_dags/example_bash_operator.py for tasks to queue
[2023-02-01T12:03:07.082+0000] {logging_mixin.py:137} INFO - [2023-02-01T12:03:07.082+0000] {dagbag.py:538} INFO - Filling up the DagBag from /home/airflow/.local/lib/python3.7/site-packages/airflow/example_dags/example_bash_operator.py
[2023-02-01T12:03:07.103+0000] {processor.py:753} INFO - DAG(s) dict_keys(['example_bash_operator']) retrieved from /home/airflow/.local/lib/python3.7/site-packages/airflow/example_dags/example_bash_operator.py
[2023-02-01T12:03:07.134+0000] {logging_mixin.py:137} INFO - [2023-02-01T12:03:07.134+0000] {dag.py:2690} INFO - Sync 1 DAGs
[2023-02-01T12:03:07.165+0000] {logging_mixin.py:137} INFO - [2023-02-01T12:03:07.165+0000] {dag.py:3441} INFO - Setting next_dagrun for example_bash_operator to 2023-01-31T00:00:00+00:00, run_after=2023-02-01T00:00:00+00:00
[2023-02-01T12:03:07.185+0000] {processor.py:175} INFO - Processing /home/airflow/.local/lib/python3.7/site-packages/airflow/example_dags/example_bash_operator.py took 0.108 seconds
[2023-02-01T12:03:37.761+0000] {processor.py:153} INFO - Started process (PID=775) to work on /home/airflow/.local/lib/python3.7/site-packages/airflow/example_dags/example_bash_operator.py
[2023-02-01T12:03:37.762+0000] {processor.py:743} INFO - Processing file /home/airflow/.local/lib/python3.7/site-packages/airflow/example_dags/example_bash_operator.py for tasks to queue
[2023-02-01T12:03:37.763+0000] {logging_mixin.py:137} INFO - [2023-02-01T12:03:37.763+0000] {dagbag.py:538} INFO - Filling up the DagBag from /home/airflow/.local/lib/python3.7/site-packages/airflow/example_dags/example_bash_operator.py
[2023-02-01T12:03:37.791+0000] {processor.py:753} INFO - DAG(s) dict_keys(['example_bash_operator']) retrieved from /home/airflow/.local/lib/python3.7/site-packages/airflow/example_dags/example_bash_operator.py
[2023-02-01T12:03:37.851+0000] {logging_mixin.py:137} INFO - [2023-02-01T12:03:37.850+0000] {dag.py:2690} INFO - Sync 1 DAGs
[2023-02-01T12:03:37.901+0000] {logging_mixin.py:137} INFO - [2023-02-01T12:03:37.900+0000] {dag.py:3441} INFO - Setting next_dagrun for example_bash_operator to 2023-01-31T00:00:00+00:00, run_after=2023-02-01T00:00:00+00:00
[2023-02-01T12:03:37.986+0000] {processor.py:175} INFO - Processing /home/airflow/.local/lib/python3.7/site-packages/airflow/example_dags/example_bash_operator.py took 0.235 seconds
[2023-02-01T12:04:08.819+0000] {processor.py:153} INFO - Started process (PID=839) to work on /home/airflow/.local/lib/python3.7/site-packages/airflow/example_dags/example_bash_operator.py
[2023-02-01T12:04:08.820+0000] {processor.py:743} INFO - Processing file /home/airflow/.local/lib/python3.7/site-packages/airflow/example_dags/example_bash_operator.py for tasks to queue
[2023-02-01T12:04:08.822+0000] {logging_mixin.py:137} INFO - [2023-02-01T12:04:08.821+0000] {dagbag.py:538} INFO - Filling up the DagBag from /home/airflow/.local/lib/python3.7/site-packages/airflow/example_dags/example_bash_operator.py
[2023-02-01T12:04:08.862+0000] {processor.py:753} INFO - DAG(s) dict_keys(['example_bash_operator']) retrieved from /home/airflow/.local/lib/python3.7/site-packages/airflow/example_dags/example_bash_operator.py
[2023-02-01T12:04:08.904+0000] {logging_mixin.py:137} INFO - [2023-02-01T12:04:08.904+0000] {dag.py:2690} INFO - Sync 1 DAGs
[2023-02-01T12:04:08.935+0000] {logging_mixin.py:137} INFO - [2023-02-01T12:04:08.935+0000] {dag.py:3441} INFO - Setting next_dagrun for example_bash_operator to 2023-01-31T00:00:00+00:00, run_after=2023-02-01T00:00:00+00:00
[2023-02-01T12:04:09.032+0000] {processor.py:175} INFO - Processing /home/airflow/.local/lib/python3.7/site-packages/airflow/example_dags/example_bash_operator.py took 0.218 seconds
[2023-02-01T12:04:39.575+0000] {processor.py:153} INFO - Started process (PID=917) to work on /home/airflow/.local/lib/python3.7/site-packages/airflow/example_dags/example_bash_operator.py
[2023-02-01T12:04:39.577+0000] {processor.py:743} INFO - Processing file /home/airflow/.local/lib/python3.7/site-packages/airflow/example_dags/example_bash_operator.py for tasks to queue
[2023-02-01T12:04:39.578+0000] {logging_mixin.py:137} INFO - [2023-02-01T12:04:39.578+0000] {dagbag.py:538} INFO - Filling up the DagBag from /home/airflow/.local/lib/python3.7/site-packages/airflow/example_dags/example_bash_operator.py
[2023-02-01T12:04:39.601+0000] {processor.py:753} INFO - DAG(s) dict_keys(['example_bash_operator']) retrieved from /home/airflow/.local/lib/python3.7/site-packages/airflow/example_dags/example_bash_operator.py
[2023-02-01T12:04:39.634+0000] {logging_mixin.py:137} INFO - [2023-02-01T12:04:39.634+0000] {dag.py:2690} INFO - Sync 1 DAGs
[2023-02-01T12:04:39.660+0000] {logging_mixin.py:137} INFO - [2023-02-01T12:04:39.660+0000] {dag.py:3441} INFO - Setting next_dagrun for example_bash_operator to 2023-01-31T00:00:00+00:00, run_after=2023-02-01T00:00:00+00:00
[2023-02-01T12:04:39.682+0000] {processor.py:175} INFO - Processing /home/airflow/.local/lib/python3.7/site-packages/airflow/example_dags/example_bash_operator.py took 0.111 seconds
[2023-02-01T12:05:10.450+0000] {processor.py:153} INFO - Started process (PID=996) to work on /home/airflow/.local/lib/python3.7/site-packages/airflow/example_dags/example_bash_operator.py
[2023-02-01T12:05:10.451+0000] {processor.py:743} INFO - Processing file /home/airflow/.local/lib/python3.7/site-packages/airflow/example_dags/example_bash_operator.py for tasks to queue
[2023-02-01T12:05:10.452+0000] {logging_mixin.py:137} INFO - [2023-02-01T12:05:10.452+0000] {dagbag.py:538} INFO - Filling up the DagBag from /home/airflow/.local/lib/python3.7/site-packages/airflow/example_dags/example_bash_operator.py
[2023-02-01T12:05:10.488+0000] {processor.py:753} INFO - DAG(s) dict_keys(['example_bash_operator']) retrieved from /home/airflow/.local/lib/python3.7/site-packages/airflow/example_dags/example_bash_operator.py
[2023-02-01T12:05:10.535+0000] {logging_mixin.py:137} INFO - [2023-02-01T12:05:10.534+0000] {dag.py:2690} INFO - Sync 1 DAGs
[2023-02-01T12:05:10.562+0000] {logging_mixin.py:137} INFO - [2023-02-01T12:05:10.562+0000] {dag.py:3441} INFO - Setting next_dagrun for example_bash_operator to 2023-01-31T00:00:00+00:00, run_after=2023-02-01T00:00:00+00:00
[2023-02-01T12:05:10.579+0000] {processor.py:175} INFO - Processing /home/airflow/.local/lib/python3.7/site-packages/airflow/example_dags/example_bash_operator.py took 0.134 seconds
[2023-02-01T12:05:41.110+0000] {processor.py:153} INFO - Started process (PID=1061) to work on /home/airflow/.local/lib/python3.7/site-packages/airflow/example_dags/example_bash_operator.py
[2023-02-01T12:05:41.110+0000] {processor.py:743} INFO - Processing file /home/airflow/.local/lib/python3.7/site-packages/airflow/example_dags/example_bash_operator.py for tasks to queue
[2023-02-01T12:05:41.111+0000] {logging_mixin.py:137} INFO - [2023-02-01T12:05:41.111+0000] {dagbag.py:538} INFO - Filling up the DagBag from /home/airflow/.local/lib/python3.7/site-packages/airflow/example_dags/example_bash_operator.py
[2023-02-01T12:05:41.130+0000] {processor.py:753} INFO - DAG(s) dict_keys(['example_bash_operator']) retrieved from /home/airflow/.local/lib/python3.7/site-packages/airflow/example_dags/example_bash_operator.py
[2023-02-01T12:05:41.160+0000] {logging_mixin.py:137} INFO - [2023-02-01T12:05:41.160+0000] {dag.py:2690} INFO - Sync 1 DAGs
[2023-02-01T12:05:41.182+0000] {logging_mixin.py:137} INFO - [2023-02-01T12:05:41.182+0000] {dag.py:3441} INFO - Setting next_dagrun for example_bash_operator to 2023-01-31T00:00:00+00:00, run_after=2023-02-01T00:00:00+00:00
[2023-02-01T12:05:41.208+0000] {processor.py:175} INFO - Processing /home/airflow/.local/lib/python3.7/site-packages/airflow/example_dags/example_bash_operator.py took 0.102 seconds
[2023-02-01T12:06:11.658+0000] {processor.py:153} INFO - Started process (PID=1139) to work on /home/airflow/.local/lib/python3.7/site-packages/airflow/example_dags/example_bash_operator.py
[2023-02-01T12:06:11.659+0000] {processor.py:743} INFO - Processing file /home/airflow/.local/lib/python3.7/site-packages/airflow/example_dags/example_bash_operator.py for tasks to queue
[2023-02-01T12:06:11.660+0000] {logging_mixin.py:137} INFO - [2023-02-01T12:06:11.660+0000] {dagbag.py:538} INFO - Filling up the DagBag from /home/airflow/.local/lib/python3.7/site-packages/airflow/example_dags/example_bash_operator.py
[2023-02-01T12:06:11.681+0000] {processor.py:753} INFO - DAG(s) dict_keys(['example_bash_operator']) retrieved from /home/airflow/.local/lib/python3.7/site-packages/airflow/example_dags/example_bash_operator.py
[2023-02-01T12:06:11.715+0000] {logging_mixin.py:137} INFO - [2023-02-01T12:06:11.715+0000] {dag.py:2690} INFO - Sync 1 DAGs
[2023-02-01T12:06:11.739+0000] {logging_mixin.py:137} INFO - [2023-02-01T12:06:11.738+0000] {dag.py:3441} INFO - Setting next_dagrun for example_bash_operator to 2023-01-31T00:00:00+00:00, run_after=2023-02-01T00:00:00+00:00
[2023-02-01T12:06:11.770+0000] {processor.py:175} INFO - Processing /home/airflow/.local/lib/python3.7/site-packages/airflow/example_dags/example_bash_operator.py took 0.116 seconds
[2023-02-01T12:06:42.208+0000] {processor.py:153} INFO - Started process (PID=1204) to work on /home/airflow/.local/lib/python3.7/site-packages/airflow/example_dags/example_bash_operator.py
[2023-02-01T12:06:42.209+0000] {processor.py:743} INFO - Processing file /home/airflow/.local/lib/python3.7/site-packages/airflow/example_dags/example_bash_operator.py for tasks to queue
[2023-02-01T12:06:42.211+0000] {logging_mixin.py:137} INFO - [2023-02-01T12:06:42.210+0000] {dagbag.py:538} INFO - Filling up the DagBag from /home/airflow/.local/lib/python3.7/site-packages/airflow/example_dags/example_bash_operator.py
[2023-02-01T12:06:42.232+0000] {processor.py:753} INFO - DAG(s) dict_keys(['example_bash_operator']) retrieved from /home/airflow/.local/lib/python3.7/site-packages/airflow/example_dags/example_bash_operator.py
[2023-02-01T12:06:42.262+0000] {logging_mixin.py:137} INFO - [2023-02-01T12:06:42.262+0000] {dag.py:2690} INFO - Sync 1 DAGs
[2023-02-01T12:06:42.284+0000] {logging_mixin.py:137} INFO - [2023-02-01T12:06:42.284+0000] {dag.py:3441} INFO - Setting next_dagrun for example_bash_operator to 2023-01-31T00:00:00+00:00, run_after=2023-02-01T00:00:00+00:00
[2023-02-01T12:06:42.300+0000] {processor.py:175} INFO - Processing /home/airflow/.local/lib/python3.7/site-packages/airflow/example_dags/example_bash_operator.py took 0.095 seconds
[2023-02-01T12:07:12.423+0000] {processor.py:153} INFO - Started process (PID=1281) to work on /home/airflow/.local/lib/python3.7/site-packages/airflow/example_dags/example_bash_operator.py
[2023-02-01T12:07:12.424+0000] {processor.py:743} INFO - Processing file /home/airflow/.local/lib/python3.7/site-packages/airflow/example_dags/example_bash_operator.py for tasks to queue
[2023-02-01T12:07:12.426+0000] {logging_mixin.py:137} INFO - [2023-02-01T12:07:12.425+0000] {dagbag.py:538} INFO - Filling up the DagBag from /home/airflow/.local/lib/python3.7/site-packages/airflow/example_dags/example_bash_operator.py
[2023-02-01T12:07:12.448+0000] {processor.py:753} INFO - DAG(s) dict_keys(['example_bash_operator']) retrieved from /home/airflow/.local/lib/python3.7/site-packages/airflow/example_dags/example_bash_operator.py
[2023-02-01T12:07:12.479+0000] {logging_mixin.py:137} INFO - [2023-02-01T12:07:12.479+0000] {dag.py:2690} INFO - Sync 1 DAGs
[2023-02-01T12:07:12.502+0000] {logging_mixin.py:137} INFO - [2023-02-01T12:07:12.502+0000] {dag.py:3441} INFO - Setting next_dagrun for example_bash_operator to 2023-01-31T00:00:00+00:00, run_after=2023-02-01T00:00:00+00:00
[2023-02-01T12:07:12.516+0000] {processor.py:175} INFO - Processing /home/airflow/.local/lib/python3.7/site-packages/airflow/example_dags/example_bash_operator.py took 0.096 seconds
[2023-02-01T12:07:43.424+0000] {processor.py:153} INFO - Started process (PID=1360) to work on /home/airflow/.local/lib/python3.7/site-packages/airflow/example_dags/example_bash_operator.py
[2023-02-01T12:07:43.426+0000] {processor.py:743} INFO - Processing file /home/airflow/.local/lib/python3.7/site-packages/airflow/example_dags/example_bash_operator.py for tasks to queue
[2023-02-01T12:07:43.427+0000] {logging_mixin.py:137} INFO - [2023-02-01T12:07:43.427+0000] {dagbag.py:538} INFO - Filling up the DagBag from /home/airflow/.local/lib/python3.7/site-packages/airflow/example_dags/example_bash_operator.py
[2023-02-01T12:07:43.453+0000] {processor.py:753} INFO - DAG(s) dict_keys(['example_bash_operator']) retrieved from /home/airflow/.local/lib/python3.7/site-packages/airflow/example_dags/example_bash_operator.py
[2023-02-01T12:07:43.489+0000] {logging_mixin.py:137} INFO - [2023-02-01T12:07:43.489+0000] {dag.py:2690} INFO - Sync 1 DAGs
[2023-02-01T12:07:43.541+0000] {logging_mixin.py:137} INFO - [2023-02-01T12:07:43.540+0000] {dag.py:3441} INFO - Setting next_dagrun for example_bash_operator to 2023-01-31T00:00:00+00:00, run_after=2023-02-01T00:00:00+00:00
[2023-02-01T12:07:43.566+0000] {processor.py:175} INFO - Processing /home/airflow/.local/lib/python3.7/site-packages/airflow/example_dags/example_bash_operator.py took 0.145 seconds
