[2023-02-01T11:58:30.411+0000] {processor.py:153} INFO - Started process (PID=42) to work on /home/airflow/.local/lib/python3.7/site-packages/airflow/example_dags/example_external_task_marker_dag.py
[2023-02-01T11:58:30.412+0000] {processor.py:743} INFO - Processing file /home/airflow/.local/lib/python3.7/site-packages/airflow/example_dags/example_external_task_marker_dag.py for tasks to queue
[2023-02-01T11:58:30.413+0000] {logging_mixin.py:137} INFO - [2023-02-01T11:58:30.413+0000] {dagbag.py:538} INFO - Filling up the DagBag from /home/airflow/.local/lib/python3.7/site-packages/airflow/example_dags/example_external_task_marker_dag.py
[2023-02-01T11:58:30.440+0000] {processor.py:753} INFO - DAG(s) dict_keys(['example_external_task_marker_child', 'example_external_task_marker_parent']) retrieved from /home/airflow/.local/lib/python3.7/site-packages/airflow/example_dags/example_external_task_marker_dag.py
[2023-02-01T11:58:30.462+0000] {logging_mixin.py:137} INFO - [2023-02-01T11:58:30.462+0000] {dag.py:2690} INFO - Sync 2 DAGs
[2023-02-01T11:58:30.520+0000] {logging_mixin.py:137} INFO - [2023-02-01T11:58:30.520+0000] {dag.py:3441} INFO - Setting next_dagrun for example_external_task_marker_child to None, run_after=None
[2023-02-01T11:58:30.526+0000] {logging_mixin.py:137} INFO - [2023-02-01T11:58:30.526+0000] {dag.py:3441} INFO - Setting next_dagrun for example_external_task_marker_parent to None, run_after=None
[2023-02-01T11:58:30.561+0000] {processor.py:175} INFO - Processing /home/airflow/.local/lib/python3.7/site-packages/airflow/example_dags/example_external_task_marker_dag.py took 0.156 seconds
[2023-02-01T11:59:01.006+0000] {processor.py:153} INFO - Started process (PID=118) to work on /home/airflow/.local/lib/python3.7/site-packages/airflow/example_dags/example_external_task_marker_dag.py
[2023-02-01T11:59:01.008+0000] {processor.py:743} INFO - Processing file /home/airflow/.local/lib/python3.7/site-packages/airflow/example_dags/example_external_task_marker_dag.py for tasks to queue
[2023-02-01T11:59:01.009+0000] {logging_mixin.py:137} INFO - [2023-02-01T11:59:01.009+0000] {dagbag.py:538} INFO - Filling up the DagBag from /home/airflow/.local/lib/python3.7/site-packages/airflow/example_dags/example_external_task_marker_dag.py
[2023-02-01T11:59:01.027+0000] {processor.py:753} INFO - DAG(s) dict_keys(['example_external_task_marker_parent', 'example_external_task_marker_child']) retrieved from /home/airflow/.local/lib/python3.7/site-packages/airflow/example_dags/example_external_task_marker_dag.py
[2023-02-01T11:59:01.055+0000] {logging_mixin.py:137} INFO - [2023-02-01T11:59:01.055+0000] {dag.py:2690} INFO - Sync 2 DAGs
[2023-02-01T11:59:01.076+0000] {logging_mixin.py:137} INFO - [2023-02-01T11:59:01.076+0000] {dag.py:3441} INFO - Setting next_dagrun for example_external_task_marker_child to None, run_after=None
[2023-02-01T11:59:01.079+0000] {logging_mixin.py:137} INFO - [2023-02-01T11:59:01.079+0000] {dag.py:3441} INFO - Setting next_dagrun for example_external_task_marker_parent to None, run_after=None
[2023-02-01T11:59:01.094+0000] {processor.py:175} INFO - Processing /home/airflow/.local/lib/python3.7/site-packages/airflow/example_dags/example_external_task_marker_dag.py took 0.092 seconds
[2023-02-01T11:59:31.828+0000] {processor.py:153} INFO - Started process (PID=184) to work on /home/airflow/.local/lib/python3.7/site-packages/airflow/example_dags/example_external_task_marker_dag.py
[2023-02-01T11:59:31.829+0000] {processor.py:743} INFO - Processing file /home/airflow/.local/lib/python3.7/site-packages/airflow/example_dags/example_external_task_marker_dag.py for tasks to queue
[2023-02-01T11:59:31.830+0000] {logging_mixin.py:137} INFO - [2023-02-01T11:59:31.830+0000] {dagbag.py:538} INFO - Filling up the DagBag from /home/airflow/.local/lib/python3.7/site-packages/airflow/example_dags/example_external_task_marker_dag.py
[2023-02-01T11:59:31.848+0000] {processor.py:753} INFO - DAG(s) dict_keys(['example_external_task_marker_parent', 'example_external_task_marker_child']) retrieved from /home/airflow/.local/lib/python3.7/site-packages/airflow/example_dags/example_external_task_marker_dag.py
[2023-02-01T11:59:31.882+0000] {logging_mixin.py:137} INFO - [2023-02-01T11:59:31.882+0000] {dag.py:2690} INFO - Sync 2 DAGs
[2023-02-01T11:59:31.916+0000] {logging_mixin.py:137} INFO - [2023-02-01T11:59:31.916+0000] {dag.py:3441} INFO - Setting next_dagrun for example_external_task_marker_child to None, run_after=None
[2023-02-01T11:59:31.921+0000] {logging_mixin.py:137} INFO - [2023-02-01T11:59:31.921+0000] {dag.py:3441} INFO - Setting next_dagrun for example_external_task_marker_parent to None, run_after=None
[2023-02-01T11:59:31.941+0000] {processor.py:175} INFO - Processing /home/airflow/.local/lib/python3.7/site-packages/airflow/example_dags/example_external_task_marker_dag.py took 0.117 seconds
[2023-02-01T12:00:02.733+0000] {processor.py:153} INFO - Started process (PID=263) to work on /home/airflow/.local/lib/python3.7/site-packages/airflow/example_dags/example_external_task_marker_dag.py
[2023-02-01T12:00:02.734+0000] {processor.py:743} INFO - Processing file /home/airflow/.local/lib/python3.7/site-packages/airflow/example_dags/example_external_task_marker_dag.py for tasks to queue
[2023-02-01T12:00:02.736+0000] {logging_mixin.py:137} INFO - [2023-02-01T12:00:02.736+0000] {dagbag.py:538} INFO - Filling up the DagBag from /home/airflow/.local/lib/python3.7/site-packages/airflow/example_dags/example_external_task_marker_dag.py
[2023-02-01T12:00:02.752+0000] {processor.py:753} INFO - DAG(s) dict_keys(['example_external_task_marker_parent', 'example_external_task_marker_child']) retrieved from /home/airflow/.local/lib/python3.7/site-packages/airflow/example_dags/example_external_task_marker_dag.py
[2023-02-01T12:00:02.792+0000] {logging_mixin.py:137} INFO - [2023-02-01T12:00:02.792+0000] {dag.py:2690} INFO - Sync 2 DAGs
[2023-02-01T12:00:02.820+0000] {logging_mixin.py:137} INFO - [2023-02-01T12:00:02.820+0000] {dag.py:3441} INFO - Setting next_dagrun for example_external_task_marker_child to None, run_after=None
[2023-02-01T12:00:02.826+0000] {logging_mixin.py:137} INFO - [2023-02-01T12:00:02.826+0000] {dag.py:3441} INFO - Setting next_dagrun for example_external_task_marker_parent to None, run_after=None
[2023-02-01T12:00:02.842+0000] {processor.py:175} INFO - Processing /home/airflow/.local/lib/python3.7/site-packages/airflow/example_dags/example_external_task_marker_dag.py took 0.113 seconds
[2023-02-01T12:00:33.338+0000] {processor.py:153} INFO - Started process (PID=341) to work on /home/airflow/.local/lib/python3.7/site-packages/airflow/example_dags/example_external_task_marker_dag.py
[2023-02-01T12:00:33.339+0000] {processor.py:743} INFO - Processing file /home/airflow/.local/lib/python3.7/site-packages/airflow/example_dags/example_external_task_marker_dag.py for tasks to queue
[2023-02-01T12:00:33.341+0000] {logging_mixin.py:137} INFO - [2023-02-01T12:00:33.341+0000] {dagbag.py:538} INFO - Filling up the DagBag from /home/airflow/.local/lib/python3.7/site-packages/airflow/example_dags/example_external_task_marker_dag.py
[2023-02-01T12:00:33.376+0000] {processor.py:753} INFO - DAG(s) dict_keys(['example_external_task_marker_parent', 'example_external_task_marker_child']) retrieved from /home/airflow/.local/lib/python3.7/site-packages/airflow/example_dags/example_external_task_marker_dag.py
[2023-02-01T12:00:33.403+0000] {logging_mixin.py:137} INFO - [2023-02-01T12:00:33.403+0000] {dag.py:2690} INFO - Sync 2 DAGs
[2023-02-01T12:00:33.430+0000] {logging_mixin.py:137} INFO - [2023-02-01T12:00:33.430+0000] {dag.py:3441} INFO - Setting next_dagrun for example_external_task_marker_child to None, run_after=None
[2023-02-01T12:00:33.435+0000] {logging_mixin.py:137} INFO - [2023-02-01T12:00:33.434+0000] {dag.py:3441} INFO - Setting next_dagrun for example_external_task_marker_parent to None, run_after=None
[2023-02-01T12:00:33.458+0000] {processor.py:175} INFO - Processing /home/airflow/.local/lib/python3.7/site-packages/airflow/example_dags/example_external_task_marker_dag.py took 0.124 seconds
[2023-02-01T12:01:04.186+0000] {processor.py:153} INFO - Started process (PID=406) to work on /home/airflow/.local/lib/python3.7/site-packages/airflow/example_dags/example_external_task_marker_dag.py
[2023-02-01T12:01:04.187+0000] {processor.py:743} INFO - Processing file /home/airflow/.local/lib/python3.7/site-packages/airflow/example_dags/example_external_task_marker_dag.py for tasks to queue
[2023-02-01T12:01:04.187+0000] {logging_mixin.py:137} INFO - [2023-02-01T12:01:04.187+0000] {dagbag.py:538} INFO - Filling up the DagBag from /home/airflow/.local/lib/python3.7/site-packages/airflow/example_dags/example_external_task_marker_dag.py
[2023-02-01T12:01:04.202+0000] {processor.py:753} INFO - DAG(s) dict_keys(['example_external_task_marker_parent', 'example_external_task_marker_child']) retrieved from /home/airflow/.local/lib/python3.7/site-packages/airflow/example_dags/example_external_task_marker_dag.py
[2023-02-01T12:01:04.232+0000] {logging_mixin.py:137} INFO - [2023-02-01T12:01:04.231+0000] {dag.py:2690} INFO - Sync 2 DAGs
[2023-02-01T12:01:04.255+0000] {logging_mixin.py:137} INFO - [2023-02-01T12:01:04.255+0000] {dag.py:3441} INFO - Setting next_dagrun for example_external_task_marker_child to None, run_after=None
[2023-02-01T12:01:04.259+0000] {logging_mixin.py:137} INFO - [2023-02-01T12:01:04.258+0000] {dag.py:3441} INFO - Setting next_dagrun for example_external_task_marker_parent to None, run_after=None
[2023-02-01T12:01:04.274+0000] {processor.py:175} INFO - Processing /home/airflow/.local/lib/python3.7/site-packages/airflow/example_dags/example_external_task_marker_dag.py took 0.092 seconds
[2023-02-01T12:01:35.079+0000] {processor.py:153} INFO - Started process (PID=485) to work on /home/airflow/.local/lib/python3.7/site-packages/airflow/example_dags/example_external_task_marker_dag.py
[2023-02-01T12:01:35.080+0000] {processor.py:743} INFO - Processing file /home/airflow/.local/lib/python3.7/site-packages/airflow/example_dags/example_external_task_marker_dag.py for tasks to queue
[2023-02-01T12:01:35.081+0000] {logging_mixin.py:137} INFO - [2023-02-01T12:01:35.081+0000] {dagbag.py:538} INFO - Filling up the DagBag from /home/airflow/.local/lib/python3.7/site-packages/airflow/example_dags/example_external_task_marker_dag.py
[2023-02-01T12:01:35.094+0000] {processor.py:753} INFO - DAG(s) dict_keys(['example_external_task_marker_child', 'example_external_task_marker_parent']) retrieved from /home/airflow/.local/lib/python3.7/site-packages/airflow/example_dags/example_external_task_marker_dag.py
[2023-02-01T12:01:35.123+0000] {logging_mixin.py:137} INFO - [2023-02-01T12:01:35.123+0000] {dag.py:2690} INFO - Sync 2 DAGs
[2023-02-01T12:01:35.150+0000] {logging_mixin.py:137} INFO - [2023-02-01T12:01:35.150+0000] {dag.py:3441} INFO - Setting next_dagrun for example_external_task_marker_child to None, run_after=None
[2023-02-01T12:01:35.155+0000] {logging_mixin.py:137} INFO - [2023-02-01T12:01:35.155+0000] {dag.py:3441} INFO - Setting next_dagrun for example_external_task_marker_parent to None, run_after=None
[2023-02-01T12:01:35.174+0000] {processor.py:175} INFO - Processing /home/airflow/.local/lib/python3.7/site-packages/airflow/example_dags/example_external_task_marker_dag.py took 0.099 seconds
[2023-02-01T12:02:06.039+0000] {processor.py:153} INFO - Started process (PID=550) to work on /home/airflow/.local/lib/python3.7/site-packages/airflow/example_dags/example_external_task_marker_dag.py
[2023-02-01T12:02:06.041+0000] {processor.py:743} INFO - Processing file /home/airflow/.local/lib/python3.7/site-packages/airflow/example_dags/example_external_task_marker_dag.py for tasks to queue
[2023-02-01T12:02:06.042+0000] {logging_mixin.py:137} INFO - [2023-02-01T12:02:06.042+0000] {dagbag.py:538} INFO - Filling up the DagBag from /home/airflow/.local/lib/python3.7/site-packages/airflow/example_dags/example_external_task_marker_dag.py
[2023-02-01T12:02:06.061+0000] {processor.py:753} INFO - DAG(s) dict_keys(['example_external_task_marker_child', 'example_external_task_marker_parent']) retrieved from /home/airflow/.local/lib/python3.7/site-packages/airflow/example_dags/example_external_task_marker_dag.py
[2023-02-01T12:02:06.099+0000] {logging_mixin.py:137} INFO - [2023-02-01T12:02:06.098+0000] {dag.py:2690} INFO - Sync 2 DAGs
[2023-02-01T12:02:06.130+0000] {logging_mixin.py:137} INFO - [2023-02-01T12:02:06.130+0000] {dag.py:3441} INFO - Setting next_dagrun for example_external_task_marker_child to None, run_after=None
[2023-02-01T12:02:06.135+0000] {logging_mixin.py:137} INFO - [2023-02-01T12:02:06.135+0000] {dag.py:3441} INFO - Setting next_dagrun for example_external_task_marker_parent to None, run_after=None
[2023-02-01T12:02:06.162+0000] {processor.py:175} INFO - Processing /home/airflow/.local/lib/python3.7/site-packages/airflow/example_dags/example_external_task_marker_dag.py took 0.129 seconds
[2023-02-01T12:02:36.503+0000] {processor.py:153} INFO - Started process (PID=627) to work on /home/airflow/.local/lib/python3.7/site-packages/airflow/example_dags/example_external_task_marker_dag.py
[2023-02-01T12:02:36.505+0000] {processor.py:743} INFO - Processing file /home/airflow/.local/lib/python3.7/site-packages/airflow/example_dags/example_external_task_marker_dag.py for tasks to queue
[2023-02-01T12:02:36.506+0000] {logging_mixin.py:137} INFO - [2023-02-01T12:02:36.506+0000] {dagbag.py:538} INFO - Filling up the DagBag from /home/airflow/.local/lib/python3.7/site-packages/airflow/example_dags/example_external_task_marker_dag.py
[2023-02-01T12:02:36.520+0000] {processor.py:753} INFO - DAG(s) dict_keys(['example_external_task_marker_child', 'example_external_task_marker_parent']) retrieved from /home/airflow/.local/lib/python3.7/site-packages/airflow/example_dags/example_external_task_marker_dag.py
[2023-02-01T12:02:36.546+0000] {logging_mixin.py:137} INFO - [2023-02-01T12:02:36.546+0000] {dag.py:2690} INFO - Sync 2 DAGs
[2023-02-01T12:02:36.572+0000] {logging_mixin.py:137} INFO - [2023-02-01T12:02:36.572+0000] {dag.py:3441} INFO - Setting next_dagrun for example_external_task_marker_child to None, run_after=None
[2023-02-01T12:02:36.575+0000] {logging_mixin.py:137} INFO - [2023-02-01T12:02:36.575+0000] {dag.py:3441} INFO - Setting next_dagrun for example_external_task_marker_parent to None, run_after=None
[2023-02-01T12:02:36.592+0000] {processor.py:175} INFO - Processing /home/airflow/.local/lib/python3.7/site-packages/airflow/example_dags/example_external_task_marker_dag.py took 0.092 seconds
[2023-02-01T12:03:06.839+0000] {processor.py:153} INFO - Started process (PID=692) to work on /home/airflow/.local/lib/python3.7/site-packages/airflow/example_dags/example_external_task_marker_dag.py
[2023-02-01T12:03:06.840+0000] {processor.py:743} INFO - Processing file /home/airflow/.local/lib/python3.7/site-packages/airflow/example_dags/example_external_task_marker_dag.py for tasks to queue
[2023-02-01T12:03:06.841+0000] {logging_mixin.py:137} INFO - [2023-02-01T12:03:06.841+0000] {dagbag.py:538} INFO - Filling up the DagBag from /home/airflow/.local/lib/python3.7/site-packages/airflow/example_dags/example_external_task_marker_dag.py
[2023-02-01T12:03:06.854+0000] {processor.py:753} INFO - DAG(s) dict_keys(['example_external_task_marker_parent', 'example_external_task_marker_child']) retrieved from /home/airflow/.local/lib/python3.7/site-packages/airflow/example_dags/example_external_task_marker_dag.py
[2023-02-01T12:03:06.882+0000] {logging_mixin.py:137} INFO - [2023-02-01T12:03:06.882+0000] {dag.py:2690} INFO - Sync 2 DAGs
[2023-02-01T12:03:06.912+0000] {logging_mixin.py:137} INFO - [2023-02-01T12:03:06.912+0000] {dag.py:3441} INFO - Setting next_dagrun for example_external_task_marker_child to None, run_after=None
[2023-02-01T12:03:06.917+0000] {logging_mixin.py:137} INFO - [2023-02-01T12:03:06.917+0000] {dag.py:3441} INFO - Setting next_dagrun for example_external_task_marker_parent to None, run_after=None
[2023-02-01T12:03:06.932+0000] {processor.py:175} INFO - Processing /home/airflow/.local/lib/python3.7/site-packages/airflow/example_dags/example_external_task_marker_dag.py took 0.097 seconds
[2023-02-01T12:03:37.305+0000] {processor.py:153} INFO - Started process (PID=771) to work on /home/airflow/.local/lib/python3.7/site-packages/airflow/example_dags/example_external_task_marker_dag.py
[2023-02-01T12:03:37.310+0000] {processor.py:743} INFO - Processing file /home/airflow/.local/lib/python3.7/site-packages/airflow/example_dags/example_external_task_marker_dag.py for tasks to queue
[2023-02-01T12:03:37.311+0000] {logging_mixin.py:137} INFO - [2023-02-01T12:03:37.311+0000] {dagbag.py:538} INFO - Filling up the DagBag from /home/airflow/.local/lib/python3.7/site-packages/airflow/example_dags/example_external_task_marker_dag.py
[2023-02-01T12:03:37.333+0000] {processor.py:753} INFO - DAG(s) dict_keys(['example_external_task_marker_child', 'example_external_task_marker_parent']) retrieved from /home/airflow/.local/lib/python3.7/site-packages/airflow/example_dags/example_external_task_marker_dag.py
[2023-02-01T12:03:37.380+0000] {logging_mixin.py:137} INFO - [2023-02-01T12:03:37.380+0000] {dag.py:2690} INFO - Sync 2 DAGs
[2023-02-01T12:03:37.420+0000] {logging_mixin.py:137} INFO - [2023-02-01T12:03:37.419+0000] {dag.py:3441} INFO - Setting next_dagrun for example_external_task_marker_child to None, run_after=None
[2023-02-01T12:03:37.428+0000] {logging_mixin.py:137} INFO - [2023-02-01T12:03:37.428+0000] {dag.py:3441} INFO - Setting next_dagrun for example_external_task_marker_parent to None, run_after=None
[2023-02-01T12:03:37.447+0000] {processor.py:175} INFO - Processing /home/airflow/.local/lib/python3.7/site-packages/airflow/example_dags/example_external_task_marker_dag.py took 0.148 seconds
[2023-02-01T12:04:07.488+0000] {processor.py:153} INFO - Started process (PID=835) to work on /home/airflow/.local/lib/python3.7/site-packages/airflow/example_dags/example_external_task_marker_dag.py
[2023-02-01T12:04:07.489+0000] {processor.py:743} INFO - Processing file /home/airflow/.local/lib/python3.7/site-packages/airflow/example_dags/example_external_task_marker_dag.py for tasks to queue
[2023-02-01T12:04:07.490+0000] {logging_mixin.py:137} INFO - [2023-02-01T12:04:07.490+0000] {dagbag.py:538} INFO - Filling up the DagBag from /home/airflow/.local/lib/python3.7/site-packages/airflow/example_dags/example_external_task_marker_dag.py
[2023-02-01T12:04:07.507+0000] {processor.py:753} INFO - DAG(s) dict_keys(['example_external_task_marker_parent', 'example_external_task_marker_child']) retrieved from /home/airflow/.local/lib/python3.7/site-packages/airflow/example_dags/example_external_task_marker_dag.py
[2023-02-01T12:04:07.542+0000] {logging_mixin.py:137} INFO - [2023-02-01T12:04:07.542+0000] {dag.py:2690} INFO - Sync 2 DAGs
[2023-02-01T12:04:07.574+0000] {logging_mixin.py:137} INFO - [2023-02-01T12:04:07.574+0000] {dag.py:3441} INFO - Setting next_dagrun for example_external_task_marker_child to None, run_after=None
[2023-02-01T12:04:07.580+0000] {logging_mixin.py:137} INFO - [2023-02-01T12:04:07.579+0000] {dag.py:3441} INFO - Setting next_dagrun for example_external_task_marker_parent to None, run_after=None
[2023-02-01T12:04:07.598+0000] {processor.py:175} INFO - Processing /home/airflow/.local/lib/python3.7/site-packages/airflow/example_dags/example_external_task_marker_dag.py took 0.116 seconds
[2023-02-01T12:04:38.320+0000] {processor.py:153} INFO - Started process (PID=913) to work on /home/airflow/.local/lib/python3.7/site-packages/airflow/example_dags/example_external_task_marker_dag.py
[2023-02-01T12:04:38.321+0000] {processor.py:743} INFO - Processing file /home/airflow/.local/lib/python3.7/site-packages/airflow/example_dags/example_external_task_marker_dag.py for tasks to queue
[2023-02-01T12:04:38.322+0000] {logging_mixin.py:137} INFO - [2023-02-01T12:04:38.322+0000] {dagbag.py:538} INFO - Filling up the DagBag from /home/airflow/.local/lib/python3.7/site-packages/airflow/example_dags/example_external_task_marker_dag.py
[2023-02-01T12:04:38.340+0000] {processor.py:753} INFO - DAG(s) dict_keys(['example_external_task_marker_parent', 'example_external_task_marker_child']) retrieved from /home/airflow/.local/lib/python3.7/site-packages/airflow/example_dags/example_external_task_marker_dag.py
[2023-02-01T12:04:38.376+0000] {logging_mixin.py:137} INFO - [2023-02-01T12:04:38.376+0000] {dag.py:2690} INFO - Sync 2 DAGs
[2023-02-01T12:04:38.399+0000] {logging_mixin.py:137} INFO - [2023-02-01T12:04:38.399+0000] {dag.py:3441} INFO - Setting next_dagrun for example_external_task_marker_child to None, run_after=None
[2023-02-01T12:04:38.403+0000] {logging_mixin.py:137} INFO - [2023-02-01T12:04:38.403+0000] {dag.py:3441} INFO - Setting next_dagrun for example_external_task_marker_parent to None, run_after=None
[2023-02-01T12:04:38.419+0000] {processor.py:175} INFO - Processing /home/airflow/.local/lib/python3.7/site-packages/airflow/example_dags/example_external_task_marker_dag.py took 0.105 seconds
[2023-02-01T12:05:09.167+0000] {processor.py:153} INFO - Started process (PID=978) to work on /home/airflow/.local/lib/python3.7/site-packages/airflow/example_dags/example_external_task_marker_dag.py
[2023-02-01T12:05:09.168+0000] {processor.py:743} INFO - Processing file /home/airflow/.local/lib/python3.7/site-packages/airflow/example_dags/example_external_task_marker_dag.py for tasks to queue
[2023-02-01T12:05:09.170+0000] {logging_mixin.py:137} INFO - [2023-02-01T12:05:09.169+0000] {dagbag.py:538} INFO - Filling up the DagBag from /home/airflow/.local/lib/python3.7/site-packages/airflow/example_dags/example_external_task_marker_dag.py
[2023-02-01T12:05:09.183+0000] {processor.py:753} INFO - DAG(s) dict_keys(['example_external_task_marker_child', 'example_external_task_marker_parent']) retrieved from /home/airflow/.local/lib/python3.7/site-packages/airflow/example_dags/example_external_task_marker_dag.py
[2023-02-01T12:05:09.209+0000] {logging_mixin.py:137} INFO - [2023-02-01T12:05:09.209+0000] {dag.py:2690} INFO - Sync 2 DAGs
[2023-02-01T12:05:09.234+0000] {logging_mixin.py:137} INFO - [2023-02-01T12:05:09.234+0000] {dag.py:3441} INFO - Setting next_dagrun for example_external_task_marker_child to None, run_after=None
[2023-02-01T12:05:09.238+0000] {logging_mixin.py:137} INFO - [2023-02-01T12:05:09.238+0000] {dag.py:3441} INFO - Setting next_dagrun for example_external_task_marker_parent to None, run_after=None
[2023-02-01T12:05:09.259+0000] {processor.py:175} INFO - Processing /home/airflow/.local/lib/python3.7/site-packages/airflow/example_dags/example_external_task_marker_dag.py took 0.097 seconds
[2023-02-01T12:05:39.853+0000] {processor.py:153} INFO - Started process (PID=1057) to work on /home/airflow/.local/lib/python3.7/site-packages/airflow/example_dags/example_external_task_marker_dag.py
[2023-02-01T12:05:39.854+0000] {processor.py:743} INFO - Processing file /home/airflow/.local/lib/python3.7/site-packages/airflow/example_dags/example_external_task_marker_dag.py for tasks to queue
[2023-02-01T12:05:39.855+0000] {logging_mixin.py:137} INFO - [2023-02-01T12:05:39.854+0000] {dagbag.py:538} INFO - Filling up the DagBag from /home/airflow/.local/lib/python3.7/site-packages/airflow/example_dags/example_external_task_marker_dag.py
[2023-02-01T12:05:39.868+0000] {processor.py:753} INFO - DAG(s) dict_keys(['example_external_task_marker_child', 'example_external_task_marker_parent']) retrieved from /home/airflow/.local/lib/python3.7/site-packages/airflow/example_dags/example_external_task_marker_dag.py
[2023-02-01T12:05:39.900+0000] {logging_mixin.py:137} INFO - [2023-02-01T12:05:39.900+0000] {dag.py:2690} INFO - Sync 2 DAGs
[2023-02-01T12:05:39.924+0000] {logging_mixin.py:137} INFO - [2023-02-01T12:05:39.924+0000] {dag.py:3441} INFO - Setting next_dagrun for example_external_task_marker_child to None, run_after=None
[2023-02-01T12:05:39.928+0000] {logging_mixin.py:137} INFO - [2023-02-01T12:05:39.928+0000] {dag.py:3441} INFO - Setting next_dagrun for example_external_task_marker_parent to None, run_after=None
[2023-02-01T12:05:39.942+0000] {processor.py:175} INFO - Processing /home/airflow/.local/lib/python3.7/site-packages/airflow/example_dags/example_external_task_marker_dag.py took 0.093 seconds
[2023-02-01T12:06:10.392+0000] {processor.py:153} INFO - Started process (PID=1135) to work on /home/airflow/.local/lib/python3.7/site-packages/airflow/example_dags/example_external_task_marker_dag.py
[2023-02-01T12:06:10.393+0000] {processor.py:743} INFO - Processing file /home/airflow/.local/lib/python3.7/site-packages/airflow/example_dags/example_external_task_marker_dag.py for tasks to queue
[2023-02-01T12:06:10.394+0000] {logging_mixin.py:137} INFO - [2023-02-01T12:06:10.394+0000] {dagbag.py:538} INFO - Filling up the DagBag from /home/airflow/.local/lib/python3.7/site-packages/airflow/example_dags/example_external_task_marker_dag.py
[2023-02-01T12:06:10.409+0000] {processor.py:753} INFO - DAG(s) dict_keys(['example_external_task_marker_child', 'example_external_task_marker_parent']) retrieved from /home/airflow/.local/lib/python3.7/site-packages/airflow/example_dags/example_external_task_marker_dag.py
[2023-02-01T12:06:10.445+0000] {logging_mixin.py:137} INFO - [2023-02-01T12:06:10.444+0000] {dag.py:2690} INFO - Sync 2 DAGs
[2023-02-01T12:06:10.475+0000] {logging_mixin.py:137} INFO - [2023-02-01T12:06:10.475+0000] {dag.py:3441} INFO - Setting next_dagrun for example_external_task_marker_child to None, run_after=None
[2023-02-01T12:06:10.479+0000] {logging_mixin.py:137} INFO - [2023-02-01T12:06:10.478+0000] {dag.py:3441} INFO - Setting next_dagrun for example_external_task_marker_parent to None, run_after=None
[2023-02-01T12:06:10.500+0000] {processor.py:175} INFO - Processing /home/airflow/.local/lib/python3.7/site-packages/airflow/example_dags/example_external_task_marker_dag.py took 0.111 seconds
[2023-02-01T12:06:40.912+0000] {processor.py:153} INFO - Started process (PID=1200) to work on /home/airflow/.local/lib/python3.7/site-packages/airflow/example_dags/example_external_task_marker_dag.py
[2023-02-01T12:06:40.913+0000] {processor.py:743} INFO - Processing file /home/airflow/.local/lib/python3.7/site-packages/airflow/example_dags/example_external_task_marker_dag.py for tasks to queue
[2023-02-01T12:06:40.915+0000] {logging_mixin.py:137} INFO - [2023-02-01T12:06:40.915+0000] {dagbag.py:538} INFO - Filling up the DagBag from /home/airflow/.local/lib/python3.7/site-packages/airflow/example_dags/example_external_task_marker_dag.py
[2023-02-01T12:06:40.929+0000] {processor.py:753} INFO - DAG(s) dict_keys(['example_external_task_marker_child', 'example_external_task_marker_parent']) retrieved from /home/airflow/.local/lib/python3.7/site-packages/airflow/example_dags/example_external_task_marker_dag.py
[2023-02-01T12:06:40.958+0000] {logging_mixin.py:137} INFO - [2023-02-01T12:06:40.957+0000] {dag.py:2690} INFO - Sync 2 DAGs
[2023-02-01T12:06:41.018+0000] {logging_mixin.py:137} INFO - [2023-02-01T12:06:41.017+0000] {dag.py:3441} INFO - Setting next_dagrun for example_external_task_marker_child to None, run_after=None
[2023-02-01T12:06:41.024+0000] {logging_mixin.py:137} INFO - [2023-02-01T12:06:41.024+0000] {dag.py:3441} INFO - Setting next_dagrun for example_external_task_marker_parent to None, run_after=None
[2023-02-01T12:06:41.043+0000] {processor.py:175} INFO - Processing /home/airflow/.local/lib/python3.7/site-packages/airflow/example_dags/example_external_task_marker_dag.py took 0.135 seconds
[2023-02-01T12:07:12.030+0000] {processor.py:153} INFO - Started process (PID=1277) to work on /home/airflow/.local/lib/python3.7/site-packages/airflow/example_dags/example_external_task_marker_dag.py
[2023-02-01T12:07:12.031+0000] {processor.py:743} INFO - Processing file /home/airflow/.local/lib/python3.7/site-packages/airflow/example_dags/example_external_task_marker_dag.py for tasks to queue
[2023-02-01T12:07:12.033+0000] {logging_mixin.py:137} INFO - [2023-02-01T12:07:12.032+0000] {dagbag.py:538} INFO - Filling up the DagBag from /home/airflow/.local/lib/python3.7/site-packages/airflow/example_dags/example_external_task_marker_dag.py
[2023-02-01T12:07:12.046+0000] {processor.py:753} INFO - DAG(s) dict_keys(['example_external_task_marker_child', 'example_external_task_marker_parent']) retrieved from /home/airflow/.local/lib/python3.7/site-packages/airflow/example_dags/example_external_task_marker_dag.py
[2023-02-01T12:07:12.077+0000] {logging_mixin.py:137} INFO - [2023-02-01T12:07:12.077+0000] {dag.py:2690} INFO - Sync 2 DAGs
[2023-02-01T12:07:12.104+0000] {logging_mixin.py:137} INFO - [2023-02-01T12:07:12.104+0000] {dag.py:3441} INFO - Setting next_dagrun for example_external_task_marker_child to None, run_after=None
[2023-02-01T12:07:12.108+0000] {logging_mixin.py:137} INFO - [2023-02-01T12:07:12.108+0000] {dag.py:3441} INFO - Setting next_dagrun for example_external_task_marker_parent to None, run_after=None
[2023-02-01T12:07:12.122+0000] {processor.py:175} INFO - Processing /home/airflow/.local/lib/python3.7/site-packages/airflow/example_dags/example_external_task_marker_dag.py took 0.096 seconds
[2023-02-01T12:07:43.082+0000] {processor.py:153} INFO - Started process (PID=1352) to work on /home/airflow/.local/lib/python3.7/site-packages/airflow/example_dags/example_external_task_marker_dag.py
[2023-02-01T12:07:43.084+0000] {processor.py:743} INFO - Processing file /home/airflow/.local/lib/python3.7/site-packages/airflow/example_dags/example_external_task_marker_dag.py for tasks to queue
[2023-02-01T12:07:43.085+0000] {logging_mixin.py:137} INFO - [2023-02-01T12:07:43.085+0000] {dagbag.py:538} INFO - Filling up the DagBag from /home/airflow/.local/lib/python3.7/site-packages/airflow/example_dags/example_external_task_marker_dag.py
[2023-02-01T12:07:43.098+0000] {processor.py:753} INFO - DAG(s) dict_keys(['example_external_task_marker_parent', 'example_external_task_marker_child']) retrieved from /home/airflow/.local/lib/python3.7/site-packages/airflow/example_dags/example_external_task_marker_dag.py
[2023-02-01T12:07:43.127+0000] {logging_mixin.py:137} INFO - [2023-02-01T12:07:43.126+0000] {dag.py:2690} INFO - Sync 2 DAGs
[2023-02-01T12:07:43.150+0000] {logging_mixin.py:137} INFO - [2023-02-01T12:07:43.150+0000] {dag.py:3441} INFO - Setting next_dagrun for example_external_task_marker_child to None, run_after=None
[2023-02-01T12:07:43.154+0000] {logging_mixin.py:137} INFO - [2023-02-01T12:07:43.154+0000] {dag.py:3441} INFO - Setting next_dagrun for example_external_task_marker_parent to None, run_after=None
[2023-02-01T12:07:43.172+0000] {processor.py:175} INFO - Processing /home/airflow/.local/lib/python3.7/site-packages/airflow/example_dags/example_external_task_marker_dag.py took 0.094 seconds
