[2023-02-01T11:58:31.422+0000] {processor.py:153} INFO - Started process (PID=53) to work on /home/airflow/.local/lib/python3.7/site-packages/airflow/example_dags/example_xcom.py
[2023-02-01T11:58:31.426+0000] {processor.py:743} INFO - Processing file /home/airflow/.local/lib/python3.7/site-packages/airflow/example_dags/example_xcom.py for tasks to queue
[2023-02-01T11:58:31.428+0000] {logging_mixin.py:137} INFO - [2023-02-01T11:58:31.428+0000] {dagbag.py:538} INFO - Filling up the DagBag from /home/airflow/.local/lib/python3.7/site-packages/airflow/example_dags/example_xcom.py
[2023-02-01T11:58:31.518+0000] {processor.py:753} INFO - DAG(s) dict_keys(['example_xcom']) retrieved from /home/airflow/.local/lib/python3.7/site-packages/airflow/example_dags/example_xcom.py
[2023-02-01T11:58:31.554+0000] {logging_mixin.py:137} INFO - [2023-02-01T11:58:31.554+0000] {dag.py:2690} INFO - Sync 1 DAGs
[2023-02-01T11:58:31.590+0000] {logging_mixin.py:137} INFO - [2023-02-01T11:58:31.590+0000] {dag.py:3441} INFO - Setting next_dagrun for example_xcom to 2021-01-01T00:00:00+00:00, run_after=2021-01-01T00:00:00+00:00
[2023-02-01T11:58:31.692+0000] {processor.py:175} INFO - Processing /home/airflow/.local/lib/python3.7/site-packages/airflow/example_dags/example_xcom.py took 0.280 seconds
[2023-02-01T11:59:01.778+0000] {processor.py:153} INFO - Started process (PID=129) to work on /home/airflow/.local/lib/python3.7/site-packages/airflow/example_dags/example_xcom.py
[2023-02-01T11:59:01.779+0000] {processor.py:743} INFO - Processing file /home/airflow/.local/lib/python3.7/site-packages/airflow/example_dags/example_xcom.py for tasks to queue
[2023-02-01T11:59:01.779+0000] {logging_mixin.py:137} INFO - [2023-02-01T11:59:01.779+0000] {dagbag.py:538} INFO - Filling up the DagBag from /home/airflow/.local/lib/python3.7/site-packages/airflow/example_dags/example_xcom.py
[2023-02-01T11:59:01.813+0000] {processor.py:753} INFO - DAG(s) dict_keys(['example_xcom']) retrieved from /home/airflow/.local/lib/python3.7/site-packages/airflow/example_dags/example_xcom.py
[2023-02-01T11:59:01.836+0000] {logging_mixin.py:137} INFO - [2023-02-01T11:59:01.836+0000] {dag.py:2690} INFO - Sync 1 DAGs
[2023-02-01T11:59:01.860+0000] {logging_mixin.py:137} INFO - [2023-02-01T11:59:01.860+0000] {dag.py:3441} INFO - Setting next_dagrun for example_xcom to 2021-01-01T00:00:00+00:00, run_after=2021-01-01T00:00:00+00:00
[2023-02-01T11:59:01.877+0000] {processor.py:175} INFO - Processing /home/airflow/.local/lib/python3.7/site-packages/airflow/example_dags/example_xcom.py took 0.104 seconds
[2023-02-01T11:59:32.650+0000] {processor.py:153} INFO - Started process (PID=195) to work on /home/airflow/.local/lib/python3.7/site-packages/airflow/example_dags/example_xcom.py
[2023-02-01T11:59:32.651+0000] {processor.py:743} INFO - Processing file /home/airflow/.local/lib/python3.7/site-packages/airflow/example_dags/example_xcom.py for tasks to queue
[2023-02-01T11:59:32.652+0000] {logging_mixin.py:137} INFO - [2023-02-01T11:59:32.652+0000] {dagbag.py:538} INFO - Filling up the DagBag from /home/airflow/.local/lib/python3.7/site-packages/airflow/example_dags/example_xcom.py
[2023-02-01T11:59:32.674+0000] {processor.py:753} INFO - DAG(s) dict_keys(['example_xcom']) retrieved from /home/airflow/.local/lib/python3.7/site-packages/airflow/example_dags/example_xcom.py
[2023-02-01T11:59:32.709+0000] {logging_mixin.py:137} INFO - [2023-02-01T11:59:32.709+0000] {dag.py:2690} INFO - Sync 1 DAGs
[2023-02-01T11:59:32.738+0000] {logging_mixin.py:137} INFO - [2023-02-01T11:59:32.738+0000] {dag.py:3441} INFO - Setting next_dagrun for example_xcom to 2021-01-01T00:00:00+00:00, run_after=2021-01-01T00:00:00+00:00
[2023-02-01T11:59:32.756+0000] {processor.py:175} INFO - Processing /home/airflow/.local/lib/python3.7/site-packages/airflow/example_dags/example_xcom.py took 0.109 seconds
[2023-02-01T12:00:03.457+0000] {processor.py:153} INFO - Started process (PID=274) to work on /home/airflow/.local/lib/python3.7/site-packages/airflow/example_dags/example_xcom.py
[2023-02-01T12:00:03.459+0000] {processor.py:743} INFO - Processing file /home/airflow/.local/lib/python3.7/site-packages/airflow/example_dags/example_xcom.py for tasks to queue
[2023-02-01T12:00:03.461+0000] {logging_mixin.py:137} INFO - [2023-02-01T12:00:03.460+0000] {dagbag.py:538} INFO - Filling up the DagBag from /home/airflow/.local/lib/python3.7/site-packages/airflow/example_dags/example_xcom.py
[2023-02-01T12:00:03.485+0000] {processor.py:753} INFO - DAG(s) dict_keys(['example_xcom']) retrieved from /home/airflow/.local/lib/python3.7/site-packages/airflow/example_dags/example_xcom.py
[2023-02-01T12:00:03.510+0000] {logging_mixin.py:137} INFO - [2023-02-01T12:00:03.510+0000] {dag.py:2690} INFO - Sync 1 DAGs
[2023-02-01T12:00:03.535+0000] {logging_mixin.py:137} INFO - [2023-02-01T12:00:03.535+0000] {dag.py:3441} INFO - Setting next_dagrun for example_xcom to 2021-01-01T00:00:00+00:00, run_after=2021-01-01T00:00:00+00:00
[2023-02-01T12:00:03.554+0000] {processor.py:175} INFO - Processing /home/airflow/.local/lib/python3.7/site-packages/airflow/example_dags/example_xcom.py took 0.102 seconds
[2023-02-01T12:00:34.253+0000] {processor.py:153} INFO - Started process (PID=352) to work on /home/airflow/.local/lib/python3.7/site-packages/airflow/example_dags/example_xcom.py
[2023-02-01T12:00:34.254+0000] {processor.py:743} INFO - Processing file /home/airflow/.local/lib/python3.7/site-packages/airflow/example_dags/example_xcom.py for tasks to queue
[2023-02-01T12:00:34.256+0000] {logging_mixin.py:137} INFO - [2023-02-01T12:00:34.255+0000] {dagbag.py:538} INFO - Filling up the DagBag from /home/airflow/.local/lib/python3.7/site-packages/airflow/example_dags/example_xcom.py
[2023-02-01T12:00:34.279+0000] {processor.py:753} INFO - DAG(s) dict_keys(['example_xcom']) retrieved from /home/airflow/.local/lib/python3.7/site-packages/airflow/example_dags/example_xcom.py
[2023-02-01T12:00:34.317+0000] {logging_mixin.py:137} INFO - [2023-02-01T12:00:34.317+0000] {dag.py:2690} INFO - Sync 1 DAGs
[2023-02-01T12:00:34.344+0000] {logging_mixin.py:137} INFO - [2023-02-01T12:00:34.343+0000] {dag.py:3441} INFO - Setting next_dagrun for example_xcom to 2021-01-01T00:00:00+00:00, run_after=2021-01-01T00:00:00+00:00
[2023-02-01T12:00:34.366+0000] {processor.py:175} INFO - Processing /home/airflow/.local/lib/python3.7/site-packages/airflow/example_dags/example_xcom.py took 0.120 seconds
[2023-02-01T12:01:04.893+0000] {processor.py:153} INFO - Started process (PID=417) to work on /home/airflow/.local/lib/python3.7/site-packages/airflow/example_dags/example_xcom.py
[2023-02-01T12:01:04.895+0000] {processor.py:743} INFO - Processing file /home/airflow/.local/lib/python3.7/site-packages/airflow/example_dags/example_xcom.py for tasks to queue
[2023-02-01T12:01:04.896+0000] {logging_mixin.py:137} INFO - [2023-02-01T12:01:04.896+0000] {dagbag.py:538} INFO - Filling up the DagBag from /home/airflow/.local/lib/python3.7/site-packages/airflow/example_dags/example_xcom.py
[2023-02-01T12:01:04.917+0000] {processor.py:753} INFO - DAG(s) dict_keys(['example_xcom']) retrieved from /home/airflow/.local/lib/python3.7/site-packages/airflow/example_dags/example_xcom.py
[2023-02-01T12:01:04.941+0000] {logging_mixin.py:137} INFO - [2023-02-01T12:01:04.941+0000] {dag.py:2690} INFO - Sync 1 DAGs
[2023-02-01T12:01:04.964+0000] {logging_mixin.py:137} INFO - [2023-02-01T12:01:04.964+0000] {dag.py:3441} INFO - Setting next_dagrun for example_xcom to 2021-01-01T00:00:00+00:00, run_after=2021-01-01T00:00:00+00:00
[2023-02-01T12:01:04.987+0000] {processor.py:175} INFO - Processing /home/airflow/.local/lib/python3.7/site-packages/airflow/example_dags/example_xcom.py took 0.097 seconds
[2023-02-01T12:01:35.819+0000] {processor.py:153} INFO - Started process (PID=496) to work on /home/airflow/.local/lib/python3.7/site-packages/airflow/example_dags/example_xcom.py
[2023-02-01T12:01:35.821+0000] {processor.py:743} INFO - Processing file /home/airflow/.local/lib/python3.7/site-packages/airflow/example_dags/example_xcom.py for tasks to queue
[2023-02-01T12:01:35.823+0000] {logging_mixin.py:137} INFO - [2023-02-01T12:01:35.822+0000] {dagbag.py:538} INFO - Filling up the DagBag from /home/airflow/.local/lib/python3.7/site-packages/airflow/example_dags/example_xcom.py
[2023-02-01T12:01:35.853+0000] {processor.py:753} INFO - DAG(s) dict_keys(['example_xcom']) retrieved from /home/airflow/.local/lib/python3.7/site-packages/airflow/example_dags/example_xcom.py
[2023-02-01T12:01:35.882+0000] {logging_mixin.py:137} INFO - [2023-02-01T12:01:35.882+0000] {dag.py:2690} INFO - Sync 1 DAGs
[2023-02-01T12:01:35.906+0000] {logging_mixin.py:137} INFO - [2023-02-01T12:01:35.906+0000] {dag.py:3441} INFO - Setting next_dagrun for example_xcom to 2021-01-01T00:00:00+00:00, run_after=2021-01-01T00:00:00+00:00
[2023-02-01T12:01:35.924+0000] {processor.py:175} INFO - Processing /home/airflow/.local/lib/python3.7/site-packages/airflow/example_dags/example_xcom.py took 0.109 seconds
[2023-02-01T12:02:07.581+0000] {processor.py:153} INFO - Started process (PID=569) to work on /home/airflow/.local/lib/python3.7/site-packages/airflow/example_dags/example_xcom.py
[2023-02-01T12:02:07.583+0000] {processor.py:743} INFO - Processing file /home/airflow/.local/lib/python3.7/site-packages/airflow/example_dags/example_xcom.py for tasks to queue
[2023-02-01T12:02:07.585+0000] {logging_mixin.py:137} INFO - [2023-02-01T12:02:07.585+0000] {dagbag.py:538} INFO - Filling up the DagBag from /home/airflow/.local/lib/python3.7/site-packages/airflow/example_dags/example_xcom.py
[2023-02-01T12:02:07.618+0000] {processor.py:753} INFO - DAG(s) dict_keys(['example_xcom']) retrieved from /home/airflow/.local/lib/python3.7/site-packages/airflow/example_dags/example_xcom.py
[2023-02-01T12:02:07.700+0000] {logging_mixin.py:137} INFO - [2023-02-01T12:02:07.699+0000] {dag.py:2690} INFO - Sync 1 DAGs
[2023-02-01T12:02:07.774+0000] {logging_mixin.py:137} INFO - [2023-02-01T12:02:07.774+0000] {dag.py:3441} INFO - Setting next_dagrun for example_xcom to 2021-01-01T00:00:00+00:00, run_after=2021-01-01T00:00:00+00:00
[2023-02-01T12:02:07.842+0000] {processor.py:175} INFO - Processing /home/airflow/.local/lib/python3.7/site-packages/airflow/example_dags/example_xcom.py took 0.291 seconds
[2023-02-01T12:02:38.346+0000] {processor.py:153} INFO - Started process (PID=638) to work on /home/airflow/.local/lib/python3.7/site-packages/airflow/example_dags/example_xcom.py
[2023-02-01T12:02:38.348+0000] {processor.py:743} INFO - Processing file /home/airflow/.local/lib/python3.7/site-packages/airflow/example_dags/example_xcom.py for tasks to queue
[2023-02-01T12:02:38.349+0000] {logging_mixin.py:137} INFO - [2023-02-01T12:02:38.349+0000] {dagbag.py:538} INFO - Filling up the DagBag from /home/airflow/.local/lib/python3.7/site-packages/airflow/example_dags/example_xcom.py
[2023-02-01T12:02:38.372+0000] {processor.py:753} INFO - DAG(s) dict_keys(['example_xcom']) retrieved from /home/airflow/.local/lib/python3.7/site-packages/airflow/example_dags/example_xcom.py
[2023-02-01T12:02:38.399+0000] {logging_mixin.py:137} INFO - [2023-02-01T12:02:38.399+0000] {dag.py:2690} INFO - Sync 1 DAGs
[2023-02-01T12:02:38.436+0000] {logging_mixin.py:137} INFO - [2023-02-01T12:02:38.436+0000] {dag.py:3441} INFO - Setting next_dagrun for example_xcom to 2021-01-01T00:00:00+00:00, run_after=2021-01-01T00:00:00+00:00
[2023-02-01T12:02:38.472+0000] {processor.py:175} INFO - Processing /home/airflow/.local/lib/python3.7/site-packages/airflow/example_dags/example_xcom.py took 0.131 seconds
[2023-02-01T12:03:08.650+0000] {processor.py:153} INFO - Started process (PID=717) to work on /home/airflow/.local/lib/python3.7/site-packages/airflow/example_dags/example_xcom.py
[2023-02-01T12:03:08.652+0000] {processor.py:743} INFO - Processing file /home/airflow/.local/lib/python3.7/site-packages/airflow/example_dags/example_xcom.py for tasks to queue
[2023-02-01T12:03:08.653+0000] {logging_mixin.py:137} INFO - [2023-02-01T12:03:08.653+0000] {dagbag.py:538} INFO - Filling up the DagBag from /home/airflow/.local/lib/python3.7/site-packages/airflow/example_dags/example_xcom.py
[2023-02-01T12:03:08.678+0000] {processor.py:753} INFO - DAG(s) dict_keys(['example_xcom']) retrieved from /home/airflow/.local/lib/python3.7/site-packages/airflow/example_dags/example_xcom.py
[2023-02-01T12:03:08.702+0000] {logging_mixin.py:137} INFO - [2023-02-01T12:03:08.702+0000] {dag.py:2690} INFO - Sync 1 DAGs
[2023-02-01T12:03:08.724+0000] {logging_mixin.py:137} INFO - [2023-02-01T12:03:08.724+0000] {dag.py:3441} INFO - Setting next_dagrun for example_xcom to 2021-01-01T00:00:00+00:00, run_after=2021-01-01T00:00:00+00:00
[2023-02-01T12:03:08.740+0000] {processor.py:175} INFO - Processing /home/airflow/.local/lib/python3.7/site-packages/airflow/example_dags/example_xcom.py took 0.094 seconds
[2023-02-01T12:03:39.484+0000] {processor.py:153} INFO - Started process (PID=782) to work on /home/airflow/.local/lib/python3.7/site-packages/airflow/example_dags/example_xcom.py
[2023-02-01T12:03:39.485+0000] {processor.py:743} INFO - Processing file /home/airflow/.local/lib/python3.7/site-packages/airflow/example_dags/example_xcom.py for tasks to queue
[2023-02-01T12:03:39.486+0000] {logging_mixin.py:137} INFO - [2023-02-01T12:03:39.486+0000] {dagbag.py:538} INFO - Filling up the DagBag from /home/airflow/.local/lib/python3.7/site-packages/airflow/example_dags/example_xcom.py
[2023-02-01T12:03:39.521+0000] {processor.py:753} INFO - DAG(s) dict_keys(['example_xcom']) retrieved from /home/airflow/.local/lib/python3.7/site-packages/airflow/example_dags/example_xcom.py
[2023-02-01T12:03:39.600+0000] {logging_mixin.py:137} INFO - [2023-02-01T12:03:39.599+0000] {dag.py:2690} INFO - Sync 1 DAGs
[2023-02-01T12:03:39.666+0000] {logging_mixin.py:137} INFO - [2023-02-01T12:03:39.666+0000] {dag.py:3441} INFO - Setting next_dagrun for example_xcom to 2021-01-01T00:00:00+00:00, run_after=2021-01-01T00:00:00+00:00
[2023-02-01T12:03:39.713+0000] {processor.py:175} INFO - Processing /home/airflow/.local/lib/python3.7/site-packages/airflow/example_dags/example_xcom.py took 0.234 seconds
[2023-02-01T12:04:10.431+0000] {processor.py:153} INFO - Started process (PID=855) to work on /home/airflow/.local/lib/python3.7/site-packages/airflow/example_dags/example_xcom.py
[2023-02-01T12:04:10.434+0000] {processor.py:743} INFO - Processing file /home/airflow/.local/lib/python3.7/site-packages/airflow/example_dags/example_xcom.py for tasks to queue
[2023-02-01T12:04:10.436+0000] {logging_mixin.py:137} INFO - [2023-02-01T12:04:10.436+0000] {dagbag.py:538} INFO - Filling up the DagBag from /home/airflow/.local/lib/python3.7/site-packages/airflow/example_dags/example_xcom.py
[2023-02-01T12:04:10.480+0000] {processor.py:753} INFO - DAG(s) dict_keys(['example_xcom']) retrieved from /home/airflow/.local/lib/python3.7/site-packages/airflow/example_dags/example_xcom.py
[2023-02-01T12:04:10.516+0000] {logging_mixin.py:137} INFO - [2023-02-01T12:04:10.516+0000] {dag.py:2690} INFO - Sync 1 DAGs
[2023-02-01T12:04:10.557+0000] {logging_mixin.py:137} INFO - [2023-02-01T12:04:10.556+0000] {dag.py:3441} INFO - Setting next_dagrun for example_xcom to 2021-01-01T00:00:00+00:00, run_after=2021-01-01T00:00:00+00:00
[2023-02-01T12:04:10.588+0000] {processor.py:175} INFO - Processing /home/airflow/.local/lib/python3.7/site-packages/airflow/example_dags/example_xcom.py took 0.163 seconds
[2023-02-01T12:04:41.043+0000] {processor.py:153} INFO - Started process (PID=924) to work on /home/airflow/.local/lib/python3.7/site-packages/airflow/example_dags/example_xcom.py
[2023-02-01T12:04:41.044+0000] {processor.py:743} INFO - Processing file /home/airflow/.local/lib/python3.7/site-packages/airflow/example_dags/example_xcom.py for tasks to queue
[2023-02-01T12:04:41.046+0000] {logging_mixin.py:137} INFO - [2023-02-01T12:04:41.045+0000] {dagbag.py:538} INFO - Filling up the DagBag from /home/airflow/.local/lib/python3.7/site-packages/airflow/example_dags/example_xcom.py
[2023-02-01T12:04:41.078+0000] {processor.py:753} INFO - DAG(s) dict_keys(['example_xcom']) retrieved from /home/airflow/.local/lib/python3.7/site-packages/airflow/example_dags/example_xcom.py
[2023-02-01T12:04:41.115+0000] {logging_mixin.py:137} INFO - [2023-02-01T12:04:41.115+0000] {dag.py:2690} INFO - Sync 1 DAGs
[2023-02-01T12:04:41.147+0000] {logging_mixin.py:137} INFO - [2023-02-01T12:04:41.147+0000] {dag.py:3441} INFO - Setting next_dagrun for example_xcom to 2021-01-01T00:00:00+00:00, run_after=2021-01-01T00:00:00+00:00
[2023-02-01T12:04:41.170+0000] {processor.py:175} INFO - Processing /home/airflow/.local/lib/python3.7/site-packages/airflow/example_dags/example_xcom.py took 0.130 seconds
[2023-02-01T12:05:11.806+0000] {processor.py:153} INFO - Started process (PID=1003) to work on /home/airflow/.local/lib/python3.7/site-packages/airflow/example_dags/example_xcom.py
[2023-02-01T12:05:11.807+0000] {processor.py:743} INFO - Processing file /home/airflow/.local/lib/python3.7/site-packages/airflow/example_dags/example_xcom.py for tasks to queue
[2023-02-01T12:05:11.808+0000] {logging_mixin.py:137} INFO - [2023-02-01T12:05:11.808+0000] {dagbag.py:538} INFO - Filling up the DagBag from /home/airflow/.local/lib/python3.7/site-packages/airflow/example_dags/example_xcom.py
[2023-02-01T12:05:11.830+0000] {processor.py:753} INFO - DAG(s) dict_keys(['example_xcom']) retrieved from /home/airflow/.local/lib/python3.7/site-packages/airflow/example_dags/example_xcom.py
[2023-02-01T12:05:11.855+0000] {logging_mixin.py:137} INFO - [2023-02-01T12:05:11.855+0000] {dag.py:2690} INFO - Sync 1 DAGs
[2023-02-01T12:05:11.879+0000] {logging_mixin.py:137} INFO - [2023-02-01T12:05:11.878+0000] {dag.py:3441} INFO - Setting next_dagrun for example_xcom to 2021-01-01T00:00:00+00:00, run_after=2021-01-01T00:00:00+00:00
[2023-02-01T12:05:11.894+0000] {processor.py:175} INFO - Processing /home/airflow/.local/lib/python3.7/site-packages/airflow/example_dags/example_xcom.py took 0.091 seconds
[2023-02-01T12:05:42.490+0000] {processor.py:153} INFO - Started process (PID=1068) to work on /home/airflow/.local/lib/python3.7/site-packages/airflow/example_dags/example_xcom.py
[2023-02-01T12:05:42.491+0000] {processor.py:743} INFO - Processing file /home/airflow/.local/lib/python3.7/site-packages/airflow/example_dags/example_xcom.py for tasks to queue
[2023-02-01T12:05:42.492+0000] {logging_mixin.py:137} INFO - [2023-02-01T12:05:42.492+0000] {dagbag.py:538} INFO - Filling up the DagBag from /home/airflow/.local/lib/python3.7/site-packages/airflow/example_dags/example_xcom.py
[2023-02-01T12:05:42.512+0000] {processor.py:753} INFO - DAG(s) dict_keys(['example_xcom']) retrieved from /home/airflow/.local/lib/python3.7/site-packages/airflow/example_dags/example_xcom.py
[2023-02-01T12:05:42.537+0000] {logging_mixin.py:137} INFO - [2023-02-01T12:05:42.537+0000] {dag.py:2690} INFO - Sync 1 DAGs
[2023-02-01T12:05:42.561+0000] {logging_mixin.py:137} INFO - [2023-02-01T12:05:42.561+0000] {dag.py:3441} INFO - Setting next_dagrun for example_xcom to 2021-01-01T00:00:00+00:00, run_after=2021-01-01T00:00:00+00:00
[2023-02-01T12:05:42.577+0000] {processor.py:175} INFO - Processing /home/airflow/.local/lib/python3.7/site-packages/airflow/example_dags/example_xcom.py took 0.092 seconds
[2023-02-01T12:06:13.027+0000] {processor.py:153} INFO - Started process (PID=1146) to work on /home/airflow/.local/lib/python3.7/site-packages/airflow/example_dags/example_xcom.py
[2023-02-01T12:06:13.027+0000] {processor.py:743} INFO - Processing file /home/airflow/.local/lib/python3.7/site-packages/airflow/example_dags/example_xcom.py for tasks to queue
[2023-02-01T12:06:13.029+0000] {logging_mixin.py:137} INFO - [2023-02-01T12:06:13.028+0000] {dagbag.py:538} INFO - Filling up the DagBag from /home/airflow/.local/lib/python3.7/site-packages/airflow/example_dags/example_xcom.py
[2023-02-01T12:06:13.058+0000] {processor.py:753} INFO - DAG(s) dict_keys(['example_xcom']) retrieved from /home/airflow/.local/lib/python3.7/site-packages/airflow/example_dags/example_xcom.py
[2023-02-01T12:06:13.081+0000] {logging_mixin.py:137} INFO - [2023-02-01T12:06:13.081+0000] {dag.py:2690} INFO - Sync 1 DAGs
[2023-02-01T12:06:13.103+0000] {logging_mixin.py:137} INFO - [2023-02-01T12:06:13.102+0000] {dag.py:3441} INFO - Setting next_dagrun for example_xcom to 2021-01-01T00:00:00+00:00, run_after=2021-01-01T00:00:00+00:00
[2023-02-01T12:06:13.121+0000] {processor.py:175} INFO - Processing /home/airflow/.local/lib/python3.7/site-packages/airflow/example_dags/example_xcom.py took 0.097 seconds
[2023-02-01T12:06:43.637+0000] {processor.py:153} INFO - Started process (PID=1220) to work on /home/airflow/.local/lib/python3.7/site-packages/airflow/example_dags/example_xcom.py
[2023-02-01T12:06:43.639+0000] {processor.py:743} INFO - Processing file /home/airflow/.local/lib/python3.7/site-packages/airflow/example_dags/example_xcom.py for tasks to queue
[2023-02-01T12:06:43.640+0000] {logging_mixin.py:137} INFO - [2023-02-01T12:06:43.640+0000] {dagbag.py:538} INFO - Filling up the DagBag from /home/airflow/.local/lib/python3.7/site-packages/airflow/example_dags/example_xcom.py
[2023-02-01T12:06:43.662+0000] {processor.py:753} INFO - DAG(s) dict_keys(['example_xcom']) retrieved from /home/airflow/.local/lib/python3.7/site-packages/airflow/example_dags/example_xcom.py
[2023-02-01T12:06:43.696+0000] {logging_mixin.py:137} INFO - [2023-02-01T12:06:43.696+0000] {dag.py:2690} INFO - Sync 1 DAGs
[2023-02-01T12:06:43.720+0000] {logging_mixin.py:137} INFO - [2023-02-01T12:06:43.720+0000] {dag.py:3441} INFO - Setting next_dagrun for example_xcom to 2021-01-01T00:00:00+00:00, run_after=2021-01-01T00:00:00+00:00
[2023-02-01T12:06:43.736+0000] {processor.py:175} INFO - Processing /home/airflow/.local/lib/python3.7/site-packages/airflow/example_dags/example_xcom.py took 0.103 seconds
[2023-02-01T12:07:13.962+0000] {processor.py:153} INFO - Started process (PID=1288) to work on /home/airflow/.local/lib/python3.7/site-packages/airflow/example_dags/example_xcom.py
[2023-02-01T12:07:13.963+0000] {processor.py:743} INFO - Processing file /home/airflow/.local/lib/python3.7/site-packages/airflow/example_dags/example_xcom.py for tasks to queue
[2023-02-01T12:07:13.964+0000] {logging_mixin.py:137} INFO - [2023-02-01T12:07:13.964+0000] {dagbag.py:538} INFO - Filling up the DagBag from /home/airflow/.local/lib/python3.7/site-packages/airflow/example_dags/example_xcom.py
[2023-02-01T12:07:13.986+0000] {processor.py:753} INFO - DAG(s) dict_keys(['example_xcom']) retrieved from /home/airflow/.local/lib/python3.7/site-packages/airflow/example_dags/example_xcom.py
[2023-02-01T12:07:14.010+0000] {logging_mixin.py:137} INFO - [2023-02-01T12:07:14.010+0000] {dag.py:2690} INFO - Sync 1 DAGs
[2023-02-01T12:07:14.040+0000] {logging_mixin.py:137} INFO - [2023-02-01T12:07:14.039+0000] {dag.py:3441} INFO - Setting next_dagrun for example_xcom to 2021-01-01T00:00:00+00:00, run_after=2021-01-01T00:00:00+00:00
[2023-02-01T12:07:14.059+0000] {processor.py:175} INFO - Processing /home/airflow/.local/lib/python3.7/site-packages/airflow/example_dags/example_xcom.py took 0.102 seconds
[2023-02-01T12:07:44.255+0000] {processor.py:153} INFO - Started process (PID=1367) to work on /home/airflow/.local/lib/python3.7/site-packages/airflow/example_dags/example_xcom.py
[2023-02-01T12:07:44.256+0000] {processor.py:743} INFO - Processing file /home/airflow/.local/lib/python3.7/site-packages/airflow/example_dags/example_xcom.py for tasks to queue
[2023-02-01T12:07:44.257+0000] {logging_mixin.py:137} INFO - [2023-02-01T12:07:44.257+0000] {dagbag.py:538} INFO - Filling up the DagBag from /home/airflow/.local/lib/python3.7/site-packages/airflow/example_dags/example_xcom.py
[2023-02-01T12:07:44.293+0000] {processor.py:753} INFO - DAG(s) dict_keys(['example_xcom']) retrieved from /home/airflow/.local/lib/python3.7/site-packages/airflow/example_dags/example_xcom.py
[2023-02-01T12:07:44.345+0000] {logging_mixin.py:137} INFO - [2023-02-01T12:07:44.345+0000] {dag.py:2690} INFO - Sync 1 DAGs
[2023-02-01T12:07:44.378+0000] {logging_mixin.py:137} INFO - [2023-02-01T12:07:44.378+0000] {dag.py:3441} INFO - Setting next_dagrun for example_xcom to 2021-01-01T00:00:00+00:00, run_after=2021-01-01T00:00:00+00:00
[2023-02-01T12:07:44.396+0000] {processor.py:175} INFO - Processing /home/airflow/.local/lib/python3.7/site-packages/airflow/example_dags/example_xcom.py took 0.144 seconds
