[2023-02-01T11:58:30.107+0000] {processor.py:153} INFO - Started process (PID=38) to work on /home/airflow/.local/lib/python3.7/site-packages/airflow/example_dags/example_dag_decorator.py
[2023-02-01T11:58:30.109+0000] {processor.py:743} INFO - Processing file /home/airflow/.local/lib/python3.7/site-packages/airflow/example_dags/example_dag_decorator.py for tasks to queue
[2023-02-01T11:58:30.110+0000] {logging_mixin.py:137} INFO - [2023-02-01T11:58:30.110+0000] {dagbag.py:538} INFO - Filling up the DagBag from /home/airflow/.local/lib/python3.7/site-packages/airflow/example_dags/example_dag_decorator.py
[2023-02-01T11:58:30.129+0000] {logging_mixin.py:137} INFO - [2023-02-01T11:58:30.129+0000] {taskmixin.py:205} WARNING - Dependency <Task(_PythonDecoratedOperator): prepare_email>, send_email already registered for DAG: example_dag_decorator
[2023-02-01T11:58:30.129+0000] {logging_mixin.py:137} INFO - [2023-02-01T11:58:30.129+0000] {taskmixin.py:205} WARNING - Dependency <Task(EmailOperator): send_email>, prepare_email already registered for DAG: example_dag_decorator
[2023-02-01T11:58:30.149+0000] {processor.py:753} INFO - DAG(s) dict_keys(['example_dag_decorator']) retrieved from /home/airflow/.local/lib/python3.7/site-packages/airflow/example_dags/example_dag_decorator.py
[2023-02-01T11:58:30.164+0000] {logging_mixin.py:137} INFO - [2023-02-01T11:58:30.164+0000] {dag.py:2690} INFO - Sync 1 DAGs
[2023-02-01T11:58:30.189+0000] {logging_mixin.py:137} INFO - [2023-02-01T11:58:30.189+0000] {dag.py:3441} INFO - Setting next_dagrun for example_dag_decorator to None, run_after=None
[2023-02-01T11:58:30.206+0000] {processor.py:175} INFO - Processing /home/airflow/.local/lib/python3.7/site-packages/airflow/example_dags/example_dag_decorator.py took 0.105 seconds
[2023-02-01T11:59:00.745+0000] {processor.py:153} INFO - Started process (PID=114) to work on /home/airflow/.local/lib/python3.7/site-packages/airflow/example_dags/example_dag_decorator.py
[2023-02-01T11:59:00.746+0000] {processor.py:743} INFO - Processing file /home/airflow/.local/lib/python3.7/site-packages/airflow/example_dags/example_dag_decorator.py for tasks to queue
[2023-02-01T11:59:00.747+0000] {logging_mixin.py:137} INFO - [2023-02-01T11:59:00.747+0000] {dagbag.py:538} INFO - Filling up the DagBag from /home/airflow/.local/lib/python3.7/site-packages/airflow/example_dags/example_dag_decorator.py
[2023-02-01T11:59:00.764+0000] {logging_mixin.py:137} INFO - [2023-02-01T11:59:00.763+0000] {taskmixin.py:205} WARNING - Dependency <Task(_PythonDecoratedOperator): prepare_email>, send_email already registered for DAG: example_dag_decorator
[2023-02-01T11:59:00.764+0000] {logging_mixin.py:137} INFO - [2023-02-01T11:59:00.764+0000] {taskmixin.py:205} WARNING - Dependency <Task(EmailOperator): send_email>, prepare_email already registered for DAG: example_dag_decorator
[2023-02-01T11:59:00.775+0000] {processor.py:753} INFO - DAG(s) dict_keys(['example_dag_decorator']) retrieved from /home/airflow/.local/lib/python3.7/site-packages/airflow/example_dags/example_dag_decorator.py
[2023-02-01T11:59:00.832+0000] {logging_mixin.py:137} INFO - [2023-02-01T11:59:00.832+0000] {dag.py:2690} INFO - Sync 1 DAGs
[2023-02-01T11:59:00.854+0000] {logging_mixin.py:137} INFO - [2023-02-01T11:59:00.853+0000] {dag.py:3441} INFO - Setting next_dagrun for example_dag_decorator to None, run_after=None
[2023-02-01T11:59:00.872+0000] {processor.py:175} INFO - Processing /home/airflow/.local/lib/python3.7/site-packages/airflow/example_dags/example_dag_decorator.py took 0.130 seconds
[2023-02-01T11:59:31.555+0000] {processor.py:153} INFO - Started process (PID=180) to work on /home/airflow/.local/lib/python3.7/site-packages/airflow/example_dags/example_dag_decorator.py
[2023-02-01T11:59:31.556+0000] {processor.py:743} INFO - Processing file /home/airflow/.local/lib/python3.7/site-packages/airflow/example_dags/example_dag_decorator.py for tasks to queue
[2023-02-01T11:59:31.558+0000] {logging_mixin.py:137} INFO - [2023-02-01T11:59:31.558+0000] {dagbag.py:538} INFO - Filling up the DagBag from /home/airflow/.local/lib/python3.7/site-packages/airflow/example_dags/example_dag_decorator.py
[2023-02-01T11:59:31.574+0000] {logging_mixin.py:137} INFO - [2023-02-01T11:59:31.574+0000] {taskmixin.py:205} WARNING - Dependency <Task(_PythonDecoratedOperator): prepare_email>, send_email already registered for DAG: example_dag_decorator
[2023-02-01T11:59:31.575+0000] {logging_mixin.py:137} INFO - [2023-02-01T11:59:31.575+0000] {taskmixin.py:205} WARNING - Dependency <Task(EmailOperator): send_email>, prepare_email already registered for DAG: example_dag_decorator
[2023-02-01T11:59:31.586+0000] {processor.py:753} INFO - DAG(s) dict_keys(['example_dag_decorator']) retrieved from /home/airflow/.local/lib/python3.7/site-packages/airflow/example_dags/example_dag_decorator.py
[2023-02-01T11:59:31.656+0000] {logging_mixin.py:137} INFO - [2023-02-01T11:59:31.655+0000] {dag.py:2690} INFO - Sync 1 DAGs
[2023-02-01T11:59:31.675+0000] {logging_mixin.py:137} INFO - [2023-02-01T11:59:31.675+0000] {dag.py:3441} INFO - Setting next_dagrun for example_dag_decorator to None, run_after=None
[2023-02-01T11:59:31.692+0000] {processor.py:175} INFO - Processing /home/airflow/.local/lib/python3.7/site-packages/airflow/example_dags/example_dag_decorator.py took 0.142 seconds
[2023-02-01T12:00:02.415+0000] {processor.py:153} INFO - Started process (PID=259) to work on /home/airflow/.local/lib/python3.7/site-packages/airflow/example_dags/example_dag_decorator.py
[2023-02-01T12:00:02.417+0000] {processor.py:743} INFO - Processing file /home/airflow/.local/lib/python3.7/site-packages/airflow/example_dags/example_dag_decorator.py for tasks to queue
[2023-02-01T12:00:02.418+0000] {logging_mixin.py:137} INFO - [2023-02-01T12:00:02.418+0000] {dagbag.py:538} INFO - Filling up the DagBag from /home/airflow/.local/lib/python3.7/site-packages/airflow/example_dags/example_dag_decorator.py
[2023-02-01T12:00:02.444+0000] {logging_mixin.py:137} INFO - [2023-02-01T12:00:02.444+0000] {taskmixin.py:205} WARNING - Dependency <Task(_PythonDecoratedOperator): prepare_email>, send_email already registered for DAG: example_dag_decorator
[2023-02-01T12:00:02.444+0000] {logging_mixin.py:137} INFO - [2023-02-01T12:00:02.444+0000] {taskmixin.py:205} WARNING - Dependency <Task(EmailOperator): send_email>, prepare_email already registered for DAG: example_dag_decorator
[2023-02-01T12:00:02.457+0000] {processor.py:753} INFO - DAG(s) dict_keys(['example_dag_decorator']) retrieved from /home/airflow/.local/lib/python3.7/site-packages/airflow/example_dags/example_dag_decorator.py
[2023-02-01T12:00:02.533+0000] {logging_mixin.py:137} INFO - [2023-02-01T12:00:02.533+0000] {dag.py:2690} INFO - Sync 1 DAGs
[2023-02-01T12:00:02.554+0000] {logging_mixin.py:137} INFO - [2023-02-01T12:00:02.554+0000] {dag.py:3441} INFO - Setting next_dagrun for example_dag_decorator to None, run_after=None
[2023-02-01T12:00:02.573+0000] {processor.py:175} INFO - Processing /home/airflow/.local/lib/python3.7/site-packages/airflow/example_dags/example_dag_decorator.py took 0.162 seconds
[2023-02-01T12:00:33.016+0000] {processor.py:153} INFO - Started process (PID=333) to work on /home/airflow/.local/lib/python3.7/site-packages/airflow/example_dags/example_dag_decorator.py
[2023-02-01T12:00:33.017+0000] {processor.py:743} INFO - Processing file /home/airflow/.local/lib/python3.7/site-packages/airflow/example_dags/example_dag_decorator.py for tasks to queue
[2023-02-01T12:00:33.018+0000] {logging_mixin.py:137} INFO - [2023-02-01T12:00:33.018+0000] {dagbag.py:538} INFO - Filling up the DagBag from /home/airflow/.local/lib/python3.7/site-packages/airflow/example_dags/example_dag_decorator.py
[2023-02-01T12:00:33.037+0000] {logging_mixin.py:137} INFO - [2023-02-01T12:00:33.037+0000] {taskmixin.py:205} WARNING - Dependency <Task(_PythonDecoratedOperator): prepare_email>, send_email already registered for DAG: example_dag_decorator
[2023-02-01T12:00:33.038+0000] {logging_mixin.py:137} INFO - [2023-02-01T12:00:33.038+0000] {taskmixin.py:205} WARNING - Dependency <Task(EmailOperator): send_email>, prepare_email already registered for DAG: example_dag_decorator
[2023-02-01T12:00:33.049+0000] {processor.py:753} INFO - DAG(s) dict_keys(['example_dag_decorator']) retrieved from /home/airflow/.local/lib/python3.7/site-packages/airflow/example_dags/example_dag_decorator.py
[2023-02-01T12:00:33.113+0000] {logging_mixin.py:137} INFO - [2023-02-01T12:00:33.113+0000] {dag.py:2690} INFO - Sync 1 DAGs
[2023-02-01T12:00:33.134+0000] {logging_mixin.py:137} INFO - [2023-02-01T12:00:33.134+0000] {dag.py:3441} INFO - Setting next_dagrun for example_dag_decorator to None, run_after=None
[2023-02-01T12:00:33.160+0000] {processor.py:175} INFO - Processing /home/airflow/.local/lib/python3.7/site-packages/airflow/example_dags/example_dag_decorator.py took 0.149 seconds
[2023-02-01T12:01:03.841+0000] {processor.py:153} INFO - Started process (PID=402) to work on /home/airflow/.local/lib/python3.7/site-packages/airflow/example_dags/example_dag_decorator.py
[2023-02-01T12:01:03.842+0000] {processor.py:743} INFO - Processing file /home/airflow/.local/lib/python3.7/site-packages/airflow/example_dags/example_dag_decorator.py for tasks to queue
[2023-02-01T12:01:03.843+0000] {logging_mixin.py:137} INFO - [2023-02-01T12:01:03.843+0000] {dagbag.py:538} INFO - Filling up the DagBag from /home/airflow/.local/lib/python3.7/site-packages/airflow/example_dags/example_dag_decorator.py
[2023-02-01T12:01:03.866+0000] {logging_mixin.py:137} INFO - [2023-02-01T12:01:03.866+0000] {taskmixin.py:205} WARNING - Dependency <Task(_PythonDecoratedOperator): prepare_email>, send_email already registered for DAG: example_dag_decorator
[2023-02-01T12:01:03.866+0000] {logging_mixin.py:137} INFO - [2023-02-01T12:01:03.866+0000] {taskmixin.py:205} WARNING - Dependency <Task(EmailOperator): send_email>, prepare_email already registered for DAG: example_dag_decorator
[2023-02-01T12:01:03.895+0000] {processor.py:753} INFO - DAG(s) dict_keys(['example_dag_decorator']) retrieved from /home/airflow/.local/lib/python3.7/site-packages/airflow/example_dags/example_dag_decorator.py
[2023-02-01T12:01:04.004+0000] {logging_mixin.py:137} INFO - [2023-02-01T12:01:04.003+0000] {dag.py:2690} INFO - Sync 1 DAGs
[2023-02-01T12:01:04.026+0000] {logging_mixin.py:137} INFO - [2023-02-01T12:01:04.026+0000] {dag.py:3441} INFO - Setting next_dagrun for example_dag_decorator to None, run_after=None
[2023-02-01T12:01:04.045+0000] {processor.py:175} INFO - Processing /home/airflow/.local/lib/python3.7/site-packages/airflow/example_dags/example_dag_decorator.py took 0.208 seconds
[2023-02-01T12:01:34.736+0000] {processor.py:153} INFO - Started process (PID=481) to work on /home/airflow/.local/lib/python3.7/site-packages/airflow/example_dags/example_dag_decorator.py
[2023-02-01T12:01:34.737+0000] {processor.py:743} INFO - Processing file /home/airflow/.local/lib/python3.7/site-packages/airflow/example_dags/example_dag_decorator.py for tasks to queue
[2023-02-01T12:01:34.737+0000] {logging_mixin.py:137} INFO - [2023-02-01T12:01:34.737+0000] {dagbag.py:538} INFO - Filling up the DagBag from /home/airflow/.local/lib/python3.7/site-packages/airflow/example_dags/example_dag_decorator.py
[2023-02-01T12:01:34.755+0000] {logging_mixin.py:137} INFO - [2023-02-01T12:01:34.755+0000] {taskmixin.py:205} WARNING - Dependency <Task(_PythonDecoratedOperator): prepare_email>, send_email already registered for DAG: example_dag_decorator
[2023-02-01T12:01:34.755+0000] {logging_mixin.py:137} INFO - [2023-02-01T12:01:34.755+0000] {taskmixin.py:205} WARNING - Dependency <Task(EmailOperator): send_email>, prepare_email already registered for DAG: example_dag_decorator
[2023-02-01T12:01:34.772+0000] {processor.py:753} INFO - DAG(s) dict_keys(['example_dag_decorator']) retrieved from /home/airflow/.local/lib/python3.7/site-packages/airflow/example_dags/example_dag_decorator.py
[2023-02-01T12:01:34.893+0000] {logging_mixin.py:137} INFO - [2023-02-01T12:01:34.893+0000] {dag.py:2690} INFO - Sync 1 DAGs
[2023-02-01T12:01:34.917+0000] {logging_mixin.py:137} INFO - [2023-02-01T12:01:34.917+0000] {dag.py:3441} INFO - Setting next_dagrun for example_dag_decorator to None, run_after=None
[2023-02-01T12:01:34.937+0000] {processor.py:175} INFO - Processing /home/airflow/.local/lib/python3.7/site-packages/airflow/example_dags/example_dag_decorator.py took 0.205 seconds
[2023-02-01T12:02:05.666+0000] {processor.py:153} INFO - Started process (PID=546) to work on /home/airflow/.local/lib/python3.7/site-packages/airflow/example_dags/example_dag_decorator.py
[2023-02-01T12:02:05.667+0000] {processor.py:743} INFO - Processing file /home/airflow/.local/lib/python3.7/site-packages/airflow/example_dags/example_dag_decorator.py for tasks to queue
[2023-02-01T12:02:05.668+0000] {logging_mixin.py:137} INFO - [2023-02-01T12:02:05.668+0000] {dagbag.py:538} INFO - Filling up the DagBag from /home/airflow/.local/lib/python3.7/site-packages/airflow/example_dags/example_dag_decorator.py
[2023-02-01T12:02:05.684+0000] {logging_mixin.py:137} INFO - [2023-02-01T12:02:05.684+0000] {taskmixin.py:205} WARNING - Dependency <Task(_PythonDecoratedOperator): prepare_email>, send_email already registered for DAG: example_dag_decorator
[2023-02-01T12:02:05.684+0000] {logging_mixin.py:137} INFO - [2023-02-01T12:02:05.684+0000] {taskmixin.py:205} WARNING - Dependency <Task(EmailOperator): send_email>, prepare_email already registered for DAG: example_dag_decorator
[2023-02-01T12:02:05.701+0000] {processor.py:753} INFO - DAG(s) dict_keys(['example_dag_decorator']) retrieved from /home/airflow/.local/lib/python3.7/site-packages/airflow/example_dags/example_dag_decorator.py
[2023-02-01T12:02:05.785+0000] {logging_mixin.py:137} INFO - [2023-02-01T12:02:05.785+0000] {dag.py:2690} INFO - Sync 1 DAGs
[2023-02-01T12:02:05.816+0000] {logging_mixin.py:137} INFO - [2023-02-01T12:02:05.815+0000] {dag.py:3441} INFO - Setting next_dagrun for example_dag_decorator to None, run_after=None
[2023-02-01T12:02:05.851+0000] {processor.py:175} INFO - Processing /home/airflow/.local/lib/python3.7/site-packages/airflow/example_dags/example_dag_decorator.py took 0.188 seconds
[2023-02-01T12:02:36.226+0000] {processor.py:153} INFO - Started process (PID=623) to work on /home/airflow/.local/lib/python3.7/site-packages/airflow/example_dags/example_dag_decorator.py
[2023-02-01T12:02:36.227+0000] {processor.py:743} INFO - Processing file /home/airflow/.local/lib/python3.7/site-packages/airflow/example_dags/example_dag_decorator.py for tasks to queue
[2023-02-01T12:02:36.228+0000] {logging_mixin.py:137} INFO - [2023-02-01T12:02:36.228+0000] {dagbag.py:538} INFO - Filling up the DagBag from /home/airflow/.local/lib/python3.7/site-packages/airflow/example_dags/example_dag_decorator.py
[2023-02-01T12:02:36.245+0000] {logging_mixin.py:137} INFO - [2023-02-01T12:02:36.245+0000] {taskmixin.py:205} WARNING - Dependency <Task(_PythonDecoratedOperator): prepare_email>, send_email already registered for DAG: example_dag_decorator
[2023-02-01T12:02:36.246+0000] {logging_mixin.py:137} INFO - [2023-02-01T12:02:36.246+0000] {taskmixin.py:205} WARNING - Dependency <Task(EmailOperator): send_email>, prepare_email already registered for DAG: example_dag_decorator
[2023-02-01T12:02:36.259+0000] {processor.py:753} INFO - DAG(s) dict_keys(['example_dag_decorator']) retrieved from /home/airflow/.local/lib/python3.7/site-packages/airflow/example_dags/example_dag_decorator.py
[2023-02-01T12:02:36.319+0000] {logging_mixin.py:137} INFO - [2023-02-01T12:02:36.318+0000] {dag.py:2690} INFO - Sync 1 DAGs
[2023-02-01T12:02:36.342+0000] {logging_mixin.py:137} INFO - [2023-02-01T12:02:36.342+0000] {dag.py:3441} INFO - Setting next_dagrun for example_dag_decorator to None, run_after=None
[2023-02-01T12:02:36.359+0000] {processor.py:175} INFO - Processing /home/airflow/.local/lib/python3.7/site-packages/airflow/example_dags/example_dag_decorator.py took 0.136 seconds
[2023-02-01T12:03:06.554+0000] {processor.py:153} INFO - Started process (PID=688) to work on /home/airflow/.local/lib/python3.7/site-packages/airflow/example_dags/example_dag_decorator.py
[2023-02-01T12:03:06.555+0000] {processor.py:743} INFO - Processing file /home/airflow/.local/lib/python3.7/site-packages/airflow/example_dags/example_dag_decorator.py for tasks to queue
[2023-02-01T12:03:06.557+0000] {logging_mixin.py:137} INFO - [2023-02-01T12:03:06.556+0000] {dagbag.py:538} INFO - Filling up the DagBag from /home/airflow/.local/lib/python3.7/site-packages/airflow/example_dags/example_dag_decorator.py
[2023-02-01T12:03:06.577+0000] {logging_mixin.py:137} INFO - [2023-02-01T12:03:06.577+0000] {taskmixin.py:205} WARNING - Dependency <Task(_PythonDecoratedOperator): prepare_email>, send_email already registered for DAG: example_dag_decorator
[2023-02-01T12:03:06.578+0000] {logging_mixin.py:137} INFO - [2023-02-01T12:03:06.578+0000] {taskmixin.py:205} WARNING - Dependency <Task(EmailOperator): send_email>, prepare_email already registered for DAG: example_dag_decorator
[2023-02-01T12:03:06.590+0000] {processor.py:753} INFO - DAG(s) dict_keys(['example_dag_decorator']) retrieved from /home/airflow/.local/lib/python3.7/site-packages/airflow/example_dags/example_dag_decorator.py
[2023-02-01T12:03:06.659+0000] {logging_mixin.py:137} INFO - [2023-02-01T12:03:06.659+0000] {dag.py:2690} INFO - Sync 1 DAGs
[2023-02-01T12:03:06.680+0000] {logging_mixin.py:137} INFO - [2023-02-01T12:03:06.680+0000] {dag.py:3441} INFO - Setting next_dagrun for example_dag_decorator to None, run_after=None
[2023-02-01T12:03:06.700+0000] {processor.py:175} INFO - Processing /home/airflow/.local/lib/python3.7/site-packages/airflow/example_dags/example_dag_decorator.py took 0.151 seconds
[2023-02-01T12:03:36.894+0000] {processor.py:153} INFO - Started process (PID=767) to work on /home/airflow/.local/lib/python3.7/site-packages/airflow/example_dags/example_dag_decorator.py
[2023-02-01T12:03:36.895+0000] {processor.py:743} INFO - Processing file /home/airflow/.local/lib/python3.7/site-packages/airflow/example_dags/example_dag_decorator.py for tasks to queue
[2023-02-01T12:03:36.896+0000] {logging_mixin.py:137} INFO - [2023-02-01T12:03:36.896+0000] {dagbag.py:538} INFO - Filling up the DagBag from /home/airflow/.local/lib/python3.7/site-packages/airflow/example_dags/example_dag_decorator.py
[2023-02-01T12:03:36.914+0000] {logging_mixin.py:137} INFO - [2023-02-01T12:03:36.914+0000] {taskmixin.py:205} WARNING - Dependency <Task(_PythonDecoratedOperator): prepare_email>, send_email already registered for DAG: example_dag_decorator
[2023-02-01T12:03:36.914+0000] {logging_mixin.py:137} INFO - [2023-02-01T12:03:36.914+0000] {taskmixin.py:205} WARNING - Dependency <Task(EmailOperator): send_email>, prepare_email already registered for DAG: example_dag_decorator
[2023-02-01T12:03:36.933+0000] {processor.py:753} INFO - DAG(s) dict_keys(['example_dag_decorator']) retrieved from /home/airflow/.local/lib/python3.7/site-packages/airflow/example_dags/example_dag_decorator.py
[2023-02-01T12:03:37.016+0000] {logging_mixin.py:137} INFO - [2023-02-01T12:03:37.016+0000] {dag.py:2690} INFO - Sync 1 DAGs
[2023-02-01T12:03:37.056+0000] {logging_mixin.py:137} INFO - [2023-02-01T12:03:37.056+0000] {dag.py:3441} INFO - Setting next_dagrun for example_dag_decorator to None, run_after=None
[2023-02-01T12:03:37.081+0000] {processor.py:175} INFO - Processing /home/airflow/.local/lib/python3.7/site-packages/airflow/example_dags/example_dag_decorator.py took 0.192 seconds
[2023-02-01T12:04:07.123+0000] {processor.py:153} INFO - Started process (PID=831) to work on /home/airflow/.local/lib/python3.7/site-packages/airflow/example_dags/example_dag_decorator.py
[2023-02-01T12:04:07.125+0000] {processor.py:743} INFO - Processing file /home/airflow/.local/lib/python3.7/site-packages/airflow/example_dags/example_dag_decorator.py for tasks to queue
[2023-02-01T12:04:07.127+0000] {logging_mixin.py:137} INFO - [2023-02-01T12:04:07.126+0000] {dagbag.py:538} INFO - Filling up the DagBag from /home/airflow/.local/lib/python3.7/site-packages/airflow/example_dags/example_dag_decorator.py
[2023-02-01T12:04:07.151+0000] {logging_mixin.py:137} INFO - [2023-02-01T12:04:07.151+0000] {taskmixin.py:205} WARNING - Dependency <Task(_PythonDecoratedOperator): prepare_email>, send_email already registered for DAG: example_dag_decorator
[2023-02-01T12:04:07.152+0000] {logging_mixin.py:137} INFO - [2023-02-01T12:04:07.152+0000] {taskmixin.py:205} WARNING - Dependency <Task(EmailOperator): send_email>, prepare_email already registered for DAG: example_dag_decorator
[2023-02-01T12:04:07.166+0000] {processor.py:753} INFO - DAG(s) dict_keys(['example_dag_decorator']) retrieved from /home/airflow/.local/lib/python3.7/site-packages/airflow/example_dags/example_dag_decorator.py
[2023-02-01T12:04:07.241+0000] {logging_mixin.py:137} INFO - [2023-02-01T12:04:07.241+0000] {dag.py:2690} INFO - Sync 1 DAGs
[2023-02-01T12:04:07.265+0000] {logging_mixin.py:137} INFO - [2023-02-01T12:04:07.265+0000] {dag.py:3441} INFO - Setting next_dagrun for example_dag_decorator to None, run_after=None
[2023-02-01T12:04:07.285+0000] {processor.py:175} INFO - Processing /home/airflow/.local/lib/python3.7/site-packages/airflow/example_dags/example_dag_decorator.py took 0.166 seconds
[2023-02-01T12:04:38.037+0000] {processor.py:153} INFO - Started process (PID=909) to work on /home/airflow/.local/lib/python3.7/site-packages/airflow/example_dags/example_dag_decorator.py
[2023-02-01T12:04:38.038+0000] {processor.py:743} INFO - Processing file /home/airflow/.local/lib/python3.7/site-packages/airflow/example_dags/example_dag_decorator.py for tasks to queue
[2023-02-01T12:04:38.039+0000] {logging_mixin.py:137} INFO - [2023-02-01T12:04:38.039+0000] {dagbag.py:538} INFO - Filling up the DagBag from /home/airflow/.local/lib/python3.7/site-packages/airflow/example_dags/example_dag_decorator.py
[2023-02-01T12:04:38.056+0000] {logging_mixin.py:137} INFO - [2023-02-01T12:04:38.056+0000] {taskmixin.py:205} WARNING - Dependency <Task(_PythonDecoratedOperator): prepare_email>, send_email already registered for DAG: example_dag_decorator
[2023-02-01T12:04:38.056+0000] {logging_mixin.py:137} INFO - [2023-02-01T12:04:38.056+0000] {taskmixin.py:205} WARNING - Dependency <Task(EmailOperator): send_email>, prepare_email already registered for DAG: example_dag_decorator
[2023-02-01T12:04:38.069+0000] {processor.py:753} INFO - DAG(s) dict_keys(['example_dag_decorator']) retrieved from /home/airflow/.local/lib/python3.7/site-packages/airflow/example_dags/example_dag_decorator.py
[2023-02-01T12:04:38.134+0000] {logging_mixin.py:137} INFO - [2023-02-01T12:04:38.134+0000] {dag.py:2690} INFO - Sync 1 DAGs
[2023-02-01T12:04:38.159+0000] {logging_mixin.py:137} INFO - [2023-02-01T12:04:38.159+0000] {dag.py:3441} INFO - Setting next_dagrun for example_dag_decorator to None, run_after=None
[2023-02-01T12:04:38.175+0000] {processor.py:175} INFO - Processing /home/airflow/.local/lib/python3.7/site-packages/airflow/example_dags/example_dag_decorator.py took 0.142 seconds
[2023-02-01T12:05:08.792+0000] {processor.py:153} INFO - Started process (PID=974) to work on /home/airflow/.local/lib/python3.7/site-packages/airflow/example_dags/example_dag_decorator.py
[2023-02-01T12:05:08.793+0000] {processor.py:743} INFO - Processing file /home/airflow/.local/lib/python3.7/site-packages/airflow/example_dags/example_dag_decorator.py for tasks to queue
[2023-02-01T12:05:08.795+0000] {logging_mixin.py:137} INFO - [2023-02-01T12:05:08.795+0000] {dagbag.py:538} INFO - Filling up the DagBag from /home/airflow/.local/lib/python3.7/site-packages/airflow/example_dags/example_dag_decorator.py
[2023-02-01T12:05:08.827+0000] {logging_mixin.py:137} INFO - [2023-02-01T12:05:08.826+0000] {taskmixin.py:205} WARNING - Dependency <Task(_PythonDecoratedOperator): prepare_email>, send_email already registered for DAG: example_dag_decorator
[2023-02-01T12:05:08.829+0000] {logging_mixin.py:137} INFO - [2023-02-01T12:05:08.829+0000] {taskmixin.py:205} WARNING - Dependency <Task(EmailOperator): send_email>, prepare_email already registered for DAG: example_dag_decorator
[2023-02-01T12:05:08.883+0000] {processor.py:753} INFO - DAG(s) dict_keys(['example_dag_decorator']) retrieved from /home/airflow/.local/lib/python3.7/site-packages/airflow/example_dags/example_dag_decorator.py
[2023-02-01T12:05:08.961+0000] {logging_mixin.py:137} INFO - [2023-02-01T12:05:08.961+0000] {dag.py:2690} INFO - Sync 1 DAGs
[2023-02-01T12:05:08.982+0000] {logging_mixin.py:137} INFO - [2023-02-01T12:05:08.982+0000] {dag.py:3441} INFO - Setting next_dagrun for example_dag_decorator to None, run_after=None
[2023-02-01T12:05:09.002+0000] {processor.py:175} INFO - Processing /home/airflow/.local/lib/python3.7/site-packages/airflow/example_dags/example_dag_decorator.py took 0.213 seconds
[2023-02-01T12:05:39.564+0000] {processor.py:153} INFO - Started process (PID=1053) to work on /home/airflow/.local/lib/python3.7/site-packages/airflow/example_dags/example_dag_decorator.py
[2023-02-01T12:05:39.565+0000] {processor.py:743} INFO - Processing file /home/airflow/.local/lib/python3.7/site-packages/airflow/example_dags/example_dag_decorator.py for tasks to queue
[2023-02-01T12:05:39.566+0000] {logging_mixin.py:137} INFO - [2023-02-01T12:05:39.566+0000] {dagbag.py:538} INFO - Filling up the DagBag from /home/airflow/.local/lib/python3.7/site-packages/airflow/example_dags/example_dag_decorator.py
[2023-02-01T12:05:39.589+0000] {logging_mixin.py:137} INFO - [2023-02-01T12:05:39.589+0000] {taskmixin.py:205} WARNING - Dependency <Task(_PythonDecoratedOperator): prepare_email>, send_email already registered for DAG: example_dag_decorator
[2023-02-01T12:05:39.589+0000] {logging_mixin.py:137} INFO - [2023-02-01T12:05:39.589+0000] {taskmixin.py:205} WARNING - Dependency <Task(EmailOperator): send_email>, prepare_email already registered for DAG: example_dag_decorator
[2023-02-01T12:05:39.604+0000] {processor.py:753} INFO - DAG(s) dict_keys(['example_dag_decorator']) retrieved from /home/airflow/.local/lib/python3.7/site-packages/airflow/example_dags/example_dag_decorator.py
[2023-02-01T12:05:39.675+0000] {logging_mixin.py:137} INFO - [2023-02-01T12:05:39.675+0000] {dag.py:2690} INFO - Sync 1 DAGs
[2023-02-01T12:05:39.700+0000] {logging_mixin.py:137} INFO - [2023-02-01T12:05:39.699+0000] {dag.py:3441} INFO - Setting next_dagrun for example_dag_decorator to None, run_after=None
[2023-02-01T12:05:39.718+0000] {processor.py:175} INFO - Processing /home/airflow/.local/lib/python3.7/site-packages/airflow/example_dags/example_dag_decorator.py took 0.158 seconds
[2023-02-01T12:06:10.088+0000] {processor.py:153} INFO - Started process (PID=1131) to work on /home/airflow/.local/lib/python3.7/site-packages/airflow/example_dags/example_dag_decorator.py
[2023-02-01T12:06:10.089+0000] {processor.py:743} INFO - Processing file /home/airflow/.local/lib/python3.7/site-packages/airflow/example_dags/example_dag_decorator.py for tasks to queue
[2023-02-01T12:06:10.090+0000] {logging_mixin.py:137} INFO - [2023-02-01T12:06:10.090+0000] {dagbag.py:538} INFO - Filling up the DagBag from /home/airflow/.local/lib/python3.7/site-packages/airflow/example_dags/example_dag_decorator.py
[2023-02-01T12:06:10.108+0000] {logging_mixin.py:137} INFO - [2023-02-01T12:06:10.107+0000] {taskmixin.py:205} WARNING - Dependency <Task(_PythonDecoratedOperator): prepare_email>, send_email already registered for DAG: example_dag_decorator
[2023-02-01T12:06:10.108+0000] {logging_mixin.py:137} INFO - [2023-02-01T12:06:10.108+0000] {taskmixin.py:205} WARNING - Dependency <Task(EmailOperator): send_email>, prepare_email already registered for DAG: example_dag_decorator
[2023-02-01T12:06:10.126+0000] {processor.py:753} INFO - DAG(s) dict_keys(['example_dag_decorator']) retrieved from /home/airflow/.local/lib/python3.7/site-packages/airflow/example_dags/example_dag_decorator.py
[2023-02-01T12:06:10.193+0000] {logging_mixin.py:137} INFO - [2023-02-01T12:06:10.193+0000] {dag.py:2690} INFO - Sync 1 DAGs
[2023-02-01T12:06:10.224+0000] {logging_mixin.py:137} INFO - [2023-02-01T12:06:10.224+0000] {dag.py:3441} INFO - Setting next_dagrun for example_dag_decorator to None, run_after=None
[2023-02-01T12:06:10.241+0000] {processor.py:175} INFO - Processing /home/airflow/.local/lib/python3.7/site-packages/airflow/example_dags/example_dag_decorator.py took 0.157 seconds
[2023-02-01T12:06:40.620+0000] {processor.py:153} INFO - Started process (PID=1196) to work on /home/airflow/.local/lib/python3.7/site-packages/airflow/example_dags/example_dag_decorator.py
[2023-02-01T12:06:40.622+0000] {processor.py:743} INFO - Processing file /home/airflow/.local/lib/python3.7/site-packages/airflow/example_dags/example_dag_decorator.py for tasks to queue
[2023-02-01T12:06:40.623+0000] {logging_mixin.py:137} INFO - [2023-02-01T12:06:40.623+0000] {dagbag.py:538} INFO - Filling up the DagBag from /home/airflow/.local/lib/python3.7/site-packages/airflow/example_dags/example_dag_decorator.py
[2023-02-01T12:06:40.644+0000] {logging_mixin.py:137} INFO - [2023-02-01T12:06:40.644+0000] {taskmixin.py:205} WARNING - Dependency <Task(_PythonDecoratedOperator): prepare_email>, send_email already registered for DAG: example_dag_decorator
[2023-02-01T12:06:40.644+0000] {logging_mixin.py:137} INFO - [2023-02-01T12:06:40.644+0000] {taskmixin.py:205} WARNING - Dependency <Task(EmailOperator): send_email>, prepare_email already registered for DAG: example_dag_decorator
[2023-02-01T12:06:40.658+0000] {processor.py:753} INFO - DAG(s) dict_keys(['example_dag_decorator']) retrieved from /home/airflow/.local/lib/python3.7/site-packages/airflow/example_dags/example_dag_decorator.py
[2023-02-01T12:06:40.736+0000] {logging_mixin.py:137} INFO - [2023-02-01T12:06:40.736+0000] {dag.py:2690} INFO - Sync 1 DAGs
[2023-02-01T12:06:40.757+0000] {logging_mixin.py:137} INFO - [2023-02-01T12:06:40.757+0000] {dag.py:3441} INFO - Setting next_dagrun for example_dag_decorator to None, run_after=None
[2023-02-01T12:06:40.774+0000] {processor.py:175} INFO - Processing /home/airflow/.local/lib/python3.7/site-packages/airflow/example_dags/example_dag_decorator.py took 0.157 seconds
[2023-02-01T12:07:11.773+0000] {processor.py:153} INFO - Started process (PID=1273) to work on /home/airflow/.local/lib/python3.7/site-packages/airflow/example_dags/example_dag_decorator.py
[2023-02-01T12:07:11.774+0000] {processor.py:743} INFO - Processing file /home/airflow/.local/lib/python3.7/site-packages/airflow/example_dags/example_dag_decorator.py for tasks to queue
[2023-02-01T12:07:11.776+0000] {logging_mixin.py:137} INFO - [2023-02-01T12:07:11.775+0000] {dagbag.py:538} INFO - Filling up the DagBag from /home/airflow/.local/lib/python3.7/site-packages/airflow/example_dags/example_dag_decorator.py
[2023-02-01T12:07:11.791+0000] {logging_mixin.py:137} INFO - [2023-02-01T12:07:11.790+0000] {taskmixin.py:205} WARNING - Dependency <Task(_PythonDecoratedOperator): prepare_email>, send_email already registered for DAG: example_dag_decorator
[2023-02-01T12:07:11.791+0000] {logging_mixin.py:137} INFO - [2023-02-01T12:07:11.791+0000] {taskmixin.py:205} WARNING - Dependency <Task(EmailOperator): send_email>, prepare_email already registered for DAG: example_dag_decorator
[2023-02-01T12:07:11.802+0000] {processor.py:753} INFO - DAG(s) dict_keys(['example_dag_decorator']) retrieved from /home/airflow/.local/lib/python3.7/site-packages/airflow/example_dags/example_dag_decorator.py
[2023-02-01T12:07:11.858+0000] {logging_mixin.py:137} INFO - [2023-02-01T12:07:11.858+0000] {dag.py:2690} INFO - Sync 1 DAGs
[2023-02-01T12:07:11.878+0000] {logging_mixin.py:137} INFO - [2023-02-01T12:07:11.878+0000] {dag.py:3441} INFO - Setting next_dagrun for example_dag_decorator to None, run_after=None
[2023-02-01T12:07:11.894+0000] {processor.py:175} INFO - Processing /home/airflow/.local/lib/python3.7/site-packages/airflow/example_dags/example_dag_decorator.py took 0.124 seconds
[2023-02-01T12:07:42.687+0000] {processor.py:153} INFO - Started process (PID=1348) to work on /home/airflow/.local/lib/python3.7/site-packages/airflow/example_dags/example_dag_decorator.py
[2023-02-01T12:07:42.688+0000] {processor.py:743} INFO - Processing file /home/airflow/.local/lib/python3.7/site-packages/airflow/example_dags/example_dag_decorator.py for tasks to queue
[2023-02-01T12:07:42.689+0000] {logging_mixin.py:137} INFO - [2023-02-01T12:07:42.689+0000] {dagbag.py:538} INFO - Filling up the DagBag from /home/airflow/.local/lib/python3.7/site-packages/airflow/example_dags/example_dag_decorator.py
[2023-02-01T12:07:42.710+0000] {logging_mixin.py:137} INFO - [2023-02-01T12:07:42.710+0000] {taskmixin.py:205} WARNING - Dependency <Task(_PythonDecoratedOperator): prepare_email>, send_email already registered for DAG: example_dag_decorator
[2023-02-01T12:07:42.710+0000] {logging_mixin.py:137} INFO - [2023-02-01T12:07:42.710+0000] {taskmixin.py:205} WARNING - Dependency <Task(EmailOperator): send_email>, prepare_email already registered for DAG: example_dag_decorator
[2023-02-01T12:07:42.722+0000] {processor.py:753} INFO - DAG(s) dict_keys(['example_dag_decorator']) retrieved from /home/airflow/.local/lib/python3.7/site-packages/airflow/example_dags/example_dag_decorator.py
[2023-02-01T12:07:42.789+0000] {logging_mixin.py:137} INFO - [2023-02-01T12:07:42.789+0000] {dag.py:2690} INFO - Sync 1 DAGs
[2023-02-01T12:07:42.831+0000] {logging_mixin.py:137} INFO - [2023-02-01T12:07:42.831+0000] {dag.py:3441} INFO - Setting next_dagrun for example_dag_decorator to None, run_after=None
[2023-02-01T12:07:42.875+0000] {processor.py:175} INFO - Processing /home/airflow/.local/lib/python3.7/site-packages/airflow/example_dags/example_dag_decorator.py took 0.192 seconds
