[2023-02-01T11:58:30.072+0000] {processor.py:153} INFO - Started process (PID=37) to work on /home/airflow/.local/lib/python3.7/site-packages/airflow/example_dags/example_skip_dag.py
[2023-02-01T11:58:30.073+0000] {processor.py:743} INFO - Processing file /home/airflow/.local/lib/python3.7/site-packages/airflow/example_dags/example_skip_dag.py for tasks to queue
[2023-02-01T11:58:30.074+0000] {logging_mixin.py:137} INFO - [2023-02-01T11:58:30.074+0000] {dagbag.py:538} INFO - Filling up the DagBag from /home/airflow/.local/lib/python3.7/site-packages/airflow/example_dags/example_skip_dag.py
[2023-02-01T11:58:30.089+0000] {processor.py:753} INFO - DAG(s) dict_keys(['example_skip_dag']) retrieved from /home/airflow/.local/lib/python3.7/site-packages/airflow/example_dags/example_skip_dag.py
[2023-02-01T11:58:30.104+0000] {logging_mixin.py:137} INFO - [2023-02-01T11:58:30.104+0000] {dag.py:2690} INFO - Sync 1 DAGs
[2023-02-01T11:58:30.133+0000] {logging_mixin.py:137} INFO - [2023-02-01T11:58:30.132+0000] {dag.py:3441} INFO - Setting next_dagrun for example_skip_dag to 2023-01-31T11:58:30.132743+00:00, run_after=2023-02-01T11:58:30.132743+00:00
[2023-02-01T11:58:30.153+0000] {processor.py:175} INFO - Processing /home/airflow/.local/lib/python3.7/site-packages/airflow/example_dags/example_skip_dag.py took 0.087 seconds
[2023-02-01T11:59:00.697+0000] {processor.py:153} INFO - Started process (PID=113) to work on /home/airflow/.local/lib/python3.7/site-packages/airflow/example_dags/example_skip_dag.py
[2023-02-01T11:59:00.698+0000] {processor.py:743} INFO - Processing file /home/airflow/.local/lib/python3.7/site-packages/airflow/example_dags/example_skip_dag.py for tasks to queue
[2023-02-01T11:59:00.699+0000] {logging_mixin.py:137} INFO - [2023-02-01T11:59:00.699+0000] {dagbag.py:538} INFO - Filling up the DagBag from /home/airflow/.local/lib/python3.7/site-packages/airflow/example_dags/example_skip_dag.py
[2023-02-01T11:59:00.715+0000] {processor.py:753} INFO - DAG(s) dict_keys(['example_skip_dag']) retrieved from /home/airflow/.local/lib/python3.7/site-packages/airflow/example_dags/example_skip_dag.py
[2023-02-01T11:59:00.745+0000] {logging_mixin.py:137} INFO - [2023-02-01T11:59:00.745+0000] {dag.py:2690} INFO - Sync 1 DAGs
[2023-02-01T11:59:00.768+0000] {logging_mixin.py:137} INFO - [2023-02-01T11:59:00.768+0000] {dag.py:3441} INFO - Setting next_dagrun for example_skip_dag to 2023-01-31T11:59:00.768103+00:00, run_after=2023-02-01T11:59:00.768103+00:00
[2023-02-01T11:59:00.784+0000] {processor.py:175} INFO - Processing /home/airflow/.local/lib/python3.7/site-packages/airflow/example_dags/example_skip_dag.py took 0.090 seconds
[2023-02-01T11:59:31.519+0000] {processor.py:153} INFO - Started process (PID=179) to work on /home/airflow/.local/lib/python3.7/site-packages/airflow/example_dags/example_skip_dag.py
[2023-02-01T11:59:31.520+0000] {processor.py:743} INFO - Processing file /home/airflow/.local/lib/python3.7/site-packages/airflow/example_dags/example_skip_dag.py for tasks to queue
[2023-02-01T11:59:31.521+0000] {logging_mixin.py:137} INFO - [2023-02-01T11:59:31.521+0000] {dagbag.py:538} INFO - Filling up the DagBag from /home/airflow/.local/lib/python3.7/site-packages/airflow/example_dags/example_skip_dag.py
[2023-02-01T11:59:31.536+0000] {processor.py:753} INFO - DAG(s) dict_keys(['example_skip_dag']) retrieved from /home/airflow/.local/lib/python3.7/site-packages/airflow/example_dags/example_skip_dag.py
[2023-02-01T11:59:31.567+0000] {logging_mixin.py:137} INFO - [2023-02-01T11:59:31.567+0000] {dag.py:2690} INFO - Sync 1 DAGs
[2023-02-01T11:59:31.593+0000] {logging_mixin.py:137} INFO - [2023-02-01T11:59:31.593+0000] {dag.py:3441} INFO - Setting next_dagrun for example_skip_dag to 2023-01-31T11:59:31.592904+00:00, run_after=2023-02-01T11:59:31.592904+00:00
[2023-02-01T11:59:31.610+0000] {processor.py:175} INFO - Processing /home/airflow/.local/lib/python3.7/site-packages/airflow/example_dags/example_skip_dag.py took 0.095 seconds
[2023-02-01T12:00:02.387+0000] {processor.py:153} INFO - Started process (PID=258) to work on /home/airflow/.local/lib/python3.7/site-packages/airflow/example_dags/example_skip_dag.py
[2023-02-01T12:00:02.390+0000] {processor.py:743} INFO - Processing file /home/airflow/.local/lib/python3.7/site-packages/airflow/example_dags/example_skip_dag.py for tasks to queue
[2023-02-01T12:00:02.391+0000] {logging_mixin.py:137} INFO - [2023-02-01T12:00:02.391+0000] {dagbag.py:538} INFO - Filling up the DagBag from /home/airflow/.local/lib/python3.7/site-packages/airflow/example_dags/example_skip_dag.py
[2023-02-01T12:00:02.408+0000] {processor.py:753} INFO - DAG(s) dict_keys(['example_skip_dag']) retrieved from /home/airflow/.local/lib/python3.7/site-packages/airflow/example_dags/example_skip_dag.py
[2023-02-01T12:00:02.441+0000] {logging_mixin.py:137} INFO - [2023-02-01T12:00:02.441+0000] {dag.py:2690} INFO - Sync 1 DAGs
[2023-02-01T12:00:02.467+0000] {logging_mixin.py:137} INFO - [2023-02-01T12:00:02.467+0000] {dag.py:3441} INFO - Setting next_dagrun for example_skip_dag to 2023-01-31T12:00:02.466883+00:00, run_after=2023-02-01T12:00:02.466883+00:00
[2023-02-01T12:00:02.484+0000] {processor.py:175} INFO - Processing /home/airflow/.local/lib/python3.7/site-packages/airflow/example_dags/example_skip_dag.py took 0.105 seconds
[2023-02-01T12:00:32.962+0000] {processor.py:153} INFO - Started process (PID=332) to work on /home/airflow/.local/lib/python3.7/site-packages/airflow/example_dags/example_skip_dag.py
[2023-02-01T12:00:32.963+0000] {processor.py:743} INFO - Processing file /home/airflow/.local/lib/python3.7/site-packages/airflow/example_dags/example_skip_dag.py for tasks to queue
[2023-02-01T12:00:32.964+0000] {logging_mixin.py:137} INFO - [2023-02-01T12:00:32.964+0000] {dagbag.py:538} INFO - Filling up the DagBag from /home/airflow/.local/lib/python3.7/site-packages/airflow/example_dags/example_skip_dag.py
[2023-02-01T12:00:32.983+0000] {processor.py:753} INFO - DAG(s) dict_keys(['example_skip_dag']) retrieved from /home/airflow/.local/lib/python3.7/site-packages/airflow/example_dags/example_skip_dag.py
[2023-02-01T12:00:33.012+0000] {logging_mixin.py:137} INFO - [2023-02-01T12:00:33.012+0000] {dag.py:2690} INFO - Sync 1 DAGs
[2023-02-01T12:00:33.041+0000] {logging_mixin.py:137} INFO - [2023-02-01T12:00:33.041+0000] {dag.py:3441} INFO - Setting next_dagrun for example_skip_dag to 2023-01-31T12:00:33.041217+00:00, run_after=2023-02-01T12:00:33.041217+00:00
[2023-02-01T12:00:33.058+0000] {processor.py:175} INFO - Processing /home/airflow/.local/lib/python3.7/site-packages/airflow/example_dags/example_skip_dag.py took 0.099 seconds
[2023-02-01T12:01:03.795+0000] {processor.py:153} INFO - Started process (PID=401) to work on /home/airflow/.local/lib/python3.7/site-packages/airflow/example_dags/example_skip_dag.py
[2023-02-01T12:01:03.796+0000] {processor.py:743} INFO - Processing file /home/airflow/.local/lib/python3.7/site-packages/airflow/example_dags/example_skip_dag.py for tasks to queue
[2023-02-01T12:01:03.797+0000] {logging_mixin.py:137} INFO - [2023-02-01T12:01:03.797+0000] {dagbag.py:538} INFO - Filling up the DagBag from /home/airflow/.local/lib/python3.7/site-packages/airflow/example_dags/example_skip_dag.py
[2023-02-01T12:01:03.814+0000] {processor.py:753} INFO - DAG(s) dict_keys(['example_skip_dag']) retrieved from /home/airflow/.local/lib/python3.7/site-packages/airflow/example_dags/example_skip_dag.py
[2023-02-01T12:01:03.845+0000] {logging_mixin.py:137} INFO - [2023-02-01T12:01:03.845+0000] {dag.py:2690} INFO - Sync 1 DAGs
[2023-02-01T12:01:03.894+0000] {logging_mixin.py:137} INFO - [2023-02-01T12:01:03.893+0000] {dag.py:3441} INFO - Setting next_dagrun for example_skip_dag to 2023-01-31T12:01:03.893580+00:00, run_after=2023-02-01T12:01:03.893580+00:00
[2023-02-01T12:01:03.938+0000] {processor.py:175} INFO - Processing /home/airflow/.local/lib/python3.7/site-packages/airflow/example_dags/example_skip_dag.py took 0.147 seconds
[2023-02-01T12:01:34.702+0000] {processor.py:153} INFO - Started process (PID=480) to work on /home/airflow/.local/lib/python3.7/site-packages/airflow/example_dags/example_skip_dag.py
[2023-02-01T12:01:34.703+0000] {processor.py:743} INFO - Processing file /home/airflow/.local/lib/python3.7/site-packages/airflow/example_dags/example_skip_dag.py for tasks to queue
[2023-02-01T12:01:34.704+0000] {logging_mixin.py:137} INFO - [2023-02-01T12:01:34.703+0000] {dagbag.py:538} INFO - Filling up the DagBag from /home/airflow/.local/lib/python3.7/site-packages/airflow/example_dags/example_skip_dag.py
[2023-02-01T12:01:34.720+0000] {processor.py:753} INFO - DAG(s) dict_keys(['example_skip_dag']) retrieved from /home/airflow/.local/lib/python3.7/site-packages/airflow/example_dags/example_skip_dag.py
[2023-02-01T12:01:34.744+0000] {logging_mixin.py:137} INFO - [2023-02-01T12:01:34.744+0000] {dag.py:2690} INFO - Sync 1 DAGs
[2023-02-01T12:01:34.770+0000] {logging_mixin.py:137} INFO - [2023-02-01T12:01:34.769+0000] {dag.py:3441} INFO - Setting next_dagrun for example_skip_dag to 2023-01-31T12:01:34.769646+00:00, run_after=2023-02-01T12:01:34.769646+00:00
[2023-02-01T12:01:34.808+0000] {processor.py:175} INFO - Processing /home/airflow/.local/lib/python3.7/site-packages/airflow/example_dags/example_skip_dag.py took 0.110 seconds
[2023-02-01T12:02:05.625+0000] {processor.py:153} INFO - Started process (PID=545) to work on /home/airflow/.local/lib/python3.7/site-packages/airflow/example_dags/example_skip_dag.py
[2023-02-01T12:02:05.626+0000] {processor.py:743} INFO - Processing file /home/airflow/.local/lib/python3.7/site-packages/airflow/example_dags/example_skip_dag.py for tasks to queue
[2023-02-01T12:02:05.627+0000] {logging_mixin.py:137} INFO - [2023-02-01T12:02:05.627+0000] {dagbag.py:538} INFO - Filling up the DagBag from /home/airflow/.local/lib/python3.7/site-packages/airflow/example_dags/example_skip_dag.py
[2023-02-01T12:02:05.643+0000] {processor.py:753} INFO - DAG(s) dict_keys(['example_skip_dag']) retrieved from /home/airflow/.local/lib/python3.7/site-packages/airflow/example_dags/example_skip_dag.py
[2023-02-01T12:02:05.670+0000] {logging_mixin.py:137} INFO - [2023-02-01T12:02:05.670+0000] {dag.py:2690} INFO - Sync 1 DAGs
[2023-02-01T12:02:05.694+0000] {logging_mixin.py:137} INFO - [2023-02-01T12:02:05.694+0000] {dag.py:3441} INFO - Setting next_dagrun for example_skip_dag to 2023-01-31T12:02:05.694214+00:00, run_after=2023-02-01T12:02:05.694214+00:00
[2023-02-01T12:02:05.721+0000] {processor.py:175} INFO - Processing /home/airflow/.local/lib/python3.7/site-packages/airflow/example_dags/example_skip_dag.py took 0.100 seconds
[2023-02-01T12:02:36.138+0000] {processor.py:153} INFO - Started process (PID=622) to work on /home/airflow/.local/lib/python3.7/site-packages/airflow/example_dags/example_skip_dag.py
[2023-02-01T12:02:36.138+0000] {processor.py:743} INFO - Processing file /home/airflow/.local/lib/python3.7/site-packages/airflow/example_dags/example_skip_dag.py for tasks to queue
[2023-02-01T12:02:36.139+0000] {logging_mixin.py:137} INFO - [2023-02-01T12:02:36.139+0000] {dagbag.py:538} INFO - Filling up the DagBag from /home/airflow/.local/lib/python3.7/site-packages/airflow/example_dags/example_skip_dag.py
[2023-02-01T12:02:36.156+0000] {processor.py:753} INFO - DAG(s) dict_keys(['example_skip_dag']) retrieved from /home/airflow/.local/lib/python3.7/site-packages/airflow/example_dags/example_skip_dag.py
[2023-02-01T12:02:36.186+0000] {logging_mixin.py:137} INFO - [2023-02-01T12:02:36.185+0000] {dag.py:2690} INFO - Sync 1 DAGs
[2023-02-01T12:02:36.213+0000] {logging_mixin.py:137} INFO - [2023-02-01T12:02:36.213+0000] {dag.py:3441} INFO - Setting next_dagrun for example_skip_dag to 2023-01-31T12:02:36.213090+00:00, run_after=2023-02-01T12:02:36.213090+00:00
[2023-02-01T12:02:36.231+0000] {processor.py:175} INFO - Processing /home/airflow/.local/lib/python3.7/site-packages/airflow/example_dags/example_skip_dag.py took 0.097 seconds
[2023-02-01T12:03:06.532+0000] {processor.py:153} INFO - Started process (PID=687) to work on /home/airflow/.local/lib/python3.7/site-packages/airflow/example_dags/example_skip_dag.py
[2023-02-01T12:03:06.533+0000] {processor.py:743} INFO - Processing file /home/airflow/.local/lib/python3.7/site-packages/airflow/example_dags/example_skip_dag.py for tasks to queue
[2023-02-01T12:03:06.537+0000] {logging_mixin.py:137} INFO - [2023-02-01T12:03:06.536+0000] {dagbag.py:538} INFO - Filling up the DagBag from /home/airflow/.local/lib/python3.7/site-packages/airflow/example_dags/example_skip_dag.py
[2023-02-01T12:03:06.552+0000] {processor.py:753} INFO - DAG(s) dict_keys(['example_skip_dag']) retrieved from /home/airflow/.local/lib/python3.7/site-packages/airflow/example_dags/example_skip_dag.py
[2023-02-01T12:03:06.582+0000] {logging_mixin.py:137} INFO - [2023-02-01T12:03:06.581+0000] {dag.py:2690} INFO - Sync 1 DAGs
[2023-02-01T12:03:06.605+0000] {logging_mixin.py:137} INFO - [2023-02-01T12:03:06.605+0000] {dag.py:3441} INFO - Setting next_dagrun for example_skip_dag to 2023-01-31T12:03:06.604996+00:00, run_after=2023-02-01T12:03:06.604996+00:00
[2023-02-01T12:03:06.621+0000] {processor.py:175} INFO - Processing /home/airflow/.local/lib/python3.7/site-packages/airflow/example_dags/example_skip_dag.py took 0.093 seconds
[2023-02-01T12:03:36.841+0000] {processor.py:153} INFO - Started process (PID=766) to work on /home/airflow/.local/lib/python3.7/site-packages/airflow/example_dags/example_skip_dag.py
[2023-02-01T12:03:36.842+0000] {processor.py:743} INFO - Processing file /home/airflow/.local/lib/python3.7/site-packages/airflow/example_dags/example_skip_dag.py for tasks to queue
[2023-02-01T12:03:36.843+0000] {logging_mixin.py:137} INFO - [2023-02-01T12:03:36.843+0000] {dagbag.py:538} INFO - Filling up the DagBag from /home/airflow/.local/lib/python3.7/site-packages/airflow/example_dags/example_skip_dag.py
[2023-02-01T12:03:36.864+0000] {processor.py:753} INFO - DAG(s) dict_keys(['example_skip_dag']) retrieved from /home/airflow/.local/lib/python3.7/site-packages/airflow/example_dags/example_skip_dag.py
[2023-02-01T12:03:36.896+0000] {logging_mixin.py:137} INFO - [2023-02-01T12:03:36.896+0000] {dag.py:2690} INFO - Sync 1 DAGs
[2023-02-01T12:03:36.931+0000] {logging_mixin.py:137} INFO - [2023-02-01T12:03:36.931+0000] {dag.py:3441} INFO - Setting next_dagrun for example_skip_dag to 2023-01-31T12:03:36.930855+00:00, run_after=2023-02-01T12:03:36.930855+00:00
[2023-02-01T12:03:36.959+0000] {processor.py:175} INFO - Processing /home/airflow/.local/lib/python3.7/site-packages/airflow/example_dags/example_skip_dag.py took 0.122 seconds
[2023-02-01T12:04:07.084+0000] {processor.py:153} INFO - Started process (PID=830) to work on /home/airflow/.local/lib/python3.7/site-packages/airflow/example_dags/example_skip_dag.py
[2023-02-01T12:04:07.085+0000] {processor.py:743} INFO - Processing file /home/airflow/.local/lib/python3.7/site-packages/airflow/example_dags/example_skip_dag.py for tasks to queue
[2023-02-01T12:04:07.086+0000] {logging_mixin.py:137} INFO - [2023-02-01T12:04:07.086+0000] {dagbag.py:538} INFO - Filling up the DagBag from /home/airflow/.local/lib/python3.7/site-packages/airflow/example_dags/example_skip_dag.py
[2023-02-01T12:04:07.103+0000] {processor.py:753} INFO - DAG(s) dict_keys(['example_skip_dag']) retrieved from /home/airflow/.local/lib/python3.7/site-packages/airflow/example_dags/example_skip_dag.py
[2023-02-01T12:04:07.136+0000] {logging_mixin.py:137} INFO - [2023-02-01T12:04:07.135+0000] {dag.py:2690} INFO - Sync 1 DAGs
[2023-02-01T12:04:07.169+0000] {logging_mixin.py:137} INFO - [2023-02-01T12:04:07.169+0000] {dag.py:3441} INFO - Setting next_dagrun for example_skip_dag to 2023-01-31T12:04:07.168738+00:00, run_after=2023-02-01T12:04:07.168738+00:00
[2023-02-01T12:04:07.193+0000] {processor.py:175} INFO - Processing /home/airflow/.local/lib/python3.7/site-packages/airflow/example_dags/example_skip_dag.py took 0.112 seconds
[2023-02-01T12:04:37.991+0000] {processor.py:153} INFO - Started process (PID=908) to work on /home/airflow/.local/lib/python3.7/site-packages/airflow/example_dags/example_skip_dag.py
[2023-02-01T12:04:38.008+0000] {processor.py:743} INFO - Processing file /home/airflow/.local/lib/python3.7/site-packages/airflow/example_dags/example_skip_dag.py for tasks to queue
[2023-02-01T12:04:38.013+0000] {logging_mixin.py:137} INFO - [2023-02-01T12:04:38.013+0000] {dagbag.py:538} INFO - Filling up the DagBag from /home/airflow/.local/lib/python3.7/site-packages/airflow/example_dags/example_skip_dag.py
[2023-02-01T12:04:38.027+0000] {processor.py:753} INFO - DAG(s) dict_keys(['example_skip_dag']) retrieved from /home/airflow/.local/lib/python3.7/site-packages/airflow/example_dags/example_skip_dag.py
[2023-02-01T12:04:38.051+0000] {logging_mixin.py:137} INFO - [2023-02-01T12:04:38.051+0000] {dag.py:2690} INFO - Sync 1 DAGs
[2023-02-01T12:04:38.076+0000] {logging_mixin.py:137} INFO - [2023-02-01T12:04:38.076+0000] {dag.py:3441} INFO - Setting next_dagrun for example_skip_dag to 2023-01-31T12:04:38.075811+00:00, run_after=2023-02-01T12:04:38.075811+00:00
[2023-02-01T12:04:38.091+0000] {processor.py:175} INFO - Processing /home/airflow/.local/lib/python3.7/site-packages/airflow/example_dags/example_skip_dag.py took 0.105 seconds
[2023-02-01T12:05:08.747+0000] {processor.py:153} INFO - Started process (PID=973) to work on /home/airflow/.local/lib/python3.7/site-packages/airflow/example_dags/example_skip_dag.py
[2023-02-01T12:05:08.748+0000] {processor.py:743} INFO - Processing file /home/airflow/.local/lib/python3.7/site-packages/airflow/example_dags/example_skip_dag.py for tasks to queue
[2023-02-01T12:05:08.749+0000] {logging_mixin.py:137} INFO - [2023-02-01T12:05:08.749+0000] {dagbag.py:538} INFO - Filling up the DagBag from /home/airflow/.local/lib/python3.7/site-packages/airflow/example_dags/example_skip_dag.py
[2023-02-01T12:05:08.768+0000] {processor.py:753} INFO - DAG(s) dict_keys(['example_skip_dag']) retrieved from /home/airflow/.local/lib/python3.7/site-packages/airflow/example_dags/example_skip_dag.py
[2023-02-01T12:05:08.802+0000] {logging_mixin.py:137} INFO - [2023-02-01T12:05:08.802+0000] {dag.py:2690} INFO - Sync 1 DAGs
[2023-02-01T12:05:08.886+0000] {logging_mixin.py:137} INFO - [2023-02-01T12:05:08.886+0000] {dag.py:3441} INFO - Setting next_dagrun for example_skip_dag to 2023-01-31T12:05:08.883555+00:00, run_after=2023-02-01T12:05:08.883555+00:00
[2023-02-01T12:05:08.910+0000] {processor.py:175} INFO - Processing /home/airflow/.local/lib/python3.7/site-packages/airflow/example_dags/example_skip_dag.py took 0.167 seconds
[2023-02-01T12:05:39.529+0000] {processor.py:153} INFO - Started process (PID=1052) to work on /home/airflow/.local/lib/python3.7/site-packages/airflow/example_dags/example_skip_dag.py
[2023-02-01T12:05:39.530+0000] {processor.py:743} INFO - Processing file /home/airflow/.local/lib/python3.7/site-packages/airflow/example_dags/example_skip_dag.py for tasks to queue
[2023-02-01T12:05:39.531+0000] {logging_mixin.py:137} INFO - [2023-02-01T12:05:39.531+0000] {dagbag.py:538} INFO - Filling up the DagBag from /home/airflow/.local/lib/python3.7/site-packages/airflow/example_dags/example_skip_dag.py
[2023-02-01T12:05:39.546+0000] {processor.py:753} INFO - DAG(s) dict_keys(['example_skip_dag']) retrieved from /home/airflow/.local/lib/python3.7/site-packages/airflow/example_dags/example_skip_dag.py
[2023-02-01T12:05:39.575+0000] {logging_mixin.py:137} INFO - [2023-02-01T12:05:39.575+0000] {dag.py:2690} INFO - Sync 1 DAGs
[2023-02-01T12:05:39.609+0000] {logging_mixin.py:137} INFO - [2023-02-01T12:05:39.608+0000] {dag.py:3441} INFO - Setting next_dagrun for example_skip_dag to 2023-01-31T12:05:39.608500+00:00, run_after=2023-02-01T12:05:39.608500+00:00
[2023-02-01T12:05:39.629+0000] {processor.py:175} INFO - Processing /home/airflow/.local/lib/python3.7/site-packages/airflow/example_dags/example_skip_dag.py took 0.103 seconds
[2023-02-01T12:06:10.038+0000] {processor.py:153} INFO - Started process (PID=1130) to work on /home/airflow/.local/lib/python3.7/site-packages/airflow/example_dags/example_skip_dag.py
[2023-02-01T12:06:10.039+0000] {processor.py:743} INFO - Processing file /home/airflow/.local/lib/python3.7/site-packages/airflow/example_dags/example_skip_dag.py for tasks to queue
[2023-02-01T12:06:10.040+0000] {logging_mixin.py:137} INFO - [2023-02-01T12:06:10.040+0000] {dagbag.py:538} INFO - Filling up the DagBag from /home/airflow/.local/lib/python3.7/site-packages/airflow/example_dags/example_skip_dag.py
[2023-02-01T12:06:10.056+0000] {processor.py:753} INFO - DAG(s) dict_keys(['example_skip_dag']) retrieved from /home/airflow/.local/lib/python3.7/site-packages/airflow/example_dags/example_skip_dag.py
[2023-02-01T12:06:10.085+0000] {logging_mixin.py:137} INFO - [2023-02-01T12:06:10.085+0000] {dag.py:2690} INFO - Sync 1 DAGs
[2023-02-01T12:06:10.109+0000] {logging_mixin.py:137} INFO - [2023-02-01T12:06:10.109+0000] {dag.py:3441} INFO - Setting next_dagrun for example_skip_dag to 2023-01-31T12:06:10.109419+00:00, run_after=2023-02-01T12:06:10.109419+00:00
[2023-02-01T12:06:10.133+0000] {processor.py:175} INFO - Processing /home/airflow/.local/lib/python3.7/site-packages/airflow/example_dags/example_skip_dag.py took 0.100 seconds
[2023-02-01T12:06:40.589+0000] {processor.py:153} INFO - Started process (PID=1195) to work on /home/airflow/.local/lib/python3.7/site-packages/airflow/example_dags/example_skip_dag.py
[2023-02-01T12:06:40.590+0000] {processor.py:743} INFO - Processing file /home/airflow/.local/lib/python3.7/site-packages/airflow/example_dags/example_skip_dag.py for tasks to queue
[2023-02-01T12:06:40.592+0000] {logging_mixin.py:137} INFO - [2023-02-01T12:06:40.592+0000] {dagbag.py:538} INFO - Filling up the DagBag from /home/airflow/.local/lib/python3.7/site-packages/airflow/example_dags/example_skip_dag.py
[2023-02-01T12:06:40.609+0000] {processor.py:753} INFO - DAG(s) dict_keys(['example_skip_dag']) retrieved from /home/airflow/.local/lib/python3.7/site-packages/airflow/example_dags/example_skip_dag.py
[2023-02-01T12:06:40.639+0000] {logging_mixin.py:137} INFO - [2023-02-01T12:06:40.639+0000] {dag.py:2690} INFO - Sync 1 DAGs
[2023-02-01T12:06:40.666+0000] {logging_mixin.py:137} INFO - [2023-02-01T12:06:40.665+0000] {dag.py:3441} INFO - Setting next_dagrun for example_skip_dag to 2023-01-31T12:06:40.665632+00:00, run_after=2023-02-01T12:06:40.665632+00:00
[2023-02-01T12:06:40.692+0000] {processor.py:175} INFO - Processing /home/airflow/.local/lib/python3.7/site-packages/airflow/example_dags/example_skip_dag.py took 0.109 seconds
[2023-02-01T12:07:11.751+0000] {processor.py:153} INFO - Started process (PID=1272) to work on /home/airflow/.local/lib/python3.7/site-packages/airflow/example_dags/example_skip_dag.py
[2023-02-01T12:07:11.753+0000] {processor.py:743} INFO - Processing file /home/airflow/.local/lib/python3.7/site-packages/airflow/example_dags/example_skip_dag.py for tasks to queue
[2023-02-01T12:07:11.754+0000] {logging_mixin.py:137} INFO - [2023-02-01T12:07:11.754+0000] {dagbag.py:538} INFO - Filling up the DagBag from /home/airflow/.local/lib/python3.7/site-packages/airflow/example_dags/example_skip_dag.py
[2023-02-01T12:07:11.767+0000] {processor.py:753} INFO - DAG(s) dict_keys(['example_skip_dag']) retrieved from /home/airflow/.local/lib/python3.7/site-packages/airflow/example_dags/example_skip_dag.py
[2023-02-01T12:07:11.790+0000] {logging_mixin.py:137} INFO - [2023-02-01T12:07:11.790+0000] {dag.py:2690} INFO - Sync 1 DAGs
[2023-02-01T12:07:11.816+0000] {logging_mixin.py:137} INFO - [2023-02-01T12:07:11.816+0000] {dag.py:3441} INFO - Setting next_dagrun for example_skip_dag to 2023-01-31T12:07:11.816402+00:00, run_after=2023-02-01T12:07:11.816402+00:00
[2023-02-01T12:07:11.833+0000] {processor.py:175} INFO - Processing /home/airflow/.local/lib/python3.7/site-packages/airflow/example_dags/example_skip_dag.py took 0.088 seconds
[2023-02-01T12:07:42.628+0000] {processor.py:153} INFO - Started process (PID=1347) to work on /home/airflow/.local/lib/python3.7/site-packages/airflow/example_dags/example_skip_dag.py
[2023-02-01T12:07:42.631+0000] {processor.py:743} INFO - Processing file /home/airflow/.local/lib/python3.7/site-packages/airflow/example_dags/example_skip_dag.py for tasks to queue
[2023-02-01T12:07:42.632+0000] {logging_mixin.py:137} INFO - [2023-02-01T12:07:42.632+0000] {dagbag.py:538} INFO - Filling up the DagBag from /home/airflow/.local/lib/python3.7/site-packages/airflow/example_dags/example_skip_dag.py
[2023-02-01T12:07:42.656+0000] {processor.py:753} INFO - DAG(s) dict_keys(['example_skip_dag']) retrieved from /home/airflow/.local/lib/python3.7/site-packages/airflow/example_dags/example_skip_dag.py
[2023-02-01T12:07:42.683+0000] {logging_mixin.py:137} INFO - [2023-02-01T12:07:42.683+0000] {dag.py:2690} INFO - Sync 1 DAGs
[2023-02-01T12:07:42.715+0000] {logging_mixin.py:137} INFO - [2023-02-01T12:07:42.714+0000] {dag.py:3441} INFO - Setting next_dagrun for example_skip_dag to 2023-01-31T12:07:42.714539+00:00, run_after=2023-02-01T12:07:42.714539+00:00
[2023-02-01T12:07:42.733+0000] {processor.py:175} INFO - Processing /home/airflow/.local/lib/python3.7/site-packages/airflow/example_dags/example_skip_dag.py took 0.112 seconds
