[2023-02-01T11:58:33.819+0000] {processor.py:153} INFO - Started process (PID=77) to work on /home/airflow/.local/lib/python3.7/site-packages/airflow/example_dags/example_complex.py
[2023-02-01T11:58:33.827+0000] {processor.py:743} INFO - Processing file /home/airflow/.local/lib/python3.7/site-packages/airflow/example_dags/example_complex.py for tasks to queue
[2023-02-01T11:58:33.830+0000] {logging_mixin.py:137} INFO - [2023-02-01T11:58:33.829+0000] {dagbag.py:538} INFO - Filling up the DagBag from /home/airflow/.local/lib/python3.7/site-packages/airflow/example_dags/example_complex.py
[2023-02-01T11:58:33.848+0000] {logging_mixin.py:137} INFO - [2023-02-01T11:58:33.848+0000] {taskmixin.py:205} WARNING - Dependency <Task(BashOperator): create_entry_group>, delete_entry_group already registered for DAG: example_complex
[2023-02-01T11:58:33.848+0000] {logging_mixin.py:137} INFO - [2023-02-01T11:58:33.848+0000] {taskmixin.py:205} WARNING - Dependency <Task(BashOperator): delete_entry_group>, create_entry_group already registered for DAG: example_complex
[2023-02-01T11:58:33.849+0000] {logging_mixin.py:137} INFO - [2023-02-01T11:58:33.849+0000] {taskmixin.py:205} WARNING - Dependency <Task(BashOperator): create_entry_gcs>, delete_entry already registered for DAG: example_complex
[2023-02-01T11:58:33.850+0000] {logging_mixin.py:137} INFO - [2023-02-01T11:58:33.850+0000] {taskmixin.py:205} WARNING - Dependency <Task(BashOperator): delete_entry>, create_entry_gcs already registered for DAG: example_complex
[2023-02-01T11:58:33.851+0000] {logging_mixin.py:137} INFO - [2023-02-01T11:58:33.850+0000] {taskmixin.py:205} WARNING - Dependency <Task(BashOperator): create_tag>, delete_tag already registered for DAG: example_complex
[2023-02-01T11:58:33.851+0000] {logging_mixin.py:137} INFO - [2023-02-01T11:58:33.851+0000] {taskmixin.py:205} WARNING - Dependency <Task(BashOperator): delete_tag>, create_tag already registered for DAG: example_complex
[2023-02-01T11:58:33.902+0000] {processor.py:753} INFO - DAG(s) dict_keys(['example_complex']) retrieved from /home/airflow/.local/lib/python3.7/site-packages/airflow/example_dags/example_complex.py
[2023-02-01T11:58:33.926+0000] {logging_mixin.py:137} INFO - [2023-02-01T11:58:33.926+0000] {dag.py:2690} INFO - Sync 1 DAGs
[2023-02-01T11:58:33.974+0000] {logging_mixin.py:137} INFO - [2023-02-01T11:58:33.974+0000] {dag.py:3441} INFO - Setting next_dagrun for example_complex to None, run_after=None
[2023-02-01T11:58:34.023+0000] {processor.py:175} INFO - Processing /home/airflow/.local/lib/python3.7/site-packages/airflow/example_dags/example_complex.py took 0.210 seconds
[2023-02-01T11:59:04.055+0000] {processor.py:153} INFO - Started process (PID=145) to work on /home/airflow/.local/lib/python3.7/site-packages/airflow/example_dags/example_complex.py
[2023-02-01T11:59:04.056+0000] {processor.py:743} INFO - Processing file /home/airflow/.local/lib/python3.7/site-packages/airflow/example_dags/example_complex.py for tasks to queue
[2023-02-01T11:59:04.057+0000] {logging_mixin.py:137} INFO - [2023-02-01T11:59:04.057+0000] {dagbag.py:538} INFO - Filling up the DagBag from /home/airflow/.local/lib/python3.7/site-packages/airflow/example_dags/example_complex.py
[2023-02-01T11:59:04.067+0000] {logging_mixin.py:137} INFO - [2023-02-01T11:59:04.067+0000] {taskmixin.py:205} WARNING - Dependency <Task(BashOperator): create_entry_group>, delete_entry_group already registered for DAG: example_complex
[2023-02-01T11:59:04.067+0000] {logging_mixin.py:137} INFO - [2023-02-01T11:59:04.067+0000] {taskmixin.py:205} WARNING - Dependency <Task(BashOperator): delete_entry_group>, create_entry_group already registered for DAG: example_complex
[2023-02-01T11:59:04.068+0000] {logging_mixin.py:137} INFO - [2023-02-01T11:59:04.067+0000] {taskmixin.py:205} WARNING - Dependency <Task(BashOperator): create_entry_gcs>, delete_entry already registered for DAG: example_complex
[2023-02-01T11:59:04.068+0000] {logging_mixin.py:137} INFO - [2023-02-01T11:59:04.068+0000] {taskmixin.py:205} WARNING - Dependency <Task(BashOperator): delete_entry>, create_entry_gcs already registered for DAG: example_complex
[2023-02-01T11:59:04.068+0000] {logging_mixin.py:137} INFO - [2023-02-01T11:59:04.068+0000] {taskmixin.py:205} WARNING - Dependency <Task(BashOperator): create_tag>, delete_tag already registered for DAG: example_complex
[2023-02-01T11:59:04.068+0000] {logging_mixin.py:137} INFO - [2023-02-01T11:59:04.068+0000] {taskmixin.py:205} WARNING - Dependency <Task(BashOperator): delete_tag>, create_tag already registered for DAG: example_complex
[2023-02-01T11:59:04.075+0000] {processor.py:753} INFO - DAG(s) dict_keys(['example_complex']) retrieved from /home/airflow/.local/lib/python3.7/site-packages/airflow/example_dags/example_complex.py
[2023-02-01T11:59:04.105+0000] {logging_mixin.py:137} INFO - [2023-02-01T11:59:04.105+0000] {dag.py:2690} INFO - Sync 1 DAGs
[2023-02-01T11:59:04.125+0000] {logging_mixin.py:137} INFO - [2023-02-01T11:59:04.125+0000] {dag.py:3441} INFO - Setting next_dagrun for example_complex to None, run_after=None
[2023-02-01T11:59:04.140+0000] {processor.py:175} INFO - Processing /home/airflow/.local/lib/python3.7/site-packages/airflow/example_dags/example_complex.py took 0.088 seconds
[2023-02-01T11:59:34.777+0000] {processor.py:153} INFO - Started process (PID=224) to work on /home/airflow/.local/lib/python3.7/site-packages/airflow/example_dags/example_complex.py
[2023-02-01T11:59:34.778+0000] {processor.py:743} INFO - Processing file /home/airflow/.local/lib/python3.7/site-packages/airflow/example_dags/example_complex.py for tasks to queue
[2023-02-01T11:59:34.778+0000] {logging_mixin.py:137} INFO - [2023-02-01T11:59:34.778+0000] {dagbag.py:538} INFO - Filling up the DagBag from /home/airflow/.local/lib/python3.7/site-packages/airflow/example_dags/example_complex.py
[2023-02-01T11:59:34.790+0000] {logging_mixin.py:137} INFO - [2023-02-01T11:59:34.790+0000] {taskmixin.py:205} WARNING - Dependency <Task(BashOperator): create_entry_group>, delete_entry_group already registered for DAG: example_complex
[2023-02-01T11:59:34.791+0000] {logging_mixin.py:137} INFO - [2023-02-01T11:59:34.790+0000] {taskmixin.py:205} WARNING - Dependency <Task(BashOperator): delete_entry_group>, create_entry_group already registered for DAG: example_complex
[2023-02-01T11:59:34.791+0000] {logging_mixin.py:137} INFO - [2023-02-01T11:59:34.791+0000] {taskmixin.py:205} WARNING - Dependency <Task(BashOperator): create_entry_gcs>, delete_entry already registered for DAG: example_complex
[2023-02-01T11:59:34.792+0000] {logging_mixin.py:137} INFO - [2023-02-01T11:59:34.792+0000] {taskmixin.py:205} WARNING - Dependency <Task(BashOperator): delete_entry>, create_entry_gcs already registered for DAG: example_complex
[2023-02-01T11:59:34.793+0000] {logging_mixin.py:137} INFO - [2023-02-01T11:59:34.793+0000] {taskmixin.py:205} WARNING - Dependency <Task(BashOperator): create_tag>, delete_tag already registered for DAG: example_complex
[2023-02-01T11:59:34.793+0000] {logging_mixin.py:137} INFO - [2023-02-01T11:59:34.793+0000] {taskmixin.py:205} WARNING - Dependency <Task(BashOperator): delete_tag>, create_tag already registered for DAG: example_complex
[2023-02-01T11:59:34.803+0000] {processor.py:753} INFO - DAG(s) dict_keys(['example_complex']) retrieved from /home/airflow/.local/lib/python3.7/site-packages/airflow/example_dags/example_complex.py
[2023-02-01T11:59:34.839+0000] {logging_mixin.py:137} INFO - [2023-02-01T11:59:34.839+0000] {dag.py:2690} INFO - Sync 1 DAGs
[2023-02-01T11:59:34.861+0000] {logging_mixin.py:137} INFO - [2023-02-01T11:59:34.861+0000] {dag.py:3441} INFO - Setting next_dagrun for example_complex to None, run_after=None
[2023-02-01T11:59:34.881+0000] {processor.py:175} INFO - Processing /home/airflow/.local/lib/python3.7/site-packages/airflow/example_dags/example_complex.py took 0.108 seconds
[2023-02-01T12:00:05.426+0000] {processor.py:153} INFO - Started process (PID=290) to work on /home/airflow/.local/lib/python3.7/site-packages/airflow/example_dags/example_complex.py
[2023-02-01T12:00:05.427+0000] {processor.py:743} INFO - Processing file /home/airflow/.local/lib/python3.7/site-packages/airflow/example_dags/example_complex.py for tasks to queue
[2023-02-01T12:00:05.428+0000] {logging_mixin.py:137} INFO - [2023-02-01T12:00:05.427+0000] {dagbag.py:538} INFO - Filling up the DagBag from /home/airflow/.local/lib/python3.7/site-packages/airflow/example_dags/example_complex.py
[2023-02-01T12:00:05.443+0000] {logging_mixin.py:137} INFO - [2023-02-01T12:00:05.443+0000] {taskmixin.py:205} WARNING - Dependency <Task(BashOperator): create_entry_group>, delete_entry_group already registered for DAG: example_complex
[2023-02-01T12:00:05.443+0000] {logging_mixin.py:137} INFO - [2023-02-01T12:00:05.443+0000] {taskmixin.py:205} WARNING - Dependency <Task(BashOperator): delete_entry_group>, create_entry_group already registered for DAG: example_complex
[2023-02-01T12:00:05.444+0000] {logging_mixin.py:137} INFO - [2023-02-01T12:00:05.444+0000] {taskmixin.py:205} WARNING - Dependency <Task(BashOperator): create_entry_gcs>, delete_entry already registered for DAG: example_complex
[2023-02-01T12:00:05.444+0000] {logging_mixin.py:137} INFO - [2023-02-01T12:00:05.444+0000] {taskmixin.py:205} WARNING - Dependency <Task(BashOperator): delete_entry>, create_entry_gcs already registered for DAG: example_complex
[2023-02-01T12:00:05.444+0000] {logging_mixin.py:137} INFO - [2023-02-01T12:00:05.444+0000] {taskmixin.py:205} WARNING - Dependency <Task(BashOperator): create_tag>, delete_tag already registered for DAG: example_complex
[2023-02-01T12:00:05.445+0000] {logging_mixin.py:137} INFO - [2023-02-01T12:00:05.445+0000] {taskmixin.py:205} WARNING - Dependency <Task(BashOperator): delete_tag>, create_tag already registered for DAG: example_complex
[2023-02-01T12:00:05.452+0000] {processor.py:753} INFO - DAG(s) dict_keys(['example_complex']) retrieved from /home/airflow/.local/lib/python3.7/site-packages/airflow/example_dags/example_complex.py
[2023-02-01T12:00:05.481+0000] {logging_mixin.py:137} INFO - [2023-02-01T12:00:05.481+0000] {dag.py:2690} INFO - Sync 1 DAGs
[2023-02-01T12:00:05.501+0000] {logging_mixin.py:137} INFO - [2023-02-01T12:00:05.501+0000] {dag.py:3441} INFO - Setting next_dagrun for example_complex to None, run_after=None
[2023-02-01T12:00:05.515+0000] {processor.py:175} INFO - Processing /home/airflow/.local/lib/python3.7/site-packages/airflow/example_dags/example_complex.py took 0.094 seconds
[2023-02-01T12:00:36.261+0000] {processor.py:153} INFO - Started process (PID=368) to work on /home/airflow/.local/lib/python3.7/site-packages/airflow/example_dags/example_complex.py
[2023-02-01T12:00:36.262+0000] {processor.py:743} INFO - Processing file /home/airflow/.local/lib/python3.7/site-packages/airflow/example_dags/example_complex.py for tasks to queue
[2023-02-01T12:00:36.263+0000] {logging_mixin.py:137} INFO - [2023-02-01T12:00:36.263+0000] {dagbag.py:538} INFO - Filling up the DagBag from /home/airflow/.local/lib/python3.7/site-packages/airflow/example_dags/example_complex.py
[2023-02-01T12:00:36.275+0000] {logging_mixin.py:137} INFO - [2023-02-01T12:00:36.275+0000] {taskmixin.py:205} WARNING - Dependency <Task(BashOperator): create_entry_group>, delete_entry_group already registered for DAG: example_complex
[2023-02-01T12:00:36.275+0000] {logging_mixin.py:137} INFO - [2023-02-01T12:00:36.275+0000] {taskmixin.py:205} WARNING - Dependency <Task(BashOperator): delete_entry_group>, create_entry_group already registered for DAG: example_complex
[2023-02-01T12:00:36.275+0000] {logging_mixin.py:137} INFO - [2023-02-01T12:00:36.275+0000] {taskmixin.py:205} WARNING - Dependency <Task(BashOperator): create_entry_gcs>, delete_entry already registered for DAG: example_complex
[2023-02-01T12:00:36.276+0000] {logging_mixin.py:137} INFO - [2023-02-01T12:00:36.276+0000] {taskmixin.py:205} WARNING - Dependency <Task(BashOperator): delete_entry>, create_entry_gcs already registered for DAG: example_complex
[2023-02-01T12:00:36.276+0000] {logging_mixin.py:137} INFO - [2023-02-01T12:00:36.276+0000] {taskmixin.py:205} WARNING - Dependency <Task(BashOperator): create_tag>, delete_tag already registered for DAG: example_complex
[2023-02-01T12:00:36.276+0000] {logging_mixin.py:137} INFO - [2023-02-01T12:00:36.276+0000] {taskmixin.py:205} WARNING - Dependency <Task(BashOperator): delete_tag>, create_tag already registered for DAG: example_complex
[2023-02-01T12:00:36.286+0000] {processor.py:753} INFO - DAG(s) dict_keys(['example_complex']) retrieved from /home/airflow/.local/lib/python3.7/site-packages/airflow/example_dags/example_complex.py
[2023-02-01T12:00:36.320+0000] {logging_mixin.py:137} INFO - [2023-02-01T12:00:36.320+0000] {dag.py:2690} INFO - Sync 1 DAGs
[2023-02-01T12:00:36.344+0000] {logging_mixin.py:137} INFO - [2023-02-01T12:00:36.344+0000] {dag.py:3441} INFO - Setting next_dagrun for example_complex to None, run_after=None
[2023-02-01T12:00:36.360+0000] {processor.py:175} INFO - Processing /home/airflow/.local/lib/python3.7/site-packages/airflow/example_dags/example_complex.py took 0.102 seconds
[2023-02-01T12:01:07.039+0000] {processor.py:153} INFO - Started process (PID=433) to work on /home/airflow/.local/lib/python3.7/site-packages/airflow/example_dags/example_complex.py
[2023-02-01T12:01:07.040+0000] {processor.py:743} INFO - Processing file /home/airflow/.local/lib/python3.7/site-packages/airflow/example_dags/example_complex.py for tasks to queue
[2023-02-01T12:01:07.041+0000] {logging_mixin.py:137} INFO - [2023-02-01T12:01:07.041+0000] {dagbag.py:538} INFO - Filling up the DagBag from /home/airflow/.local/lib/python3.7/site-packages/airflow/example_dags/example_complex.py
[2023-02-01T12:01:07.053+0000] {logging_mixin.py:137} INFO - [2023-02-01T12:01:07.052+0000] {taskmixin.py:205} WARNING - Dependency <Task(BashOperator): create_entry_group>, delete_entry_group already registered for DAG: example_complex
[2023-02-01T12:01:07.059+0000] {logging_mixin.py:137} INFO - [2023-02-01T12:01:07.059+0000] {taskmixin.py:205} WARNING - Dependency <Task(BashOperator): delete_entry_group>, create_entry_group already registered for DAG: example_complex
[2023-02-01T12:01:07.060+0000] {logging_mixin.py:137} INFO - [2023-02-01T12:01:07.059+0000] {taskmixin.py:205} WARNING - Dependency <Task(BashOperator): create_entry_gcs>, delete_entry already registered for DAG: example_complex
[2023-02-01T12:01:07.060+0000] {logging_mixin.py:137} INFO - [2023-02-01T12:01:07.060+0000] {taskmixin.py:205} WARNING - Dependency <Task(BashOperator): delete_entry>, create_entry_gcs already registered for DAG: example_complex
[2023-02-01T12:01:07.061+0000] {logging_mixin.py:137} INFO - [2023-02-01T12:01:07.060+0000] {taskmixin.py:205} WARNING - Dependency <Task(BashOperator): create_tag>, delete_tag already registered for DAG: example_complex
[2023-02-01T12:01:07.061+0000] {logging_mixin.py:137} INFO - [2023-02-01T12:01:07.061+0000] {taskmixin.py:205} WARNING - Dependency <Task(BashOperator): delete_tag>, create_tag already registered for DAG: example_complex
[2023-02-01T12:01:07.069+0000] {processor.py:753} INFO - DAG(s) dict_keys(['example_complex']) retrieved from /home/airflow/.local/lib/python3.7/site-packages/airflow/example_dags/example_complex.py
[2023-02-01T12:01:07.103+0000] {logging_mixin.py:137} INFO - [2023-02-01T12:01:07.103+0000] {dag.py:2690} INFO - Sync 1 DAGs
[2023-02-01T12:01:07.192+0000] {logging_mixin.py:137} INFO - [2023-02-01T12:01:07.191+0000] {dag.py:3441} INFO - Setting next_dagrun for example_complex to None, run_after=None
[2023-02-01T12:01:07.238+0000] {processor.py:175} INFO - Processing /home/airflow/.local/lib/python3.7/site-packages/airflow/example_dags/example_complex.py took 0.204 seconds
[2023-02-01T12:01:38.046+0000] {processor.py:153} INFO - Started process (PID=512) to work on /home/airflow/.local/lib/python3.7/site-packages/airflow/example_dags/example_complex.py
[2023-02-01T12:01:38.047+0000] {processor.py:743} INFO - Processing file /home/airflow/.local/lib/python3.7/site-packages/airflow/example_dags/example_complex.py for tasks to queue
[2023-02-01T12:01:38.049+0000] {logging_mixin.py:137} INFO - [2023-02-01T12:01:38.049+0000] {dagbag.py:538} INFO - Filling up the DagBag from /home/airflow/.local/lib/python3.7/site-packages/airflow/example_dags/example_complex.py
[2023-02-01T12:01:38.061+0000] {logging_mixin.py:137} INFO - [2023-02-01T12:01:38.060+0000] {taskmixin.py:205} WARNING - Dependency <Task(BashOperator): create_entry_group>, delete_entry_group already registered for DAG: example_complex
[2023-02-01T12:01:38.061+0000] {logging_mixin.py:137} INFO - [2023-02-01T12:01:38.061+0000] {taskmixin.py:205} WARNING - Dependency <Task(BashOperator): delete_entry_group>, create_entry_group already registered for DAG: example_complex
[2023-02-01T12:01:38.061+0000] {logging_mixin.py:137} INFO - [2023-02-01T12:01:38.061+0000] {taskmixin.py:205} WARNING - Dependency <Task(BashOperator): create_entry_gcs>, delete_entry already registered for DAG: example_complex
[2023-02-01T12:01:38.062+0000] {logging_mixin.py:137} INFO - [2023-02-01T12:01:38.061+0000] {taskmixin.py:205} WARNING - Dependency <Task(BashOperator): delete_entry>, create_entry_gcs already registered for DAG: example_complex
[2023-02-01T12:01:38.062+0000] {logging_mixin.py:137} INFO - [2023-02-01T12:01:38.062+0000] {taskmixin.py:205} WARNING - Dependency <Task(BashOperator): create_tag>, delete_tag already registered for DAG: example_complex
[2023-02-01T12:01:38.063+0000] {logging_mixin.py:137} INFO - [2023-02-01T12:01:38.062+0000] {taskmixin.py:205} WARNING - Dependency <Task(BashOperator): delete_tag>, create_tag already registered for DAG: example_complex
[2023-02-01T12:01:38.069+0000] {processor.py:753} INFO - DAG(s) dict_keys(['example_complex']) retrieved from /home/airflow/.local/lib/python3.7/site-packages/airflow/example_dags/example_complex.py
[2023-02-01T12:01:38.103+0000] {logging_mixin.py:137} INFO - [2023-02-01T12:01:38.103+0000] {dag.py:2690} INFO - Sync 1 DAGs
[2023-02-01T12:01:38.127+0000] {logging_mixin.py:137} INFO - [2023-02-01T12:01:38.125+0000] {dag.py:3441} INFO - Setting next_dagrun for example_complex to None, run_after=None
[2023-02-01T12:01:38.145+0000] {processor.py:175} INFO - Processing /home/airflow/.local/lib/python3.7/site-packages/airflow/example_dags/example_complex.py took 0.102 seconds
[2023-02-01T12:02:09.579+0000] {processor.py:153} INFO - Started process (PID=589) to work on /home/airflow/.local/lib/python3.7/site-packages/airflow/example_dags/example_complex.py
[2023-02-01T12:02:09.580+0000] {processor.py:743} INFO - Processing file /home/airflow/.local/lib/python3.7/site-packages/airflow/example_dags/example_complex.py for tasks to queue
[2023-02-01T12:02:09.581+0000] {logging_mixin.py:137} INFO - [2023-02-01T12:02:09.581+0000] {dagbag.py:538} INFO - Filling up the DagBag from /home/airflow/.local/lib/python3.7/site-packages/airflow/example_dags/example_complex.py
[2023-02-01T12:02:09.598+0000] {logging_mixin.py:137} INFO - [2023-02-01T12:02:09.598+0000] {taskmixin.py:205} WARNING - Dependency <Task(BashOperator): create_entry_group>, delete_entry_group already registered for DAG: example_complex
[2023-02-01T12:02:09.598+0000] {logging_mixin.py:137} INFO - [2023-02-01T12:02:09.598+0000] {taskmixin.py:205} WARNING - Dependency <Task(BashOperator): delete_entry_group>, create_entry_group already registered for DAG: example_complex
[2023-02-01T12:02:09.599+0000] {logging_mixin.py:137} INFO - [2023-02-01T12:02:09.598+0000] {taskmixin.py:205} WARNING - Dependency <Task(BashOperator): create_entry_gcs>, delete_entry already registered for DAG: example_complex
[2023-02-01T12:02:09.599+0000] {logging_mixin.py:137} INFO - [2023-02-01T12:02:09.599+0000] {taskmixin.py:205} WARNING - Dependency <Task(BashOperator): delete_entry>, create_entry_gcs already registered for DAG: example_complex
[2023-02-01T12:02:09.599+0000] {logging_mixin.py:137} INFO - [2023-02-01T12:02:09.599+0000] {taskmixin.py:205} WARNING - Dependency <Task(BashOperator): create_tag>, delete_tag already registered for DAG: example_complex
[2023-02-01T12:02:09.600+0000] {logging_mixin.py:137} INFO - [2023-02-01T12:02:09.599+0000] {taskmixin.py:205} WARNING - Dependency <Task(BashOperator): delete_tag>, create_tag already registered for DAG: example_complex
[2023-02-01T12:02:09.608+0000] {processor.py:753} INFO - DAG(s) dict_keys(['example_complex']) retrieved from /home/airflow/.local/lib/python3.7/site-packages/airflow/example_dags/example_complex.py
[2023-02-01T12:02:09.651+0000] {logging_mixin.py:137} INFO - [2023-02-01T12:02:09.651+0000] {dag.py:2690} INFO - Sync 1 DAGs
[2023-02-01T12:02:09.678+0000] {logging_mixin.py:137} INFO - [2023-02-01T12:02:09.678+0000] {dag.py:3441} INFO - Setting next_dagrun for example_complex to None, run_after=None
[2023-02-01T12:02:09.699+0000] {processor.py:175} INFO - Processing /home/airflow/.local/lib/python3.7/site-packages/airflow/example_dags/example_complex.py took 0.124 seconds
[2023-02-01T12:02:39.870+0000] {processor.py:153} INFO - Started process (PID=654) to work on /home/airflow/.local/lib/python3.7/site-packages/airflow/example_dags/example_complex.py
[2023-02-01T12:02:39.871+0000] {processor.py:743} INFO - Processing file /home/airflow/.local/lib/python3.7/site-packages/airflow/example_dags/example_complex.py for tasks to queue
[2023-02-01T12:02:39.872+0000] {logging_mixin.py:137} INFO - [2023-02-01T12:02:39.872+0000] {dagbag.py:538} INFO - Filling up the DagBag from /home/airflow/.local/lib/python3.7/site-packages/airflow/example_dags/example_complex.py
[2023-02-01T12:02:39.884+0000] {logging_mixin.py:137} INFO - [2023-02-01T12:02:39.884+0000] {taskmixin.py:205} WARNING - Dependency <Task(BashOperator): create_entry_group>, delete_entry_group already registered for DAG: example_complex
[2023-02-01T12:02:39.885+0000] {logging_mixin.py:137} INFO - [2023-02-01T12:02:39.885+0000] {taskmixin.py:205} WARNING - Dependency <Task(BashOperator): delete_entry_group>, create_entry_group already registered for DAG: example_complex
[2023-02-01T12:02:39.885+0000] {logging_mixin.py:137} INFO - [2023-02-01T12:02:39.885+0000] {taskmixin.py:205} WARNING - Dependency <Task(BashOperator): create_entry_gcs>, delete_entry already registered for DAG: example_complex
[2023-02-01T12:02:39.885+0000] {logging_mixin.py:137} INFO - [2023-02-01T12:02:39.885+0000] {taskmixin.py:205} WARNING - Dependency <Task(BashOperator): delete_entry>, create_entry_gcs already registered for DAG: example_complex
[2023-02-01T12:02:39.886+0000] {logging_mixin.py:137} INFO - [2023-02-01T12:02:39.886+0000] {taskmixin.py:205} WARNING - Dependency <Task(BashOperator): create_tag>, delete_tag already registered for DAG: example_complex
[2023-02-01T12:02:39.886+0000] {logging_mixin.py:137} INFO - [2023-02-01T12:02:39.886+0000] {taskmixin.py:205} WARNING - Dependency <Task(BashOperator): delete_tag>, create_tag already registered for DAG: example_complex
[2023-02-01T12:02:39.894+0000] {processor.py:753} INFO - DAG(s) dict_keys(['example_complex']) retrieved from /home/airflow/.local/lib/python3.7/site-packages/airflow/example_dags/example_complex.py
[2023-02-01T12:02:39.923+0000] {logging_mixin.py:137} INFO - [2023-02-01T12:02:39.923+0000] {dag.py:2690} INFO - Sync 1 DAGs
[2023-02-01T12:02:39.952+0000] {logging_mixin.py:137} INFO - [2023-02-01T12:02:39.951+0000] {dag.py:3441} INFO - Setting next_dagrun for example_complex to None, run_after=None
[2023-02-01T12:02:39.979+0000] {processor.py:175} INFO - Processing /home/airflow/.local/lib/python3.7/site-packages/airflow/example_dags/example_complex.py took 0.112 seconds
[2023-02-01T12:03:10.114+0000] {processor.py:153} INFO - Started process (PID=733) to work on /home/airflow/.local/lib/python3.7/site-packages/airflow/example_dags/example_complex.py
[2023-02-01T12:03:10.114+0000] {processor.py:743} INFO - Processing file /home/airflow/.local/lib/python3.7/site-packages/airflow/example_dags/example_complex.py for tasks to queue
[2023-02-01T12:03:10.115+0000] {logging_mixin.py:137} INFO - [2023-02-01T12:03:10.115+0000] {dagbag.py:538} INFO - Filling up the DagBag from /home/airflow/.local/lib/python3.7/site-packages/airflow/example_dags/example_complex.py
[2023-02-01T12:03:10.126+0000] {logging_mixin.py:137} INFO - [2023-02-01T12:03:10.126+0000] {taskmixin.py:205} WARNING - Dependency <Task(BashOperator): create_entry_group>, delete_entry_group already registered for DAG: example_complex
[2023-02-01T12:03:10.126+0000] {logging_mixin.py:137} INFO - [2023-02-01T12:03:10.126+0000] {taskmixin.py:205} WARNING - Dependency <Task(BashOperator): delete_entry_group>, create_entry_group already registered for DAG: example_complex
[2023-02-01T12:03:10.126+0000] {logging_mixin.py:137} INFO - [2023-02-01T12:03:10.126+0000] {taskmixin.py:205} WARNING - Dependency <Task(BashOperator): create_entry_gcs>, delete_entry already registered for DAG: example_complex
[2023-02-01T12:03:10.127+0000] {logging_mixin.py:137} INFO - [2023-02-01T12:03:10.127+0000] {taskmixin.py:205} WARNING - Dependency <Task(BashOperator): delete_entry>, create_entry_gcs already registered for DAG: example_complex
[2023-02-01T12:03:10.127+0000] {logging_mixin.py:137} INFO - [2023-02-01T12:03:10.127+0000] {taskmixin.py:205} WARNING - Dependency <Task(BashOperator): create_tag>, delete_tag already registered for DAG: example_complex
[2023-02-01T12:03:10.128+0000] {logging_mixin.py:137} INFO - [2023-02-01T12:03:10.128+0000] {taskmixin.py:205} WARNING - Dependency <Task(BashOperator): delete_tag>, create_tag already registered for DAG: example_complex
[2023-02-01T12:03:10.135+0000] {processor.py:753} INFO - DAG(s) dict_keys(['example_complex']) retrieved from /home/airflow/.local/lib/python3.7/site-packages/airflow/example_dags/example_complex.py
[2023-02-01T12:03:10.163+0000] {logging_mixin.py:137} INFO - [2023-02-01T12:03:10.163+0000] {dag.py:2690} INFO - Sync 1 DAGs
[2023-02-01T12:03:10.186+0000] {logging_mixin.py:137} INFO - [2023-02-01T12:03:10.186+0000] {dag.py:3441} INFO - Setting next_dagrun for example_complex to None, run_after=None
[2023-02-01T12:03:10.207+0000] {processor.py:175} INFO - Processing /home/airflow/.local/lib/python3.7/site-packages/airflow/example_dags/example_complex.py took 0.096 seconds
[2023-02-01T12:03:41.292+0000] {processor.py:153} INFO - Started process (PID=798) to work on /home/airflow/.local/lib/python3.7/site-packages/airflow/example_dags/example_complex.py
[2023-02-01T12:03:41.293+0000] {processor.py:743} INFO - Processing file /home/airflow/.local/lib/python3.7/site-packages/airflow/example_dags/example_complex.py for tasks to queue
[2023-02-01T12:03:41.295+0000] {logging_mixin.py:137} INFO - [2023-02-01T12:03:41.294+0000] {dagbag.py:538} INFO - Filling up the DagBag from /home/airflow/.local/lib/python3.7/site-packages/airflow/example_dags/example_complex.py
[2023-02-01T12:03:41.310+0000] {logging_mixin.py:137} INFO - [2023-02-01T12:03:41.310+0000] {taskmixin.py:205} WARNING - Dependency <Task(BashOperator): create_entry_group>, delete_entry_group already registered for DAG: example_complex
[2023-02-01T12:03:41.311+0000] {logging_mixin.py:137} INFO - [2023-02-01T12:03:41.311+0000] {taskmixin.py:205} WARNING - Dependency <Task(BashOperator): delete_entry_group>, create_entry_group already registered for DAG: example_complex
[2023-02-01T12:03:41.311+0000] {logging_mixin.py:137} INFO - [2023-02-01T12:03:41.311+0000] {taskmixin.py:205} WARNING - Dependency <Task(BashOperator): create_entry_gcs>, delete_entry already registered for DAG: example_complex
[2023-02-01T12:03:41.311+0000] {logging_mixin.py:137} INFO - [2023-02-01T12:03:41.311+0000] {taskmixin.py:205} WARNING - Dependency <Task(BashOperator): delete_entry>, create_entry_gcs already registered for DAG: example_complex
[2023-02-01T12:03:41.312+0000] {logging_mixin.py:137} INFO - [2023-02-01T12:03:41.312+0000] {taskmixin.py:205} WARNING - Dependency <Task(BashOperator): create_tag>, delete_tag already registered for DAG: example_complex
[2023-02-01T12:03:41.312+0000] {logging_mixin.py:137} INFO - [2023-02-01T12:03:41.312+0000] {taskmixin.py:205} WARNING - Dependency <Task(BashOperator): delete_tag>, create_tag already registered for DAG: example_complex
[2023-02-01T12:03:41.328+0000] {processor.py:753} INFO - DAG(s) dict_keys(['example_complex']) retrieved from /home/airflow/.local/lib/python3.7/site-packages/airflow/example_dags/example_complex.py
[2023-02-01T12:03:41.372+0000] {logging_mixin.py:137} INFO - [2023-02-01T12:03:41.372+0000] {dag.py:2690} INFO - Sync 1 DAGs
[2023-02-01T12:03:41.405+0000] {logging_mixin.py:137} INFO - [2023-02-01T12:03:41.404+0000] {dag.py:3441} INFO - Setting next_dagrun for example_complex to None, run_after=None
[2023-02-01T12:03:41.429+0000] {processor.py:175} INFO - Processing /home/airflow/.local/lib/python3.7/site-packages/airflow/example_dags/example_complex.py took 0.146 seconds
[2023-02-01T12:04:12.278+0000] {processor.py:153} INFO - Started process (PID=875) to work on /home/airflow/.local/lib/python3.7/site-packages/airflow/example_dags/example_complex.py
[2023-02-01T12:04:12.279+0000] {processor.py:743} INFO - Processing file /home/airflow/.local/lib/python3.7/site-packages/airflow/example_dags/example_complex.py for tasks to queue
[2023-02-01T12:04:12.280+0000] {logging_mixin.py:137} INFO - [2023-02-01T12:04:12.280+0000] {dagbag.py:538} INFO - Filling up the DagBag from /home/airflow/.local/lib/python3.7/site-packages/airflow/example_dags/example_complex.py
[2023-02-01T12:04:12.293+0000] {logging_mixin.py:137} INFO - [2023-02-01T12:04:12.293+0000] {taskmixin.py:205} WARNING - Dependency <Task(BashOperator): create_entry_group>, delete_entry_group already registered for DAG: example_complex
[2023-02-01T12:04:12.293+0000] {logging_mixin.py:137} INFO - [2023-02-01T12:04:12.293+0000] {taskmixin.py:205} WARNING - Dependency <Task(BashOperator): delete_entry_group>, create_entry_group already registered for DAG: example_complex
[2023-02-01T12:04:12.294+0000] {logging_mixin.py:137} INFO - [2023-02-01T12:04:12.293+0000] {taskmixin.py:205} WARNING - Dependency <Task(BashOperator): create_entry_gcs>, delete_entry already registered for DAG: example_complex
[2023-02-01T12:04:12.294+0000] {logging_mixin.py:137} INFO - [2023-02-01T12:04:12.294+0000] {taskmixin.py:205} WARNING - Dependency <Task(BashOperator): delete_entry>, create_entry_gcs already registered for DAG: example_complex
[2023-02-01T12:04:12.294+0000] {logging_mixin.py:137} INFO - [2023-02-01T12:04:12.294+0000] {taskmixin.py:205} WARNING - Dependency <Task(BashOperator): create_tag>, delete_tag already registered for DAG: example_complex
[2023-02-01T12:04:12.295+0000] {logging_mixin.py:137} INFO - [2023-02-01T12:04:12.294+0000] {taskmixin.py:205} WARNING - Dependency <Task(BashOperator): delete_tag>, create_tag already registered for DAG: example_complex
[2023-02-01T12:04:12.306+0000] {processor.py:753} INFO - DAG(s) dict_keys(['example_complex']) retrieved from /home/airflow/.local/lib/python3.7/site-packages/airflow/example_dags/example_complex.py
[2023-02-01T12:04:12.351+0000] {logging_mixin.py:137} INFO - [2023-02-01T12:04:12.351+0000] {dag.py:2690} INFO - Sync 1 DAGs
[2023-02-01T12:04:12.384+0000] {logging_mixin.py:137} INFO - [2023-02-01T12:04:12.384+0000] {dag.py:3441} INFO - Setting next_dagrun for example_complex to None, run_after=None
[2023-02-01T12:04:12.413+0000] {processor.py:175} INFO - Processing /home/airflow/.local/lib/python3.7/site-packages/airflow/example_dags/example_complex.py took 0.139 seconds
[2023-02-01T12:04:43.179+0000] {processor.py:153} INFO - Started process (PID=940) to work on /home/airflow/.local/lib/python3.7/site-packages/airflow/example_dags/example_complex.py
[2023-02-01T12:04:43.180+0000] {processor.py:743} INFO - Processing file /home/airflow/.local/lib/python3.7/site-packages/airflow/example_dags/example_complex.py for tasks to queue
[2023-02-01T12:04:43.181+0000] {logging_mixin.py:137} INFO - [2023-02-01T12:04:43.181+0000] {dagbag.py:538} INFO - Filling up the DagBag from /home/airflow/.local/lib/python3.7/site-packages/airflow/example_dags/example_complex.py
[2023-02-01T12:04:43.191+0000] {logging_mixin.py:137} INFO - [2023-02-01T12:04:43.190+0000] {taskmixin.py:205} WARNING - Dependency <Task(BashOperator): create_entry_group>, delete_entry_group already registered for DAG: example_complex
[2023-02-01T12:04:43.191+0000] {logging_mixin.py:137} INFO - [2023-02-01T12:04:43.191+0000] {taskmixin.py:205} WARNING - Dependency <Task(BashOperator): delete_entry_group>, create_entry_group already registered for DAG: example_complex
[2023-02-01T12:04:43.191+0000] {logging_mixin.py:137} INFO - [2023-02-01T12:04:43.191+0000] {taskmixin.py:205} WARNING - Dependency <Task(BashOperator): create_entry_gcs>, delete_entry already registered for DAG: example_complex
[2023-02-01T12:04:43.191+0000] {logging_mixin.py:137} INFO - [2023-02-01T12:04:43.191+0000] {taskmixin.py:205} WARNING - Dependency <Task(BashOperator): delete_entry>, create_entry_gcs already registered for DAG: example_complex
[2023-02-01T12:04:43.192+0000] {logging_mixin.py:137} INFO - [2023-02-01T12:04:43.192+0000] {taskmixin.py:205} WARNING - Dependency <Task(BashOperator): create_tag>, delete_tag already registered for DAG: example_complex
[2023-02-01T12:04:43.192+0000] {logging_mixin.py:137} INFO - [2023-02-01T12:04:43.192+0000] {taskmixin.py:205} WARNING - Dependency <Task(BashOperator): delete_tag>, create_tag already registered for DAG: example_complex
[2023-02-01T12:04:43.199+0000] {processor.py:753} INFO - DAG(s) dict_keys(['example_complex']) retrieved from /home/airflow/.local/lib/python3.7/site-packages/airflow/example_dags/example_complex.py
[2023-02-01T12:04:43.225+0000] {logging_mixin.py:137} INFO - [2023-02-01T12:04:43.224+0000] {dag.py:2690} INFO - Sync 1 DAGs
[2023-02-01T12:04:43.245+0000] {logging_mixin.py:137} INFO - [2023-02-01T12:04:43.244+0000] {dag.py:3441} INFO - Setting next_dagrun for example_complex to None, run_after=None
[2023-02-01T12:04:43.261+0000] {processor.py:175} INFO - Processing /home/airflow/.local/lib/python3.7/site-packages/airflow/example_dags/example_complex.py took 0.085 seconds
[2023-02-01T12:05:13.963+0000] {processor.py:153} INFO - Started process (PID=1019) to work on /home/airflow/.local/lib/python3.7/site-packages/airflow/example_dags/example_complex.py
[2023-02-01T12:05:13.964+0000] {processor.py:743} INFO - Processing file /home/airflow/.local/lib/python3.7/site-packages/airflow/example_dags/example_complex.py for tasks to queue
[2023-02-01T12:05:13.964+0000] {logging_mixin.py:137} INFO - [2023-02-01T12:05:13.964+0000] {dagbag.py:538} INFO - Filling up the DagBag from /home/airflow/.local/lib/python3.7/site-packages/airflow/example_dags/example_complex.py
[2023-02-01T12:05:13.978+0000] {logging_mixin.py:137} INFO - [2023-02-01T12:05:13.977+0000] {taskmixin.py:205} WARNING - Dependency <Task(BashOperator): create_entry_group>, delete_entry_group already registered for DAG: example_complex
[2023-02-01T12:05:13.978+0000] {logging_mixin.py:137} INFO - [2023-02-01T12:05:13.978+0000] {taskmixin.py:205} WARNING - Dependency <Task(BashOperator): delete_entry_group>, create_entry_group already registered for DAG: example_complex
[2023-02-01T12:05:13.978+0000] {logging_mixin.py:137} INFO - [2023-02-01T12:05:13.978+0000] {taskmixin.py:205} WARNING - Dependency <Task(BashOperator): create_entry_gcs>, delete_entry already registered for DAG: example_complex
[2023-02-01T12:05:13.978+0000] {logging_mixin.py:137} INFO - [2023-02-01T12:05:13.978+0000] {taskmixin.py:205} WARNING - Dependency <Task(BashOperator): delete_entry>, create_entry_gcs already registered for DAG: example_complex
[2023-02-01T12:05:13.979+0000] {logging_mixin.py:137} INFO - [2023-02-01T12:05:13.979+0000] {taskmixin.py:205} WARNING - Dependency <Task(BashOperator): create_tag>, delete_tag already registered for DAG: example_complex
[2023-02-01T12:05:13.979+0000] {logging_mixin.py:137} INFO - [2023-02-01T12:05:13.979+0000] {taskmixin.py:205} WARNING - Dependency <Task(BashOperator): delete_tag>, create_tag already registered for DAG: example_complex
[2023-02-01T12:05:13.988+0000] {processor.py:753} INFO - DAG(s) dict_keys(['example_complex']) retrieved from /home/airflow/.local/lib/python3.7/site-packages/airflow/example_dags/example_complex.py
[2023-02-01T12:05:14.024+0000] {logging_mixin.py:137} INFO - [2023-02-01T12:05:14.024+0000] {dag.py:2690} INFO - Sync 1 DAGs
[2023-02-01T12:05:14.067+0000] {logging_mixin.py:137} INFO - [2023-02-01T12:05:14.067+0000] {dag.py:3441} INFO - Setting next_dagrun for example_complex to None, run_after=None
[2023-02-01T12:05:14.094+0000] {processor.py:175} INFO - Processing /home/airflow/.local/lib/python3.7/site-packages/airflow/example_dags/example_complex.py took 0.135 seconds
[2023-02-01T12:05:44.501+0000] {processor.py:153} INFO - Started process (PID=1084) to work on /home/airflow/.local/lib/python3.7/site-packages/airflow/example_dags/example_complex.py
[2023-02-01T12:05:44.502+0000] {processor.py:743} INFO - Processing file /home/airflow/.local/lib/python3.7/site-packages/airflow/example_dags/example_complex.py for tasks to queue
[2023-02-01T12:05:44.503+0000] {logging_mixin.py:137} INFO - [2023-02-01T12:05:44.503+0000] {dagbag.py:538} INFO - Filling up the DagBag from /home/airflow/.local/lib/python3.7/site-packages/airflow/example_dags/example_complex.py
[2023-02-01T12:05:44.515+0000] {logging_mixin.py:137} INFO - [2023-02-01T12:05:44.515+0000] {taskmixin.py:205} WARNING - Dependency <Task(BashOperator): create_entry_group>, delete_entry_group already registered for DAG: example_complex
[2023-02-01T12:05:44.515+0000] {logging_mixin.py:137} INFO - [2023-02-01T12:05:44.515+0000] {taskmixin.py:205} WARNING - Dependency <Task(BashOperator): delete_entry_group>, create_entry_group already registered for DAG: example_complex
[2023-02-01T12:05:44.516+0000] {logging_mixin.py:137} INFO - [2023-02-01T12:05:44.516+0000] {taskmixin.py:205} WARNING - Dependency <Task(BashOperator): create_entry_gcs>, delete_entry already registered for DAG: example_complex
[2023-02-01T12:05:44.516+0000] {logging_mixin.py:137} INFO - [2023-02-01T12:05:44.516+0000] {taskmixin.py:205} WARNING - Dependency <Task(BashOperator): delete_entry>, create_entry_gcs already registered for DAG: example_complex
[2023-02-01T12:05:44.516+0000] {logging_mixin.py:137} INFO - [2023-02-01T12:05:44.516+0000] {taskmixin.py:205} WARNING - Dependency <Task(BashOperator): create_tag>, delete_tag already registered for DAG: example_complex
[2023-02-01T12:05:44.517+0000] {logging_mixin.py:137} INFO - [2023-02-01T12:05:44.516+0000] {taskmixin.py:205} WARNING - Dependency <Task(BashOperator): delete_tag>, create_tag already registered for DAG: example_complex
[2023-02-01T12:05:44.524+0000] {processor.py:753} INFO - DAG(s) dict_keys(['example_complex']) retrieved from /home/airflow/.local/lib/python3.7/site-packages/airflow/example_dags/example_complex.py
[2023-02-01T12:05:44.555+0000] {logging_mixin.py:137} INFO - [2023-02-01T12:05:44.555+0000] {dag.py:2690} INFO - Sync 1 DAGs
[2023-02-01T12:05:44.577+0000] {logging_mixin.py:137} INFO - [2023-02-01T12:05:44.577+0000] {dag.py:3441} INFO - Setting next_dagrun for example_complex to None, run_after=None
[2023-02-01T12:05:44.593+0000] {processor.py:175} INFO - Processing /home/airflow/.local/lib/python3.7/site-packages/airflow/example_dags/example_complex.py took 0.096 seconds
[2023-02-01T12:06:15.079+0000] {processor.py:153} INFO - Started process (PID=1162) to work on /home/airflow/.local/lib/python3.7/site-packages/airflow/example_dags/example_complex.py
[2023-02-01T12:06:15.081+0000] {processor.py:743} INFO - Processing file /home/airflow/.local/lib/python3.7/site-packages/airflow/example_dags/example_complex.py for tasks to queue
[2023-02-01T12:06:15.083+0000] {logging_mixin.py:137} INFO - [2023-02-01T12:06:15.083+0000] {dagbag.py:538} INFO - Filling up the DagBag from /home/airflow/.local/lib/python3.7/site-packages/airflow/example_dags/example_complex.py
[2023-02-01T12:06:15.098+0000] {logging_mixin.py:137} INFO - [2023-02-01T12:06:15.098+0000] {taskmixin.py:205} WARNING - Dependency <Task(BashOperator): create_entry_group>, delete_entry_group already registered for DAG: example_complex
[2023-02-01T12:06:15.098+0000] {logging_mixin.py:137} INFO - [2023-02-01T12:06:15.098+0000] {taskmixin.py:205} WARNING - Dependency <Task(BashOperator): delete_entry_group>, create_entry_group already registered for DAG: example_complex
[2023-02-01T12:06:15.099+0000] {logging_mixin.py:137} INFO - [2023-02-01T12:06:15.099+0000] {taskmixin.py:205} WARNING - Dependency <Task(BashOperator): create_entry_gcs>, delete_entry already registered for DAG: example_complex
[2023-02-01T12:06:15.099+0000] {logging_mixin.py:137} INFO - [2023-02-01T12:06:15.099+0000] {taskmixin.py:205} WARNING - Dependency <Task(BashOperator): delete_entry>, create_entry_gcs already registered for DAG: example_complex
[2023-02-01T12:06:15.100+0000] {logging_mixin.py:137} INFO - [2023-02-01T12:06:15.100+0000] {taskmixin.py:205} WARNING - Dependency <Task(BashOperator): create_tag>, delete_tag already registered for DAG: example_complex
[2023-02-01T12:06:15.101+0000] {logging_mixin.py:137} INFO - [2023-02-01T12:06:15.101+0000] {taskmixin.py:205} WARNING - Dependency <Task(BashOperator): delete_tag>, create_tag already registered for DAG: example_complex
[2023-02-01T12:06:15.109+0000] {processor.py:753} INFO - DAG(s) dict_keys(['example_complex']) retrieved from /home/airflow/.local/lib/python3.7/site-packages/airflow/example_dags/example_complex.py
[2023-02-01T12:06:15.135+0000] {logging_mixin.py:137} INFO - [2023-02-01T12:06:15.135+0000] {dag.py:2690} INFO - Sync 1 DAGs
[2023-02-01T12:06:15.159+0000] {logging_mixin.py:137} INFO - [2023-02-01T12:06:15.159+0000] {dag.py:3441} INFO - Setting next_dagrun for example_complex to None, run_after=None
[2023-02-01T12:06:15.176+0000] {processor.py:175} INFO - Processing /home/airflow/.local/lib/python3.7/site-packages/airflow/example_dags/example_complex.py took 0.101 seconds
[2023-02-01T12:06:46.094+0000] {processor.py:153} INFO - Started process (PID=1240) to work on /home/airflow/.local/lib/python3.7/site-packages/airflow/example_dags/example_complex.py
[2023-02-01T12:06:46.096+0000] {processor.py:743} INFO - Processing file /home/airflow/.local/lib/python3.7/site-packages/airflow/example_dags/example_complex.py for tasks to queue
[2023-02-01T12:06:46.097+0000] {logging_mixin.py:137} INFO - [2023-02-01T12:06:46.097+0000] {dagbag.py:538} INFO - Filling up the DagBag from /home/airflow/.local/lib/python3.7/site-packages/airflow/example_dags/example_complex.py
[2023-02-01T12:06:46.108+0000] {logging_mixin.py:137} INFO - [2023-02-01T12:06:46.107+0000] {taskmixin.py:205} WARNING - Dependency <Task(BashOperator): create_entry_group>, delete_entry_group already registered for DAG: example_complex
[2023-02-01T12:06:46.108+0000] {logging_mixin.py:137} INFO - [2023-02-01T12:06:46.108+0000] {taskmixin.py:205} WARNING - Dependency <Task(BashOperator): delete_entry_group>, create_entry_group already registered for DAG: example_complex
[2023-02-01T12:06:46.108+0000] {logging_mixin.py:137} INFO - [2023-02-01T12:06:46.108+0000] {taskmixin.py:205} WARNING - Dependency <Task(BashOperator): create_entry_gcs>, delete_entry already registered for DAG: example_complex
[2023-02-01T12:06:46.108+0000] {logging_mixin.py:137} INFO - [2023-02-01T12:06:46.108+0000] {taskmixin.py:205} WARNING - Dependency <Task(BashOperator): delete_entry>, create_entry_gcs already registered for DAG: example_complex
[2023-02-01T12:06:46.109+0000] {logging_mixin.py:137} INFO - [2023-02-01T12:06:46.109+0000] {taskmixin.py:205} WARNING - Dependency <Task(BashOperator): create_tag>, delete_tag already registered for DAG: example_complex
[2023-02-01T12:06:46.109+0000] {logging_mixin.py:137} INFO - [2023-02-01T12:06:46.109+0000] {taskmixin.py:205} WARNING - Dependency <Task(BashOperator): delete_tag>, create_tag already registered for DAG: example_complex
[2023-02-01T12:06:46.117+0000] {processor.py:753} INFO - DAG(s) dict_keys(['example_complex']) retrieved from /home/airflow/.local/lib/python3.7/site-packages/airflow/example_dags/example_complex.py
[2023-02-01T12:06:46.151+0000] {logging_mixin.py:137} INFO - [2023-02-01T12:06:46.151+0000] {dag.py:2690} INFO - Sync 1 DAGs
[2023-02-01T12:06:46.173+0000] {logging_mixin.py:137} INFO - [2023-02-01T12:06:46.173+0000] {dag.py:3441} INFO - Setting next_dagrun for example_complex to None, run_after=None
[2023-02-01T12:06:46.194+0000] {processor.py:175} INFO - Processing /home/airflow/.local/lib/python3.7/site-packages/airflow/example_dags/example_complex.py took 0.104 seconds
[2023-02-01T12:07:16.959+0000] {processor.py:153} INFO - Started process (PID=1304) to work on /home/airflow/.local/lib/python3.7/site-packages/airflow/example_dags/example_complex.py
[2023-02-01T12:07:16.960+0000] {processor.py:743} INFO - Processing file /home/airflow/.local/lib/python3.7/site-packages/airflow/example_dags/example_complex.py for tasks to queue
[2023-02-01T12:07:16.961+0000] {logging_mixin.py:137} INFO - [2023-02-01T12:07:16.961+0000] {dagbag.py:538} INFO - Filling up the DagBag from /home/airflow/.local/lib/python3.7/site-packages/airflow/example_dags/example_complex.py
[2023-02-01T12:07:16.973+0000] {logging_mixin.py:137} INFO - [2023-02-01T12:07:16.972+0000] {taskmixin.py:205} WARNING - Dependency <Task(BashOperator): create_entry_group>, delete_entry_group already registered for DAG: example_complex
[2023-02-01T12:07:16.973+0000] {logging_mixin.py:137} INFO - [2023-02-01T12:07:16.973+0000] {taskmixin.py:205} WARNING - Dependency <Task(BashOperator): delete_entry_group>, create_entry_group already registered for DAG: example_complex
[2023-02-01T12:07:16.973+0000] {logging_mixin.py:137} INFO - [2023-02-01T12:07:16.973+0000] {taskmixin.py:205} WARNING - Dependency <Task(BashOperator): create_entry_gcs>, delete_entry already registered for DAG: example_complex
[2023-02-01T12:07:16.973+0000] {logging_mixin.py:137} INFO - [2023-02-01T12:07:16.973+0000] {taskmixin.py:205} WARNING - Dependency <Task(BashOperator): delete_entry>, create_entry_gcs already registered for DAG: example_complex
[2023-02-01T12:07:16.974+0000] {logging_mixin.py:137} INFO - [2023-02-01T12:07:16.974+0000] {taskmixin.py:205} WARNING - Dependency <Task(BashOperator): create_tag>, delete_tag already registered for DAG: example_complex
[2023-02-01T12:07:16.974+0000] {logging_mixin.py:137} INFO - [2023-02-01T12:07:16.974+0000] {taskmixin.py:205} WARNING - Dependency <Task(BashOperator): delete_tag>, create_tag already registered for DAG: example_complex
[2023-02-01T12:07:16.981+0000] {processor.py:753} INFO - DAG(s) dict_keys(['example_complex']) retrieved from /home/airflow/.local/lib/python3.7/site-packages/airflow/example_dags/example_complex.py
[2023-02-01T12:07:17.010+0000] {logging_mixin.py:137} INFO - [2023-02-01T12:07:17.010+0000] {dag.py:2690} INFO - Sync 1 DAGs
[2023-02-01T12:07:17.034+0000] {logging_mixin.py:137} INFO - [2023-02-01T12:07:17.034+0000] {dag.py:3441} INFO - Setting next_dagrun for example_complex to None, run_after=None
[2023-02-01T12:07:17.063+0000] {processor.py:175} INFO - Processing /home/airflow/.local/lib/python3.7/site-packages/airflow/example_dags/example_complex.py took 0.107 seconds
[2023-02-01T12:07:47.487+0000] {processor.py:153} INFO - Started process (PID=1383) to work on /home/airflow/.local/lib/python3.7/site-packages/airflow/example_dags/example_complex.py
[2023-02-01T12:07:47.488+0000] {processor.py:743} INFO - Processing file /home/airflow/.local/lib/python3.7/site-packages/airflow/example_dags/example_complex.py for tasks to queue
[2023-02-01T12:07:47.489+0000] {logging_mixin.py:137} INFO - [2023-02-01T12:07:47.489+0000] {dagbag.py:538} INFO - Filling up the DagBag from /home/airflow/.local/lib/python3.7/site-packages/airflow/example_dags/example_complex.py
[2023-02-01T12:07:47.500+0000] {logging_mixin.py:137} INFO - [2023-02-01T12:07:47.500+0000] {taskmixin.py:205} WARNING - Dependency <Task(BashOperator): create_entry_group>, delete_entry_group already registered for DAG: example_complex
[2023-02-01T12:07:47.500+0000] {logging_mixin.py:137} INFO - [2023-02-01T12:07:47.500+0000] {taskmixin.py:205} WARNING - Dependency <Task(BashOperator): delete_entry_group>, create_entry_group already registered for DAG: example_complex
[2023-02-01T12:07:47.500+0000] {logging_mixin.py:137} INFO - [2023-02-01T12:07:47.500+0000] {taskmixin.py:205} WARNING - Dependency <Task(BashOperator): create_entry_gcs>, delete_entry already registered for DAG: example_complex
[2023-02-01T12:07:47.500+0000] {logging_mixin.py:137} INFO - [2023-02-01T12:07:47.500+0000] {taskmixin.py:205} WARNING - Dependency <Task(BashOperator): delete_entry>, create_entry_gcs already registered for DAG: example_complex
[2023-02-01T12:07:47.501+0000] {logging_mixin.py:137} INFO - [2023-02-01T12:07:47.501+0000] {taskmixin.py:205} WARNING - Dependency <Task(BashOperator): create_tag>, delete_tag already registered for DAG: example_complex
[2023-02-01T12:07:47.501+0000] {logging_mixin.py:137} INFO - [2023-02-01T12:07:47.501+0000] {taskmixin.py:205} WARNING - Dependency <Task(BashOperator): delete_tag>, create_tag already registered for DAG: example_complex
[2023-02-01T12:07:47.508+0000] {processor.py:753} INFO - DAG(s) dict_keys(['example_complex']) retrieved from /home/airflow/.local/lib/python3.7/site-packages/airflow/example_dags/example_complex.py
[2023-02-01T12:07:47.537+0000] {logging_mixin.py:137} INFO - [2023-02-01T12:07:47.537+0000] {dag.py:2690} INFO - Sync 1 DAGs
[2023-02-01T12:07:47.563+0000] {logging_mixin.py:137} INFO - [2023-02-01T12:07:47.563+0000] {dag.py:3441} INFO - Setting next_dagrun for example_complex to None, run_after=None
[2023-02-01T12:07:47.591+0000] {processor.py:175} INFO - Processing /home/airflow/.local/lib/python3.7/site-packages/airflow/example_dags/example_complex.py took 0.108 seconds
