[2023-02-01T11:58:30.918+0000] {processor.py:153} INFO - Started process (PID=48) to work on /home/airflow/.local/lib/python3.7/site-packages/airflow/example_dags/example_short_circuit_operator.py
[2023-02-01T11:58:30.920+0000] {processor.py:743} INFO - Processing file /home/airflow/.local/lib/python3.7/site-packages/airflow/example_dags/example_short_circuit_operator.py for tasks to queue
[2023-02-01T11:58:30.921+0000] {logging_mixin.py:137} INFO - [2023-02-01T11:58:30.921+0000] {dagbag.py:538} INFO - Filling up the DagBag from /home/airflow/.local/lib/python3.7/site-packages/airflow/example_dags/example_short_circuit_operator.py
[2023-02-01T11:58:30.960+0000] {processor.py:753} INFO - DAG(s) dict_keys(['example_short_circuit_operator']) retrieved from /home/airflow/.local/lib/python3.7/site-packages/airflow/example_dags/example_short_circuit_operator.py
[2023-02-01T11:58:30.974+0000] {logging_mixin.py:137} INFO - [2023-02-01T11:58:30.974+0000] {dag.py:2690} INFO - Sync 1 DAGs
[2023-02-01T11:58:31.033+0000] {logging_mixin.py:137} INFO - [2023-02-01T11:58:31.033+0000] {dag.py:3441} INFO - Setting next_dagrun for example_short_circuit_operator to 2023-01-31T11:58:31.032680+00:00, run_after=2023-02-01T11:58:31.032680+00:00
[2023-02-01T11:58:31.071+0000] {processor.py:175} INFO - Processing /home/airflow/.local/lib/python3.7/site-packages/airflow/example_dags/example_short_circuit_operator.py took 0.156 seconds
[2023-02-01T11:59:01.369+0000] {processor.py:153} INFO - Started process (PID=124) to work on /home/airflow/.local/lib/python3.7/site-packages/airflow/example_dags/example_short_circuit_operator.py
[2023-02-01T11:59:01.370+0000] {processor.py:743} INFO - Processing file /home/airflow/.local/lib/python3.7/site-packages/airflow/example_dags/example_short_circuit_operator.py for tasks to queue
[2023-02-01T11:59:01.371+0000] {logging_mixin.py:137} INFO - [2023-02-01T11:59:01.371+0000] {dagbag.py:538} INFO - Filling up the DagBag from /home/airflow/.local/lib/python3.7/site-packages/airflow/example_dags/example_short_circuit_operator.py
[2023-02-01T11:59:01.391+0000] {processor.py:753} INFO - DAG(s) dict_keys(['example_short_circuit_operator']) retrieved from /home/airflow/.local/lib/python3.7/site-packages/airflow/example_dags/example_short_circuit_operator.py
[2023-02-01T11:59:01.423+0000] {logging_mixin.py:137} INFO - [2023-02-01T11:59:01.423+0000] {dag.py:2690} INFO - Sync 1 DAGs
[2023-02-01T11:59:01.454+0000] {logging_mixin.py:137} INFO - [2023-02-01T11:59:01.454+0000] {dag.py:3441} INFO - Setting next_dagrun for example_short_circuit_operator to 2023-01-31T11:59:01.453987+00:00, run_after=2023-02-01T11:59:01.453987+00:00
[2023-02-01T11:59:01.480+0000] {processor.py:175} INFO - Processing /home/airflow/.local/lib/python3.7/site-packages/airflow/example_dags/example_short_circuit_operator.py took 0.114 seconds
[2023-02-01T11:59:32.279+0000] {processor.py:153} INFO - Started process (PID=190) to work on /home/airflow/.local/lib/python3.7/site-packages/airflow/example_dags/example_short_circuit_operator.py
[2023-02-01T11:59:32.280+0000] {processor.py:743} INFO - Processing file /home/airflow/.local/lib/python3.7/site-packages/airflow/example_dags/example_short_circuit_operator.py for tasks to queue
[2023-02-01T11:59:32.282+0000] {logging_mixin.py:137} INFO - [2023-02-01T11:59:32.282+0000] {dagbag.py:538} INFO - Filling up the DagBag from /home/airflow/.local/lib/python3.7/site-packages/airflow/example_dags/example_short_circuit_operator.py
[2023-02-01T11:59:32.304+0000] {processor.py:753} INFO - DAG(s) dict_keys(['example_short_circuit_operator']) retrieved from /home/airflow/.local/lib/python3.7/site-packages/airflow/example_dags/example_short_circuit_operator.py
[2023-02-01T11:59:32.334+0000] {logging_mixin.py:137} INFO - [2023-02-01T11:59:32.334+0000] {dag.py:2690} INFO - Sync 1 DAGs
[2023-02-01T11:59:32.365+0000] {logging_mixin.py:137} INFO - [2023-02-01T11:59:32.365+0000] {dag.py:3441} INFO - Setting next_dagrun for example_short_circuit_operator to 2023-01-31T11:59:32.365608+00:00, run_after=2023-02-01T11:59:32.365608+00:00
[2023-02-01T11:59:32.382+0000] {processor.py:175} INFO - Processing /home/airflow/.local/lib/python3.7/site-packages/airflow/example_dags/example_short_circuit_operator.py took 0.108 seconds
[2023-02-01T12:00:03.124+0000] {processor.py:153} INFO - Started process (PID=269) to work on /home/airflow/.local/lib/python3.7/site-packages/airflow/example_dags/example_short_circuit_operator.py
[2023-02-01T12:00:03.126+0000] {processor.py:743} INFO - Processing file /home/airflow/.local/lib/python3.7/site-packages/airflow/example_dags/example_short_circuit_operator.py for tasks to queue
[2023-02-01T12:00:03.128+0000] {logging_mixin.py:137} INFO - [2023-02-01T12:00:03.127+0000] {dagbag.py:538} INFO - Filling up the DagBag from /home/airflow/.local/lib/python3.7/site-packages/airflow/example_dags/example_short_circuit_operator.py
[2023-02-01T12:00:03.153+0000] {processor.py:753} INFO - DAG(s) dict_keys(['example_short_circuit_operator']) retrieved from /home/airflow/.local/lib/python3.7/site-packages/airflow/example_dags/example_short_circuit_operator.py
[2023-02-01T12:00:03.182+0000] {logging_mixin.py:137} INFO - [2023-02-01T12:00:03.182+0000] {dag.py:2690} INFO - Sync 1 DAGs
[2023-02-01T12:00:03.211+0000] {logging_mixin.py:137} INFO - [2023-02-01T12:00:03.211+0000] {dag.py:3441} INFO - Setting next_dagrun for example_short_circuit_operator to 2023-01-31T12:00:03.211175+00:00, run_after=2023-02-01T12:00:03.211175+00:00
[2023-02-01T12:00:03.227+0000] {processor.py:175} INFO - Processing /home/airflow/.local/lib/python3.7/site-packages/airflow/example_dags/example_short_circuit_operator.py took 0.107 seconds
[2023-02-01T12:00:33.753+0000] {processor.py:153} INFO - Started process (PID=347) to work on /home/airflow/.local/lib/python3.7/site-packages/airflow/example_dags/example_short_circuit_operator.py
[2023-02-01T12:00:33.754+0000] {processor.py:743} INFO - Processing file /home/airflow/.local/lib/python3.7/site-packages/airflow/example_dags/example_short_circuit_operator.py for tasks to queue
[2023-02-01T12:00:33.756+0000] {logging_mixin.py:137} INFO - [2023-02-01T12:00:33.755+0000] {dagbag.py:538} INFO - Filling up the DagBag from /home/airflow/.local/lib/python3.7/site-packages/airflow/example_dags/example_short_circuit_operator.py
[2023-02-01T12:00:33.776+0000] {processor.py:753} INFO - DAG(s) dict_keys(['example_short_circuit_operator']) retrieved from /home/airflow/.local/lib/python3.7/site-packages/airflow/example_dags/example_short_circuit_operator.py
[2023-02-01T12:00:33.809+0000] {logging_mixin.py:137} INFO - [2023-02-01T12:00:33.808+0000] {dag.py:2690} INFO - Sync 1 DAGs
[2023-02-01T12:00:33.921+0000] {logging_mixin.py:137} INFO - [2023-02-01T12:00:33.921+0000] {dag.py:3441} INFO - Setting next_dagrun for example_short_circuit_operator to 2023-01-31T12:00:33.920815+00:00, run_after=2023-02-01T12:00:33.920815+00:00
[2023-02-01T12:00:33.964+0000] {processor.py:175} INFO - Processing /home/airflow/.local/lib/python3.7/site-packages/airflow/example_dags/example_short_circuit_operator.py took 0.215 seconds
[2023-02-01T12:01:04.575+0000] {processor.py:153} INFO - Started process (PID=412) to work on /home/airflow/.local/lib/python3.7/site-packages/airflow/example_dags/example_short_circuit_operator.py
[2023-02-01T12:01:04.576+0000] {processor.py:743} INFO - Processing file /home/airflow/.local/lib/python3.7/site-packages/airflow/example_dags/example_short_circuit_operator.py for tasks to queue
[2023-02-01T12:01:04.577+0000] {logging_mixin.py:137} INFO - [2023-02-01T12:01:04.576+0000] {dagbag.py:538} INFO - Filling up the DagBag from /home/airflow/.local/lib/python3.7/site-packages/airflow/example_dags/example_short_circuit_operator.py
[2023-02-01T12:01:04.593+0000] {processor.py:753} INFO - DAG(s) dict_keys(['example_short_circuit_operator']) retrieved from /home/airflow/.local/lib/python3.7/site-packages/airflow/example_dags/example_short_circuit_operator.py
[2023-02-01T12:01:04.627+0000] {logging_mixin.py:137} INFO - [2023-02-01T12:01:04.627+0000] {dag.py:2690} INFO - Sync 1 DAGs
[2023-02-01T12:01:04.656+0000] {logging_mixin.py:137} INFO - [2023-02-01T12:01:04.656+0000] {dag.py:3441} INFO - Setting next_dagrun for example_short_circuit_operator to 2023-01-31T12:01:04.656556+00:00, run_after=2023-02-01T12:01:04.656556+00:00
[2023-02-01T12:01:04.673+0000] {processor.py:175} INFO - Processing /home/airflow/.local/lib/python3.7/site-packages/airflow/example_dags/example_short_circuit_operator.py took 0.102 seconds
[2023-02-01T12:01:35.475+0000] {processor.py:153} INFO - Started process (PID=491) to work on /home/airflow/.local/lib/python3.7/site-packages/airflow/example_dags/example_short_circuit_operator.py
[2023-02-01T12:01:35.476+0000] {processor.py:743} INFO - Processing file /home/airflow/.local/lib/python3.7/site-packages/airflow/example_dags/example_short_circuit_operator.py for tasks to queue
[2023-02-01T12:01:35.478+0000] {logging_mixin.py:137} INFO - [2023-02-01T12:01:35.477+0000] {dagbag.py:538} INFO - Filling up the DagBag from /home/airflow/.local/lib/python3.7/site-packages/airflow/example_dags/example_short_circuit_operator.py
[2023-02-01T12:01:35.499+0000] {processor.py:753} INFO - DAG(s) dict_keys(['example_short_circuit_operator']) retrieved from /home/airflow/.local/lib/python3.7/site-packages/airflow/example_dags/example_short_circuit_operator.py
[2023-02-01T12:01:35.527+0000] {logging_mixin.py:137} INFO - [2023-02-01T12:01:35.527+0000] {dag.py:2690} INFO - Sync 1 DAGs
[2023-02-01T12:01:35.552+0000] {logging_mixin.py:137} INFO - [2023-02-01T12:01:35.552+0000] {dag.py:3441} INFO - Setting next_dagrun for example_short_circuit_operator to 2023-01-31T12:01:35.552547+00:00, run_after=2023-02-01T12:01:35.552547+00:00
[2023-02-01T12:01:35.570+0000] {processor.py:175} INFO - Processing /home/airflow/.local/lib/python3.7/site-packages/airflow/example_dags/example_short_circuit_operator.py took 0.098 seconds
[2023-02-01T12:02:06.847+0000] {processor.py:153} INFO - Started process (PID=556) to work on /home/airflow/.local/lib/python3.7/site-packages/airflow/example_dags/example_short_circuit_operator.py
[2023-02-01T12:02:06.849+0000] {processor.py:743} INFO - Processing file /home/airflow/.local/lib/python3.7/site-packages/airflow/example_dags/example_short_circuit_operator.py for tasks to queue
[2023-02-01T12:02:06.851+0000] {logging_mixin.py:137} INFO - [2023-02-01T12:02:06.851+0000] {dagbag.py:538} INFO - Filling up the DagBag from /home/airflow/.local/lib/python3.7/site-packages/airflow/example_dags/example_short_circuit_operator.py
[2023-02-01T12:02:06.877+0000] {processor.py:753} INFO - DAG(s) dict_keys(['example_short_circuit_operator']) retrieved from /home/airflow/.local/lib/python3.7/site-packages/airflow/example_dags/example_short_circuit_operator.py
[2023-02-01T12:02:07.001+0000] {logging_mixin.py:137} INFO - [2023-02-01T12:02:07.000+0000] {dag.py:2690} INFO - Sync 1 DAGs
[2023-02-01T12:02:07.062+0000] {logging_mixin.py:137} INFO - [2023-02-01T12:02:07.062+0000] {dag.py:3441} INFO - Setting next_dagrun for example_short_circuit_operator to 2023-01-31T12:02:07.061636+00:00, run_after=2023-02-01T12:02:07.061636+00:00
[2023-02-01T12:02:07.097+0000] {processor.py:175} INFO - Processing /home/airflow/.local/lib/python3.7/site-packages/airflow/example_dags/example_short_circuit_operator.py took 0.258 seconds
[2023-02-01T12:02:37.970+0000] {processor.py:153} INFO - Started process (PID=633) to work on /home/airflow/.local/lib/python3.7/site-packages/airflow/example_dags/example_short_circuit_operator.py
[2023-02-01T12:02:37.971+0000] {processor.py:743} INFO - Processing file /home/airflow/.local/lib/python3.7/site-packages/airflow/example_dags/example_short_circuit_operator.py for tasks to queue
[2023-02-01T12:02:37.972+0000] {logging_mixin.py:137} INFO - [2023-02-01T12:02:37.972+0000] {dagbag.py:538} INFO - Filling up the DagBag from /home/airflow/.local/lib/python3.7/site-packages/airflow/example_dags/example_short_circuit_operator.py
[2023-02-01T12:02:37.989+0000] {processor.py:753} INFO - DAG(s) dict_keys(['example_short_circuit_operator']) retrieved from /home/airflow/.local/lib/python3.7/site-packages/airflow/example_dags/example_short_circuit_operator.py
[2023-02-01T12:02:38.013+0000] {logging_mixin.py:137} INFO - [2023-02-01T12:02:38.013+0000] {dag.py:2690} INFO - Sync 1 DAGs
[2023-02-01T12:02:38.034+0000] {logging_mixin.py:137} INFO - [2023-02-01T12:02:38.034+0000] {dag.py:3441} INFO - Setting next_dagrun for example_short_circuit_operator to 2023-01-31T12:02:38.034029+00:00, run_after=2023-02-01T12:02:38.034029+00:00
[2023-02-01T12:02:38.060+0000] {processor.py:175} INFO - Processing /home/airflow/.local/lib/python3.7/site-packages/airflow/example_dags/example_short_circuit_operator.py took 0.094 seconds
[2023-02-01T12:03:08.181+0000] {processor.py:153} INFO - Started process (PID=708) to work on /home/airflow/.local/lib/python3.7/site-packages/airflow/example_dags/example_short_circuit_operator.py
[2023-02-01T12:03:08.182+0000] {processor.py:743} INFO - Processing file /home/airflow/.local/lib/python3.7/site-packages/airflow/example_dags/example_short_circuit_operator.py for tasks to queue
[2023-02-01T12:03:08.184+0000] {logging_mixin.py:137} INFO - [2023-02-01T12:03:08.183+0000] {dagbag.py:538} INFO - Filling up the DagBag from /home/airflow/.local/lib/python3.7/site-packages/airflow/example_dags/example_short_circuit_operator.py
[2023-02-01T12:03:08.200+0000] {processor.py:753} INFO - DAG(s) dict_keys(['example_short_circuit_operator']) retrieved from /home/airflow/.local/lib/python3.7/site-packages/airflow/example_dags/example_short_circuit_operator.py
[2023-02-01T12:03:08.227+0000] {logging_mixin.py:137} INFO - [2023-02-01T12:03:08.227+0000] {dag.py:2690} INFO - Sync 1 DAGs
[2023-02-01T12:03:08.254+0000] {logging_mixin.py:137} INFO - [2023-02-01T12:03:08.254+0000] {dag.py:3441} INFO - Setting next_dagrun for example_short_circuit_operator to 2023-01-31T12:03:08.254051+00:00, run_after=2023-02-01T12:03:08.254051+00:00
[2023-02-01T12:03:08.285+0000] {processor.py:175} INFO - Processing /home/airflow/.local/lib/python3.7/site-packages/airflow/example_dags/example_short_circuit_operator.py took 0.107 seconds
[2023-02-01T12:03:38.830+0000] {processor.py:153} INFO - Started process (PID=777) to work on /home/airflow/.local/lib/python3.7/site-packages/airflow/example_dags/example_short_circuit_operator.py
[2023-02-01T12:03:38.831+0000] {processor.py:743} INFO - Processing file /home/airflow/.local/lib/python3.7/site-packages/airflow/example_dags/example_short_circuit_operator.py for tasks to queue
[2023-02-01T12:03:38.834+0000] {logging_mixin.py:137} INFO - [2023-02-01T12:03:38.834+0000] {dagbag.py:538} INFO - Filling up the DagBag from /home/airflow/.local/lib/python3.7/site-packages/airflow/example_dags/example_short_circuit_operator.py
[2023-02-01T12:03:38.865+0000] {processor.py:753} INFO - DAG(s) dict_keys(['example_short_circuit_operator']) retrieved from /home/airflow/.local/lib/python3.7/site-packages/airflow/example_dags/example_short_circuit_operator.py
[2023-02-01T12:03:38.975+0000] {logging_mixin.py:137} INFO - [2023-02-01T12:03:38.975+0000] {dag.py:2690} INFO - Sync 1 DAGs
[2023-02-01T12:03:39.061+0000] {logging_mixin.py:137} INFO - [2023-02-01T12:03:39.061+0000] {dag.py:3441} INFO - Setting next_dagrun for example_short_circuit_operator to 2023-01-31T12:03:39.061170+00:00, run_after=2023-02-01T12:03:39.061170+00:00
[2023-02-01T12:03:39.093+0000] {processor.py:175} INFO - Processing /home/airflow/.local/lib/python3.7/site-packages/airflow/example_dags/example_short_circuit_operator.py took 0.270 seconds
[2023-02-01T12:04:09.834+0000] {processor.py:153} INFO - Started process (PID=850) to work on /home/airflow/.local/lib/python3.7/site-packages/airflow/example_dags/example_short_circuit_operator.py
[2023-02-01T12:04:09.835+0000] {processor.py:743} INFO - Processing file /home/airflow/.local/lib/python3.7/site-packages/airflow/example_dags/example_short_circuit_operator.py for tasks to queue
[2023-02-01T12:04:09.836+0000] {logging_mixin.py:137} INFO - [2023-02-01T12:04:09.836+0000] {dagbag.py:538} INFO - Filling up the DagBag from /home/airflow/.local/lib/python3.7/site-packages/airflow/example_dags/example_short_circuit_operator.py
[2023-02-01T12:04:09.857+0000] {processor.py:753} INFO - DAG(s) dict_keys(['example_short_circuit_operator']) retrieved from /home/airflow/.local/lib/python3.7/site-packages/airflow/example_dags/example_short_circuit_operator.py
[2023-02-01T12:04:09.893+0000] {logging_mixin.py:137} INFO - [2023-02-01T12:04:09.893+0000] {dag.py:2690} INFO - Sync 1 DAGs
[2023-02-01T12:04:09.925+0000] {logging_mixin.py:137} INFO - [2023-02-01T12:04:09.925+0000] {dag.py:3441} INFO - Setting next_dagrun for example_short_circuit_operator to 2023-01-31T12:04:09.925184+00:00, run_after=2023-02-01T12:04:09.925184+00:00
[2023-02-01T12:04:09.956+0000] {processor.py:175} INFO - Processing /home/airflow/.local/lib/python3.7/site-packages/airflow/example_dags/example_short_circuit_operator.py took 0.127 seconds
[2023-02-01T12:04:40.647+0000] {processor.py:153} INFO - Started process (PID=919) to work on /home/airflow/.local/lib/python3.7/site-packages/airflow/example_dags/example_short_circuit_operator.py
[2023-02-01T12:04:40.648+0000] {processor.py:743} INFO - Processing file /home/airflow/.local/lib/python3.7/site-packages/airflow/example_dags/example_short_circuit_operator.py for tasks to queue
[2023-02-01T12:04:40.649+0000] {logging_mixin.py:137} INFO - [2023-02-01T12:04:40.649+0000] {dagbag.py:538} INFO - Filling up the DagBag from /home/airflow/.local/lib/python3.7/site-packages/airflow/example_dags/example_short_circuit_operator.py
[2023-02-01T12:04:40.667+0000] {processor.py:753} INFO - DAG(s) dict_keys(['example_short_circuit_operator']) retrieved from /home/airflow/.local/lib/python3.7/site-packages/airflow/example_dags/example_short_circuit_operator.py
[2023-02-01T12:04:40.697+0000] {logging_mixin.py:137} INFO - [2023-02-01T12:04:40.697+0000] {dag.py:2690} INFO - Sync 1 DAGs
[2023-02-01T12:04:40.722+0000] {logging_mixin.py:137} INFO - [2023-02-01T12:04:40.722+0000] {dag.py:3441} INFO - Setting next_dagrun for example_short_circuit_operator to 2023-01-31T12:04:40.722120+00:00, run_after=2023-02-01T12:04:40.722120+00:00
[2023-02-01T12:04:40.749+0000] {processor.py:175} INFO - Processing /home/airflow/.local/lib/python3.7/site-packages/airflow/example_dags/example_short_circuit_operator.py took 0.106 seconds
[2023-02-01T12:05:11.468+0000] {processor.py:153} INFO - Started process (PID=998) to work on /home/airflow/.local/lib/python3.7/site-packages/airflow/example_dags/example_short_circuit_operator.py
[2023-02-01T12:05:11.469+0000] {processor.py:743} INFO - Processing file /home/airflow/.local/lib/python3.7/site-packages/airflow/example_dags/example_short_circuit_operator.py for tasks to queue
[2023-02-01T12:05:11.470+0000] {logging_mixin.py:137} INFO - [2023-02-01T12:05:11.470+0000] {dagbag.py:538} INFO - Filling up the DagBag from /home/airflow/.local/lib/python3.7/site-packages/airflow/example_dags/example_short_circuit_operator.py
[2023-02-01T12:05:11.487+0000] {processor.py:753} INFO - DAG(s) dict_keys(['example_short_circuit_operator']) retrieved from /home/airflow/.local/lib/python3.7/site-packages/airflow/example_dags/example_short_circuit_operator.py
[2023-02-01T12:05:11.512+0000] {logging_mixin.py:137} INFO - [2023-02-01T12:05:11.512+0000] {dag.py:2690} INFO - Sync 1 DAGs
[2023-02-01T12:05:11.534+0000] {logging_mixin.py:137} INFO - [2023-02-01T12:05:11.534+0000] {dag.py:3441} INFO - Setting next_dagrun for example_short_circuit_operator to 2023-01-31T12:05:11.533791+00:00, run_after=2023-02-01T12:05:11.533791+00:00
[2023-02-01T12:05:11.552+0000] {processor.py:175} INFO - Processing /home/airflow/.local/lib/python3.7/site-packages/airflow/example_dags/example_short_circuit_operator.py took 0.088 seconds
[2023-02-01T12:05:42.138+0000] {processor.py:153} INFO - Started process (PID=1063) to work on /home/airflow/.local/lib/python3.7/site-packages/airflow/example_dags/example_short_circuit_operator.py
[2023-02-01T12:05:42.139+0000] {processor.py:743} INFO - Processing file /home/airflow/.local/lib/python3.7/site-packages/airflow/example_dags/example_short_circuit_operator.py for tasks to queue
[2023-02-01T12:05:42.140+0000] {logging_mixin.py:137} INFO - [2023-02-01T12:05:42.139+0000] {dagbag.py:538} INFO - Filling up the DagBag from /home/airflow/.local/lib/python3.7/site-packages/airflow/example_dags/example_short_circuit_operator.py
[2023-02-01T12:05:42.154+0000] {processor.py:753} INFO - DAG(s) dict_keys(['example_short_circuit_operator']) retrieved from /home/airflow/.local/lib/python3.7/site-packages/airflow/example_dags/example_short_circuit_operator.py
[2023-02-01T12:05:42.178+0000] {logging_mixin.py:137} INFO - [2023-02-01T12:05:42.178+0000] {dag.py:2690} INFO - Sync 1 DAGs
[2023-02-01T12:05:42.199+0000] {logging_mixin.py:137} INFO - [2023-02-01T12:05:42.199+0000] {dag.py:3441} INFO - Setting next_dagrun for example_short_circuit_operator to 2023-01-31T12:05:42.198878+00:00, run_after=2023-02-01T12:05:42.198878+00:00
[2023-02-01T12:05:42.226+0000] {processor.py:175} INFO - Processing /home/airflow/.local/lib/python3.7/site-packages/airflow/example_dags/example_short_circuit_operator.py took 0.092 seconds
[2023-02-01T12:06:12.684+0000] {processor.py:153} INFO - Started process (PID=1141) to work on /home/airflow/.local/lib/python3.7/site-packages/airflow/example_dags/example_short_circuit_operator.py
[2023-02-01T12:06:12.685+0000] {processor.py:743} INFO - Processing file /home/airflow/.local/lib/python3.7/site-packages/airflow/example_dags/example_short_circuit_operator.py for tasks to queue
[2023-02-01T12:06:12.686+0000] {logging_mixin.py:137} INFO - [2023-02-01T12:06:12.686+0000] {dagbag.py:538} INFO - Filling up the DagBag from /home/airflow/.local/lib/python3.7/site-packages/airflow/example_dags/example_short_circuit_operator.py
[2023-02-01T12:06:12.700+0000] {processor.py:753} INFO - DAG(s) dict_keys(['example_short_circuit_operator']) retrieved from /home/airflow/.local/lib/python3.7/site-packages/airflow/example_dags/example_short_circuit_operator.py
[2023-02-01T12:06:12.724+0000] {logging_mixin.py:137} INFO - [2023-02-01T12:06:12.724+0000] {dag.py:2690} INFO - Sync 1 DAGs
[2023-02-01T12:06:12.745+0000] {logging_mixin.py:137} INFO - [2023-02-01T12:06:12.744+0000] {dag.py:3441} INFO - Setting next_dagrun for example_short_circuit_operator to 2023-01-31T12:06:12.744648+00:00, run_after=2023-02-01T12:06:12.744648+00:00
[2023-02-01T12:06:12.772+0000] {processor.py:175} INFO - Processing /home/airflow/.local/lib/python3.7/site-packages/airflow/example_dags/example_short_circuit_operator.py took 0.092 seconds
[2023-02-01T12:06:43.228+0000] {processor.py:153} INFO - Started process (PID=1206) to work on /home/airflow/.local/lib/python3.7/site-packages/airflow/example_dags/example_short_circuit_operator.py
[2023-02-01T12:06:43.229+0000] {processor.py:743} INFO - Processing file /home/airflow/.local/lib/python3.7/site-packages/airflow/example_dags/example_short_circuit_operator.py for tasks to queue
[2023-02-01T12:06:43.231+0000] {logging_mixin.py:137} INFO - [2023-02-01T12:06:43.231+0000] {dagbag.py:538} INFO - Filling up the DagBag from /home/airflow/.local/lib/python3.7/site-packages/airflow/example_dags/example_short_circuit_operator.py
[2023-02-01T12:06:43.252+0000] {processor.py:753} INFO - DAG(s) dict_keys(['example_short_circuit_operator']) retrieved from /home/airflow/.local/lib/python3.7/site-packages/airflow/example_dags/example_short_circuit_operator.py
[2023-02-01T12:06:43.278+0000] {logging_mixin.py:137} INFO - [2023-02-01T12:06:43.278+0000] {dag.py:2690} INFO - Sync 1 DAGs
[2023-02-01T12:06:43.301+0000] {logging_mixin.py:137} INFO - [2023-02-01T12:06:43.301+0000] {dag.py:3441} INFO - Setting next_dagrun for example_short_circuit_operator to 2023-01-31T12:06:43.301171+00:00, run_after=2023-02-01T12:06:43.301171+00:00
[2023-02-01T12:06:43.324+0000] {processor.py:175} INFO - Processing /home/airflow/.local/lib/python3.7/site-packages/airflow/example_dags/example_short_circuit_operator.py took 0.100 seconds
[2023-02-01T12:07:13.452+0000] {processor.py:153} INFO - Started process (PID=1283) to work on /home/airflow/.local/lib/python3.7/site-packages/airflow/example_dags/example_short_circuit_operator.py
[2023-02-01T12:07:13.453+0000] {processor.py:743} INFO - Processing file /home/airflow/.local/lib/python3.7/site-packages/airflow/example_dags/example_short_circuit_operator.py for tasks to queue
[2023-02-01T12:07:13.454+0000] {logging_mixin.py:137} INFO - [2023-02-01T12:07:13.453+0000] {dagbag.py:538} INFO - Filling up the DagBag from /home/airflow/.local/lib/python3.7/site-packages/airflow/example_dags/example_short_circuit_operator.py
[2023-02-01T12:07:13.469+0000] {processor.py:753} INFO - DAG(s) dict_keys(['example_short_circuit_operator']) retrieved from /home/airflow/.local/lib/python3.7/site-packages/airflow/example_dags/example_short_circuit_operator.py
[2023-02-01T12:07:13.493+0000] {logging_mixin.py:137} INFO - [2023-02-01T12:07:13.493+0000] {dag.py:2690} INFO - Sync 1 DAGs
[2023-02-01T12:07:13.515+0000] {logging_mixin.py:137} INFO - [2023-02-01T12:07:13.515+0000] {dag.py:3441} INFO - Setting next_dagrun for example_short_circuit_operator to 2023-01-31T12:07:13.515048+00:00, run_after=2023-02-01T12:07:13.515048+00:00
[2023-02-01T12:07:13.542+0000] {processor.py:175} INFO - Processing /home/airflow/.local/lib/python3.7/site-packages/airflow/example_dags/example_short_circuit_operator.py took 0.095 seconds
[2023-02-01T12:07:43.601+0000] {processor.py:153} INFO - Started process (PID=1362) to work on /home/airflow/.local/lib/python3.7/site-packages/airflow/example_dags/example_short_circuit_operator.py
[2023-02-01T12:07:43.602+0000] {processor.py:743} INFO - Processing file /home/airflow/.local/lib/python3.7/site-packages/airflow/example_dags/example_short_circuit_operator.py for tasks to queue
[2023-02-01T12:07:43.603+0000] {logging_mixin.py:137} INFO - [2023-02-01T12:07:43.603+0000] {dagbag.py:538} INFO - Filling up the DagBag from /home/airflow/.local/lib/python3.7/site-packages/airflow/example_dags/example_short_circuit_operator.py
[2023-02-01T12:07:43.619+0000] {processor.py:753} INFO - DAG(s) dict_keys(['example_short_circuit_operator']) retrieved from /home/airflow/.local/lib/python3.7/site-packages/airflow/example_dags/example_short_circuit_operator.py
[2023-02-01T12:07:43.652+0000] {logging_mixin.py:137} INFO - [2023-02-01T12:07:43.652+0000] {dag.py:2690} INFO - Sync 1 DAGs
[2023-02-01T12:07:43.690+0000] {logging_mixin.py:137} INFO - [2023-02-01T12:07:43.690+0000] {dag.py:3441} INFO - Setting next_dagrun for example_short_circuit_operator to 2023-01-31T12:07:43.690296+00:00, run_after=2023-02-01T12:07:43.690296+00:00
[2023-02-01T12:07:43.726+0000] {processor.py:175} INFO - Processing /home/airflow/.local/lib/python3.7/site-packages/airflow/example_dags/example_short_circuit_operator.py took 0.130 seconds
