[2023-02-01T11:58:30.811+0000] {processor.py:153} INFO - Started process (PID=47) to work on /home/airflow/.local/lib/python3.7/site-packages/airflow/example_dags/example_sensor_decorator.py
[2023-02-01T11:58:30.812+0000] {processor.py:743} INFO - Processing file /home/airflow/.local/lib/python3.7/site-packages/airflow/example_dags/example_sensor_decorator.py for tasks to queue
[2023-02-01T11:58:30.813+0000] {logging_mixin.py:137} INFO - [2023-02-01T11:58:30.813+0000] {dagbag.py:538} INFO - Filling up the DagBag from /home/airflow/.local/lib/python3.7/site-packages/airflow/example_dags/example_sensor_decorator.py
[2023-02-01T11:58:30.843+0000] {processor.py:753} INFO - DAG(s) dict_keys(['example_sensor_decorator']) retrieved from /home/airflow/.local/lib/python3.7/site-packages/airflow/example_dags/example_sensor_decorator.py
[2023-02-01T11:58:30.862+0000] {logging_mixin.py:137} INFO - [2023-02-01T11:58:30.862+0000] {dag.py:2690} INFO - Sync 1 DAGs
[2023-02-01T11:58:30.917+0000] {logging_mixin.py:137} INFO - [2023-02-01T11:58:30.917+0000] {dag.py:3441} INFO - Setting next_dagrun for example_sensor_decorator to None, run_after=None
[2023-02-01T11:58:30.939+0000] {processor.py:175} INFO - Processing /home/airflow/.local/lib/python3.7/site-packages/airflow/example_dags/example_sensor_decorator.py took 0.132 seconds
[2023-02-01T11:59:01.284+0000] {processor.py:153} INFO - Started process (PID=123) to work on /home/airflow/.local/lib/python3.7/site-packages/airflow/example_dags/example_sensor_decorator.py
[2023-02-01T11:59:01.285+0000] {processor.py:743} INFO - Processing file /home/airflow/.local/lib/python3.7/site-packages/airflow/example_dags/example_sensor_decorator.py for tasks to queue
[2023-02-01T11:59:01.286+0000] {logging_mixin.py:137} INFO - [2023-02-01T11:59:01.286+0000] {dagbag.py:538} INFO - Filling up the DagBag from /home/airflow/.local/lib/python3.7/site-packages/airflow/example_dags/example_sensor_decorator.py
[2023-02-01T11:59:01.308+0000] {processor.py:753} INFO - DAG(s) dict_keys(['example_sensor_decorator']) retrieved from /home/airflow/.local/lib/python3.7/site-packages/airflow/example_dags/example_sensor_decorator.py
[2023-02-01T11:59:01.333+0000] {logging_mixin.py:137} INFO - [2023-02-01T11:59:01.333+0000] {dag.py:2690} INFO - Sync 1 DAGs
[2023-02-01T11:59:01.357+0000] {logging_mixin.py:137} INFO - [2023-02-01T11:59:01.357+0000] {dag.py:3441} INFO - Setting next_dagrun for example_sensor_decorator to None, run_after=None
[2023-02-01T11:59:01.376+0000] {processor.py:175} INFO - Processing /home/airflow/.local/lib/python3.7/site-packages/airflow/example_dags/example_sensor_decorator.py took 0.096 seconds
[2023-02-01T11:59:32.184+0000] {processor.py:153} INFO - Started process (PID=189) to work on /home/airflow/.local/lib/python3.7/site-packages/airflow/example_dags/example_sensor_decorator.py
[2023-02-01T11:59:32.186+0000] {processor.py:743} INFO - Processing file /home/airflow/.local/lib/python3.7/site-packages/airflow/example_dags/example_sensor_decorator.py for tasks to queue
[2023-02-01T11:59:32.187+0000] {logging_mixin.py:137} INFO - [2023-02-01T11:59:32.187+0000] {dagbag.py:538} INFO - Filling up the DagBag from /home/airflow/.local/lib/python3.7/site-packages/airflow/example_dags/example_sensor_decorator.py
[2023-02-01T11:59:32.223+0000] {processor.py:753} INFO - DAG(s) dict_keys(['example_sensor_decorator']) retrieved from /home/airflow/.local/lib/python3.7/site-packages/airflow/example_dags/example_sensor_decorator.py
[2023-02-01T11:59:32.246+0000] {logging_mixin.py:137} INFO - [2023-02-01T11:59:32.246+0000] {dag.py:2690} INFO - Sync 1 DAGs
[2023-02-01T11:59:32.273+0000] {logging_mixin.py:137} INFO - [2023-02-01T11:59:32.273+0000] {dag.py:3441} INFO - Setting next_dagrun for example_sensor_decorator to None, run_after=None
[2023-02-01T11:59:32.290+0000] {processor.py:175} INFO - Processing /home/airflow/.local/lib/python3.7/site-packages/airflow/example_dags/example_sensor_decorator.py took 0.109 seconds
[2023-02-01T12:00:03.066+0000] {processor.py:153} INFO - Started process (PID=268) to work on /home/airflow/.local/lib/python3.7/site-packages/airflow/example_dags/example_sensor_decorator.py
[2023-02-01T12:00:03.067+0000] {processor.py:743} INFO - Processing file /home/airflow/.local/lib/python3.7/site-packages/airflow/example_dags/example_sensor_decorator.py for tasks to queue
[2023-02-01T12:00:03.068+0000] {logging_mixin.py:137} INFO - [2023-02-01T12:00:03.068+0000] {dagbag.py:538} INFO - Filling up the DagBag from /home/airflow/.local/lib/python3.7/site-packages/airflow/example_dags/example_sensor_decorator.py
[2023-02-01T12:00:03.099+0000] {processor.py:753} INFO - DAG(s) dict_keys(['example_sensor_decorator']) retrieved from /home/airflow/.local/lib/python3.7/site-packages/airflow/example_dags/example_sensor_decorator.py
[2023-02-01T12:00:03.124+0000] {logging_mixin.py:137} INFO - [2023-02-01T12:00:03.124+0000] {dag.py:2690} INFO - Sync 1 DAGs
[2023-02-01T12:00:03.150+0000] {logging_mixin.py:137} INFO - [2023-02-01T12:00:03.150+0000] {dag.py:3441} INFO - Setting next_dagrun for example_sensor_decorator to None, run_after=None
[2023-02-01T12:00:03.171+0000] {processor.py:175} INFO - Processing /home/airflow/.local/lib/python3.7/site-packages/airflow/example_dags/example_sensor_decorator.py took 0.109 seconds
[2023-02-01T12:00:33.678+0000] {processor.py:153} INFO - Started process (PID=346) to work on /home/airflow/.local/lib/python3.7/site-packages/airflow/example_dags/example_sensor_decorator.py
[2023-02-01T12:00:33.679+0000] {processor.py:743} INFO - Processing file /home/airflow/.local/lib/python3.7/site-packages/airflow/example_dags/example_sensor_decorator.py for tasks to queue
[2023-02-01T12:00:33.680+0000] {logging_mixin.py:137} INFO - [2023-02-01T12:00:33.679+0000] {dagbag.py:538} INFO - Filling up the DagBag from /home/airflow/.local/lib/python3.7/site-packages/airflow/example_dags/example_sensor_decorator.py
[2023-02-01T12:00:33.709+0000] {processor.py:753} INFO - DAG(s) dict_keys(['example_sensor_decorator']) retrieved from /home/airflow/.local/lib/python3.7/site-packages/airflow/example_dags/example_sensor_decorator.py
[2023-02-01T12:00:33.733+0000] {logging_mixin.py:137} INFO - [2023-02-01T12:00:33.733+0000] {dag.py:2690} INFO - Sync 1 DAGs
[2023-02-01T12:00:33.756+0000] {logging_mixin.py:137} INFO - [2023-02-01T12:00:33.756+0000] {dag.py:3441} INFO - Setting next_dagrun for example_sensor_decorator to None, run_after=None
[2023-02-01T12:00:33.774+0000] {processor.py:175} INFO - Processing /home/airflow/.local/lib/python3.7/site-packages/airflow/example_dags/example_sensor_decorator.py took 0.101 seconds
[2023-02-01T12:01:04.521+0000] {processor.py:153} INFO - Started process (PID=411) to work on /home/airflow/.local/lib/python3.7/site-packages/airflow/example_dags/example_sensor_decorator.py
[2023-02-01T12:01:04.522+0000] {processor.py:743} INFO - Processing file /home/airflow/.local/lib/python3.7/site-packages/airflow/example_dags/example_sensor_decorator.py for tasks to queue
[2023-02-01T12:01:04.523+0000] {logging_mixin.py:137} INFO - [2023-02-01T12:01:04.523+0000] {dagbag.py:538} INFO - Filling up the DagBag from /home/airflow/.local/lib/python3.7/site-packages/airflow/example_dags/example_sensor_decorator.py
[2023-02-01T12:01:04.544+0000] {processor.py:753} INFO - DAG(s) dict_keys(['example_sensor_decorator']) retrieved from /home/airflow/.local/lib/python3.7/site-packages/airflow/example_dags/example_sensor_decorator.py
[2023-02-01T12:01:04.568+0000] {logging_mixin.py:137} INFO - [2023-02-01T12:01:04.568+0000] {dag.py:2690} INFO - Sync 1 DAGs
[2023-02-01T12:01:04.591+0000] {logging_mixin.py:137} INFO - [2023-02-01T12:01:04.591+0000] {dag.py:3441} INFO - Setting next_dagrun for example_sensor_decorator to None, run_after=None
[2023-02-01T12:01:04.611+0000] {processor.py:175} INFO - Processing /home/airflow/.local/lib/python3.7/site-packages/airflow/example_dags/example_sensor_decorator.py took 0.094 seconds
[2023-02-01T12:01:35.391+0000] {processor.py:153} INFO - Started process (PID=490) to work on /home/airflow/.local/lib/python3.7/site-packages/airflow/example_dags/example_sensor_decorator.py
[2023-02-01T12:01:35.392+0000] {processor.py:743} INFO - Processing file /home/airflow/.local/lib/python3.7/site-packages/airflow/example_dags/example_sensor_decorator.py for tasks to queue
[2023-02-01T12:01:35.394+0000] {logging_mixin.py:137} INFO - [2023-02-01T12:01:35.393+0000] {dagbag.py:538} INFO - Filling up the DagBag from /home/airflow/.local/lib/python3.7/site-packages/airflow/example_dags/example_sensor_decorator.py
[2023-02-01T12:01:35.423+0000] {processor.py:753} INFO - DAG(s) dict_keys(['example_sensor_decorator']) retrieved from /home/airflow/.local/lib/python3.7/site-packages/airflow/example_dags/example_sensor_decorator.py
[2023-02-01T12:01:35.453+0000] {logging_mixin.py:137} INFO - [2023-02-01T12:01:35.453+0000] {dag.py:2690} INFO - Sync 1 DAGs
[2023-02-01T12:01:35.487+0000] {logging_mixin.py:137} INFO - [2023-02-01T12:01:35.486+0000] {dag.py:3441} INFO - Setting next_dagrun for example_sensor_decorator to None, run_after=None
[2023-02-01T12:01:35.511+0000] {processor.py:175} INFO - Processing /home/airflow/.local/lib/python3.7/site-packages/airflow/example_dags/example_sensor_decorator.py took 0.124 seconds
[2023-02-01T12:02:06.817+0000] {processor.py:153} INFO - Started process (PID=555) to work on /home/airflow/.local/lib/python3.7/site-packages/airflow/example_dags/example_sensor_decorator.py
[2023-02-01T12:02:06.819+0000] {processor.py:743} INFO - Processing file /home/airflow/.local/lib/python3.7/site-packages/airflow/example_dags/example_sensor_decorator.py for tasks to queue
[2023-02-01T12:02:06.824+0000] {logging_mixin.py:137} INFO - [2023-02-01T12:02:06.824+0000] {dagbag.py:538} INFO - Filling up the DagBag from /home/airflow/.local/lib/python3.7/site-packages/airflow/example_dags/example_sensor_decorator.py
[2023-02-01T12:02:06.875+0000] {processor.py:753} INFO - DAG(s) dict_keys(['example_sensor_decorator']) retrieved from /home/airflow/.local/lib/python3.7/site-packages/airflow/example_dags/example_sensor_decorator.py
[2023-02-01T12:02:06.992+0000] {logging_mixin.py:137} INFO - [2023-02-01T12:02:06.992+0000] {dag.py:2690} INFO - Sync 1 DAGs
[2023-02-01T12:02:07.023+0000] {logging_mixin.py:137} INFO - [2023-02-01T12:02:07.023+0000] {dag.py:3441} INFO - Setting next_dagrun for example_sensor_decorator to None, run_after=None
[2023-02-01T12:02:07.050+0000] {processor.py:175} INFO - Processing /home/airflow/.local/lib/python3.7/site-packages/airflow/example_dags/example_sensor_decorator.py took 0.241 seconds
[2023-02-01T12:02:37.964+0000] {processor.py:153} INFO - Started process (PID=632) to work on /home/airflow/.local/lib/python3.7/site-packages/airflow/example_dags/example_sensor_decorator.py
[2023-02-01T12:02:37.965+0000] {processor.py:743} INFO - Processing file /home/airflow/.local/lib/python3.7/site-packages/airflow/example_dags/example_sensor_decorator.py for tasks to queue
[2023-02-01T12:02:37.966+0000] {logging_mixin.py:137} INFO - [2023-02-01T12:02:37.966+0000] {dagbag.py:538} INFO - Filling up the DagBag from /home/airflow/.local/lib/python3.7/site-packages/airflow/example_dags/example_sensor_decorator.py
[2023-02-01T12:02:37.987+0000] {processor.py:753} INFO - DAG(s) dict_keys(['example_sensor_decorator']) retrieved from /home/airflow/.local/lib/python3.7/site-packages/airflow/example_dags/example_sensor_decorator.py
[2023-02-01T12:02:38.009+0000] {logging_mixin.py:137} INFO - [2023-02-01T12:02:38.009+0000] {dag.py:2690} INFO - Sync 1 DAGs
[2023-02-01T12:02:38.030+0000] {logging_mixin.py:137} INFO - [2023-02-01T12:02:38.030+0000] {dag.py:3441} INFO - Setting next_dagrun for example_sensor_decorator to None, run_after=None
[2023-02-01T12:02:38.061+0000] {processor.py:175} INFO - Processing /home/airflow/.local/lib/python3.7/site-packages/airflow/example_dags/example_sensor_decorator.py took 0.101 seconds
[2023-02-01T12:03:08.174+0000] {processor.py:153} INFO - Started process (PID=707) to work on /home/airflow/.local/lib/python3.7/site-packages/airflow/example_dags/example_sensor_decorator.py
[2023-02-01T12:03:08.175+0000] {processor.py:743} INFO - Processing file /home/airflow/.local/lib/python3.7/site-packages/airflow/example_dags/example_sensor_decorator.py for tasks to queue
[2023-02-01T12:03:08.176+0000] {logging_mixin.py:137} INFO - [2023-02-01T12:03:08.176+0000] {dagbag.py:538} INFO - Filling up the DagBag from /home/airflow/.local/lib/python3.7/site-packages/airflow/example_dags/example_sensor_decorator.py
[2023-02-01T12:03:08.198+0000] {processor.py:753} INFO - DAG(s) dict_keys(['example_sensor_decorator']) retrieved from /home/airflow/.local/lib/python3.7/site-packages/airflow/example_dags/example_sensor_decorator.py
[2023-02-01T12:03:08.225+0000] {logging_mixin.py:137} INFO - [2023-02-01T12:03:08.225+0000] {dag.py:2690} INFO - Sync 1 DAGs
[2023-02-01T12:03:08.254+0000] {logging_mixin.py:137} INFO - [2023-02-01T12:03:08.254+0000] {dag.py:3441} INFO - Setting next_dagrun for example_sensor_decorator to None, run_after=None
[2023-02-01T12:03:08.291+0000] {processor.py:175} INFO - Processing /home/airflow/.local/lib/python3.7/site-packages/airflow/example_dags/example_sensor_decorator.py took 0.121 seconds
[2023-02-01T12:03:38.818+0000] {processor.py:153} INFO - Started process (PID=776) to work on /home/airflow/.local/lib/python3.7/site-packages/airflow/example_dags/example_sensor_decorator.py
[2023-02-01T12:03:38.819+0000] {processor.py:743} INFO - Processing file /home/airflow/.local/lib/python3.7/site-packages/airflow/example_dags/example_sensor_decorator.py for tasks to queue
[2023-02-01T12:03:38.820+0000] {logging_mixin.py:137} INFO - [2023-02-01T12:03:38.820+0000] {dagbag.py:538} INFO - Filling up the DagBag from /home/airflow/.local/lib/python3.7/site-packages/airflow/example_dags/example_sensor_decorator.py
[2023-02-01T12:03:38.855+0000] {processor.py:753} INFO - DAG(s) dict_keys(['example_sensor_decorator']) retrieved from /home/airflow/.local/lib/python3.7/site-packages/airflow/example_dags/example_sensor_decorator.py
[2023-02-01T12:03:38.913+0000] {logging_mixin.py:137} INFO - [2023-02-01T12:03:38.912+0000] {dag.py:2690} INFO - Sync 1 DAGs
[2023-02-01T12:03:39.018+0000] {logging_mixin.py:137} INFO - [2023-02-01T12:03:39.018+0000] {dag.py:3441} INFO - Setting next_dagrun for example_sensor_decorator to None, run_after=None
[2023-02-01T12:03:39.076+0000] {processor.py:175} INFO - Processing /home/airflow/.local/lib/python3.7/site-packages/airflow/example_dags/example_sensor_decorator.py took 0.261 seconds
[2023-02-01T12:04:09.828+0000] {processor.py:153} INFO - Started process (PID=849) to work on /home/airflow/.local/lib/python3.7/site-packages/airflow/example_dags/example_sensor_decorator.py
[2023-02-01T12:04:09.829+0000] {processor.py:743} INFO - Processing file /home/airflow/.local/lib/python3.7/site-packages/airflow/example_dags/example_sensor_decorator.py for tasks to queue
[2023-02-01T12:04:09.831+0000] {logging_mixin.py:137} INFO - [2023-02-01T12:04:09.830+0000] {dagbag.py:538} INFO - Filling up the DagBag from /home/airflow/.local/lib/python3.7/site-packages/airflow/example_dags/example_sensor_decorator.py
[2023-02-01T12:04:09.861+0000] {processor.py:753} INFO - DAG(s) dict_keys(['example_sensor_decorator']) retrieved from /home/airflow/.local/lib/python3.7/site-packages/airflow/example_dags/example_sensor_decorator.py
[2023-02-01T12:04:09.888+0000] {logging_mixin.py:137} INFO - [2023-02-01T12:04:09.888+0000] {dag.py:2690} INFO - Sync 1 DAGs
[2023-02-01T12:04:09.917+0000] {logging_mixin.py:137} INFO - [2023-02-01T12:04:09.916+0000] {dag.py:3441} INFO - Setting next_dagrun for example_sensor_decorator to None, run_after=None
[2023-02-01T12:04:09.951+0000] {processor.py:175} INFO - Processing /home/airflow/.local/lib/python3.7/site-packages/airflow/example_dags/example_sensor_decorator.py took 0.129 seconds
[2023-02-01T12:04:40.639+0000] {processor.py:153} INFO - Started process (PID=918) to work on /home/airflow/.local/lib/python3.7/site-packages/airflow/example_dags/example_sensor_decorator.py
[2023-02-01T12:04:40.641+0000] {processor.py:743} INFO - Processing file /home/airflow/.local/lib/python3.7/site-packages/airflow/example_dags/example_sensor_decorator.py for tasks to queue
[2023-02-01T12:04:40.642+0000] {logging_mixin.py:137} INFO - [2023-02-01T12:04:40.642+0000] {dagbag.py:538} INFO - Filling up the DagBag from /home/airflow/.local/lib/python3.7/site-packages/airflow/example_dags/example_sensor_decorator.py
[2023-02-01T12:04:40.665+0000] {processor.py:753} INFO - DAG(s) dict_keys(['example_sensor_decorator']) retrieved from /home/airflow/.local/lib/python3.7/site-packages/airflow/example_dags/example_sensor_decorator.py
[2023-02-01T12:04:40.693+0000] {logging_mixin.py:137} INFO - [2023-02-01T12:04:40.693+0000] {dag.py:2690} INFO - Sync 1 DAGs
[2023-02-01T12:04:40.717+0000] {logging_mixin.py:137} INFO - [2023-02-01T12:04:40.716+0000] {dag.py:3441} INFO - Setting next_dagrun for example_sensor_decorator to None, run_after=None
[2023-02-01T12:04:40.746+0000] {processor.py:175} INFO - Processing /home/airflow/.local/lib/python3.7/site-packages/airflow/example_dags/example_sensor_decorator.py took 0.111 seconds
[2023-02-01T12:05:11.462+0000] {processor.py:153} INFO - Started process (PID=997) to work on /home/airflow/.local/lib/python3.7/site-packages/airflow/example_dags/example_sensor_decorator.py
[2023-02-01T12:05:11.463+0000] {processor.py:743} INFO - Processing file /home/airflow/.local/lib/python3.7/site-packages/airflow/example_dags/example_sensor_decorator.py for tasks to queue
[2023-02-01T12:05:11.464+0000] {logging_mixin.py:137} INFO - [2023-02-01T12:05:11.464+0000] {dagbag.py:538} INFO - Filling up the DagBag from /home/airflow/.local/lib/python3.7/site-packages/airflow/example_dags/example_sensor_decorator.py
[2023-02-01T12:05:11.493+0000] {processor.py:753} INFO - DAG(s) dict_keys(['example_sensor_decorator']) retrieved from /home/airflow/.local/lib/python3.7/site-packages/airflow/example_dags/example_sensor_decorator.py
[2023-02-01T12:05:11.517+0000] {logging_mixin.py:137} INFO - [2023-02-01T12:05:11.516+0000] {dag.py:2690} INFO - Sync 1 DAGs
[2023-02-01T12:05:11.537+0000] {logging_mixin.py:137} INFO - [2023-02-01T12:05:11.537+0000] {dag.py:3441} INFO - Setting next_dagrun for example_sensor_decorator to None, run_after=None
[2023-02-01T12:05:11.556+0000] {processor.py:175} INFO - Processing /home/airflow/.local/lib/python3.7/site-packages/airflow/example_dags/example_sensor_decorator.py took 0.097 seconds
[2023-02-01T12:05:42.133+0000] {processor.py:153} INFO - Started process (PID=1062) to work on /home/airflow/.local/lib/python3.7/site-packages/airflow/example_dags/example_sensor_decorator.py
[2023-02-01T12:05:42.134+0000] {processor.py:743} INFO - Processing file /home/airflow/.local/lib/python3.7/site-packages/airflow/example_dags/example_sensor_decorator.py for tasks to queue
[2023-02-01T12:05:42.134+0000] {logging_mixin.py:137} INFO - [2023-02-01T12:05:42.134+0000] {dagbag.py:538} INFO - Filling up the DagBag from /home/airflow/.local/lib/python3.7/site-packages/airflow/example_dags/example_sensor_decorator.py
[2023-02-01T12:05:42.156+0000] {processor.py:753} INFO - DAG(s) dict_keys(['example_sensor_decorator']) retrieved from /home/airflow/.local/lib/python3.7/site-packages/airflow/example_dags/example_sensor_decorator.py
[2023-02-01T12:05:42.178+0000] {logging_mixin.py:137} INFO - [2023-02-01T12:05:42.178+0000] {dag.py:2690} INFO - Sync 1 DAGs
[2023-02-01T12:05:42.198+0000] {logging_mixin.py:137} INFO - [2023-02-01T12:05:42.198+0000] {dag.py:3441} INFO - Setting next_dagrun for example_sensor_decorator to None, run_after=None
[2023-02-01T12:05:42.227+0000] {processor.py:175} INFO - Processing /home/airflow/.local/lib/python3.7/site-packages/airflow/example_dags/example_sensor_decorator.py took 0.099 seconds
[2023-02-01T12:06:12.678+0000] {processor.py:153} INFO - Started process (PID=1140) to work on /home/airflow/.local/lib/python3.7/site-packages/airflow/example_dags/example_sensor_decorator.py
[2023-02-01T12:06:12.678+0000] {processor.py:743} INFO - Processing file /home/airflow/.local/lib/python3.7/site-packages/airflow/example_dags/example_sensor_decorator.py for tasks to queue
[2023-02-01T12:06:12.679+0000] {logging_mixin.py:137} INFO - [2023-02-01T12:06:12.679+0000] {dagbag.py:538} INFO - Filling up the DagBag from /home/airflow/.local/lib/python3.7/site-packages/airflow/example_dags/example_sensor_decorator.py
[2023-02-01T12:06:12.700+0000] {processor.py:753} INFO - DAG(s) dict_keys(['example_sensor_decorator']) retrieved from /home/airflow/.local/lib/python3.7/site-packages/airflow/example_dags/example_sensor_decorator.py
[2023-02-01T12:06:12.723+0000] {logging_mixin.py:137} INFO - [2023-02-01T12:06:12.723+0000] {dag.py:2690} INFO - Sync 1 DAGs
[2023-02-01T12:06:12.744+0000] {logging_mixin.py:137} INFO - [2023-02-01T12:06:12.744+0000] {dag.py:3441} INFO - Setting next_dagrun for example_sensor_decorator to None, run_after=None
[2023-02-01T12:06:12.771+0000] {processor.py:175} INFO - Processing /home/airflow/.local/lib/python3.7/site-packages/airflow/example_dags/example_sensor_decorator.py took 0.097 seconds
[2023-02-01T12:06:43.220+0000] {processor.py:153} INFO - Started process (PID=1205) to work on /home/airflow/.local/lib/python3.7/site-packages/airflow/example_dags/example_sensor_decorator.py
[2023-02-01T12:06:43.221+0000] {processor.py:743} INFO - Processing file /home/airflow/.local/lib/python3.7/site-packages/airflow/example_dags/example_sensor_decorator.py for tasks to queue
[2023-02-01T12:06:43.222+0000] {logging_mixin.py:137} INFO - [2023-02-01T12:06:43.222+0000] {dagbag.py:538} INFO - Filling up the DagBag from /home/airflow/.local/lib/python3.7/site-packages/airflow/example_dags/example_sensor_decorator.py
[2023-02-01T12:06:43.243+0000] {processor.py:753} INFO - DAG(s) dict_keys(['example_sensor_decorator']) retrieved from /home/airflow/.local/lib/python3.7/site-packages/airflow/example_dags/example_sensor_decorator.py
[2023-02-01T12:06:43.265+0000] {logging_mixin.py:137} INFO - [2023-02-01T12:06:43.265+0000] {dag.py:2690} INFO - Sync 1 DAGs
[2023-02-01T12:06:43.286+0000] {logging_mixin.py:137} INFO - [2023-02-01T12:06:43.286+0000] {dag.py:3441} INFO - Setting next_dagrun for example_sensor_decorator to None, run_after=None
[2023-02-01T12:06:43.314+0000] {processor.py:175} INFO - Processing /home/airflow/.local/lib/python3.7/site-packages/airflow/example_dags/example_sensor_decorator.py took 0.097 seconds
[2023-02-01T12:07:13.446+0000] {processor.py:153} INFO - Started process (PID=1282) to work on /home/airflow/.local/lib/python3.7/site-packages/airflow/example_dags/example_sensor_decorator.py
[2023-02-01T12:07:13.446+0000] {processor.py:743} INFO - Processing file /home/airflow/.local/lib/python3.7/site-packages/airflow/example_dags/example_sensor_decorator.py for tasks to queue
[2023-02-01T12:07:13.447+0000] {logging_mixin.py:137} INFO - [2023-02-01T12:07:13.447+0000] {dagbag.py:538} INFO - Filling up the DagBag from /home/airflow/.local/lib/python3.7/site-packages/airflow/example_dags/example_sensor_decorator.py
[2023-02-01T12:07:13.469+0000] {processor.py:753} INFO - DAG(s) dict_keys(['example_sensor_decorator']) retrieved from /home/airflow/.local/lib/python3.7/site-packages/airflow/example_dags/example_sensor_decorator.py
[2023-02-01T12:07:13.493+0000] {logging_mixin.py:137} INFO - [2023-02-01T12:07:13.492+0000] {dag.py:2690} INFO - Sync 1 DAGs
[2023-02-01T12:07:13.515+0000] {logging_mixin.py:137} INFO - [2023-02-01T12:07:13.515+0000] {dag.py:3441} INFO - Setting next_dagrun for example_sensor_decorator to None, run_after=None
[2023-02-01T12:07:13.543+0000] {processor.py:175} INFO - Processing /home/airflow/.local/lib/python3.7/site-packages/airflow/example_dags/example_sensor_decorator.py took 0.101 seconds
[2023-02-01T12:07:43.596+0000] {processor.py:153} INFO - Started process (PID=1361) to work on /home/airflow/.local/lib/python3.7/site-packages/airflow/example_dags/example_sensor_decorator.py
[2023-02-01T12:07:43.597+0000] {processor.py:743} INFO - Processing file /home/airflow/.local/lib/python3.7/site-packages/airflow/example_dags/example_sensor_decorator.py for tasks to queue
[2023-02-01T12:07:43.599+0000] {logging_mixin.py:137} INFO - [2023-02-01T12:07:43.598+0000] {dagbag.py:538} INFO - Filling up the DagBag from /home/airflow/.local/lib/python3.7/site-packages/airflow/example_dags/example_sensor_decorator.py
[2023-02-01T12:07:43.635+0000] {processor.py:753} INFO - DAG(s) dict_keys(['example_sensor_decorator']) retrieved from /home/airflow/.local/lib/python3.7/site-packages/airflow/example_dags/example_sensor_decorator.py
[2023-02-01T12:07:43.676+0000] {logging_mixin.py:137} INFO - [2023-02-01T12:07:43.676+0000] {dag.py:2690} INFO - Sync 1 DAGs
[2023-02-01T12:07:43.712+0000] {logging_mixin.py:137} INFO - [2023-02-01T12:07:43.712+0000] {dag.py:3441} INFO - Setting next_dagrun for example_sensor_decorator to None, run_after=None
[2023-02-01T12:07:43.748+0000] {processor.py:175} INFO - Processing /home/airflow/.local/lib/python3.7/site-packages/airflow/example_dags/example_sensor_decorator.py took 0.157 seconds
