[2023-02-01T11:58:30.969+0000] {processor.py:153} INFO - Started process (PID=49) to work on /home/airflow/.local/lib/python3.7/site-packages/airflow/example_dags/example_branch_operator_decorator.py
[2023-02-01T11:58:30.970+0000] {processor.py:743} INFO - Processing file /home/airflow/.local/lib/python3.7/site-packages/airflow/example_dags/example_branch_operator_decorator.py for tasks to queue
[2023-02-01T11:58:30.971+0000] {logging_mixin.py:137} INFO - [2023-02-01T11:58:30.971+0000] {dagbag.py:538} INFO - Filling up the DagBag from /home/airflow/.local/lib/python3.7/site-packages/airflow/example_dags/example_branch_operator_decorator.py
[2023-02-01T11:58:31.003+0000] {processor.py:753} INFO - DAG(s) dict_keys(['example_branch_python_operator_decorator']) retrieved from /home/airflow/.local/lib/python3.7/site-packages/airflow/example_dags/example_branch_operator_decorator.py
[2023-02-01T11:58:31.020+0000] {logging_mixin.py:137} INFO - [2023-02-01T11:58:31.020+0000] {dag.py:2690} INFO - Sync 1 DAGs
[2023-02-01T11:58:31.053+0000] {logging_mixin.py:137} INFO - [2023-02-01T11:58:31.053+0000] {dag.py:3441} INFO - Setting next_dagrun for example_branch_python_operator_decorator to 2023-01-31T00:00:00+00:00, run_after=2023-02-01T00:00:00+00:00
[2023-02-01T11:58:31.089+0000] {processor.py:175} INFO - Processing /home/airflow/.local/lib/python3.7/site-packages/airflow/example_dags/example_branch_operator_decorator.py took 0.124 seconds
[2023-02-01T11:59:01.405+0000] {processor.py:153} INFO - Started process (PID=125) to work on /home/airflow/.local/lib/python3.7/site-packages/airflow/example_dags/example_branch_operator_decorator.py
[2023-02-01T11:59:01.407+0000] {processor.py:743} INFO - Processing file /home/airflow/.local/lib/python3.7/site-packages/airflow/example_dags/example_branch_operator_decorator.py for tasks to queue
[2023-02-01T11:59:01.408+0000] {logging_mixin.py:137} INFO - [2023-02-01T11:59:01.408+0000] {dagbag.py:538} INFO - Filling up the DagBag from /home/airflow/.local/lib/python3.7/site-packages/airflow/example_dags/example_branch_operator_decorator.py
[2023-02-01T11:59:01.441+0000] {processor.py:753} INFO - DAG(s) dict_keys(['example_branch_python_operator_decorator']) retrieved from /home/airflow/.local/lib/python3.7/site-packages/airflow/example_dags/example_branch_operator_decorator.py
[2023-02-01T11:59:01.471+0000] {logging_mixin.py:137} INFO - [2023-02-01T11:59:01.471+0000] {dag.py:2690} INFO - Sync 1 DAGs
[2023-02-01T11:59:01.502+0000] {logging_mixin.py:137} INFO - [2023-02-01T11:59:01.502+0000] {dag.py:3441} INFO - Setting next_dagrun for example_branch_python_operator_decorator to 2023-01-31T00:00:00+00:00, run_after=2023-02-01T00:00:00+00:00
[2023-02-01T11:59:01.518+0000] {processor.py:175} INFO - Processing /home/airflow/.local/lib/python3.7/site-packages/airflow/example_dags/example_branch_operator_decorator.py took 0.117 seconds
[2023-02-01T11:59:32.320+0000] {processor.py:153} INFO - Started process (PID=191) to work on /home/airflow/.local/lib/python3.7/site-packages/airflow/example_dags/example_branch_operator_decorator.py
[2023-02-01T11:59:32.321+0000] {processor.py:743} INFO - Processing file /home/airflow/.local/lib/python3.7/site-packages/airflow/example_dags/example_branch_operator_decorator.py for tasks to queue
[2023-02-01T11:59:32.322+0000] {logging_mixin.py:137} INFO - [2023-02-01T11:59:32.322+0000] {dagbag.py:538} INFO - Filling up the DagBag from /home/airflow/.local/lib/python3.7/site-packages/airflow/example_dags/example_branch_operator_decorator.py
[2023-02-01T11:59:32.353+0000] {processor.py:753} INFO - DAG(s) dict_keys(['example_branch_python_operator_decorator']) retrieved from /home/airflow/.local/lib/python3.7/site-packages/airflow/example_dags/example_branch_operator_decorator.py
[2023-02-01T11:59:32.378+0000] {logging_mixin.py:137} INFO - [2023-02-01T11:59:32.378+0000] {dag.py:2690} INFO - Sync 1 DAGs
[2023-02-01T11:59:32.406+0000] {logging_mixin.py:137} INFO - [2023-02-01T11:59:32.406+0000] {dag.py:3441} INFO - Setting next_dagrun for example_branch_python_operator_decorator to 2023-01-31T00:00:00+00:00, run_after=2023-02-01T00:00:00+00:00
[2023-02-01T11:59:32.425+0000] {processor.py:175} INFO - Processing /home/airflow/.local/lib/python3.7/site-packages/airflow/example_dags/example_branch_operator_decorator.py took 0.109 seconds
[2023-02-01T12:00:03.200+0000] {processor.py:153} INFO - Started process (PID=270) to work on /home/airflow/.local/lib/python3.7/site-packages/airflow/example_dags/example_branch_operator_decorator.py
[2023-02-01T12:00:03.201+0000] {processor.py:743} INFO - Processing file /home/airflow/.local/lib/python3.7/site-packages/airflow/example_dags/example_branch_operator_decorator.py for tasks to queue
[2023-02-01T12:00:03.202+0000] {logging_mixin.py:137} INFO - [2023-02-01T12:00:03.202+0000] {dagbag.py:538} INFO - Filling up the DagBag from /home/airflow/.local/lib/python3.7/site-packages/airflow/example_dags/example_branch_operator_decorator.py
[2023-02-01T12:00:03.229+0000] {processor.py:753} INFO - DAG(s) dict_keys(['example_branch_python_operator_decorator']) retrieved from /home/airflow/.local/lib/python3.7/site-packages/airflow/example_dags/example_branch_operator_decorator.py
[2023-02-01T12:00:03.254+0000] {logging_mixin.py:137} INFO - [2023-02-01T12:00:03.254+0000] {dag.py:2690} INFO - Sync 1 DAGs
[2023-02-01T12:00:03.277+0000] {logging_mixin.py:137} INFO - [2023-02-01T12:00:03.277+0000] {dag.py:3441} INFO - Setting next_dagrun for example_branch_python_operator_decorator to 2023-01-31T00:00:00+00:00, run_after=2023-02-01T00:00:00+00:00
[2023-02-01T12:00:03.293+0000] {processor.py:175} INFO - Processing /home/airflow/.local/lib/python3.7/site-packages/airflow/example_dags/example_branch_operator_decorator.py took 0.098 seconds
[2023-02-01T12:00:33.807+0000] {processor.py:153} INFO - Started process (PID=348) to work on /home/airflow/.local/lib/python3.7/site-packages/airflow/example_dags/example_branch_operator_decorator.py
[2023-02-01T12:00:33.808+0000] {processor.py:743} INFO - Processing file /home/airflow/.local/lib/python3.7/site-packages/airflow/example_dags/example_branch_operator_decorator.py for tasks to queue
[2023-02-01T12:00:33.811+0000] {logging_mixin.py:137} INFO - [2023-02-01T12:00:33.811+0000] {dagbag.py:538} INFO - Filling up the DagBag from /home/airflow/.local/lib/python3.7/site-packages/airflow/example_dags/example_branch_operator_decorator.py
[2023-02-01T12:00:33.903+0000] {processor.py:753} INFO - DAG(s) dict_keys(['example_branch_python_operator_decorator']) retrieved from /home/airflow/.local/lib/python3.7/site-packages/airflow/example_dags/example_branch_operator_decorator.py
[2023-02-01T12:00:33.963+0000] {logging_mixin.py:137} INFO - [2023-02-01T12:00:33.963+0000] {dag.py:2690} INFO - Sync 1 DAGs
[2023-02-01T12:00:33.993+0000] {logging_mixin.py:137} INFO - [2023-02-01T12:00:33.993+0000] {dag.py:3441} INFO - Setting next_dagrun for example_branch_python_operator_decorator to 2023-01-31T00:00:00+00:00, run_after=2023-02-01T00:00:00+00:00
[2023-02-01T12:00:34.021+0000] {processor.py:175} INFO - Processing /home/airflow/.local/lib/python3.7/site-packages/airflow/example_dags/example_branch_operator_decorator.py took 0.220 seconds
[2023-02-01T12:01:04.647+0000] {processor.py:153} INFO - Started process (PID=413) to work on /home/airflow/.local/lib/python3.7/site-packages/airflow/example_dags/example_branch_operator_decorator.py
[2023-02-01T12:01:04.649+0000] {processor.py:743} INFO - Processing file /home/airflow/.local/lib/python3.7/site-packages/airflow/example_dags/example_branch_operator_decorator.py for tasks to queue
[2023-02-01T12:01:04.651+0000] {logging_mixin.py:137} INFO - [2023-02-01T12:01:04.650+0000] {dagbag.py:538} INFO - Filling up the DagBag from /home/airflow/.local/lib/python3.7/site-packages/airflow/example_dags/example_branch_operator_decorator.py
[2023-02-01T12:01:04.676+0000] {processor.py:753} INFO - DAG(s) dict_keys(['example_branch_python_operator_decorator']) retrieved from /home/airflow/.local/lib/python3.7/site-packages/airflow/example_dags/example_branch_operator_decorator.py
[2023-02-01T12:01:04.702+0000] {logging_mixin.py:137} INFO - [2023-02-01T12:01:04.702+0000] {dag.py:2690} INFO - Sync 1 DAGs
[2023-02-01T12:01:04.727+0000] {logging_mixin.py:137} INFO - [2023-02-01T12:01:04.727+0000] {dag.py:3441} INFO - Setting next_dagrun for example_branch_python_operator_decorator to 2023-01-31T00:00:00+00:00, run_after=2023-02-01T00:00:00+00:00
[2023-02-01T12:01:04.745+0000] {processor.py:175} INFO - Processing /home/airflow/.local/lib/python3.7/site-packages/airflow/example_dags/example_branch_operator_decorator.py took 0.105 seconds
[2023-02-01T12:01:35.540+0000] {processor.py:153} INFO - Started process (PID=492) to work on /home/airflow/.local/lib/python3.7/site-packages/airflow/example_dags/example_branch_operator_decorator.py
[2023-02-01T12:01:35.541+0000] {processor.py:743} INFO - Processing file /home/airflow/.local/lib/python3.7/site-packages/airflow/example_dags/example_branch_operator_decorator.py for tasks to queue
[2023-02-01T12:01:35.542+0000] {logging_mixin.py:137} INFO - [2023-02-01T12:01:35.542+0000] {dagbag.py:538} INFO - Filling up the DagBag from /home/airflow/.local/lib/python3.7/site-packages/airflow/example_dags/example_branch_operator_decorator.py
[2023-02-01T12:01:35.567+0000] {processor.py:753} INFO - DAG(s) dict_keys(['example_branch_python_operator_decorator']) retrieved from /home/airflow/.local/lib/python3.7/site-packages/airflow/example_dags/example_branch_operator_decorator.py
[2023-02-01T12:01:35.593+0000] {logging_mixin.py:137} INFO - [2023-02-01T12:01:35.593+0000] {dag.py:2690} INFO - Sync 1 DAGs
[2023-02-01T12:01:35.620+0000] {logging_mixin.py:137} INFO - [2023-02-01T12:01:35.619+0000] {dag.py:3441} INFO - Setting next_dagrun for example_branch_python_operator_decorator to 2023-01-31T00:00:00+00:00, run_after=2023-02-01T00:00:00+00:00
[2023-02-01T12:01:35.638+0000] {processor.py:175} INFO - Processing /home/airflow/.local/lib/python3.7/site-packages/airflow/example_dags/example_branch_operator_decorator.py took 0.102 seconds
[2023-02-01T12:02:07.100+0000] {processor.py:153} INFO - Started process (PID=563) to work on /home/airflow/.local/lib/python3.7/site-packages/airflow/example_dags/example_branch_operator_decorator.py
[2023-02-01T12:02:07.101+0000] {processor.py:743} INFO - Processing file /home/airflow/.local/lib/python3.7/site-packages/airflow/example_dags/example_branch_operator_decorator.py for tasks to queue
[2023-02-01T12:02:07.103+0000] {logging_mixin.py:137} INFO - [2023-02-01T12:02:07.103+0000] {dagbag.py:538} INFO - Filling up the DagBag from /home/airflow/.local/lib/python3.7/site-packages/airflow/example_dags/example_branch_operator_decorator.py
[2023-02-01T12:02:07.163+0000] {processor.py:753} INFO - DAG(s) dict_keys(['example_branch_python_operator_decorator']) retrieved from /home/airflow/.local/lib/python3.7/site-packages/airflow/example_dags/example_branch_operator_decorator.py
[2023-02-01T12:02:07.204+0000] {logging_mixin.py:137} INFO - [2023-02-01T12:02:07.203+0000] {dag.py:2690} INFO - Sync 1 DAGs
[2023-02-01T12:02:07.244+0000] {logging_mixin.py:137} INFO - [2023-02-01T12:02:07.244+0000] {dag.py:3441} INFO - Setting next_dagrun for example_branch_python_operator_decorator to 2023-01-31T00:00:00+00:00, run_after=2023-02-01T00:00:00+00:00
[2023-02-01T12:02:07.292+0000] {processor.py:175} INFO - Processing /home/airflow/.local/lib/python3.7/site-packages/airflow/example_dags/example_branch_operator_decorator.py took 0.201 seconds
[2023-02-01T12:02:38.086+0000] {processor.py:153} INFO - Started process (PID=634) to work on /home/airflow/.local/lib/python3.7/site-packages/airflow/example_dags/example_branch_operator_decorator.py
[2023-02-01T12:02:38.087+0000] {processor.py:743} INFO - Processing file /home/airflow/.local/lib/python3.7/site-packages/airflow/example_dags/example_branch_operator_decorator.py for tasks to queue
[2023-02-01T12:02:38.087+0000] {logging_mixin.py:137} INFO - [2023-02-01T12:02:38.087+0000] {dagbag.py:538} INFO - Filling up the DagBag from /home/airflow/.local/lib/python3.7/site-packages/airflow/example_dags/example_branch_operator_decorator.py
[2023-02-01T12:02:38.110+0000] {processor.py:753} INFO - DAG(s) dict_keys(['example_branch_python_operator_decorator']) retrieved from /home/airflow/.local/lib/python3.7/site-packages/airflow/example_dags/example_branch_operator_decorator.py
[2023-02-01T12:02:38.136+0000] {logging_mixin.py:137} INFO - [2023-02-01T12:02:38.136+0000] {dag.py:2690} INFO - Sync 1 DAGs
[2023-02-01T12:02:38.159+0000] {logging_mixin.py:137} INFO - [2023-02-01T12:02:38.158+0000] {dag.py:3441} INFO - Setting next_dagrun for example_branch_python_operator_decorator to 2023-01-31T00:00:00+00:00, run_after=2023-02-01T00:00:00+00:00
[2023-02-01T12:02:38.177+0000] {processor.py:175} INFO - Processing /home/airflow/.local/lib/python3.7/site-packages/airflow/example_dags/example_branch_operator_decorator.py took 0.094 seconds
[2023-02-01T12:03:08.313+0000] {processor.py:153} INFO - Started process (PID=709) to work on /home/airflow/.local/lib/python3.7/site-packages/airflow/example_dags/example_branch_operator_decorator.py
[2023-02-01T12:03:08.314+0000] {processor.py:743} INFO - Processing file /home/airflow/.local/lib/python3.7/site-packages/airflow/example_dags/example_branch_operator_decorator.py for tasks to queue
[2023-02-01T12:03:08.315+0000] {logging_mixin.py:137} INFO - [2023-02-01T12:03:08.315+0000] {dagbag.py:538} INFO - Filling up the DagBag from /home/airflow/.local/lib/python3.7/site-packages/airflow/example_dags/example_branch_operator_decorator.py
[2023-02-01T12:03:08.366+0000] {processor.py:753} INFO - DAG(s) dict_keys(['example_branch_python_operator_decorator']) retrieved from /home/airflow/.local/lib/python3.7/site-packages/airflow/example_dags/example_branch_operator_decorator.py
[2023-02-01T12:03:08.424+0000] {logging_mixin.py:137} INFO - [2023-02-01T12:03:08.424+0000] {dag.py:2690} INFO - Sync 1 DAGs
[2023-02-01T12:03:08.463+0000] {logging_mixin.py:137} INFO - [2023-02-01T12:03:08.463+0000] {dag.py:3441} INFO - Setting next_dagrun for example_branch_python_operator_decorator to 2023-01-31T00:00:00+00:00, run_after=2023-02-01T00:00:00+00:00
[2023-02-01T12:03:08.493+0000] {processor.py:175} INFO - Processing /home/airflow/.local/lib/python3.7/site-packages/airflow/example_dags/example_branch_operator_decorator.py took 0.185 seconds
[2023-02-01T12:03:39.118+0000] {processor.py:153} INFO - Started process (PID=778) to work on /home/airflow/.local/lib/python3.7/site-packages/airflow/example_dags/example_branch_operator_decorator.py
[2023-02-01T12:03:39.119+0000] {processor.py:743} INFO - Processing file /home/airflow/.local/lib/python3.7/site-packages/airflow/example_dags/example_branch_operator_decorator.py for tasks to queue
[2023-02-01T12:03:39.121+0000] {logging_mixin.py:137} INFO - [2023-02-01T12:03:39.120+0000] {dagbag.py:538} INFO - Filling up the DagBag from /home/airflow/.local/lib/python3.7/site-packages/airflow/example_dags/example_branch_operator_decorator.py
[2023-02-01T12:03:39.165+0000] {processor.py:753} INFO - DAG(s) dict_keys(['example_branch_python_operator_decorator']) retrieved from /home/airflow/.local/lib/python3.7/site-packages/airflow/example_dags/example_branch_operator_decorator.py
[2023-02-01T12:03:39.205+0000] {logging_mixin.py:137} INFO - [2023-02-01T12:03:39.205+0000] {dag.py:2690} INFO - Sync 1 DAGs
[2023-02-01T12:03:39.240+0000] {logging_mixin.py:137} INFO - [2023-02-01T12:03:39.240+0000] {dag.py:3441} INFO - Setting next_dagrun for example_branch_python_operator_decorator to 2023-01-31T00:00:00+00:00, run_after=2023-02-01T00:00:00+00:00
[2023-02-01T12:03:39.270+0000] {processor.py:175} INFO - Processing /home/airflow/.local/lib/python3.7/site-packages/airflow/example_dags/example_branch_operator_decorator.py took 0.157 seconds
[2023-02-01T12:04:09.993+0000] {processor.py:153} INFO - Started process (PID=851) to work on /home/airflow/.local/lib/python3.7/site-packages/airflow/example_dags/example_branch_operator_decorator.py
[2023-02-01T12:04:09.994+0000] {processor.py:743} INFO - Processing file /home/airflow/.local/lib/python3.7/site-packages/airflow/example_dags/example_branch_operator_decorator.py for tasks to queue
[2023-02-01T12:04:09.996+0000] {logging_mixin.py:137} INFO - [2023-02-01T12:04:09.995+0000] {dagbag.py:538} INFO - Filling up the DagBag from /home/airflow/.local/lib/python3.7/site-packages/airflow/example_dags/example_branch_operator_decorator.py
[2023-02-01T12:04:10.030+0000] {processor.py:753} INFO - DAG(s) dict_keys(['example_branch_python_operator_decorator']) retrieved from /home/airflow/.local/lib/python3.7/site-packages/airflow/example_dags/example_branch_operator_decorator.py
[2023-02-01T12:04:10.069+0000] {logging_mixin.py:137} INFO - [2023-02-01T12:04:10.069+0000] {dag.py:2690} INFO - Sync 1 DAGs
[2023-02-01T12:04:10.102+0000] {logging_mixin.py:137} INFO - [2023-02-01T12:04:10.102+0000] {dag.py:3441} INFO - Setting next_dagrun for example_branch_python_operator_decorator to 2023-01-31T00:00:00+00:00, run_after=2023-02-01T00:00:00+00:00
[2023-02-01T12:04:10.123+0000] {processor.py:175} INFO - Processing /home/airflow/.local/lib/python3.7/site-packages/airflow/example_dags/example_branch_operator_decorator.py took 0.135 seconds
[2023-02-01T12:04:40.774+0000] {processor.py:153} INFO - Started process (PID=920) to work on /home/airflow/.local/lib/python3.7/site-packages/airflow/example_dags/example_branch_operator_decorator.py
[2023-02-01T12:04:40.775+0000] {processor.py:743} INFO - Processing file /home/airflow/.local/lib/python3.7/site-packages/airflow/example_dags/example_branch_operator_decorator.py for tasks to queue
[2023-02-01T12:04:40.777+0000] {logging_mixin.py:137} INFO - [2023-02-01T12:04:40.776+0000] {dagbag.py:538} INFO - Filling up the DagBag from /home/airflow/.local/lib/python3.7/site-packages/airflow/example_dags/example_branch_operator_decorator.py
[2023-02-01T12:04:40.800+0000] {processor.py:753} INFO - DAG(s) dict_keys(['example_branch_python_operator_decorator']) retrieved from /home/airflow/.local/lib/python3.7/site-packages/airflow/example_dags/example_branch_operator_decorator.py
[2023-02-01T12:04:40.825+0000] {logging_mixin.py:137} INFO - [2023-02-01T12:04:40.825+0000] {dag.py:2690} INFO - Sync 1 DAGs
[2023-02-01T12:04:40.848+0000] {logging_mixin.py:137} INFO - [2023-02-01T12:04:40.848+0000] {dag.py:3441} INFO - Setting next_dagrun for example_branch_python_operator_decorator to 2023-01-31T00:00:00+00:00, run_after=2023-02-01T00:00:00+00:00
[2023-02-01T12:04:40.866+0000] {processor.py:175} INFO - Processing /home/airflow/.local/lib/python3.7/site-packages/airflow/example_dags/example_branch_operator_decorator.py took 0.095 seconds
[2023-02-01T12:05:11.578+0000] {processor.py:153} INFO - Started process (PID=999) to work on /home/airflow/.local/lib/python3.7/site-packages/airflow/example_dags/example_branch_operator_decorator.py
[2023-02-01T12:05:11.579+0000] {processor.py:743} INFO - Processing file /home/airflow/.local/lib/python3.7/site-packages/airflow/example_dags/example_branch_operator_decorator.py for tasks to queue
[2023-02-01T12:05:11.580+0000] {logging_mixin.py:137} INFO - [2023-02-01T12:05:11.580+0000] {dagbag.py:538} INFO - Filling up the DagBag from /home/airflow/.local/lib/python3.7/site-packages/airflow/example_dags/example_branch_operator_decorator.py
[2023-02-01T12:05:11.600+0000] {processor.py:753} INFO - DAG(s) dict_keys(['example_branch_python_operator_decorator']) retrieved from /home/airflow/.local/lib/python3.7/site-packages/airflow/example_dags/example_branch_operator_decorator.py
[2023-02-01T12:05:11.627+0000] {logging_mixin.py:137} INFO - [2023-02-01T12:05:11.626+0000] {dag.py:2690} INFO - Sync 1 DAGs
[2023-02-01T12:05:11.649+0000] {logging_mixin.py:137} INFO - [2023-02-01T12:05:11.648+0000] {dag.py:3441} INFO - Setting next_dagrun for example_branch_python_operator_decorator to 2023-01-31T00:00:00+00:00, run_after=2023-02-01T00:00:00+00:00
[2023-02-01T12:05:11.663+0000] {processor.py:175} INFO - Processing /home/airflow/.local/lib/python3.7/site-packages/airflow/example_dags/example_branch_operator_decorator.py took 0.088 seconds
[2023-02-01T12:05:42.249+0000] {processor.py:153} INFO - Started process (PID=1064) to work on /home/airflow/.local/lib/python3.7/site-packages/airflow/example_dags/example_branch_operator_decorator.py
[2023-02-01T12:05:42.251+0000] {processor.py:743} INFO - Processing file /home/airflow/.local/lib/python3.7/site-packages/airflow/example_dags/example_branch_operator_decorator.py for tasks to queue
[2023-02-01T12:05:42.252+0000] {logging_mixin.py:137} INFO - [2023-02-01T12:05:42.252+0000] {dagbag.py:538} INFO - Filling up the DagBag from /home/airflow/.local/lib/python3.7/site-packages/airflow/example_dags/example_branch_operator_decorator.py
[2023-02-01T12:05:42.272+0000] {processor.py:753} INFO - DAG(s) dict_keys(['example_branch_python_operator_decorator']) retrieved from /home/airflow/.local/lib/python3.7/site-packages/airflow/example_dags/example_branch_operator_decorator.py
[2023-02-01T12:05:42.296+0000] {logging_mixin.py:137} INFO - [2023-02-01T12:05:42.296+0000] {dag.py:2690} INFO - Sync 1 DAGs
[2023-02-01T12:05:42.317+0000] {logging_mixin.py:137} INFO - [2023-02-01T12:05:42.317+0000] {dag.py:3441} INFO - Setting next_dagrun for example_branch_python_operator_decorator to 2023-01-31T00:00:00+00:00, run_after=2023-02-01T00:00:00+00:00
[2023-02-01T12:05:42.338+0000] {processor.py:175} INFO - Processing /home/airflow/.local/lib/python3.7/site-packages/airflow/example_dags/example_branch_operator_decorator.py took 0.092 seconds
[2023-02-01T12:06:12.794+0000] {processor.py:153} INFO - Started process (PID=1142) to work on /home/airflow/.local/lib/python3.7/site-packages/airflow/example_dags/example_branch_operator_decorator.py
[2023-02-01T12:06:12.795+0000] {processor.py:743} INFO - Processing file /home/airflow/.local/lib/python3.7/site-packages/airflow/example_dags/example_branch_operator_decorator.py for tasks to queue
[2023-02-01T12:06:12.796+0000] {logging_mixin.py:137} INFO - [2023-02-01T12:06:12.796+0000] {dagbag.py:538} INFO - Filling up the DagBag from /home/airflow/.local/lib/python3.7/site-packages/airflow/example_dags/example_branch_operator_decorator.py
[2023-02-01T12:06:12.817+0000] {processor.py:753} INFO - DAG(s) dict_keys(['example_branch_python_operator_decorator']) retrieved from /home/airflow/.local/lib/python3.7/site-packages/airflow/example_dags/example_branch_operator_decorator.py
[2023-02-01T12:06:12.840+0000] {logging_mixin.py:137} INFO - [2023-02-01T12:06:12.840+0000] {dag.py:2690} INFO - Sync 1 DAGs
[2023-02-01T12:06:12.863+0000] {logging_mixin.py:137} INFO - [2023-02-01T12:06:12.863+0000] {dag.py:3441} INFO - Setting next_dagrun for example_branch_python_operator_decorator to 2023-01-31T00:00:00+00:00, run_after=2023-02-01T00:00:00+00:00
[2023-02-01T12:06:12.884+0000] {processor.py:175} INFO - Processing /home/airflow/.local/lib/python3.7/site-packages/airflow/example_dags/example_branch_operator_decorator.py took 0.093 seconds
[2023-02-01T12:06:43.341+0000] {processor.py:153} INFO - Started process (PID=1207) to work on /home/airflow/.local/lib/python3.7/site-packages/airflow/example_dags/example_branch_operator_decorator.py
[2023-02-01T12:06:43.341+0000] {processor.py:743} INFO - Processing file /home/airflow/.local/lib/python3.7/site-packages/airflow/example_dags/example_branch_operator_decorator.py for tasks to queue
[2023-02-01T12:06:43.342+0000] {logging_mixin.py:137} INFO - [2023-02-01T12:06:43.342+0000] {dagbag.py:538} INFO - Filling up the DagBag from /home/airflow/.local/lib/python3.7/site-packages/airflow/example_dags/example_branch_operator_decorator.py
[2023-02-01T12:06:43.364+0000] {processor.py:753} INFO - DAG(s) dict_keys(['example_branch_python_operator_decorator']) retrieved from /home/airflow/.local/lib/python3.7/site-packages/airflow/example_dags/example_branch_operator_decorator.py
[2023-02-01T12:06:43.397+0000] {logging_mixin.py:137} INFO - [2023-02-01T12:06:43.396+0000] {dag.py:2690} INFO - Sync 1 DAGs
[2023-02-01T12:06:43.424+0000] {logging_mixin.py:137} INFO - [2023-02-01T12:06:43.424+0000] {dag.py:3441} INFO - Setting next_dagrun for example_branch_python_operator_decorator to 2023-01-31T00:00:00+00:00, run_after=2023-02-01T00:00:00+00:00
[2023-02-01T12:06:43.446+0000] {processor.py:175} INFO - Processing /home/airflow/.local/lib/python3.7/site-packages/airflow/example_dags/example_branch_operator_decorator.py took 0.108 seconds
[2023-02-01T12:07:13.566+0000] {processor.py:153} INFO - Started process (PID=1284) to work on /home/airflow/.local/lib/python3.7/site-packages/airflow/example_dags/example_branch_operator_decorator.py
[2023-02-01T12:07:13.566+0000] {processor.py:743} INFO - Processing file /home/airflow/.local/lib/python3.7/site-packages/airflow/example_dags/example_branch_operator_decorator.py for tasks to queue
[2023-02-01T12:07:13.568+0000] {logging_mixin.py:137} INFO - [2023-02-01T12:07:13.568+0000] {dagbag.py:538} INFO - Filling up the DagBag from /home/airflow/.local/lib/python3.7/site-packages/airflow/example_dags/example_branch_operator_decorator.py
[2023-02-01T12:07:13.592+0000] {processor.py:753} INFO - DAG(s) dict_keys(['example_branch_python_operator_decorator']) retrieved from /home/airflow/.local/lib/python3.7/site-packages/airflow/example_dags/example_branch_operator_decorator.py
[2023-02-01T12:07:13.621+0000] {logging_mixin.py:137} INFO - [2023-02-01T12:07:13.621+0000] {dag.py:2690} INFO - Sync 1 DAGs
[2023-02-01T12:07:13.643+0000] {logging_mixin.py:137} INFO - [2023-02-01T12:07:13.642+0000] {dag.py:3441} INFO - Setting next_dagrun for example_branch_python_operator_decorator to 2023-01-31T00:00:00+00:00, run_after=2023-02-01T00:00:00+00:00
[2023-02-01T12:07:13.668+0000] {processor.py:175} INFO - Processing /home/airflow/.local/lib/python3.7/site-packages/airflow/example_dags/example_branch_operator_decorator.py took 0.106 seconds
[2023-02-01T12:07:43.757+0000] {processor.py:153} INFO - Started process (PID=1363) to work on /home/airflow/.local/lib/python3.7/site-packages/airflow/example_dags/example_branch_operator_decorator.py
[2023-02-01T12:07:43.758+0000] {processor.py:743} INFO - Processing file /home/airflow/.local/lib/python3.7/site-packages/airflow/example_dags/example_branch_operator_decorator.py for tasks to queue
[2023-02-01T12:07:43.759+0000] {logging_mixin.py:137} INFO - [2023-02-01T12:07:43.759+0000] {dagbag.py:538} INFO - Filling up the DagBag from /home/airflow/.local/lib/python3.7/site-packages/airflow/example_dags/example_branch_operator_decorator.py
[2023-02-01T12:07:43.782+0000] {processor.py:753} INFO - DAG(s) dict_keys(['example_branch_python_operator_decorator']) retrieved from /home/airflow/.local/lib/python3.7/site-packages/airflow/example_dags/example_branch_operator_decorator.py
[2023-02-01T12:07:43.807+0000] {logging_mixin.py:137} INFO - [2023-02-01T12:07:43.807+0000] {dag.py:2690} INFO - Sync 1 DAGs
[2023-02-01T12:07:43.834+0000] {logging_mixin.py:137} INFO - [2023-02-01T12:07:43.833+0000] {dag.py:3441} INFO - Setting next_dagrun for example_branch_python_operator_decorator to 2023-01-31T00:00:00+00:00, run_after=2023-02-01T00:00:00+00:00
[2023-02-01T12:07:43.863+0000] {processor.py:175} INFO - Processing /home/airflow/.local/lib/python3.7/site-packages/airflow/example_dags/example_branch_operator_decorator.py took 0.110 seconds
