[2023-02-01T11:58:33.670+0000] {processor.py:153} INFO - Started process (PID=76) to work on /home/airflow/.local/lib/python3.7/site-packages/airflow/example_dags/example_subdag_operator.py
[2023-02-01T11:58:33.672+0000] {processor.py:743} INFO - Processing file /home/airflow/.local/lib/python3.7/site-packages/airflow/example_dags/example_subdag_operator.py for tasks to queue
[2023-02-01T11:58:33.673+0000] {logging_mixin.py:137} INFO - [2023-02-01T11:58:33.672+0000] {dagbag.py:538} INFO - Filling up the DagBag from /home/airflow/.local/lib/python3.7/site-packages/airflow/example_dags/example_subdag_operator.py
[2023-02-01T11:58:33.721+0000] {processor.py:753} INFO - DAG(s) dict_keys(['example_subdag_operator.section-1', 'example_subdag_operator.section-2', 'example_subdag_operator']) retrieved from /home/airflow/.local/lib/python3.7/site-packages/airflow/example_dags/example_subdag_operator.py
[2023-02-01T11:58:33.727+0000] {logging_mixin.py:137} INFO - [2023-02-01T11:58:33.727+0000] {dag.py:2690} INFO - Sync 3 DAGs
[2023-02-01T11:58:33.806+0000] {logging_mixin.py:137} INFO - [2023-02-01T11:58:33.805+0000] {dag.py:3441} INFO - Setting next_dagrun for example_subdag_operator to 2022-01-01T00:00:00+00:00, run_after=2022-01-01T00:00:00+00:00
[2023-02-01T11:58:33.818+0000] {logging_mixin.py:137} INFO - [2023-02-01T11:58:33.818+0000] {dag.py:3441} INFO - Setting next_dagrun for example_subdag_operator.section-1 to None, run_after=None
[2023-02-01T11:58:33.823+0000] {logging_mixin.py:137} INFO - [2023-02-01T11:58:33.822+0000] {dag.py:3441} INFO - Setting next_dagrun for example_subdag_operator.section-2 to None, run_after=None
[2023-02-01T11:58:33.846+0000] {logging_mixin.py:137} INFO - [2023-02-01T11:58:33.846+0000] {dag.py:2690} INFO - Sync 2 DAGs
[2023-02-01T11:58:33.855+0000] {logging_mixin.py:137} INFO - [2023-02-01T11:58:33.855+0000] {dag.py:3441} INFO - Setting next_dagrun for example_subdag_operator.section-1 to None, run_after=None
[2023-02-01T11:58:33.855+0000] {logging_mixin.py:137} INFO - [2023-02-01T11:58:33.855+0000] {dag.py:3441} INFO - Setting next_dagrun for example_subdag_operator.section-2 to None, run_after=None
[2023-02-01T11:58:33.882+0000] {processor.py:175} INFO - Processing /home/airflow/.local/lib/python3.7/site-packages/airflow/example_dags/example_subdag_operator.py took 0.217 seconds
[2023-02-01T11:59:03.941+0000] {processor.py:153} INFO - Started process (PID=144) to work on /home/airflow/.local/lib/python3.7/site-packages/airflow/example_dags/example_subdag_operator.py
[2023-02-01T11:59:03.942+0000] {processor.py:743} INFO - Processing file /home/airflow/.local/lib/python3.7/site-packages/airflow/example_dags/example_subdag_operator.py for tasks to queue
[2023-02-01T11:59:03.943+0000] {logging_mixin.py:137} INFO - [2023-02-01T11:59:03.943+0000] {dagbag.py:538} INFO - Filling up the DagBag from /home/airflow/.local/lib/python3.7/site-packages/airflow/example_dags/example_subdag_operator.py
[2023-02-01T11:59:03.971+0000] {processor.py:753} INFO - DAG(s) dict_keys(['example_subdag_operator.section-1', 'example_subdag_operator.section-2', 'example_subdag_operator']) retrieved from /home/airflow/.local/lib/python3.7/site-packages/airflow/example_dags/example_subdag_operator.py
[2023-02-01T11:59:03.987+0000] {logging_mixin.py:137} INFO - [2023-02-01T11:59:03.986+0000] {dag.py:2690} INFO - Sync 3 DAGs
[2023-02-01T11:59:04.007+0000] {logging_mixin.py:137} INFO - [2023-02-01T11:59:04.007+0000] {dag.py:3441} INFO - Setting next_dagrun for example_subdag_operator to 2022-01-01T00:00:00+00:00, run_after=2022-01-01T00:00:00+00:00
[2023-02-01T11:59:04.011+0000] {logging_mixin.py:137} INFO - [2023-02-01T11:59:04.011+0000] {dag.py:3441} INFO - Setting next_dagrun for example_subdag_operator.section-1 to None, run_after=None
[2023-02-01T11:59:04.012+0000] {logging_mixin.py:137} INFO - [2023-02-01T11:59:04.012+0000] {dag.py:3441} INFO - Setting next_dagrun for example_subdag_operator.section-2 to None, run_after=None
[2023-02-01T11:59:04.018+0000] {logging_mixin.py:137} INFO - [2023-02-01T11:59:04.018+0000] {dag.py:2690} INFO - Sync 2 DAGs
[2023-02-01T11:59:04.023+0000] {logging_mixin.py:137} INFO - [2023-02-01T11:59:04.023+0000] {dag.py:3441} INFO - Setting next_dagrun for example_subdag_operator.section-1 to None, run_after=None
[2023-02-01T11:59:04.023+0000] {logging_mixin.py:137} INFO - [2023-02-01T11:59:04.023+0000] {dag.py:3441} INFO - Setting next_dagrun for example_subdag_operator.section-2 to None, run_after=None
[2023-02-01T11:59:04.032+0000] {processor.py:175} INFO - Processing /home/airflow/.local/lib/python3.7/site-packages/airflow/example_dags/example_subdag_operator.py took 0.094 seconds
[2023-02-01T11:59:34.712+0000] {processor.py:153} INFO - Started process (PID=223) to work on /home/airflow/.local/lib/python3.7/site-packages/airflow/example_dags/example_subdag_operator.py
[2023-02-01T11:59:34.713+0000] {processor.py:743} INFO - Processing file /home/airflow/.local/lib/python3.7/site-packages/airflow/example_dags/example_subdag_operator.py for tasks to queue
[2023-02-01T11:59:34.714+0000] {logging_mixin.py:137} INFO - [2023-02-01T11:59:34.714+0000] {dagbag.py:538} INFO - Filling up the DagBag from /home/airflow/.local/lib/python3.7/site-packages/airflow/example_dags/example_subdag_operator.py
[2023-02-01T11:59:34.747+0000] {processor.py:753} INFO - DAG(s) dict_keys(['example_subdag_operator.section-1', 'example_subdag_operator.section-2', 'example_subdag_operator']) retrieved from /home/airflow/.local/lib/python3.7/site-packages/airflow/example_dags/example_subdag_operator.py
[2023-02-01T11:59:34.774+0000] {logging_mixin.py:137} INFO - [2023-02-01T11:59:34.774+0000] {dag.py:2690} INFO - Sync 3 DAGs
[2023-02-01T11:59:34.814+0000] {logging_mixin.py:137} INFO - [2023-02-01T11:59:34.814+0000] {dag.py:3441} INFO - Setting next_dagrun for example_subdag_operator to 2022-01-01T00:00:00+00:00, run_after=2022-01-01T00:00:00+00:00
[2023-02-01T11:59:34.821+0000] {logging_mixin.py:137} INFO - [2023-02-01T11:59:34.820+0000] {dag.py:3441} INFO - Setting next_dagrun for example_subdag_operator.section-1 to None, run_after=None
[2023-02-01T11:59:34.823+0000] {logging_mixin.py:137} INFO - [2023-02-01T11:59:34.822+0000] {dag.py:3441} INFO - Setting next_dagrun for example_subdag_operator.section-2 to None, run_after=None
[2023-02-01T11:59:34.833+0000] {logging_mixin.py:137} INFO - [2023-02-01T11:59:34.833+0000] {dag.py:2690} INFO - Sync 2 DAGs
[2023-02-01T11:59:34.840+0000] {logging_mixin.py:137} INFO - [2023-02-01T11:59:34.840+0000] {dag.py:3441} INFO - Setting next_dagrun for example_subdag_operator.section-1 to None, run_after=None
[2023-02-01T11:59:34.841+0000] {logging_mixin.py:137} INFO - [2023-02-01T11:59:34.841+0000] {dag.py:3441} INFO - Setting next_dagrun for example_subdag_operator.section-2 to None, run_after=None
[2023-02-01T11:59:34.853+0000] {processor.py:175} INFO - Processing /home/airflow/.local/lib/python3.7/site-packages/airflow/example_dags/example_subdag_operator.py took 0.146 seconds
[2023-02-01T12:00:05.340+0000] {processor.py:153} INFO - Started process (PID=289) to work on /home/airflow/.local/lib/python3.7/site-packages/airflow/example_dags/example_subdag_operator.py
[2023-02-01T12:00:05.341+0000] {processor.py:743} INFO - Processing file /home/airflow/.local/lib/python3.7/site-packages/airflow/example_dags/example_subdag_operator.py for tasks to queue
[2023-02-01T12:00:05.342+0000] {logging_mixin.py:137} INFO - [2023-02-01T12:00:05.342+0000] {dagbag.py:538} INFO - Filling up the DagBag from /home/airflow/.local/lib/python3.7/site-packages/airflow/example_dags/example_subdag_operator.py
[2023-02-01T12:00:05.373+0000] {processor.py:753} INFO - DAG(s) dict_keys(['example_subdag_operator.section-1', 'example_subdag_operator.section-2', 'example_subdag_operator']) retrieved from /home/airflow/.local/lib/python3.7/site-packages/airflow/example_dags/example_subdag_operator.py
[2023-02-01T12:00:05.390+0000] {logging_mixin.py:137} INFO - [2023-02-01T12:00:05.390+0000] {dag.py:2690} INFO - Sync 3 DAGs
[2023-02-01T12:00:05.414+0000] {logging_mixin.py:137} INFO - [2023-02-01T12:00:05.414+0000] {dag.py:3441} INFO - Setting next_dagrun for example_subdag_operator to 2022-01-01T00:00:00+00:00, run_after=2022-01-01T00:00:00+00:00
[2023-02-01T12:00:05.421+0000] {logging_mixin.py:137} INFO - [2023-02-01T12:00:05.421+0000] {dag.py:3441} INFO - Setting next_dagrun for example_subdag_operator.section-1 to None, run_after=None
[2023-02-01T12:00:05.425+0000] {logging_mixin.py:137} INFO - [2023-02-01T12:00:05.425+0000] {dag.py:3441} INFO - Setting next_dagrun for example_subdag_operator.section-2 to None, run_after=None
[2023-02-01T12:00:05.434+0000] {logging_mixin.py:137} INFO - [2023-02-01T12:00:05.433+0000] {dag.py:2690} INFO - Sync 2 DAGs
[2023-02-01T12:00:05.439+0000] {logging_mixin.py:137} INFO - [2023-02-01T12:00:05.438+0000] {dag.py:3441} INFO - Setting next_dagrun for example_subdag_operator.section-1 to None, run_after=None
[2023-02-01T12:00:05.439+0000] {logging_mixin.py:137} INFO - [2023-02-01T12:00:05.439+0000] {dag.py:3441} INFO - Setting next_dagrun for example_subdag_operator.section-2 to None, run_after=None
[2023-02-01T12:00:05.451+0000] {processor.py:175} INFO - Processing /home/airflow/.local/lib/python3.7/site-packages/airflow/example_dags/example_subdag_operator.py took 0.114 seconds
[2023-02-01T12:00:36.203+0000] {processor.py:153} INFO - Started process (PID=367) to work on /home/airflow/.local/lib/python3.7/site-packages/airflow/example_dags/example_subdag_operator.py
[2023-02-01T12:00:36.205+0000] {processor.py:743} INFO - Processing file /home/airflow/.local/lib/python3.7/site-packages/airflow/example_dags/example_subdag_operator.py for tasks to queue
[2023-02-01T12:00:36.206+0000] {logging_mixin.py:137} INFO - [2023-02-01T12:00:36.206+0000] {dagbag.py:538} INFO - Filling up the DagBag from /home/airflow/.local/lib/python3.7/site-packages/airflow/example_dags/example_subdag_operator.py
[2023-02-01T12:00:36.243+0000] {processor.py:753} INFO - DAG(s) dict_keys(['example_subdag_operator.section-1', 'example_subdag_operator.section-2', 'example_subdag_operator']) retrieved from /home/airflow/.local/lib/python3.7/site-packages/airflow/example_dags/example_subdag_operator.py
[2023-02-01T12:00:36.264+0000] {logging_mixin.py:137} INFO - [2023-02-01T12:00:36.264+0000] {dag.py:2690} INFO - Sync 3 DAGs
[2023-02-01T12:00:36.295+0000] {logging_mixin.py:137} INFO - [2023-02-01T12:00:36.295+0000] {dag.py:3441} INFO - Setting next_dagrun for example_subdag_operator to 2022-01-01T00:00:00+00:00, run_after=2022-01-01T00:00:00+00:00
[2023-02-01T12:00:36.299+0000] {logging_mixin.py:137} INFO - [2023-02-01T12:00:36.299+0000] {dag.py:3441} INFO - Setting next_dagrun for example_subdag_operator.section-1 to None, run_after=None
[2023-02-01T12:00:36.301+0000] {logging_mixin.py:137} INFO - [2023-02-01T12:00:36.301+0000] {dag.py:3441} INFO - Setting next_dagrun for example_subdag_operator.section-2 to None, run_after=None
[2023-02-01T12:00:36.309+0000] {logging_mixin.py:137} INFO - [2023-02-01T12:00:36.309+0000] {dag.py:2690} INFO - Sync 2 DAGs
[2023-02-01T12:00:36.314+0000] {logging_mixin.py:137} INFO - [2023-02-01T12:00:36.314+0000] {dag.py:3441} INFO - Setting next_dagrun for example_subdag_operator.section-1 to None, run_after=None
[2023-02-01T12:00:36.315+0000] {logging_mixin.py:137} INFO - [2023-02-01T12:00:36.315+0000] {dag.py:3441} INFO - Setting next_dagrun for example_subdag_operator.section-2 to None, run_after=None
[2023-02-01T12:00:36.327+0000] {processor.py:175} INFO - Processing /home/airflow/.local/lib/python3.7/site-packages/airflow/example_dags/example_subdag_operator.py took 0.127 seconds
[2023-02-01T12:01:06.992+0000] {processor.py:153} INFO - Started process (PID=432) to work on /home/airflow/.local/lib/python3.7/site-packages/airflow/example_dags/example_subdag_operator.py
[2023-02-01T12:01:06.993+0000] {processor.py:743} INFO - Processing file /home/airflow/.local/lib/python3.7/site-packages/airflow/example_dags/example_subdag_operator.py for tasks to queue
[2023-02-01T12:01:06.995+0000] {logging_mixin.py:137} INFO - [2023-02-01T12:01:06.995+0000] {dagbag.py:538} INFO - Filling up the DagBag from /home/airflow/.local/lib/python3.7/site-packages/airflow/example_dags/example_subdag_operator.py
[2023-02-01T12:01:07.037+0000] {processor.py:753} INFO - DAG(s) dict_keys(['example_subdag_operator.section-1', 'example_subdag_operator.section-2', 'example_subdag_operator']) retrieved from /home/airflow/.local/lib/python3.7/site-packages/airflow/example_dags/example_subdag_operator.py
[2023-02-01T12:01:07.060+0000] {logging_mixin.py:137} INFO - [2023-02-01T12:01:07.060+0000] {dag.py:2690} INFO - Sync 3 DAGs
[2023-02-01T12:01:07.092+0000] {logging_mixin.py:137} INFO - [2023-02-01T12:01:07.092+0000] {dag.py:3441} INFO - Setting next_dagrun for example_subdag_operator to 2022-01-01T00:00:00+00:00, run_after=2022-01-01T00:00:00+00:00
[2023-02-01T12:01:07.096+0000] {logging_mixin.py:137} INFO - [2023-02-01T12:01:07.096+0000] {dag.py:3441} INFO - Setting next_dagrun for example_subdag_operator.section-1 to None, run_after=None
[2023-02-01T12:01:07.097+0000] {logging_mixin.py:137} INFO - [2023-02-01T12:01:07.097+0000] {dag.py:3441} INFO - Setting next_dagrun for example_subdag_operator.section-2 to None, run_after=None
[2023-02-01T12:01:07.106+0000] {logging_mixin.py:137} INFO - [2023-02-01T12:01:07.106+0000] {dag.py:2690} INFO - Sync 2 DAGs
[2023-02-01T12:01:07.148+0000] {logging_mixin.py:137} INFO - [2023-02-01T12:01:07.148+0000] {dag.py:3441} INFO - Setting next_dagrun for example_subdag_operator.section-1 to None, run_after=None
[2023-02-01T12:01:07.151+0000] {logging_mixin.py:137} INFO - [2023-02-01T12:01:07.151+0000] {dag.py:3441} INFO - Setting next_dagrun for example_subdag_operator.section-2 to None, run_after=None
[2023-02-01T12:01:07.212+0000] {processor.py:175} INFO - Processing /home/airflow/.local/lib/python3.7/site-packages/airflow/example_dags/example_subdag_operator.py took 0.225 seconds
[2023-02-01T12:01:38.023+0000] {processor.py:153} INFO - Started process (PID=511) to work on /home/airflow/.local/lib/python3.7/site-packages/airflow/example_dags/example_subdag_operator.py
[2023-02-01T12:01:38.024+0000] {processor.py:743} INFO - Processing file /home/airflow/.local/lib/python3.7/site-packages/airflow/example_dags/example_subdag_operator.py for tasks to queue
[2023-02-01T12:01:38.026+0000] {logging_mixin.py:137} INFO - [2023-02-01T12:01:38.025+0000] {dagbag.py:538} INFO - Filling up the DagBag from /home/airflow/.local/lib/python3.7/site-packages/airflow/example_dags/example_subdag_operator.py
[2023-02-01T12:01:38.055+0000] {processor.py:753} INFO - DAG(s) dict_keys(['example_subdag_operator.section-1', 'example_subdag_operator.section-2', 'example_subdag_operator']) retrieved from /home/airflow/.local/lib/python3.7/site-packages/airflow/example_dags/example_subdag_operator.py
[2023-02-01T12:01:38.073+0000] {logging_mixin.py:137} INFO - [2023-02-01T12:01:38.073+0000] {dag.py:2690} INFO - Sync 3 DAGs
[2023-02-01T12:01:38.096+0000] {logging_mixin.py:137} INFO - [2023-02-01T12:01:38.096+0000] {dag.py:3441} INFO - Setting next_dagrun for example_subdag_operator to 2022-01-01T00:00:00+00:00, run_after=2022-01-01T00:00:00+00:00
[2023-02-01T12:01:38.102+0000] {logging_mixin.py:137} INFO - [2023-02-01T12:01:38.102+0000] {dag.py:3441} INFO - Setting next_dagrun for example_subdag_operator.section-1 to None, run_after=None
[2023-02-01T12:01:38.104+0000] {logging_mixin.py:137} INFO - [2023-02-01T12:01:38.104+0000] {dag.py:3441} INFO - Setting next_dagrun for example_subdag_operator.section-2 to None, run_after=None
[2023-02-01T12:01:38.111+0000] {logging_mixin.py:137} INFO - [2023-02-01T12:01:38.111+0000] {dag.py:2690} INFO - Sync 2 DAGs
[2023-02-01T12:01:38.117+0000] {logging_mixin.py:137} INFO - [2023-02-01T12:01:38.117+0000] {dag.py:3441} INFO - Setting next_dagrun for example_subdag_operator.section-1 to None, run_after=None
[2023-02-01T12:01:38.117+0000] {logging_mixin.py:137} INFO - [2023-02-01T12:01:38.117+0000] {dag.py:3441} INFO - Setting next_dagrun for example_subdag_operator.section-2 to None, run_after=None
[2023-02-01T12:01:38.126+0000] {processor.py:175} INFO - Processing /home/airflow/.local/lib/python3.7/site-packages/airflow/example_dags/example_subdag_operator.py took 0.109 seconds
[2023-02-01T12:02:09.501+0000] {processor.py:153} INFO - Started process (PID=588) to work on /home/airflow/.local/lib/python3.7/site-packages/airflow/example_dags/example_subdag_operator.py
[2023-02-01T12:02:09.502+0000] {processor.py:743} INFO - Processing file /home/airflow/.local/lib/python3.7/site-packages/airflow/example_dags/example_subdag_operator.py for tasks to queue
[2023-02-01T12:02:09.503+0000] {logging_mixin.py:137} INFO - [2023-02-01T12:02:09.503+0000] {dagbag.py:538} INFO - Filling up the DagBag from /home/airflow/.local/lib/python3.7/site-packages/airflow/example_dags/example_subdag_operator.py
[2023-02-01T12:02:09.541+0000] {processor.py:753} INFO - DAG(s) dict_keys(['example_subdag_operator.section-1', 'example_subdag_operator.section-2', 'example_subdag_operator']) retrieved from /home/airflow/.local/lib/python3.7/site-packages/airflow/example_dags/example_subdag_operator.py
[2023-02-01T12:02:09.563+0000] {logging_mixin.py:137} INFO - [2023-02-01T12:02:09.563+0000] {dag.py:2690} INFO - Sync 3 DAGs
[2023-02-01T12:02:09.589+0000] {logging_mixin.py:137} INFO - [2023-02-01T12:02:09.589+0000] {dag.py:3441} INFO - Setting next_dagrun for example_subdag_operator to 2022-01-01T00:00:00+00:00, run_after=2022-01-01T00:00:00+00:00
[2023-02-01T12:02:09.592+0000] {logging_mixin.py:137} INFO - [2023-02-01T12:02:09.592+0000] {dag.py:3441} INFO - Setting next_dagrun for example_subdag_operator.section-1 to None, run_after=None
[2023-02-01T12:02:09.594+0000] {logging_mixin.py:137} INFO - [2023-02-01T12:02:09.594+0000] {dag.py:3441} INFO - Setting next_dagrun for example_subdag_operator.section-2 to None, run_after=None
[2023-02-01T12:02:09.604+0000] {logging_mixin.py:137} INFO - [2023-02-01T12:02:09.604+0000] {dag.py:2690} INFO - Sync 2 DAGs
[2023-02-01T12:02:09.610+0000] {logging_mixin.py:137} INFO - [2023-02-01T12:02:09.610+0000] {dag.py:3441} INFO - Setting next_dagrun for example_subdag_operator.section-1 to None, run_after=None
[2023-02-01T12:02:09.611+0000] {logging_mixin.py:137} INFO - [2023-02-01T12:02:09.610+0000] {dag.py:3441} INFO - Setting next_dagrun for example_subdag_operator.section-2 to None, run_after=None
[2023-02-01T12:02:09.622+0000] {processor.py:175} INFO - Processing /home/airflow/.local/lib/python3.7/site-packages/airflow/example_dags/example_subdag_operator.py took 0.125 seconds
[2023-02-01T12:02:39.857+0000] {processor.py:153} INFO - Started process (PID=653) to work on /home/airflow/.local/lib/python3.7/site-packages/airflow/example_dags/example_subdag_operator.py
[2023-02-01T12:02:39.858+0000] {processor.py:743} INFO - Processing file /home/airflow/.local/lib/python3.7/site-packages/airflow/example_dags/example_subdag_operator.py for tasks to queue
[2023-02-01T12:02:39.859+0000] {logging_mixin.py:137} INFO - [2023-02-01T12:02:39.859+0000] {dagbag.py:538} INFO - Filling up the DagBag from /home/airflow/.local/lib/python3.7/site-packages/airflow/example_dags/example_subdag_operator.py
[2023-02-01T12:02:39.893+0000] {processor.py:753} INFO - DAG(s) dict_keys(['example_subdag_operator.section-1', 'example_subdag_operator.section-2', 'example_subdag_operator']) retrieved from /home/airflow/.local/lib/python3.7/site-packages/airflow/example_dags/example_subdag_operator.py
[2023-02-01T12:02:39.910+0000] {logging_mixin.py:137} INFO - [2023-02-01T12:02:39.910+0000] {dag.py:2690} INFO - Sync 3 DAGs
[2023-02-01T12:02:39.933+0000] {logging_mixin.py:137} INFO - [2023-02-01T12:02:39.933+0000] {dag.py:3441} INFO - Setting next_dagrun for example_subdag_operator to 2022-01-01T00:00:00+00:00, run_after=2022-01-01T00:00:00+00:00
[2023-02-01T12:02:39.936+0000] {logging_mixin.py:137} INFO - [2023-02-01T12:02:39.936+0000] {dag.py:3441} INFO - Setting next_dagrun for example_subdag_operator.section-1 to None, run_after=None
[2023-02-01T12:02:39.938+0000] {logging_mixin.py:137} INFO - [2023-02-01T12:02:39.938+0000] {dag.py:3441} INFO - Setting next_dagrun for example_subdag_operator.section-2 to None, run_after=None
[2023-02-01T12:02:39.946+0000] {logging_mixin.py:137} INFO - [2023-02-01T12:02:39.946+0000] {dag.py:2690} INFO - Sync 2 DAGs
[2023-02-01T12:02:39.952+0000] {logging_mixin.py:137} INFO - [2023-02-01T12:02:39.952+0000] {dag.py:3441} INFO - Setting next_dagrun for example_subdag_operator.section-1 to None, run_after=None
[2023-02-01T12:02:39.952+0000] {logging_mixin.py:137} INFO - [2023-02-01T12:02:39.952+0000] {dag.py:3441} INFO - Setting next_dagrun for example_subdag_operator.section-2 to None, run_after=None
[2023-02-01T12:02:39.974+0000] {processor.py:175} INFO - Processing /home/airflow/.local/lib/python3.7/site-packages/airflow/example_dags/example_subdag_operator.py took 0.119 seconds
[2023-02-01T12:03:10.101+0000] {processor.py:153} INFO - Started process (PID=732) to work on /home/airflow/.local/lib/python3.7/site-packages/airflow/example_dags/example_subdag_operator.py
[2023-02-01T12:03:10.101+0000] {processor.py:743} INFO - Processing file /home/airflow/.local/lib/python3.7/site-packages/airflow/example_dags/example_subdag_operator.py for tasks to queue
[2023-02-01T12:03:10.102+0000] {logging_mixin.py:137} INFO - [2023-02-01T12:03:10.102+0000] {dagbag.py:538} INFO - Filling up the DagBag from /home/airflow/.local/lib/python3.7/site-packages/airflow/example_dags/example_subdag_operator.py
[2023-02-01T12:03:10.131+0000] {processor.py:753} INFO - DAG(s) dict_keys(['example_subdag_operator.section-1', 'example_subdag_operator.section-2', 'example_subdag_operator']) retrieved from /home/airflow/.local/lib/python3.7/site-packages/airflow/example_dags/example_subdag_operator.py
[2023-02-01T12:03:10.147+0000] {logging_mixin.py:137} INFO - [2023-02-01T12:03:10.147+0000] {dag.py:2690} INFO - Sync 3 DAGs
[2023-02-01T12:03:10.169+0000] {logging_mixin.py:137} INFO - [2023-02-01T12:03:10.169+0000] {dag.py:3441} INFO - Setting next_dagrun for example_subdag_operator to 2022-01-01T00:00:00+00:00, run_after=2022-01-01T00:00:00+00:00
[2023-02-01T12:03:10.172+0000] {logging_mixin.py:137} INFO - [2023-02-01T12:03:10.172+0000] {dag.py:3441} INFO - Setting next_dagrun for example_subdag_operator.section-1 to None, run_after=None
[2023-02-01T12:03:10.174+0000] {logging_mixin.py:137} INFO - [2023-02-01T12:03:10.174+0000] {dag.py:3441} INFO - Setting next_dagrun for example_subdag_operator.section-2 to None, run_after=None
[2023-02-01T12:03:10.180+0000] {logging_mixin.py:137} INFO - [2023-02-01T12:03:10.180+0000] {dag.py:2690} INFO - Sync 2 DAGs
[2023-02-01T12:03:10.185+0000] {logging_mixin.py:137} INFO - [2023-02-01T12:03:10.185+0000] {dag.py:3441} INFO - Setting next_dagrun for example_subdag_operator.section-1 to None, run_after=None
[2023-02-01T12:03:10.185+0000] {logging_mixin.py:137} INFO - [2023-02-01T12:03:10.185+0000] {dag.py:3441} INFO - Setting next_dagrun for example_subdag_operator.section-2 to None, run_after=None
[2023-02-01T12:03:10.199+0000] {processor.py:175} INFO - Processing /home/airflow/.local/lib/python3.7/site-packages/airflow/example_dags/example_subdag_operator.py took 0.101 seconds
[2023-02-01T12:03:41.278+0000] {processor.py:153} INFO - Started process (PID=797) to work on /home/airflow/.local/lib/python3.7/site-packages/airflow/example_dags/example_subdag_operator.py
[2023-02-01T12:03:41.280+0000] {processor.py:743} INFO - Processing file /home/airflow/.local/lib/python3.7/site-packages/airflow/example_dags/example_subdag_operator.py for tasks to queue
[2023-02-01T12:03:41.283+0000] {logging_mixin.py:137} INFO - [2023-02-01T12:03:41.282+0000] {dagbag.py:538} INFO - Filling up the DagBag from /home/airflow/.local/lib/python3.7/site-packages/airflow/example_dags/example_subdag_operator.py
[2023-02-01T12:03:41.343+0000] {processor.py:753} INFO - DAG(s) dict_keys(['example_subdag_operator.section-1', 'example_subdag_operator.section-2', 'example_subdag_operator']) retrieved from /home/airflow/.local/lib/python3.7/site-packages/airflow/example_dags/example_subdag_operator.py
[2023-02-01T12:03:41.369+0000] {logging_mixin.py:137} INFO - [2023-02-01T12:03:41.368+0000] {dag.py:2690} INFO - Sync 3 DAGs
[2023-02-01T12:03:41.400+0000] {logging_mixin.py:137} INFO - [2023-02-01T12:03:41.399+0000] {dag.py:3441} INFO - Setting next_dagrun for example_subdag_operator to 2022-01-01T00:00:00+00:00, run_after=2022-01-01T00:00:00+00:00
[2023-02-01T12:03:41.407+0000] {logging_mixin.py:137} INFO - [2023-02-01T12:03:41.407+0000] {dag.py:3441} INFO - Setting next_dagrun for example_subdag_operator.section-1 to None, run_after=None
[2023-02-01T12:03:41.409+0000] {logging_mixin.py:137} INFO - [2023-02-01T12:03:41.409+0000] {dag.py:3441} INFO - Setting next_dagrun for example_subdag_operator.section-2 to None, run_after=None
[2023-02-01T12:03:41.418+0000] {logging_mixin.py:137} INFO - [2023-02-01T12:03:41.418+0000] {dag.py:2690} INFO - Sync 2 DAGs
[2023-02-01T12:03:41.424+0000] {logging_mixin.py:137} INFO - [2023-02-01T12:03:41.424+0000] {dag.py:3441} INFO - Setting next_dagrun for example_subdag_operator.section-1 to None, run_after=None
[2023-02-01T12:03:41.424+0000] {logging_mixin.py:137} INFO - [2023-02-01T12:03:41.424+0000] {dag.py:3441} INFO - Setting next_dagrun for example_subdag_operator.section-2 to None, run_after=None
[2023-02-01T12:03:41.446+0000] {processor.py:175} INFO - Processing /home/airflow/.local/lib/python3.7/site-packages/airflow/example_dags/example_subdag_operator.py took 0.174 seconds
[2023-02-01T12:04:12.191+0000] {processor.py:153} INFO - Started process (PID=874) to work on /home/airflow/.local/lib/python3.7/site-packages/airflow/example_dags/example_subdag_operator.py
[2023-02-01T12:04:12.192+0000] {processor.py:743} INFO - Processing file /home/airflow/.local/lib/python3.7/site-packages/airflow/example_dags/example_subdag_operator.py for tasks to queue
[2023-02-01T12:04:12.193+0000] {logging_mixin.py:137} INFO - [2023-02-01T12:04:12.193+0000] {dagbag.py:538} INFO - Filling up the DagBag from /home/airflow/.local/lib/python3.7/site-packages/airflow/example_dags/example_subdag_operator.py
[2023-02-01T12:04:12.237+0000] {processor.py:753} INFO - DAG(s) dict_keys(['example_subdag_operator.section-1', 'example_subdag_operator.section-2', 'example_subdag_operator']) retrieved from /home/airflow/.local/lib/python3.7/site-packages/airflow/example_dags/example_subdag_operator.py
[2023-02-01T12:04:12.263+0000] {logging_mixin.py:137} INFO - [2023-02-01T12:04:12.262+0000] {dag.py:2690} INFO - Sync 3 DAGs
[2023-02-01T12:04:12.293+0000] {logging_mixin.py:137} INFO - [2023-02-01T12:04:12.293+0000] {dag.py:3441} INFO - Setting next_dagrun for example_subdag_operator to 2022-01-01T00:00:00+00:00, run_after=2022-01-01T00:00:00+00:00
[2023-02-01T12:04:12.300+0000] {logging_mixin.py:137} INFO - [2023-02-01T12:04:12.300+0000] {dag.py:3441} INFO - Setting next_dagrun for example_subdag_operator.section-1 to None, run_after=None
[2023-02-01T12:04:12.303+0000] {logging_mixin.py:137} INFO - [2023-02-01T12:04:12.303+0000] {dag.py:3441} INFO - Setting next_dagrun for example_subdag_operator.section-2 to None, run_after=None
[2023-02-01T12:04:12.317+0000] {logging_mixin.py:137} INFO - [2023-02-01T12:04:12.317+0000] {dag.py:2690} INFO - Sync 2 DAGs
[2023-02-01T12:04:12.326+0000] {logging_mixin.py:137} INFO - [2023-02-01T12:04:12.325+0000] {dag.py:3441} INFO - Setting next_dagrun for example_subdag_operator.section-1 to None, run_after=None
[2023-02-01T12:04:12.326+0000] {logging_mixin.py:137} INFO - [2023-02-01T12:04:12.326+0000] {dag.py:3441} INFO - Setting next_dagrun for example_subdag_operator.section-2 to None, run_after=None
[2023-02-01T12:04:12.348+0000] {processor.py:175} INFO - Processing /home/airflow/.local/lib/python3.7/site-packages/airflow/example_dags/example_subdag_operator.py took 0.161 seconds
[2023-02-01T12:04:43.041+0000] {processor.py:153} INFO - Started process (PID=939) to work on /home/airflow/.local/lib/python3.7/site-packages/airflow/example_dags/example_subdag_operator.py
[2023-02-01T12:04:43.044+0000] {processor.py:743} INFO - Processing file /home/airflow/.local/lib/python3.7/site-packages/airflow/example_dags/example_subdag_operator.py for tasks to queue
[2023-02-01T12:04:43.045+0000] {logging_mixin.py:137} INFO - [2023-02-01T12:04:43.045+0000] {dagbag.py:538} INFO - Filling up the DagBag from /home/airflow/.local/lib/python3.7/site-packages/airflow/example_dags/example_subdag_operator.py
[2023-02-01T12:04:43.078+0000] {processor.py:753} INFO - DAG(s) dict_keys(['example_subdag_operator.section-1', 'example_subdag_operator.section-2', 'example_subdag_operator']) retrieved from /home/airflow/.local/lib/python3.7/site-packages/airflow/example_dags/example_subdag_operator.py
[2023-02-01T12:04:43.102+0000] {logging_mixin.py:137} INFO - [2023-02-01T12:04:43.102+0000] {dag.py:2690} INFO - Sync 3 DAGs
[2023-02-01T12:04:43.123+0000] {logging_mixin.py:137} INFO - [2023-02-01T12:04:43.123+0000] {dag.py:3441} INFO - Setting next_dagrun for example_subdag_operator to 2022-01-01T00:00:00+00:00, run_after=2022-01-01T00:00:00+00:00
[2023-02-01T12:04:43.126+0000] {logging_mixin.py:137} INFO - [2023-02-01T12:04:43.126+0000] {dag.py:3441} INFO - Setting next_dagrun for example_subdag_operator.section-1 to None, run_after=None
[2023-02-01T12:04:43.128+0000] {logging_mixin.py:137} INFO - [2023-02-01T12:04:43.128+0000] {dag.py:3441} INFO - Setting next_dagrun for example_subdag_operator.section-2 to None, run_after=None
[2023-02-01T12:04:43.137+0000] {logging_mixin.py:137} INFO - [2023-02-01T12:04:43.137+0000] {dag.py:2690} INFO - Sync 2 DAGs
[2023-02-01T12:04:43.143+0000] {logging_mixin.py:137} INFO - [2023-02-01T12:04:43.143+0000] {dag.py:3441} INFO - Setting next_dagrun for example_subdag_operator.section-1 to None, run_after=None
[2023-02-01T12:04:43.144+0000] {logging_mixin.py:137} INFO - [2023-02-01T12:04:43.144+0000] {dag.py:3441} INFO - Setting next_dagrun for example_subdag_operator.section-2 to None, run_after=None
[2023-02-01T12:04:43.155+0000] {processor.py:175} INFO - Processing /home/airflow/.local/lib/python3.7/site-packages/airflow/example_dags/example_subdag_operator.py took 0.117 seconds
[2023-02-01T12:05:13.768+0000] {processor.py:153} INFO - Started process (PID=1018) to work on /home/airflow/.local/lib/python3.7/site-packages/airflow/example_dags/example_subdag_operator.py
[2023-02-01T12:05:13.768+0000] {processor.py:743} INFO - Processing file /home/airflow/.local/lib/python3.7/site-packages/airflow/example_dags/example_subdag_operator.py for tasks to queue
[2023-02-01T12:05:13.770+0000] {logging_mixin.py:137} INFO - [2023-02-01T12:05:13.770+0000] {dagbag.py:538} INFO - Filling up the DagBag from /home/airflow/.local/lib/python3.7/site-packages/airflow/example_dags/example_subdag_operator.py
[2023-02-01T12:05:13.802+0000] {processor.py:753} INFO - DAG(s) dict_keys(['example_subdag_operator.section-1', 'example_subdag_operator.section-2', 'example_subdag_operator']) retrieved from /home/airflow/.local/lib/python3.7/site-packages/airflow/example_dags/example_subdag_operator.py
[2023-02-01T12:05:13.852+0000] {logging_mixin.py:137} INFO - [2023-02-01T12:05:13.852+0000] {dag.py:2690} INFO - Sync 3 DAGs
[2023-02-01T12:05:13.943+0000] {logging_mixin.py:137} INFO - [2023-02-01T12:05:13.942+0000] {dag.py:3441} INFO - Setting next_dagrun for example_subdag_operator to 2022-01-01T00:00:00+00:00, run_after=2022-01-01T00:00:00+00:00
[2023-02-01T12:05:13.947+0000] {logging_mixin.py:137} INFO - [2023-02-01T12:05:13.947+0000] {dag.py:3441} INFO - Setting next_dagrun for example_subdag_operator.section-1 to None, run_after=None
[2023-02-01T12:05:13.949+0000] {logging_mixin.py:137} INFO - [2023-02-01T12:05:13.949+0000] {dag.py:3441} INFO - Setting next_dagrun for example_subdag_operator.section-2 to None, run_after=None
[2023-02-01T12:05:13.957+0000] {logging_mixin.py:137} INFO - [2023-02-01T12:05:13.957+0000] {dag.py:2690} INFO - Sync 2 DAGs
[2023-02-01T12:05:13.964+0000] {logging_mixin.py:137} INFO - [2023-02-01T12:05:13.964+0000] {dag.py:3441} INFO - Setting next_dagrun for example_subdag_operator.section-1 to None, run_after=None
[2023-02-01T12:05:13.964+0000] {logging_mixin.py:137} INFO - [2023-02-01T12:05:13.964+0000] {dag.py:3441} INFO - Setting next_dagrun for example_subdag_operator.section-2 to None, run_after=None
[2023-02-01T12:05:13.977+0000] {processor.py:175} INFO - Processing /home/airflow/.local/lib/python3.7/site-packages/airflow/example_dags/example_subdag_operator.py took 0.212 seconds
[2023-02-01T12:05:44.401+0000] {processor.py:153} INFO - Started process (PID=1083) to work on /home/airflow/.local/lib/python3.7/site-packages/airflow/example_dags/example_subdag_operator.py
[2023-02-01T12:05:44.402+0000] {processor.py:743} INFO - Processing file /home/airflow/.local/lib/python3.7/site-packages/airflow/example_dags/example_subdag_operator.py for tasks to queue
[2023-02-01T12:05:44.403+0000] {logging_mixin.py:137} INFO - [2023-02-01T12:05:44.403+0000] {dagbag.py:538} INFO - Filling up the DagBag from /home/airflow/.local/lib/python3.7/site-packages/airflow/example_dags/example_subdag_operator.py
[2023-02-01T12:05:44.442+0000] {processor.py:753} INFO - DAG(s) dict_keys(['example_subdag_operator.section-1', 'example_subdag_operator.section-2', 'example_subdag_operator']) retrieved from /home/airflow/.local/lib/python3.7/site-packages/airflow/example_dags/example_subdag_operator.py
[2023-02-01T12:05:44.466+0000] {logging_mixin.py:137} INFO - [2023-02-01T12:05:44.465+0000] {dag.py:2690} INFO - Sync 3 DAGs
[2023-02-01T12:05:44.493+0000] {logging_mixin.py:137} INFO - [2023-02-01T12:05:44.493+0000] {dag.py:3441} INFO - Setting next_dagrun for example_subdag_operator to 2022-01-01T00:00:00+00:00, run_after=2022-01-01T00:00:00+00:00
[2023-02-01T12:05:44.498+0000] {logging_mixin.py:137} INFO - [2023-02-01T12:05:44.498+0000] {dag.py:3441} INFO - Setting next_dagrun for example_subdag_operator.section-1 to None, run_after=None
[2023-02-01T12:05:44.499+0000] {logging_mixin.py:137} INFO - [2023-02-01T12:05:44.499+0000] {dag.py:3441} INFO - Setting next_dagrun for example_subdag_operator.section-2 to None, run_after=None
[2023-02-01T12:05:44.507+0000] {logging_mixin.py:137} INFO - [2023-02-01T12:05:44.507+0000] {dag.py:2690} INFO - Sync 2 DAGs
[2023-02-01T12:05:44.512+0000] {logging_mixin.py:137} INFO - [2023-02-01T12:05:44.512+0000] {dag.py:3441} INFO - Setting next_dagrun for example_subdag_operator.section-1 to None, run_after=None
[2023-02-01T12:05:44.513+0000] {logging_mixin.py:137} INFO - [2023-02-01T12:05:44.513+0000] {dag.py:3441} INFO - Setting next_dagrun for example_subdag_operator.section-2 to None, run_after=None
[2023-02-01T12:05:44.525+0000] {processor.py:175} INFO - Processing /home/airflow/.local/lib/python3.7/site-packages/airflow/example_dags/example_subdag_operator.py took 0.128 seconds
[2023-02-01T12:06:14.972+0000] {processor.py:153} INFO - Started process (PID=1161) to work on /home/airflow/.local/lib/python3.7/site-packages/airflow/example_dags/example_subdag_operator.py
[2023-02-01T12:06:14.973+0000] {processor.py:743} INFO - Processing file /home/airflow/.local/lib/python3.7/site-packages/airflow/example_dags/example_subdag_operator.py for tasks to queue
[2023-02-01T12:06:14.975+0000] {logging_mixin.py:137} INFO - [2023-02-01T12:06:14.975+0000] {dagbag.py:538} INFO - Filling up the DagBag from /home/airflow/.local/lib/python3.7/site-packages/airflow/example_dags/example_subdag_operator.py
[2023-02-01T12:06:15.004+0000] {processor.py:753} INFO - DAG(s) dict_keys(['example_subdag_operator.section-1', 'example_subdag_operator.section-2', 'example_subdag_operator']) retrieved from /home/airflow/.local/lib/python3.7/site-packages/airflow/example_dags/example_subdag_operator.py
[2023-02-01T12:06:15.021+0000] {logging_mixin.py:137} INFO - [2023-02-01T12:06:15.021+0000] {dag.py:2690} INFO - Sync 3 DAGs
[2023-02-01T12:06:15.043+0000] {logging_mixin.py:137} INFO - [2023-02-01T12:06:15.042+0000] {dag.py:3441} INFO - Setting next_dagrun for example_subdag_operator to 2022-01-01T00:00:00+00:00, run_after=2022-01-01T00:00:00+00:00
[2023-02-01T12:06:15.046+0000] {logging_mixin.py:137} INFO - [2023-02-01T12:06:15.046+0000] {dag.py:3441} INFO - Setting next_dagrun for example_subdag_operator.section-1 to None, run_after=None
[2023-02-01T12:06:15.048+0000] {logging_mixin.py:137} INFO - [2023-02-01T12:06:15.048+0000] {dag.py:3441} INFO - Setting next_dagrun for example_subdag_operator.section-2 to None, run_after=None
[2023-02-01T12:06:15.056+0000] {logging_mixin.py:137} INFO - [2023-02-01T12:06:15.056+0000] {dag.py:2690} INFO - Sync 2 DAGs
[2023-02-01T12:06:15.062+0000] {logging_mixin.py:137} INFO - [2023-02-01T12:06:15.062+0000] {dag.py:3441} INFO - Setting next_dagrun for example_subdag_operator.section-1 to None, run_after=None
[2023-02-01T12:06:15.063+0000] {logging_mixin.py:137} INFO - [2023-02-01T12:06:15.062+0000] {dag.py:3441} INFO - Setting next_dagrun for example_subdag_operator.section-2 to None, run_after=None
[2023-02-01T12:06:15.073+0000] {processor.py:175} INFO - Processing /home/airflow/.local/lib/python3.7/site-packages/airflow/example_dags/example_subdag_operator.py took 0.104 seconds
[2023-02-01T12:06:45.968+0000] {processor.py:153} INFO - Started process (PID=1239) to work on /home/airflow/.local/lib/python3.7/site-packages/airflow/example_dags/example_subdag_operator.py
[2023-02-01T12:06:45.970+0000] {processor.py:743} INFO - Processing file /home/airflow/.local/lib/python3.7/site-packages/airflow/example_dags/example_subdag_operator.py for tasks to queue
[2023-02-01T12:06:45.971+0000] {logging_mixin.py:137} INFO - [2023-02-01T12:06:45.971+0000] {dagbag.py:538} INFO - Filling up the DagBag from /home/airflow/.local/lib/python3.7/site-packages/airflow/example_dags/example_subdag_operator.py
[2023-02-01T12:06:46.008+0000] {processor.py:753} INFO - DAG(s) dict_keys(['example_subdag_operator.section-1', 'example_subdag_operator.section-2', 'example_subdag_operator']) retrieved from /home/airflow/.local/lib/python3.7/site-packages/airflow/example_dags/example_subdag_operator.py
[2023-02-01T12:06:46.027+0000] {logging_mixin.py:137} INFO - [2023-02-01T12:06:46.027+0000] {dag.py:2690} INFO - Sync 3 DAGs
[2023-02-01T12:06:46.057+0000] {logging_mixin.py:137} INFO - [2023-02-01T12:06:46.057+0000] {dag.py:3441} INFO - Setting next_dagrun for example_subdag_operator to 2022-01-01T00:00:00+00:00, run_after=2022-01-01T00:00:00+00:00
[2023-02-01T12:06:46.064+0000] {logging_mixin.py:137} INFO - [2023-02-01T12:06:46.064+0000] {dag.py:3441} INFO - Setting next_dagrun for example_subdag_operator.section-1 to None, run_after=None
[2023-02-01T12:06:46.067+0000] {logging_mixin.py:137} INFO - [2023-02-01T12:06:46.067+0000] {dag.py:3441} INFO - Setting next_dagrun for example_subdag_operator.section-2 to None, run_after=None
[2023-02-01T12:06:46.076+0000] {logging_mixin.py:137} INFO - [2023-02-01T12:06:46.075+0000] {dag.py:2690} INFO - Sync 2 DAGs
[2023-02-01T12:06:46.081+0000] {logging_mixin.py:137} INFO - [2023-02-01T12:06:46.081+0000] {dag.py:3441} INFO - Setting next_dagrun for example_subdag_operator.section-1 to None, run_after=None
[2023-02-01T12:06:46.082+0000] {logging_mixin.py:137} INFO - [2023-02-01T12:06:46.082+0000] {dag.py:3441} INFO - Setting next_dagrun for example_subdag_operator.section-2 to None, run_after=None
[2023-02-01T12:06:46.091+0000] {processor.py:175} INFO - Processing /home/airflow/.local/lib/python3.7/site-packages/airflow/example_dags/example_subdag_operator.py took 0.129 seconds
[2023-02-01T12:07:16.943+0000] {processor.py:153} INFO - Started process (PID=1303) to work on /home/airflow/.local/lib/python3.7/site-packages/airflow/example_dags/example_subdag_operator.py
[2023-02-01T12:07:16.944+0000] {processor.py:743} INFO - Processing file /home/airflow/.local/lib/python3.7/site-packages/airflow/example_dags/example_subdag_operator.py for tasks to queue
[2023-02-01T12:07:16.945+0000] {logging_mixin.py:137} INFO - [2023-02-01T12:07:16.945+0000] {dagbag.py:538} INFO - Filling up the DagBag from /home/airflow/.local/lib/python3.7/site-packages/airflow/example_dags/example_subdag_operator.py
[2023-02-01T12:07:16.976+0000] {processor.py:753} INFO - DAG(s) dict_keys(['example_subdag_operator.section-1', 'example_subdag_operator.section-2', 'example_subdag_operator']) retrieved from /home/airflow/.local/lib/python3.7/site-packages/airflow/example_dags/example_subdag_operator.py
[2023-02-01T12:07:16.995+0000] {logging_mixin.py:137} INFO - [2023-02-01T12:07:16.995+0000] {dag.py:2690} INFO - Sync 3 DAGs
[2023-02-01T12:07:17.020+0000] {logging_mixin.py:137} INFO - [2023-02-01T12:07:17.020+0000] {dag.py:3441} INFO - Setting next_dagrun for example_subdag_operator to 2022-01-01T00:00:00+00:00, run_after=2022-01-01T00:00:00+00:00
[2023-02-01T12:07:17.023+0000] {logging_mixin.py:137} INFO - [2023-02-01T12:07:17.023+0000] {dag.py:3441} INFO - Setting next_dagrun for example_subdag_operator.section-1 to None, run_after=None
[2023-02-01T12:07:17.025+0000] {logging_mixin.py:137} INFO - [2023-02-01T12:07:17.025+0000] {dag.py:3441} INFO - Setting next_dagrun for example_subdag_operator.section-2 to None, run_after=None
[2023-02-01T12:07:17.032+0000] {logging_mixin.py:137} INFO - [2023-02-01T12:07:17.031+0000] {dag.py:2690} INFO - Sync 2 DAGs
[2023-02-01T12:07:17.037+0000] {logging_mixin.py:137} INFO - [2023-02-01T12:07:17.037+0000] {dag.py:3441} INFO - Setting next_dagrun for example_subdag_operator.section-1 to None, run_after=None
[2023-02-01T12:07:17.038+0000] {logging_mixin.py:137} INFO - [2023-02-01T12:07:17.038+0000] {dag.py:3441} INFO - Setting next_dagrun for example_subdag_operator.section-2 to None, run_after=None
[2023-02-01T12:07:17.061+0000] {processor.py:175} INFO - Processing /home/airflow/.local/lib/python3.7/site-packages/airflow/example_dags/example_subdag_operator.py took 0.122 seconds
[2023-02-01T12:07:47.368+0000] {processor.py:153} INFO - Started process (PID=1382) to work on /home/airflow/.local/lib/python3.7/site-packages/airflow/example_dags/example_subdag_operator.py
[2023-02-01T12:07:47.369+0000] {processor.py:743} INFO - Processing file /home/airflow/.local/lib/python3.7/site-packages/airflow/example_dags/example_subdag_operator.py for tasks to queue
[2023-02-01T12:07:47.370+0000] {logging_mixin.py:137} INFO - [2023-02-01T12:07:47.370+0000] {dagbag.py:538} INFO - Filling up the DagBag from /home/airflow/.local/lib/python3.7/site-packages/airflow/example_dags/example_subdag_operator.py
[2023-02-01T12:07:47.398+0000] {processor.py:753} INFO - DAG(s) dict_keys(['example_subdag_operator.section-1', 'example_subdag_operator.section-2', 'example_subdag_operator']) retrieved from /home/airflow/.local/lib/python3.7/site-packages/airflow/example_dags/example_subdag_operator.py
[2023-02-01T12:07:47.415+0000] {logging_mixin.py:137} INFO - [2023-02-01T12:07:47.414+0000] {dag.py:2690} INFO - Sync 3 DAGs
[2023-02-01T12:07:47.436+0000] {logging_mixin.py:137} INFO - [2023-02-01T12:07:47.436+0000] {dag.py:3441} INFO - Setting next_dagrun for example_subdag_operator to 2022-01-01T00:00:00+00:00, run_after=2022-01-01T00:00:00+00:00
[2023-02-01T12:07:47.439+0000] {logging_mixin.py:137} INFO - [2023-02-01T12:07:47.439+0000] {dag.py:3441} INFO - Setting next_dagrun for example_subdag_operator.section-1 to None, run_after=None
[2023-02-01T12:07:47.441+0000] {logging_mixin.py:137} INFO - [2023-02-01T12:07:47.440+0000] {dag.py:3441} INFO - Setting next_dagrun for example_subdag_operator.section-2 to None, run_after=None
[2023-02-01T12:07:47.448+0000] {logging_mixin.py:137} INFO - [2023-02-01T12:07:47.448+0000] {dag.py:2690} INFO - Sync 2 DAGs
[2023-02-01T12:07:47.453+0000] {logging_mixin.py:137} INFO - [2023-02-01T12:07:47.453+0000] {dag.py:3441} INFO - Setting next_dagrun for example_subdag_operator.section-1 to None, run_after=None
[2023-02-01T12:07:47.454+0000] {logging_mixin.py:137} INFO - [2023-02-01T12:07:47.454+0000] {dag.py:3441} INFO - Setting next_dagrun for example_subdag_operator.section-2 to None, run_after=None
[2023-02-01T12:07:47.463+0000] {processor.py:175} INFO - Processing /home/airflow/.local/lib/python3.7/site-packages/airflow/example_dags/example_subdag_operator.py took 0.098 seconds
