[2023-02-01T11:58:33.171+0000] {processor.py:153} INFO - Started process (PID=72) to work on /home/airflow/.local/lib/python3.7/site-packages/airflow/example_dags/example_branch_labels.py
[2023-02-01T11:58:33.173+0000] {processor.py:743} INFO - Processing file /home/airflow/.local/lib/python3.7/site-packages/airflow/example_dags/example_branch_labels.py for tasks to queue
[2023-02-01T11:58:33.174+0000] {logging_mixin.py:137} INFO - [2023-02-01T11:58:33.174+0000] {dagbag.py:538} INFO - Filling up the DagBag from /home/airflow/.local/lib/python3.7/site-packages/airflow/example_dags/example_branch_labels.py
[2023-02-01T11:58:33.209+0000] {processor.py:753} INFO - DAG(s) dict_keys(['example_branch_labels']) retrieved from /home/airflow/.local/lib/python3.7/site-packages/airflow/example_dags/example_branch_labels.py
[2023-02-01T11:58:33.276+0000] {logging_mixin.py:137} INFO - [2023-02-01T11:58:33.276+0000] {dag.py:2690} INFO - Sync 1 DAGs
[2023-02-01T11:58:33.334+0000] {logging_mixin.py:137} INFO - [2023-02-01T11:58:33.332+0000] {dag.py:3441} INFO - Setting next_dagrun for example_branch_labels to 2023-01-31T00:00:00+00:00, run_after=2023-02-01T00:00:00+00:00
[2023-02-01T11:58:33.392+0000] {processor.py:175} INFO - Processing /home/airflow/.local/lib/python3.7/site-packages/airflow/example_dags/example_branch_labels.py took 0.225 seconds
[2023-02-01T11:59:03.478+0000] {processor.py:153} INFO - Started process (PID=140) to work on /home/airflow/.local/lib/python3.7/site-packages/airflow/example_dags/example_branch_labels.py
[2023-02-01T11:59:03.479+0000] {processor.py:743} INFO - Processing file /home/airflow/.local/lib/python3.7/site-packages/airflow/example_dags/example_branch_labels.py for tasks to queue
[2023-02-01T11:59:03.480+0000] {logging_mixin.py:137} INFO - [2023-02-01T11:59:03.480+0000] {dagbag.py:538} INFO - Filling up the DagBag from /home/airflow/.local/lib/python3.7/site-packages/airflow/example_dags/example_branch_labels.py
[2023-02-01T11:59:03.494+0000] {processor.py:753} INFO - DAG(s) dict_keys(['example_branch_labels']) retrieved from /home/airflow/.local/lib/python3.7/site-packages/airflow/example_dags/example_branch_labels.py
[2023-02-01T11:59:03.518+0000] {logging_mixin.py:137} INFO - [2023-02-01T11:59:03.518+0000] {dag.py:2690} INFO - Sync 1 DAGs
[2023-02-01T11:59:03.538+0000] {logging_mixin.py:137} INFO - [2023-02-01T11:59:03.538+0000] {dag.py:3441} INFO - Setting next_dagrun for example_branch_labels to 2023-01-31T00:00:00+00:00, run_after=2023-02-01T00:00:00+00:00
[2023-02-01T11:59:03.555+0000] {processor.py:175} INFO - Processing /home/airflow/.local/lib/python3.7/site-packages/airflow/example_dags/example_branch_labels.py took 0.081 seconds
[2023-02-01T11:59:34.430+0000] {processor.py:153} INFO - Started process (PID=219) to work on /home/airflow/.local/lib/python3.7/site-packages/airflow/example_dags/example_branch_labels.py
[2023-02-01T11:59:34.431+0000] {processor.py:743} INFO - Processing file /home/airflow/.local/lib/python3.7/site-packages/airflow/example_dags/example_branch_labels.py for tasks to queue
[2023-02-01T11:59:34.433+0000] {logging_mixin.py:137} INFO - [2023-02-01T11:59:34.433+0000] {dagbag.py:538} INFO - Filling up the DagBag from /home/airflow/.local/lib/python3.7/site-packages/airflow/example_dags/example_branch_labels.py
[2023-02-01T11:59:34.455+0000] {processor.py:753} INFO - DAG(s) dict_keys(['example_branch_labels']) retrieved from /home/airflow/.local/lib/python3.7/site-packages/airflow/example_dags/example_branch_labels.py
[2023-02-01T11:59:34.501+0000] {logging_mixin.py:137} INFO - [2023-02-01T11:59:34.501+0000] {dag.py:2690} INFO - Sync 1 DAGs
[2023-02-01T11:59:34.533+0000] {logging_mixin.py:137} INFO - [2023-02-01T11:59:34.532+0000] {dag.py:3441} INFO - Setting next_dagrun for example_branch_labels to 2023-01-31T00:00:00+00:00, run_after=2023-02-01T00:00:00+00:00
[2023-02-01T11:59:34.551+0000] {processor.py:175} INFO - Processing /home/airflow/.local/lib/python3.7/site-packages/airflow/example_dags/example_branch_labels.py took 0.125 seconds
[2023-02-01T12:00:05.091+0000] {processor.py:153} INFO - Started process (PID=285) to work on /home/airflow/.local/lib/python3.7/site-packages/airflow/example_dags/example_branch_labels.py
[2023-02-01T12:00:05.092+0000] {processor.py:743} INFO - Processing file /home/airflow/.local/lib/python3.7/site-packages/airflow/example_dags/example_branch_labels.py for tasks to queue
[2023-02-01T12:00:05.094+0000] {logging_mixin.py:137} INFO - [2023-02-01T12:00:05.094+0000] {dagbag.py:538} INFO - Filling up the DagBag from /home/airflow/.local/lib/python3.7/site-packages/airflow/example_dags/example_branch_labels.py
[2023-02-01T12:00:05.110+0000] {processor.py:753} INFO - DAG(s) dict_keys(['example_branch_labels']) retrieved from /home/airflow/.local/lib/python3.7/site-packages/airflow/example_dags/example_branch_labels.py
[2023-02-01T12:00:05.133+0000] {logging_mixin.py:137} INFO - [2023-02-01T12:00:05.133+0000] {dag.py:2690} INFO - Sync 1 DAGs
[2023-02-01T12:00:05.163+0000] {logging_mixin.py:137} INFO - [2023-02-01T12:00:05.163+0000] {dag.py:3441} INFO - Setting next_dagrun for example_branch_labels to 2023-01-31T00:00:00+00:00, run_after=2023-02-01T00:00:00+00:00
[2023-02-01T12:00:05.178+0000] {processor.py:175} INFO - Processing /home/airflow/.local/lib/python3.7/site-packages/airflow/example_dags/example_branch_labels.py took 0.090 seconds
[2023-02-01T12:00:35.967+0000] {processor.py:153} INFO - Started process (PID=363) to work on /home/airflow/.local/lib/python3.7/site-packages/airflow/example_dags/example_branch_labels.py
[2023-02-01T12:00:35.968+0000] {processor.py:743} INFO - Processing file /home/airflow/.local/lib/python3.7/site-packages/airflow/example_dags/example_branch_labels.py for tasks to queue
[2023-02-01T12:00:35.970+0000] {logging_mixin.py:137} INFO - [2023-02-01T12:00:35.969+0000] {dagbag.py:538} INFO - Filling up the DagBag from /home/airflow/.local/lib/python3.7/site-packages/airflow/example_dags/example_branch_labels.py
[2023-02-01T12:00:35.984+0000] {processor.py:753} INFO - DAG(s) dict_keys(['example_branch_labels']) retrieved from /home/airflow/.local/lib/python3.7/site-packages/airflow/example_dags/example_branch_labels.py
[2023-02-01T12:00:36.009+0000] {logging_mixin.py:137} INFO - [2023-02-01T12:00:36.009+0000] {dag.py:2690} INFO - Sync 1 DAGs
[2023-02-01T12:00:36.032+0000] {logging_mixin.py:137} INFO - [2023-02-01T12:00:36.032+0000] {dag.py:3441} INFO - Setting next_dagrun for example_branch_labels to 2023-01-31T00:00:00+00:00, run_after=2023-02-01T00:00:00+00:00
[2023-02-01T12:00:36.048+0000] {processor.py:175} INFO - Processing /home/airflow/.local/lib/python3.7/site-packages/airflow/example_dags/example_branch_labels.py took 0.086 seconds
[2023-02-01T12:01:06.614+0000] {processor.py:153} INFO - Started process (PID=428) to work on /home/airflow/.local/lib/python3.7/site-packages/airflow/example_dags/example_branch_labels.py
[2023-02-01T12:01:06.615+0000] {processor.py:743} INFO - Processing file /home/airflow/.local/lib/python3.7/site-packages/airflow/example_dags/example_branch_labels.py for tasks to queue
[2023-02-01T12:01:06.617+0000] {logging_mixin.py:137} INFO - [2023-02-01T12:01:06.617+0000] {dagbag.py:538} INFO - Filling up the DagBag from /home/airflow/.local/lib/python3.7/site-packages/airflow/example_dags/example_branch_labels.py
[2023-02-01T12:01:06.641+0000] {processor.py:753} INFO - DAG(s) dict_keys(['example_branch_labels']) retrieved from /home/airflow/.local/lib/python3.7/site-packages/airflow/example_dags/example_branch_labels.py
[2023-02-01T12:01:06.670+0000] {logging_mixin.py:137} INFO - [2023-02-01T12:01:06.670+0000] {dag.py:2690} INFO - Sync 1 DAGs
[2023-02-01T12:01:06.695+0000] {logging_mixin.py:137} INFO - [2023-02-01T12:01:06.695+0000] {dag.py:3441} INFO - Setting next_dagrun for example_branch_labels to 2023-01-31T00:00:00+00:00, run_after=2023-02-01T00:00:00+00:00
[2023-02-01T12:01:06.714+0000] {processor.py:175} INFO - Processing /home/airflow/.local/lib/python3.7/site-packages/airflow/example_dags/example_branch_labels.py took 0.103 seconds
[2023-02-01T12:01:37.583+0000] {processor.py:153} INFO - Started process (PID=507) to work on /home/airflow/.local/lib/python3.7/site-packages/airflow/example_dags/example_branch_labels.py
[2023-02-01T12:01:37.585+0000] {processor.py:743} INFO - Processing file /home/airflow/.local/lib/python3.7/site-packages/airflow/example_dags/example_branch_labels.py for tasks to queue
[2023-02-01T12:01:37.587+0000] {logging_mixin.py:137} INFO - [2023-02-01T12:01:37.587+0000] {dagbag.py:538} INFO - Filling up the DagBag from /home/airflow/.local/lib/python3.7/site-packages/airflow/example_dags/example_branch_labels.py
[2023-02-01T12:01:37.607+0000] {processor.py:753} INFO - DAG(s) dict_keys(['example_branch_labels']) retrieved from /home/airflow/.local/lib/python3.7/site-packages/airflow/example_dags/example_branch_labels.py
[2023-02-01T12:01:37.636+0000] {logging_mixin.py:137} INFO - [2023-02-01T12:01:37.636+0000] {dag.py:2690} INFO - Sync 1 DAGs
[2023-02-01T12:01:37.663+0000] {logging_mixin.py:137} INFO - [2023-02-01T12:01:37.663+0000] {dag.py:3441} INFO - Setting next_dagrun for example_branch_labels to 2023-01-31T00:00:00+00:00, run_after=2023-02-01T00:00:00+00:00
[2023-02-01T12:01:37.683+0000] {processor.py:175} INFO - Processing /home/airflow/.local/lib/python3.7/site-packages/airflow/example_dags/example_branch_labels.py took 0.105 seconds
[2023-02-01T12:02:09.206+0000] {processor.py:153} INFO - Started process (PID=584) to work on /home/airflow/.local/lib/python3.7/site-packages/airflow/example_dags/example_branch_labels.py
[2023-02-01T12:02:09.207+0000] {processor.py:743} INFO - Processing file /home/airflow/.local/lib/python3.7/site-packages/airflow/example_dags/example_branch_labels.py for tasks to queue
[2023-02-01T12:02:09.208+0000] {logging_mixin.py:137} INFO - [2023-02-01T12:02:09.208+0000] {dagbag.py:538} INFO - Filling up the DagBag from /home/airflow/.local/lib/python3.7/site-packages/airflow/example_dags/example_branch_labels.py
[2023-02-01T12:02:09.223+0000] {processor.py:753} INFO - DAG(s) dict_keys(['example_branch_labels']) retrieved from /home/airflow/.local/lib/python3.7/site-packages/airflow/example_dags/example_branch_labels.py
[2023-02-01T12:02:09.252+0000] {logging_mixin.py:137} INFO - [2023-02-01T12:02:09.252+0000] {dag.py:2690} INFO - Sync 1 DAGs
[2023-02-01T12:02:09.278+0000] {logging_mixin.py:137} INFO - [2023-02-01T12:02:09.278+0000] {dag.py:3441} INFO - Setting next_dagrun for example_branch_labels to 2023-01-31T00:00:00+00:00, run_after=2023-02-01T00:00:00+00:00
[2023-02-01T12:02:09.295+0000] {processor.py:175} INFO - Processing /home/airflow/.local/lib/python3.7/site-packages/airflow/example_dags/example_branch_labels.py took 0.092 seconds
[2023-02-01T12:02:39.534+0000] {processor.py:153} INFO - Started process (PID=649) to work on /home/airflow/.local/lib/python3.7/site-packages/airflow/example_dags/example_branch_labels.py
[2023-02-01T12:02:39.536+0000] {processor.py:743} INFO - Processing file /home/airflow/.local/lib/python3.7/site-packages/airflow/example_dags/example_branch_labels.py for tasks to queue
[2023-02-01T12:02:39.538+0000] {logging_mixin.py:137} INFO - [2023-02-01T12:02:39.538+0000] {dagbag.py:538} INFO - Filling up the DagBag from /home/airflow/.local/lib/python3.7/site-packages/airflow/example_dags/example_branch_labels.py
[2023-02-01T12:02:39.567+0000] {processor.py:753} INFO - DAG(s) dict_keys(['example_branch_labels']) retrieved from /home/airflow/.local/lib/python3.7/site-packages/airflow/example_dags/example_branch_labels.py
[2023-02-01T12:02:39.608+0000] {logging_mixin.py:137} INFO - [2023-02-01T12:02:39.608+0000] {dag.py:2690} INFO - Sync 1 DAGs
[2023-02-01T12:02:39.650+0000] {logging_mixin.py:137} INFO - [2023-02-01T12:02:39.650+0000] {dag.py:3441} INFO - Setting next_dagrun for example_branch_labels to 2023-01-31T00:00:00+00:00, run_after=2023-02-01T00:00:00+00:00
[2023-02-01T12:02:39.681+0000] {processor.py:175} INFO - Processing /home/airflow/.local/lib/python3.7/site-packages/airflow/example_dags/example_branch_labels.py took 0.151 seconds
[2023-02-01T12:03:09.775+0000] {processor.py:153} INFO - Started process (PID=728) to work on /home/airflow/.local/lib/python3.7/site-packages/airflow/example_dags/example_branch_labels.py
[2023-02-01T12:03:09.776+0000] {processor.py:743} INFO - Processing file /home/airflow/.local/lib/python3.7/site-packages/airflow/example_dags/example_branch_labels.py for tasks to queue
[2023-02-01T12:03:09.777+0000] {logging_mixin.py:137} INFO - [2023-02-01T12:03:09.777+0000] {dagbag.py:538} INFO - Filling up the DagBag from /home/airflow/.local/lib/python3.7/site-packages/airflow/example_dags/example_branch_labels.py
[2023-02-01T12:03:09.790+0000] {processor.py:753} INFO - DAG(s) dict_keys(['example_branch_labels']) retrieved from /home/airflow/.local/lib/python3.7/site-packages/airflow/example_dags/example_branch_labels.py
[2023-02-01T12:03:09.819+0000] {logging_mixin.py:137} INFO - [2023-02-01T12:03:09.819+0000] {dag.py:2690} INFO - Sync 1 DAGs
[2023-02-01T12:03:09.845+0000] {logging_mixin.py:137} INFO - [2023-02-01T12:03:09.844+0000] {dag.py:3441} INFO - Setting next_dagrun for example_branch_labels to 2023-01-31T00:00:00+00:00, run_after=2023-02-01T00:00:00+00:00
[2023-02-01T12:03:09.860+0000] {processor.py:175} INFO - Processing /home/airflow/.local/lib/python3.7/site-packages/airflow/example_dags/example_branch_labels.py took 0.089 seconds
[2023-02-01T12:03:40.776+0000] {processor.py:153} INFO - Started process (PID=793) to work on /home/airflow/.local/lib/python3.7/site-packages/airflow/example_dags/example_branch_labels.py
[2023-02-01T12:03:40.777+0000] {processor.py:743} INFO - Processing file /home/airflow/.local/lib/python3.7/site-packages/airflow/example_dags/example_branch_labels.py for tasks to queue
[2023-02-01T12:03:40.778+0000] {logging_mixin.py:137} INFO - [2023-02-01T12:03:40.778+0000] {dagbag.py:538} INFO - Filling up the DagBag from /home/airflow/.local/lib/python3.7/site-packages/airflow/example_dags/example_branch_labels.py
[2023-02-01T12:03:40.800+0000] {processor.py:753} INFO - DAG(s) dict_keys(['example_branch_labels']) retrieved from /home/airflow/.local/lib/python3.7/site-packages/airflow/example_dags/example_branch_labels.py
[2023-02-01T12:03:40.835+0000] {logging_mixin.py:137} INFO - [2023-02-01T12:03:40.834+0000] {dag.py:2690} INFO - Sync 1 DAGs
[2023-02-01T12:03:40.866+0000] {logging_mixin.py:137} INFO - [2023-02-01T12:03:40.866+0000] {dag.py:3441} INFO - Setting next_dagrun for example_branch_labels to 2023-01-31T00:00:00+00:00, run_after=2023-02-01T00:00:00+00:00
[2023-02-01T12:03:40.903+0000] {processor.py:175} INFO - Processing /home/airflow/.local/lib/python3.7/site-packages/airflow/example_dags/example_branch_labels.py took 0.131 seconds
[2023-02-01T12:04:11.800+0000] {processor.py:153} INFO - Started process (PID=870) to work on /home/airflow/.local/lib/python3.7/site-packages/airflow/example_dags/example_branch_labels.py
[2023-02-01T12:04:11.801+0000] {processor.py:743} INFO - Processing file /home/airflow/.local/lib/python3.7/site-packages/airflow/example_dags/example_branch_labels.py for tasks to queue
[2023-02-01T12:04:11.802+0000] {logging_mixin.py:137} INFO - [2023-02-01T12:04:11.802+0000] {dagbag.py:538} INFO - Filling up the DagBag from /home/airflow/.local/lib/python3.7/site-packages/airflow/example_dags/example_branch_labels.py
[2023-02-01T12:04:11.820+0000] {processor.py:753} INFO - DAG(s) dict_keys(['example_branch_labels']) retrieved from /home/airflow/.local/lib/python3.7/site-packages/airflow/example_dags/example_branch_labels.py
[2023-02-01T12:04:11.867+0000] {logging_mixin.py:137} INFO - [2023-02-01T12:04:11.867+0000] {dag.py:2690} INFO - Sync 1 DAGs
[2023-02-01T12:04:11.914+0000] {logging_mixin.py:137} INFO - [2023-02-01T12:04:11.913+0000] {dag.py:3441} INFO - Setting next_dagrun for example_branch_labels to 2023-01-31T00:00:00+00:00, run_after=2023-02-01T00:00:00+00:00
[2023-02-01T12:04:11.948+0000] {processor.py:175} INFO - Processing /home/airflow/.local/lib/python3.7/site-packages/airflow/example_dags/example_branch_labels.py took 0.151 seconds
[2023-02-01T12:04:42.824+0000] {processor.py:153} INFO - Started process (PID=935) to work on /home/airflow/.local/lib/python3.7/site-packages/airflow/example_dags/example_branch_labels.py
[2023-02-01T12:04:42.825+0000] {processor.py:743} INFO - Processing file /home/airflow/.local/lib/python3.7/site-packages/airflow/example_dags/example_branch_labels.py for tasks to queue
[2023-02-01T12:04:42.826+0000] {logging_mixin.py:137} INFO - [2023-02-01T12:04:42.826+0000] {dagbag.py:538} INFO - Filling up the DagBag from /home/airflow/.local/lib/python3.7/site-packages/airflow/example_dags/example_branch_labels.py
[2023-02-01T12:04:42.840+0000] {processor.py:753} INFO - DAG(s) dict_keys(['example_branch_labels']) retrieved from /home/airflow/.local/lib/python3.7/site-packages/airflow/example_dags/example_branch_labels.py
[2023-02-01T12:04:42.864+0000] {logging_mixin.py:137} INFO - [2023-02-01T12:04:42.864+0000] {dag.py:2690} INFO - Sync 1 DAGs
[2023-02-01T12:04:42.886+0000] {logging_mixin.py:137} INFO - [2023-02-01T12:04:42.885+0000] {dag.py:3441} INFO - Setting next_dagrun for example_branch_labels to 2023-01-31T00:00:00+00:00, run_after=2023-02-01T00:00:00+00:00
[2023-02-01T12:04:42.902+0000] {processor.py:175} INFO - Processing /home/airflow/.local/lib/python3.7/site-packages/airflow/example_dags/example_branch_labels.py took 0.082 seconds
[2023-02-01T12:05:13.531+0000] {processor.py:153} INFO - Started process (PID=1014) to work on /home/airflow/.local/lib/python3.7/site-packages/airflow/example_dags/example_branch_labels.py
[2023-02-01T12:05:13.532+0000] {processor.py:743} INFO - Processing file /home/airflow/.local/lib/python3.7/site-packages/airflow/example_dags/example_branch_labels.py for tasks to queue
[2023-02-01T12:05:13.534+0000] {logging_mixin.py:137} INFO - [2023-02-01T12:05:13.534+0000] {dagbag.py:538} INFO - Filling up the DagBag from /home/airflow/.local/lib/python3.7/site-packages/airflow/example_dags/example_branch_labels.py
[2023-02-01T12:05:13.551+0000] {processor.py:753} INFO - DAG(s) dict_keys(['example_branch_labels']) retrieved from /home/airflow/.local/lib/python3.7/site-packages/airflow/example_dags/example_branch_labels.py
[2023-02-01T12:05:13.585+0000] {logging_mixin.py:137} INFO - [2023-02-01T12:05:13.585+0000] {dag.py:2690} INFO - Sync 1 DAGs
[2023-02-01T12:05:13.609+0000] {logging_mixin.py:137} INFO - [2023-02-01T12:05:13.609+0000] {dag.py:3441} INFO - Setting next_dagrun for example_branch_labels to 2023-01-31T00:00:00+00:00, run_after=2023-02-01T00:00:00+00:00
[2023-02-01T12:05:13.629+0000] {processor.py:175} INFO - Processing /home/airflow/.local/lib/python3.7/site-packages/airflow/example_dags/example_branch_labels.py took 0.109 seconds
[2023-02-01T12:05:44.136+0000] {processor.py:153} INFO - Started process (PID=1079) to work on /home/airflow/.local/lib/python3.7/site-packages/airflow/example_dags/example_branch_labels.py
[2023-02-01T12:05:44.137+0000] {processor.py:743} INFO - Processing file /home/airflow/.local/lib/python3.7/site-packages/airflow/example_dags/example_branch_labels.py for tasks to queue
[2023-02-01T12:05:44.138+0000] {logging_mixin.py:137} INFO - [2023-02-01T12:05:44.137+0000] {dagbag.py:538} INFO - Filling up the DagBag from /home/airflow/.local/lib/python3.7/site-packages/airflow/example_dags/example_branch_labels.py
[2023-02-01T12:05:44.155+0000] {processor.py:753} INFO - DAG(s) dict_keys(['example_branch_labels']) retrieved from /home/airflow/.local/lib/python3.7/site-packages/airflow/example_dags/example_branch_labels.py
[2023-02-01T12:05:44.190+0000] {logging_mixin.py:137} INFO - [2023-02-01T12:05:44.190+0000] {dag.py:2690} INFO - Sync 1 DAGs
[2023-02-01T12:05:44.222+0000] {logging_mixin.py:137} INFO - [2023-02-01T12:05:44.221+0000] {dag.py:3441} INFO - Setting next_dagrun for example_branch_labels to 2023-01-31T00:00:00+00:00, run_after=2023-02-01T00:00:00+00:00
[2023-02-01T12:05:44.243+0000] {processor.py:175} INFO - Processing /home/airflow/.local/lib/python3.7/site-packages/airflow/example_dags/example_branch_labels.py took 0.110 seconds
[2023-02-01T12:06:14.748+0000] {processor.py:153} INFO - Started process (PID=1157) to work on /home/airflow/.local/lib/python3.7/site-packages/airflow/example_dags/example_branch_labels.py
[2023-02-01T12:06:14.749+0000] {processor.py:743} INFO - Processing file /home/airflow/.local/lib/python3.7/site-packages/airflow/example_dags/example_branch_labels.py for tasks to queue
[2023-02-01T12:06:14.750+0000] {logging_mixin.py:137} INFO - [2023-02-01T12:06:14.750+0000] {dagbag.py:538} INFO - Filling up the DagBag from /home/airflow/.local/lib/python3.7/site-packages/airflow/example_dags/example_branch_labels.py
[2023-02-01T12:06:14.763+0000] {processor.py:753} INFO - DAG(s) dict_keys(['example_branch_labels']) retrieved from /home/airflow/.local/lib/python3.7/site-packages/airflow/example_dags/example_branch_labels.py
[2023-02-01T12:06:14.786+0000] {logging_mixin.py:137} INFO - [2023-02-01T12:06:14.785+0000] {dag.py:2690} INFO - Sync 1 DAGs
[2023-02-01T12:06:14.807+0000] {logging_mixin.py:137} INFO - [2023-02-01T12:06:14.807+0000] {dag.py:3441} INFO - Setting next_dagrun for example_branch_labels to 2023-01-31T00:00:00+00:00, run_after=2023-02-01T00:00:00+00:00
[2023-02-01T12:06:14.821+0000] {processor.py:175} INFO - Processing /home/airflow/.local/lib/python3.7/site-packages/airflow/example_dags/example_branch_labels.py took 0.076 seconds
[2023-02-01T12:06:45.689+0000] {processor.py:153} INFO - Started process (PID=1235) to work on /home/airflow/.local/lib/python3.7/site-packages/airflow/example_dags/example_branch_labels.py
[2023-02-01T12:06:45.689+0000] {processor.py:743} INFO - Processing file /home/airflow/.local/lib/python3.7/site-packages/airflow/example_dags/example_branch_labels.py for tasks to queue
[2023-02-01T12:06:45.690+0000] {logging_mixin.py:137} INFO - [2023-02-01T12:06:45.690+0000] {dagbag.py:538} INFO - Filling up the DagBag from /home/airflow/.local/lib/python3.7/site-packages/airflow/example_dags/example_branch_labels.py
[2023-02-01T12:06:45.705+0000] {processor.py:753} INFO - DAG(s) dict_keys(['example_branch_labels']) retrieved from /home/airflow/.local/lib/python3.7/site-packages/airflow/example_dags/example_branch_labels.py
[2023-02-01T12:06:45.729+0000] {logging_mixin.py:137} INFO - [2023-02-01T12:06:45.729+0000] {dag.py:2690} INFO - Sync 1 DAGs
[2023-02-01T12:06:45.753+0000] {logging_mixin.py:137} INFO - [2023-02-01T12:06:45.753+0000] {dag.py:3441} INFO - Setting next_dagrun for example_branch_labels to 2023-01-31T00:00:00+00:00, run_after=2023-02-01T00:00:00+00:00
[2023-02-01T12:06:45.780+0000] {processor.py:175} INFO - Processing /home/airflow/.local/lib/python3.7/site-packages/airflow/example_dags/example_branch_labels.py took 0.095 seconds
[2023-02-01T12:07:16.696+0000] {processor.py:153} INFO - Started process (PID=1299) to work on /home/airflow/.local/lib/python3.7/site-packages/airflow/example_dags/example_branch_labels.py
[2023-02-01T12:07:16.697+0000] {processor.py:743} INFO - Processing file /home/airflow/.local/lib/python3.7/site-packages/airflow/example_dags/example_branch_labels.py for tasks to queue
[2023-02-01T12:07:16.698+0000] {logging_mixin.py:137} INFO - [2023-02-01T12:07:16.698+0000] {dagbag.py:538} INFO - Filling up the DagBag from /home/airflow/.local/lib/python3.7/site-packages/airflow/example_dags/example_branch_labels.py
[2023-02-01T12:07:16.715+0000] {processor.py:753} INFO - DAG(s) dict_keys(['example_branch_labels']) retrieved from /home/airflow/.local/lib/python3.7/site-packages/airflow/example_dags/example_branch_labels.py
[2023-02-01T12:07:16.738+0000] {logging_mixin.py:137} INFO - [2023-02-01T12:07:16.738+0000] {dag.py:2690} INFO - Sync 1 DAGs
[2023-02-01T12:07:16.762+0000] {logging_mixin.py:137} INFO - [2023-02-01T12:07:16.762+0000] {dag.py:3441} INFO - Setting next_dagrun for example_branch_labels to 2023-01-31T00:00:00+00:00, run_after=2023-02-01T00:00:00+00:00
[2023-02-01T12:07:16.780+0000] {processor.py:175} INFO - Processing /home/airflow/.local/lib/python3.7/site-packages/airflow/example_dags/example_branch_labels.py took 0.088 seconds
[2023-02-01T12:07:46.971+0000] {processor.py:153} INFO - Started process (PID=1378) to work on /home/airflow/.local/lib/python3.7/site-packages/airflow/example_dags/example_branch_labels.py
[2023-02-01T12:07:46.973+0000] {processor.py:743} INFO - Processing file /home/airflow/.local/lib/python3.7/site-packages/airflow/example_dags/example_branch_labels.py for tasks to queue
[2023-02-01T12:07:46.974+0000] {logging_mixin.py:137} INFO - [2023-02-01T12:07:46.974+0000] {dagbag.py:538} INFO - Filling up the DagBag from /home/airflow/.local/lib/python3.7/site-packages/airflow/example_dags/example_branch_labels.py
[2023-02-01T12:07:46.994+0000] {processor.py:753} INFO - DAG(s) dict_keys(['example_branch_labels']) retrieved from /home/airflow/.local/lib/python3.7/site-packages/airflow/example_dags/example_branch_labels.py
[2023-02-01T12:07:47.028+0000] {logging_mixin.py:137} INFO - [2023-02-01T12:07:47.028+0000] {dag.py:2690} INFO - Sync 1 DAGs
[2023-02-01T12:07:47.059+0000] {logging_mixin.py:137} INFO - [2023-02-01T12:07:47.059+0000] {dag.py:3441} INFO - Setting next_dagrun for example_branch_labels to 2023-01-31T00:00:00+00:00, run_after=2023-02-01T00:00:00+00:00
[2023-02-01T12:07:47.082+0000] {processor.py:175} INFO - Processing /home/airflow/.local/lib/python3.7/site-packages/airflow/example_dags/example_branch_labels.py took 0.116 seconds
