[2023-02-01T11:58:33.618+0000] {processor.py:153} INFO - Started process (PID=75) to work on /home/airflow/.local/lib/python3.7/site-packages/airflow/example_dags/example_task_group_decorator.py
[2023-02-01T11:58:33.621+0000] {processor.py:743} INFO - Processing file /home/airflow/.local/lib/python3.7/site-packages/airflow/example_dags/example_task_group_decorator.py for tasks to queue
[2023-02-01T11:58:33.628+0000] {logging_mixin.py:137} INFO - [2023-02-01T11:58:33.627+0000] {dagbag.py:538} INFO - Filling up the DagBag from /home/airflow/.local/lib/python3.7/site-packages/airflow/example_dags/example_task_group_decorator.py
[2023-02-01T11:58:33.690+0000] {processor.py:753} INFO - DAG(s) dict_keys(['example_task_group_decorator']) retrieved from /home/airflow/.local/lib/python3.7/site-packages/airflow/example_dags/example_task_group_decorator.py
[2023-02-01T11:58:33.704+0000] {logging_mixin.py:137} INFO - [2023-02-01T11:58:33.704+0000] {dag.py:2690} INFO - Sync 1 DAGs
[2023-02-01T11:58:33.731+0000] {logging_mixin.py:137} INFO - [2023-02-01T11:58:33.731+0000] {dag.py:3441} INFO - Setting next_dagrun for example_task_group_decorator to 2023-01-31T11:58:33.731128+00:00, run_after=2023-02-01T11:58:33.731128+00:00
[2023-02-01T11:58:33.770+0000] {processor.py:175} INFO - Processing /home/airflow/.local/lib/python3.7/site-packages/airflow/example_dags/example_task_group_decorator.py took 0.171 seconds
[2023-02-01T11:59:03.802+0000] {processor.py:153} INFO - Started process (PID=143) to work on /home/airflow/.local/lib/python3.7/site-packages/airflow/example_dags/example_task_group_decorator.py
[2023-02-01T11:59:03.803+0000] {processor.py:743} INFO - Processing file /home/airflow/.local/lib/python3.7/site-packages/airflow/example_dags/example_task_group_decorator.py for tasks to queue
[2023-02-01T11:59:03.804+0000] {logging_mixin.py:137} INFO - [2023-02-01T11:59:03.804+0000] {dagbag.py:538} INFO - Filling up the DagBag from /home/airflow/.local/lib/python3.7/site-packages/airflow/example_dags/example_task_group_decorator.py
[2023-02-01T11:59:03.830+0000] {processor.py:753} INFO - DAG(s) dict_keys(['example_task_group_decorator']) retrieved from /home/airflow/.local/lib/python3.7/site-packages/airflow/example_dags/example_task_group_decorator.py
[2023-02-01T11:59:03.868+0000] {logging_mixin.py:137} INFO - [2023-02-01T11:59:03.868+0000] {dag.py:2690} INFO - Sync 1 DAGs
[2023-02-01T11:59:03.891+0000] {logging_mixin.py:137} INFO - [2023-02-01T11:59:03.891+0000] {dag.py:3441} INFO - Setting next_dagrun for example_task_group_decorator to 2023-01-31T11:59:03.891393+00:00, run_after=2023-02-01T11:59:03.891393+00:00
[2023-02-01T11:59:03.913+0000] {processor.py:175} INFO - Processing /home/airflow/.local/lib/python3.7/site-packages/airflow/example_dags/example_task_group_decorator.py took 0.116 seconds
[2023-02-01T11:59:34.650+0000] {processor.py:153} INFO - Started process (PID=222) to work on /home/airflow/.local/lib/python3.7/site-packages/airflow/example_dags/example_task_group_decorator.py
[2023-02-01T11:59:34.651+0000] {processor.py:743} INFO - Processing file /home/airflow/.local/lib/python3.7/site-packages/airflow/example_dags/example_task_group_decorator.py for tasks to queue
[2023-02-01T11:59:34.652+0000] {logging_mixin.py:137} INFO - [2023-02-01T11:59:34.652+0000] {dagbag.py:538} INFO - Filling up the DagBag from /home/airflow/.local/lib/python3.7/site-packages/airflow/example_dags/example_task_group_decorator.py
[2023-02-01T11:59:34.678+0000] {processor.py:753} INFO - DAG(s) dict_keys(['example_task_group_decorator']) retrieved from /home/airflow/.local/lib/python3.7/site-packages/airflow/example_dags/example_task_group_decorator.py
[2023-02-01T11:59:34.706+0000] {logging_mixin.py:137} INFO - [2023-02-01T11:59:34.706+0000] {dag.py:2690} INFO - Sync 1 DAGs
[2023-02-01T11:59:34.729+0000] {logging_mixin.py:137} INFO - [2023-02-01T11:59:34.729+0000] {dag.py:3441} INFO - Setting next_dagrun for example_task_group_decorator to 2023-01-31T11:59:34.729251+00:00, run_after=2023-02-01T11:59:34.729251+00:00
[2023-02-01T11:59:34.750+0000] {processor.py:175} INFO - Processing /home/airflow/.local/lib/python3.7/site-packages/airflow/example_dags/example_task_group_decorator.py took 0.103 seconds
[2023-02-01T12:00:05.299+0000] {processor.py:153} INFO - Started process (PID=288) to work on /home/airflow/.local/lib/python3.7/site-packages/airflow/example_dags/example_task_group_decorator.py
[2023-02-01T12:00:05.300+0000] {processor.py:743} INFO - Processing file /home/airflow/.local/lib/python3.7/site-packages/airflow/example_dags/example_task_group_decorator.py for tasks to queue
[2023-02-01T12:00:05.301+0000] {logging_mixin.py:137} INFO - [2023-02-01T12:00:05.301+0000] {dagbag.py:538} INFO - Filling up the DagBag from /home/airflow/.local/lib/python3.7/site-packages/airflow/example_dags/example_task_group_decorator.py
[2023-02-01T12:00:05.332+0000] {processor.py:753} INFO - DAG(s) dict_keys(['example_task_group_decorator']) retrieved from /home/airflow/.local/lib/python3.7/site-packages/airflow/example_dags/example_task_group_decorator.py
[2023-02-01T12:00:05.357+0000] {logging_mixin.py:137} INFO - [2023-02-01T12:00:05.357+0000] {dag.py:2690} INFO - Sync 1 DAGs
[2023-02-01T12:00:05.381+0000] {logging_mixin.py:137} INFO - [2023-02-01T12:00:05.381+0000] {dag.py:3441} INFO - Setting next_dagrun for example_task_group_decorator to 2023-01-31T12:00:05.381135+00:00, run_after=2023-02-01T12:00:05.381135+00:00
[2023-02-01T12:00:05.397+0000] {processor.py:175} INFO - Processing /home/airflow/.local/lib/python3.7/site-packages/airflow/example_dags/example_task_group_decorator.py took 0.102 seconds
[2023-02-01T12:00:36.134+0000] {processor.py:153} INFO - Started process (PID=366) to work on /home/airflow/.local/lib/python3.7/site-packages/airflow/example_dags/example_task_group_decorator.py
[2023-02-01T12:00:36.135+0000] {processor.py:743} INFO - Processing file /home/airflow/.local/lib/python3.7/site-packages/airflow/example_dags/example_task_group_decorator.py for tasks to queue
[2023-02-01T12:00:36.136+0000] {logging_mixin.py:137} INFO - [2023-02-01T12:00:36.136+0000] {dagbag.py:538} INFO - Filling up the DagBag from /home/airflow/.local/lib/python3.7/site-packages/airflow/example_dags/example_task_group_decorator.py
[2023-02-01T12:00:36.161+0000] {processor.py:753} INFO - DAG(s) dict_keys(['example_task_group_decorator']) retrieved from /home/airflow/.local/lib/python3.7/site-packages/airflow/example_dags/example_task_group_decorator.py
[2023-02-01T12:00:36.187+0000] {logging_mixin.py:137} INFO - [2023-02-01T12:00:36.187+0000] {dag.py:2690} INFO - Sync 1 DAGs
[2023-02-01T12:00:36.212+0000] {logging_mixin.py:137} INFO - [2023-02-01T12:00:36.211+0000] {dag.py:3441} INFO - Setting next_dagrun for example_task_group_decorator to 2023-01-31T12:00:36.211725+00:00, run_after=2023-02-01T12:00:36.211725+00:00
[2023-02-01T12:00:36.231+0000] {processor.py:175} INFO - Processing /home/airflow/.local/lib/python3.7/site-packages/airflow/example_dags/example_task_group_decorator.py took 0.100 seconds
[2023-02-01T12:01:06.869+0000] {processor.py:153} INFO - Started process (PID=431) to work on /home/airflow/.local/lib/python3.7/site-packages/airflow/example_dags/example_task_group_decorator.py
[2023-02-01T12:01:06.870+0000] {processor.py:743} INFO - Processing file /home/airflow/.local/lib/python3.7/site-packages/airflow/example_dags/example_task_group_decorator.py for tasks to queue
[2023-02-01T12:01:06.872+0000] {logging_mixin.py:137} INFO - [2023-02-01T12:01:06.872+0000] {dagbag.py:538} INFO - Filling up the DagBag from /home/airflow/.local/lib/python3.7/site-packages/airflow/example_dags/example_task_group_decorator.py
[2023-02-01T12:01:06.902+0000] {processor.py:753} INFO - DAG(s) dict_keys(['example_task_group_decorator']) retrieved from /home/airflow/.local/lib/python3.7/site-packages/airflow/example_dags/example_task_group_decorator.py
[2023-02-01T12:01:06.931+0000] {logging_mixin.py:137} INFO - [2023-02-01T12:01:06.930+0000] {dag.py:2690} INFO - Sync 1 DAGs
[2023-02-01T12:01:06.974+0000] {logging_mixin.py:137} INFO - [2023-02-01T12:01:06.973+0000] {dag.py:3441} INFO - Setting next_dagrun for example_task_group_decorator to 2023-01-31T12:01:06.973502+00:00, run_after=2023-02-01T12:01:06.973502+00:00
[2023-02-01T12:01:07.003+0000] {processor.py:175} INFO - Processing /home/airflow/.local/lib/python3.7/site-packages/airflow/example_dags/example_task_group_decorator.py took 0.137 seconds
[2023-02-01T12:01:37.853+0000] {processor.py:153} INFO - Started process (PID=510) to work on /home/airflow/.local/lib/python3.7/site-packages/airflow/example_dags/example_task_group_decorator.py
[2023-02-01T12:01:37.878+0000] {processor.py:743} INFO - Processing file /home/airflow/.local/lib/python3.7/site-packages/airflow/example_dags/example_task_group_decorator.py for tasks to queue
[2023-02-01T12:01:37.884+0000] {logging_mixin.py:137} INFO - [2023-02-01T12:01:37.884+0000] {dagbag.py:538} INFO - Filling up the DagBag from /home/airflow/.local/lib/python3.7/site-packages/airflow/example_dags/example_task_group_decorator.py
[2023-02-01T12:01:37.938+0000] {processor.py:753} INFO - DAG(s) dict_keys(['example_task_group_decorator']) retrieved from /home/airflow/.local/lib/python3.7/site-packages/airflow/example_dags/example_task_group_decorator.py
[2023-02-01T12:01:37.968+0000] {logging_mixin.py:137} INFO - [2023-02-01T12:01:37.967+0000] {dag.py:2690} INFO - Sync 1 DAGs
[2023-02-01T12:01:37.994+0000] {logging_mixin.py:137} INFO - [2023-02-01T12:01:37.994+0000] {dag.py:3441} INFO - Setting next_dagrun for example_task_group_decorator to 2023-01-31T12:01:37.993990+00:00, run_after=2023-02-01T12:01:37.993990+00:00
[2023-02-01T12:01:38.017+0000] {processor.py:175} INFO - Processing /home/airflow/.local/lib/python3.7/site-packages/airflow/example_dags/example_task_group_decorator.py took 0.169 seconds
[2023-02-01T12:02:09.381+0000] {processor.py:153} INFO - Started process (PID=587) to work on /home/airflow/.local/lib/python3.7/site-packages/airflow/example_dags/example_task_group_decorator.py
[2023-02-01T12:02:09.383+0000] {processor.py:743} INFO - Processing file /home/airflow/.local/lib/python3.7/site-packages/airflow/example_dags/example_task_group_decorator.py for tasks to queue
[2023-02-01T12:02:09.385+0000] {logging_mixin.py:137} INFO - [2023-02-01T12:02:09.384+0000] {dagbag.py:538} INFO - Filling up the DagBag from /home/airflow/.local/lib/python3.7/site-packages/airflow/example_dags/example_task_group_decorator.py
[2023-02-01T12:02:09.448+0000] {processor.py:753} INFO - DAG(s) dict_keys(['example_task_group_decorator']) retrieved from /home/airflow/.local/lib/python3.7/site-packages/airflow/example_dags/example_task_group_decorator.py
[2023-02-01T12:02:09.488+0000] {logging_mixin.py:137} INFO - [2023-02-01T12:02:09.487+0000] {dag.py:2690} INFO - Sync 1 DAGs
[2023-02-01T12:02:09.520+0000] {logging_mixin.py:137} INFO - [2023-02-01T12:02:09.520+0000] {dag.py:3441} INFO - Setting next_dagrun for example_task_group_decorator to 2023-01-31T12:02:09.520275+00:00, run_after=2023-02-01T12:02:09.520275+00:00
[2023-02-01T12:02:09.543+0000] {processor.py:175} INFO - Processing /home/airflow/.local/lib/python3.7/site-packages/airflow/example_dags/example_task_group_decorator.py took 0.166 seconds
[2023-02-01T12:02:39.744+0000] {processor.py:153} INFO - Started process (PID=652) to work on /home/airflow/.local/lib/python3.7/site-packages/airflow/example_dags/example_task_group_decorator.py
[2023-02-01T12:02:39.745+0000] {processor.py:743} INFO - Processing file /home/airflow/.local/lib/python3.7/site-packages/airflow/example_dags/example_task_group_decorator.py for tasks to queue
[2023-02-01T12:02:39.747+0000] {logging_mixin.py:137} INFO - [2023-02-01T12:02:39.746+0000] {dagbag.py:538} INFO - Filling up the DagBag from /home/airflow/.local/lib/python3.7/site-packages/airflow/example_dags/example_task_group_decorator.py
[2023-02-01T12:02:39.774+0000] {processor.py:753} INFO - DAG(s) dict_keys(['example_task_group_decorator']) retrieved from /home/airflow/.local/lib/python3.7/site-packages/airflow/example_dags/example_task_group_decorator.py
[2023-02-01T12:02:39.799+0000] {logging_mixin.py:137} INFO - [2023-02-01T12:02:39.799+0000] {dag.py:2690} INFO - Sync 1 DAGs
[2023-02-01T12:02:39.823+0000] {logging_mixin.py:137} INFO - [2023-02-01T12:02:39.822+0000] {dag.py:3441} INFO - Setting next_dagrun for example_task_group_decorator to 2023-01-31T12:02:39.822781+00:00, run_after=2023-02-01T12:02:39.822781+00:00
[2023-02-01T12:02:39.841+0000] {processor.py:175} INFO - Processing /home/airflow/.local/lib/python3.7/site-packages/airflow/example_dags/example_task_group_decorator.py took 0.102 seconds
[2023-02-01T12:03:09.992+0000] {processor.py:153} INFO - Started process (PID=731) to work on /home/airflow/.local/lib/python3.7/site-packages/airflow/example_dags/example_task_group_decorator.py
[2023-02-01T12:03:09.993+0000] {processor.py:743} INFO - Processing file /home/airflow/.local/lib/python3.7/site-packages/airflow/example_dags/example_task_group_decorator.py for tasks to queue
[2023-02-01T12:03:09.994+0000] {logging_mixin.py:137} INFO - [2023-02-01T12:03:09.993+0000] {dagbag.py:538} INFO - Filling up the DagBag from /home/airflow/.local/lib/python3.7/site-packages/airflow/example_dags/example_task_group_decorator.py
[2023-02-01T12:03:10.019+0000] {processor.py:753} INFO - DAG(s) dict_keys(['example_task_group_decorator']) retrieved from /home/airflow/.local/lib/python3.7/site-packages/airflow/example_dags/example_task_group_decorator.py
[2023-02-01T12:03:10.043+0000] {logging_mixin.py:137} INFO - [2023-02-01T12:03:10.043+0000] {dag.py:2690} INFO - Sync 1 DAGs
[2023-02-01T12:03:10.069+0000] {logging_mixin.py:137} INFO - [2023-02-01T12:03:10.069+0000] {dag.py:3441} INFO - Setting next_dagrun for example_task_group_decorator to 2023-01-31T12:03:10.069403+00:00, run_after=2023-02-01T12:03:10.069403+00:00
[2023-02-01T12:03:10.086+0000] {processor.py:175} INFO - Processing /home/airflow/.local/lib/python3.7/site-packages/airflow/example_dags/example_task_group_decorator.py took 0.099 seconds
[2023-02-01T12:03:41.119+0000] {processor.py:153} INFO - Started process (PID=796) to work on /home/airflow/.local/lib/python3.7/site-packages/airflow/example_dags/example_task_group_decorator.py
[2023-02-01T12:03:41.120+0000] {processor.py:743} INFO - Processing file /home/airflow/.local/lib/python3.7/site-packages/airflow/example_dags/example_task_group_decorator.py for tasks to queue
[2023-02-01T12:03:41.121+0000] {logging_mixin.py:137} INFO - [2023-02-01T12:03:41.121+0000] {dagbag.py:538} INFO - Filling up the DagBag from /home/airflow/.local/lib/python3.7/site-packages/airflow/example_dags/example_task_group_decorator.py
[2023-02-01T12:03:41.153+0000] {processor.py:753} INFO - DAG(s) dict_keys(['example_task_group_decorator']) retrieved from /home/airflow/.local/lib/python3.7/site-packages/airflow/example_dags/example_task_group_decorator.py
[2023-02-01T12:03:41.189+0000] {logging_mixin.py:137} INFO - [2023-02-01T12:03:41.189+0000] {dag.py:2690} INFO - Sync 1 DAGs
[2023-02-01T12:03:41.219+0000] {logging_mixin.py:137} INFO - [2023-02-01T12:03:41.219+0000] {dag.py:3441} INFO - Setting next_dagrun for example_task_group_decorator to 2023-01-31T12:03:41.219419+00:00, run_after=2023-02-01T12:03:41.219419+00:00
[2023-02-01T12:03:41.240+0000] {processor.py:175} INFO - Processing /home/airflow/.local/lib/python3.7/site-packages/airflow/example_dags/example_task_group_decorator.py took 0.125 seconds
[2023-02-01T12:04:12.121+0000] {processor.py:153} INFO - Started process (PID=873) to work on /home/airflow/.local/lib/python3.7/site-packages/airflow/example_dags/example_task_group_decorator.py
[2023-02-01T12:04:12.122+0000] {processor.py:743} INFO - Processing file /home/airflow/.local/lib/python3.7/site-packages/airflow/example_dags/example_task_group_decorator.py for tasks to queue
[2023-02-01T12:04:12.123+0000] {logging_mixin.py:137} INFO - [2023-02-01T12:04:12.122+0000] {dagbag.py:538} INFO - Filling up the DagBag from /home/airflow/.local/lib/python3.7/site-packages/airflow/example_dags/example_task_group_decorator.py
[2023-02-01T12:04:12.156+0000] {processor.py:753} INFO - DAG(s) dict_keys(['example_task_group_decorator']) retrieved from /home/airflow/.local/lib/python3.7/site-packages/airflow/example_dags/example_task_group_decorator.py
[2023-02-01T12:04:12.189+0000] {logging_mixin.py:137} INFO - [2023-02-01T12:04:12.189+0000] {dag.py:2690} INFO - Sync 1 DAGs
[2023-02-01T12:04:12.223+0000] {logging_mixin.py:137} INFO - [2023-02-01T12:04:12.223+0000] {dag.py:3441} INFO - Setting next_dagrun for example_task_group_decorator to 2023-01-31T12:04:12.223511+00:00, run_after=2023-02-01T12:04:12.223511+00:00
[2023-02-01T12:04:12.247+0000] {processor.py:175} INFO - Processing /home/airflow/.local/lib/python3.7/site-packages/airflow/example_dags/example_task_group_decorator.py took 0.131 seconds
[2023-02-01T12:04:43.031+0000] {processor.py:153} INFO - Started process (PID=938) to work on /home/airflow/.local/lib/python3.7/site-packages/airflow/example_dags/example_task_group_decorator.py
[2023-02-01T12:04:43.032+0000] {processor.py:743} INFO - Processing file /home/airflow/.local/lib/python3.7/site-packages/airflow/example_dags/example_task_group_decorator.py for tasks to queue
[2023-02-01T12:04:43.034+0000] {logging_mixin.py:137} INFO - [2023-02-01T12:04:43.034+0000] {dagbag.py:538} INFO - Filling up the DagBag from /home/airflow/.local/lib/python3.7/site-packages/airflow/example_dags/example_task_group_decorator.py
[2023-02-01T12:04:43.071+0000] {processor.py:753} INFO - DAG(s) dict_keys(['example_task_group_decorator']) retrieved from /home/airflow/.local/lib/python3.7/site-packages/airflow/example_dags/example_task_group_decorator.py
[2023-02-01T12:04:43.106+0000] {logging_mixin.py:137} INFO - [2023-02-01T12:04:43.106+0000] {dag.py:2690} INFO - Sync 1 DAGs
[2023-02-01T12:04:43.130+0000] {logging_mixin.py:137} INFO - [2023-02-01T12:04:43.130+0000] {dag.py:3441} INFO - Setting next_dagrun for example_task_group_decorator to 2023-01-31T12:04:43.129989+00:00, run_after=2023-02-01T12:04:43.129989+00:00
[2023-02-01T12:04:43.152+0000] {processor.py:175} INFO - Processing /home/airflow/.local/lib/python3.7/site-packages/airflow/example_dags/example_task_group_decorator.py took 0.123 seconds
[2023-02-01T12:05:13.724+0000] {processor.py:153} INFO - Started process (PID=1017) to work on /home/airflow/.local/lib/python3.7/site-packages/airflow/example_dags/example_task_group_decorator.py
[2023-02-01T12:05:13.725+0000] {processor.py:743} INFO - Processing file /home/airflow/.local/lib/python3.7/site-packages/airflow/example_dags/example_task_group_decorator.py for tasks to queue
[2023-02-01T12:05:13.726+0000] {logging_mixin.py:137} INFO - [2023-02-01T12:05:13.725+0000] {dagbag.py:538} INFO - Filling up the DagBag from /home/airflow/.local/lib/python3.7/site-packages/airflow/example_dags/example_task_group_decorator.py
[2023-02-01T12:05:13.751+0000] {processor.py:753} INFO - DAG(s) dict_keys(['example_task_group_decorator']) retrieved from /home/airflow/.local/lib/python3.7/site-packages/airflow/example_dags/example_task_group_decorator.py
[2023-02-01T12:05:13.777+0000] {logging_mixin.py:137} INFO - [2023-02-01T12:05:13.777+0000] {dag.py:2690} INFO - Sync 1 DAGs
[2023-02-01T12:05:13.811+0000] {logging_mixin.py:137} INFO - [2023-02-01T12:05:13.811+0000] {dag.py:3441} INFO - Setting next_dagrun for example_task_group_decorator to 2023-01-31T12:05:13.811303+00:00, run_after=2023-02-01T12:05:13.811303+00:00
[2023-02-01T12:05:13.925+0000] {processor.py:175} INFO - Processing /home/airflow/.local/lib/python3.7/site-packages/airflow/example_dags/example_task_group_decorator.py took 0.205 seconds
[2023-02-01T12:05:44.358+0000] {processor.py:153} INFO - Started process (PID=1082) to work on /home/airflow/.local/lib/python3.7/site-packages/airflow/example_dags/example_task_group_decorator.py
[2023-02-01T12:05:44.359+0000] {processor.py:743} INFO - Processing file /home/airflow/.local/lib/python3.7/site-packages/airflow/example_dags/example_task_group_decorator.py for tasks to queue
[2023-02-01T12:05:44.360+0000] {logging_mixin.py:137} INFO - [2023-02-01T12:05:44.360+0000] {dagbag.py:538} INFO - Filling up the DagBag from /home/airflow/.local/lib/python3.7/site-packages/airflow/example_dags/example_task_group_decorator.py
[2023-02-01T12:05:44.386+0000] {processor.py:753} INFO - DAG(s) dict_keys(['example_task_group_decorator']) retrieved from /home/airflow/.local/lib/python3.7/site-packages/airflow/example_dags/example_task_group_decorator.py
[2023-02-01T12:05:44.418+0000] {logging_mixin.py:137} INFO - [2023-02-01T12:05:44.418+0000] {dag.py:2690} INFO - Sync 1 DAGs
[2023-02-01T12:05:44.448+0000] {logging_mixin.py:137} INFO - [2023-02-01T12:05:44.447+0000] {dag.py:3441} INFO - Setting next_dagrun for example_task_group_decorator to 2023-01-31T12:05:44.447638+00:00, run_after=2023-02-01T12:05:44.447638+00:00
[2023-02-01T12:05:44.471+0000] {processor.py:175} INFO - Processing /home/airflow/.local/lib/python3.7/site-packages/airflow/example_dags/example_task_group_decorator.py took 0.118 seconds
[2023-02-01T12:06:14.958+0000] {processor.py:153} INFO - Started process (PID=1160) to work on /home/airflow/.local/lib/python3.7/site-packages/airflow/example_dags/example_task_group_decorator.py
[2023-02-01T12:06:14.959+0000] {processor.py:743} INFO - Processing file /home/airflow/.local/lib/python3.7/site-packages/airflow/example_dags/example_task_group_decorator.py for tasks to queue
[2023-02-01T12:06:14.960+0000] {logging_mixin.py:137} INFO - [2023-02-01T12:06:14.960+0000] {dagbag.py:538} INFO - Filling up the DagBag from /home/airflow/.local/lib/python3.7/site-packages/airflow/example_dags/example_task_group_decorator.py
[2023-02-01T12:06:14.986+0000] {processor.py:753} INFO - DAG(s) dict_keys(['example_task_group_decorator']) retrieved from /home/airflow/.local/lib/python3.7/site-packages/airflow/example_dags/example_task_group_decorator.py
[2023-02-01T12:06:15.010+0000] {logging_mixin.py:137} INFO - [2023-02-01T12:06:15.010+0000] {dag.py:2690} INFO - Sync 1 DAGs
[2023-02-01T12:06:15.032+0000] {logging_mixin.py:137} INFO - [2023-02-01T12:06:15.031+0000] {dag.py:3441} INFO - Setting next_dagrun for example_task_group_decorator to 2023-01-31T12:06:15.031608+00:00, run_after=2023-02-01T12:06:15.031608+00:00
[2023-02-01T12:06:15.050+0000] {processor.py:175} INFO - Processing /home/airflow/.local/lib/python3.7/site-packages/airflow/example_dags/example_task_group_decorator.py took 0.095 seconds
[2023-02-01T12:06:45.920+0000] {processor.py:153} INFO - Started process (PID=1238) to work on /home/airflow/.local/lib/python3.7/site-packages/airflow/example_dags/example_task_group_decorator.py
[2023-02-01T12:06:45.921+0000] {processor.py:743} INFO - Processing file /home/airflow/.local/lib/python3.7/site-packages/airflow/example_dags/example_task_group_decorator.py for tasks to queue
[2023-02-01T12:06:45.922+0000] {logging_mixin.py:137} INFO - [2023-02-01T12:06:45.922+0000] {dagbag.py:538} INFO - Filling up the DagBag from /home/airflow/.local/lib/python3.7/site-packages/airflow/example_dags/example_task_group_decorator.py
[2023-02-01T12:06:45.957+0000] {processor.py:753} INFO - DAG(s) dict_keys(['example_task_group_decorator']) retrieved from /home/airflow/.local/lib/python3.7/site-packages/airflow/example_dags/example_task_group_decorator.py
[2023-02-01T12:06:45.993+0000] {logging_mixin.py:137} INFO - [2023-02-01T12:06:45.993+0000] {dag.py:2690} INFO - Sync 1 DAGs
[2023-02-01T12:06:46.031+0000] {logging_mixin.py:137} INFO - [2023-02-01T12:06:46.030+0000] {dag.py:3441} INFO - Setting next_dagrun for example_task_group_decorator to 2023-01-31T12:06:46.030595+00:00, run_after=2023-02-01T12:06:46.030595+00:00
[2023-02-01T12:06:46.058+0000] {processor.py:175} INFO - Processing /home/airflow/.local/lib/python3.7/site-packages/airflow/example_dags/example_task_group_decorator.py took 0.143 seconds
[2023-02-01T12:07:16.825+0000] {processor.py:153} INFO - Started process (PID=1302) to work on /home/airflow/.local/lib/python3.7/site-packages/airflow/example_dags/example_task_group_decorator.py
[2023-02-01T12:07:16.826+0000] {processor.py:743} INFO - Processing file /home/airflow/.local/lib/python3.7/site-packages/airflow/example_dags/example_task_group_decorator.py for tasks to queue
[2023-02-01T12:07:16.827+0000] {logging_mixin.py:137} INFO - [2023-02-01T12:07:16.827+0000] {dagbag.py:538} INFO - Filling up the DagBag from /home/airflow/.local/lib/python3.7/site-packages/airflow/example_dags/example_task_group_decorator.py
[2023-02-01T12:07:16.860+0000] {processor.py:753} INFO - DAG(s) dict_keys(['example_task_group_decorator']) retrieved from /home/airflow/.local/lib/python3.7/site-packages/airflow/example_dags/example_task_group_decorator.py
[2023-02-01T12:07:16.888+0000] {logging_mixin.py:137} INFO - [2023-02-01T12:07:16.888+0000] {dag.py:2690} INFO - Sync 1 DAGs
[2023-02-01T12:07:16.913+0000] {logging_mixin.py:137} INFO - [2023-02-01T12:07:16.912+0000] {dag.py:3441} INFO - Setting next_dagrun for example_task_group_decorator to 2023-01-31T12:07:16.912684+00:00, run_after=2023-02-01T12:07:16.912684+00:00
[2023-02-01T12:07:16.930+0000] {processor.py:175} INFO - Processing /home/airflow/.local/lib/python3.7/site-packages/airflow/example_dags/example_task_group_decorator.py took 0.109 seconds
[2023-02-01T12:07:47.228+0000] {processor.py:153} INFO - Started process (PID=1381) to work on /home/airflow/.local/lib/python3.7/site-packages/airflow/example_dags/example_task_group_decorator.py
[2023-02-01T12:07:47.230+0000] {processor.py:743} INFO - Processing file /home/airflow/.local/lib/python3.7/site-packages/airflow/example_dags/example_task_group_decorator.py for tasks to queue
[2023-02-01T12:07:47.230+0000] {logging_mixin.py:137} INFO - [2023-02-01T12:07:47.230+0000] {dagbag.py:538} INFO - Filling up the DagBag from /home/airflow/.local/lib/python3.7/site-packages/airflow/example_dags/example_task_group_decorator.py
[2023-02-01T12:07:47.268+0000] {processor.py:753} INFO - DAG(s) dict_keys(['example_task_group_decorator']) retrieved from /home/airflow/.local/lib/python3.7/site-packages/airflow/example_dags/example_task_group_decorator.py
[2023-02-01T12:07:47.297+0000] {logging_mixin.py:137} INFO - [2023-02-01T12:07:47.297+0000] {dag.py:2690} INFO - Sync 1 DAGs
[2023-02-01T12:07:47.321+0000] {logging_mixin.py:137} INFO - [2023-02-01T12:07:47.321+0000] {dag.py:3441} INFO - Setting next_dagrun for example_task_group_decorator to 2023-01-31T12:07:47.320773+00:00, run_after=2023-02-01T12:07:47.320773+00:00
[2023-02-01T12:07:47.343+0000] {processor.py:175} INFO - Processing /home/airflow/.local/lib/python3.7/site-packages/airflow/example_dags/example_task_group_decorator.py took 0.118 seconds
