[2023-02-01T11:58:30.253+0000] {processor.py:153} INFO - Started process (PID=40) to work on /home/airflow/.local/lib/python3.7/site-packages/airflow/example_dags/example_latest_only.py
[2023-02-01T11:58:30.254+0000] {processor.py:743} INFO - Processing file /home/airflow/.local/lib/python3.7/site-packages/airflow/example_dags/example_latest_only.py for tasks to queue
[2023-02-01T11:58:30.257+0000] {logging_mixin.py:137} INFO - [2023-02-01T11:58:30.256+0000] {dagbag.py:538} INFO - Filling up the DagBag from /home/airflow/.local/lib/python3.7/site-packages/airflow/example_dags/example_latest_only.py
[2023-02-01T11:58:30.277+0000] {processor.py:753} INFO - DAG(s) dict_keys(['latest_only']) retrieved from /home/airflow/.local/lib/python3.7/site-packages/airflow/example_dags/example_latest_only.py
[2023-02-01T11:58:30.294+0000] {logging_mixin.py:137} INFO - [2023-02-01T11:58:30.294+0000] {dag.py:2690} INFO - Sync 1 DAGs
[2023-02-01T11:58:30.338+0000] {logging_mixin.py:137} INFO - [2023-02-01T11:58:30.338+0000] {dag.py:3441} INFO - Setting next_dagrun for latest_only to 2023-02-01T07:58:30.338469+00:00, run_after=2023-02-01T11:58:30.338469+00:00
[2023-02-01T11:58:30.368+0000] {processor.py:175} INFO - Processing /home/airflow/.local/lib/python3.7/site-packages/airflow/example_dags/example_latest_only.py took 0.121 seconds
[2023-02-01T11:59:00.897+0000] {processor.py:153} INFO - Started process (PID=116) to work on /home/airflow/.local/lib/python3.7/site-packages/airflow/example_dags/example_latest_only.py
[2023-02-01T11:59:00.898+0000] {processor.py:743} INFO - Processing file /home/airflow/.local/lib/python3.7/site-packages/airflow/example_dags/example_latest_only.py for tasks to queue
[2023-02-01T11:59:00.899+0000] {logging_mixin.py:137} INFO - [2023-02-01T11:59:00.899+0000] {dagbag.py:538} INFO - Filling up the DagBag from /home/airflow/.local/lib/python3.7/site-packages/airflow/example_dags/example_latest_only.py
[2023-02-01T11:59:00.913+0000] {processor.py:753} INFO - DAG(s) dict_keys(['latest_only']) retrieved from /home/airflow/.local/lib/python3.7/site-packages/airflow/example_dags/example_latest_only.py
[2023-02-01T11:59:00.937+0000] {logging_mixin.py:137} INFO - [2023-02-01T11:59:00.937+0000] {dag.py:2690} INFO - Sync 1 DAGs
[2023-02-01T11:59:00.958+0000] {logging_mixin.py:137} INFO - [2023-02-01T11:59:00.958+0000] {dag.py:3441} INFO - Setting next_dagrun for latest_only to 2023-02-01T07:59:00.958530+00:00, run_after=2023-02-01T11:59:00.958530+00:00
[2023-02-01T11:59:00.977+0000] {processor.py:175} INFO - Processing /home/airflow/.local/lib/python3.7/site-packages/airflow/example_dags/example_latest_only.py took 0.083 seconds
[2023-02-01T11:59:31.720+0000] {processor.py:153} INFO - Started process (PID=182) to work on /home/airflow/.local/lib/python3.7/site-packages/airflow/example_dags/example_latest_only.py
[2023-02-01T11:59:31.721+0000] {processor.py:743} INFO - Processing file /home/airflow/.local/lib/python3.7/site-packages/airflow/example_dags/example_latest_only.py for tasks to queue
[2023-02-01T11:59:31.723+0000] {logging_mixin.py:137} INFO - [2023-02-01T11:59:31.723+0000] {dagbag.py:538} INFO - Filling up the DagBag from /home/airflow/.local/lib/python3.7/site-packages/airflow/example_dags/example_latest_only.py
[2023-02-01T11:59:31.737+0000] {processor.py:753} INFO - DAG(s) dict_keys(['latest_only']) retrieved from /home/airflow/.local/lib/python3.7/site-packages/airflow/example_dags/example_latest_only.py
[2023-02-01T11:59:31.761+0000] {logging_mixin.py:137} INFO - [2023-02-01T11:59:31.761+0000] {dag.py:2690} INFO - Sync 1 DAGs
[2023-02-01T11:59:31.786+0000] {logging_mixin.py:137} INFO - [2023-02-01T11:59:31.786+0000] {dag.py:3441} INFO - Setting next_dagrun for latest_only to 2023-02-01T07:59:31.786284+00:00, run_after=2023-02-01T11:59:31.786284+00:00
[2023-02-01T11:59:31.803+0000] {processor.py:175} INFO - Processing /home/airflow/.local/lib/python3.7/site-packages/airflow/example_dags/example_latest_only.py took 0.088 seconds
[2023-02-01T12:00:02.602+0000] {processor.py:153} INFO - Started process (PID=261) to work on /home/airflow/.local/lib/python3.7/site-packages/airflow/example_dags/example_latest_only.py
[2023-02-01T12:00:02.604+0000] {processor.py:743} INFO - Processing file /home/airflow/.local/lib/python3.7/site-packages/airflow/example_dags/example_latest_only.py for tasks to queue
[2023-02-01T12:00:02.605+0000] {logging_mixin.py:137} INFO - [2023-02-01T12:00:02.604+0000] {dagbag.py:538} INFO - Filling up the DagBag from /home/airflow/.local/lib/python3.7/site-packages/airflow/example_dags/example_latest_only.py
[2023-02-01T12:00:02.621+0000] {processor.py:753} INFO - DAG(s) dict_keys(['latest_only']) retrieved from /home/airflow/.local/lib/python3.7/site-packages/airflow/example_dags/example_latest_only.py
[2023-02-01T12:00:02.649+0000] {logging_mixin.py:137} INFO - [2023-02-01T12:00:02.649+0000] {dag.py:2690} INFO - Sync 1 DAGs
[2023-02-01T12:00:02.691+0000] {logging_mixin.py:137} INFO - [2023-02-01T12:00:02.690+0000] {dag.py:3441} INFO - Setting next_dagrun for latest_only to 2023-02-01T08:00:02.690706+00:00, run_after=2023-02-01T12:00:02.690706+00:00
[2023-02-01T12:00:02.706+0000] {processor.py:175} INFO - Processing /home/airflow/.local/lib/python3.7/site-packages/airflow/example_dags/example_latest_only.py took 0.109 seconds
[2023-02-01T12:00:33.198+0000] {processor.py:153} INFO - Started process (PID=339) to work on /home/airflow/.local/lib/python3.7/site-packages/airflow/example_dags/example_latest_only.py
[2023-02-01T12:00:33.199+0000] {processor.py:743} INFO - Processing file /home/airflow/.local/lib/python3.7/site-packages/airflow/example_dags/example_latest_only.py for tasks to queue
[2023-02-01T12:00:33.201+0000] {logging_mixin.py:137} INFO - [2023-02-01T12:00:33.200+0000] {dagbag.py:538} INFO - Filling up the DagBag from /home/airflow/.local/lib/python3.7/site-packages/airflow/example_dags/example_latest_only.py
[2023-02-01T12:00:33.221+0000] {processor.py:753} INFO - DAG(s) dict_keys(['latest_only']) retrieved from /home/airflow/.local/lib/python3.7/site-packages/airflow/example_dags/example_latest_only.py
[2023-02-01T12:00:33.255+0000] {logging_mixin.py:137} INFO - [2023-02-01T12:00:33.255+0000] {dag.py:2690} INFO - Sync 1 DAGs
[2023-02-01T12:00:33.281+0000] {logging_mixin.py:137} INFO - [2023-02-01T12:00:33.281+0000] {dag.py:3441} INFO - Setting next_dagrun for latest_only to 2023-02-01T08:00:33.280911+00:00, run_after=2023-02-01T12:00:33.280911+00:00
[2023-02-01T12:00:33.302+0000] {processor.py:175} INFO - Processing /home/airflow/.local/lib/python3.7/site-packages/airflow/example_dags/example_latest_only.py took 0.109 seconds
[2023-02-01T12:01:04.076+0000] {processor.py:153} INFO - Started process (PID=404) to work on /home/airflow/.local/lib/python3.7/site-packages/airflow/example_dags/example_latest_only.py
[2023-02-01T12:01:04.076+0000] {processor.py:743} INFO - Processing file /home/airflow/.local/lib/python3.7/site-packages/airflow/example_dags/example_latest_only.py for tasks to queue
[2023-02-01T12:01:04.078+0000] {logging_mixin.py:137} INFO - [2023-02-01T12:01:04.078+0000] {dagbag.py:538} INFO - Filling up the DagBag from /home/airflow/.local/lib/python3.7/site-packages/airflow/example_dags/example_latest_only.py
[2023-02-01T12:01:04.092+0000] {processor.py:753} INFO - DAG(s) dict_keys(['latest_only']) retrieved from /home/airflow/.local/lib/python3.7/site-packages/airflow/example_dags/example_latest_only.py
[2023-02-01T12:01:04.116+0000] {logging_mixin.py:137} INFO - [2023-02-01T12:01:04.116+0000] {dag.py:2690} INFO - Sync 1 DAGs
[2023-02-01T12:01:04.140+0000] {logging_mixin.py:137} INFO - [2023-02-01T12:01:04.140+0000] {dag.py:3441} INFO - Setting next_dagrun for latest_only to 2023-02-01T08:01:04.139954+00:00, run_after=2023-02-01T12:01:04.139954+00:00
[2023-02-01T12:01:04.158+0000] {processor.py:175} INFO - Processing /home/airflow/.local/lib/python3.7/site-packages/airflow/example_dags/example_latest_only.py took 0.086 seconds
[2023-02-01T12:01:34.965+0000] {processor.py:153} INFO - Started process (PID=483) to work on /home/airflow/.local/lib/python3.7/site-packages/airflow/example_dags/example_latest_only.py
[2023-02-01T12:01:34.966+0000] {processor.py:743} INFO - Processing file /home/airflow/.local/lib/python3.7/site-packages/airflow/example_dags/example_latest_only.py for tasks to queue
[2023-02-01T12:01:34.967+0000] {logging_mixin.py:137} INFO - [2023-02-01T12:01:34.967+0000] {dagbag.py:538} INFO - Filling up the DagBag from /home/airflow/.local/lib/python3.7/site-packages/airflow/example_dags/example_latest_only.py
[2023-02-01T12:01:34.983+0000] {processor.py:753} INFO - DAG(s) dict_keys(['latest_only']) retrieved from /home/airflow/.local/lib/python3.7/site-packages/airflow/example_dags/example_latest_only.py
[2023-02-01T12:01:35.008+0000] {logging_mixin.py:137} INFO - [2023-02-01T12:01:35.008+0000] {dag.py:2690} INFO - Sync 1 DAGs
[2023-02-01T12:01:35.035+0000] {logging_mixin.py:137} INFO - [2023-02-01T12:01:35.035+0000] {dag.py:3441} INFO - Setting next_dagrun for latest_only to 2023-02-01T08:01:35.034810+00:00, run_after=2023-02-01T12:01:35.034810+00:00
[2023-02-01T12:01:35.053+0000] {processor.py:175} INFO - Processing /home/airflow/.local/lib/python3.7/site-packages/airflow/example_dags/example_latest_only.py took 0.092 seconds
[2023-02-01T12:02:05.882+0000] {processor.py:153} INFO - Started process (PID=548) to work on /home/airflow/.local/lib/python3.7/site-packages/airflow/example_dags/example_latest_only.py
[2023-02-01T12:02:05.883+0000] {processor.py:743} INFO - Processing file /home/airflow/.local/lib/python3.7/site-packages/airflow/example_dags/example_latest_only.py for tasks to queue
[2023-02-01T12:02:05.884+0000] {logging_mixin.py:137} INFO - [2023-02-01T12:02:05.884+0000] {dagbag.py:538} INFO - Filling up the DagBag from /home/airflow/.local/lib/python3.7/site-packages/airflow/example_dags/example_latest_only.py
[2023-02-01T12:02:05.902+0000] {processor.py:753} INFO - DAG(s) dict_keys(['latest_only']) retrieved from /home/airflow/.local/lib/python3.7/site-packages/airflow/example_dags/example_latest_only.py
[2023-02-01T12:02:05.935+0000] {logging_mixin.py:137} INFO - [2023-02-01T12:02:05.935+0000] {dag.py:2690} INFO - Sync 1 DAGs
[2023-02-01T12:02:05.968+0000] {logging_mixin.py:137} INFO - [2023-02-01T12:02:05.968+0000] {dag.py:3441} INFO - Setting next_dagrun for latest_only to 2023-02-01T08:02:05.968013+00:00, run_after=2023-02-01T12:02:05.968013+00:00
[2023-02-01T12:02:06.001+0000] {processor.py:175} INFO - Processing /home/airflow/.local/lib/python3.7/site-packages/airflow/example_dags/example_latest_only.py took 0.124 seconds
[2023-02-01T12:02:36.384+0000] {processor.py:153} INFO - Started process (PID=625) to work on /home/airflow/.local/lib/python3.7/site-packages/airflow/example_dags/example_latest_only.py
[2023-02-01T12:02:36.385+0000] {processor.py:743} INFO - Processing file /home/airflow/.local/lib/python3.7/site-packages/airflow/example_dags/example_latest_only.py for tasks to queue
[2023-02-01T12:02:36.386+0000] {logging_mixin.py:137} INFO - [2023-02-01T12:02:36.385+0000] {dagbag.py:538} INFO - Filling up the DagBag from /home/airflow/.local/lib/python3.7/site-packages/airflow/example_dags/example_latest_only.py
[2023-02-01T12:02:36.405+0000] {processor.py:753} INFO - DAG(s) dict_keys(['latest_only']) retrieved from /home/airflow/.local/lib/python3.7/site-packages/airflow/example_dags/example_latest_only.py
[2023-02-01T12:02:36.428+0000] {logging_mixin.py:137} INFO - [2023-02-01T12:02:36.428+0000] {dag.py:2690} INFO - Sync 1 DAGs
[2023-02-01T12:02:36.452+0000] {logging_mixin.py:137} INFO - [2023-02-01T12:02:36.452+0000] {dag.py:3441} INFO - Setting next_dagrun for latest_only to 2023-02-01T08:02:36.451929+00:00, run_after=2023-02-01T12:02:36.451929+00:00
[2023-02-01T12:02:36.471+0000] {processor.py:175} INFO - Processing /home/airflow/.local/lib/python3.7/site-packages/airflow/example_dags/example_latest_only.py took 0.090 seconds
[2023-02-01T12:03:06.726+0000] {processor.py:153} INFO - Started process (PID=690) to work on /home/airflow/.local/lib/python3.7/site-packages/airflow/example_dags/example_latest_only.py
[2023-02-01T12:03:06.727+0000] {processor.py:743} INFO - Processing file /home/airflow/.local/lib/python3.7/site-packages/airflow/example_dags/example_latest_only.py for tasks to queue
[2023-02-01T12:03:06.728+0000] {logging_mixin.py:137} INFO - [2023-02-01T12:03:06.727+0000] {dagbag.py:538} INFO - Filling up the DagBag from /home/airflow/.local/lib/python3.7/site-packages/airflow/example_dags/example_latest_only.py
[2023-02-01T12:03:06.741+0000] {processor.py:753} INFO - DAG(s) dict_keys(['latest_only']) retrieved from /home/airflow/.local/lib/python3.7/site-packages/airflow/example_dags/example_latest_only.py
[2023-02-01T12:03:06.774+0000] {logging_mixin.py:137} INFO - [2023-02-01T12:03:06.774+0000] {dag.py:2690} INFO - Sync 1 DAGs
[2023-02-01T12:03:06.796+0000] {logging_mixin.py:137} INFO - [2023-02-01T12:03:06.796+0000] {dag.py:3441} INFO - Setting next_dagrun for latest_only to 2023-02-01T08:03:06.796568+00:00, run_after=2023-02-01T12:03:06.796568+00:00
[2023-02-01T12:03:06.814+0000] {processor.py:175} INFO - Processing /home/airflow/.local/lib/python3.7/site-packages/airflow/example_dags/example_latest_only.py took 0.092 seconds
[2023-02-01T12:03:37.116+0000] {processor.py:153} INFO - Started process (PID=769) to work on /home/airflow/.local/lib/python3.7/site-packages/airflow/example_dags/example_latest_only.py
[2023-02-01T12:03:37.117+0000] {processor.py:743} INFO - Processing file /home/airflow/.local/lib/python3.7/site-packages/airflow/example_dags/example_latest_only.py for tasks to queue
[2023-02-01T12:03:37.118+0000] {logging_mixin.py:137} INFO - [2023-02-01T12:03:37.118+0000] {dagbag.py:538} INFO - Filling up the DagBag from /home/airflow/.local/lib/python3.7/site-packages/airflow/example_dags/example_latest_only.py
[2023-02-01T12:03:37.140+0000] {processor.py:753} INFO - DAG(s) dict_keys(['latest_only']) retrieved from /home/airflow/.local/lib/python3.7/site-packages/airflow/example_dags/example_latest_only.py
[2023-02-01T12:03:37.177+0000] {logging_mixin.py:137} INFO - [2023-02-01T12:03:37.176+0000] {dag.py:2690} INFO - Sync 1 DAGs
[2023-02-01T12:03:37.214+0000] {logging_mixin.py:137} INFO - [2023-02-01T12:03:37.214+0000] {dag.py:3441} INFO - Setting next_dagrun for latest_only to 2023-02-01T08:03:37.214270+00:00, run_after=2023-02-01T12:03:37.214270+00:00
[2023-02-01T12:03:37.249+0000] {processor.py:175} INFO - Processing /home/airflow/.local/lib/python3.7/site-packages/airflow/example_dags/example_latest_only.py took 0.136 seconds
[2023-02-01T12:04:07.320+0000] {processor.py:153} INFO - Started process (PID=833) to work on /home/airflow/.local/lib/python3.7/site-packages/airflow/example_dags/example_latest_only.py
[2023-02-01T12:04:07.321+0000] {processor.py:743} INFO - Processing file /home/airflow/.local/lib/python3.7/site-packages/airflow/example_dags/example_latest_only.py for tasks to queue
[2023-02-01T12:04:07.323+0000] {logging_mixin.py:137} INFO - [2023-02-01T12:04:07.323+0000] {dagbag.py:538} INFO - Filling up the DagBag from /home/airflow/.local/lib/python3.7/site-packages/airflow/example_dags/example_latest_only.py
[2023-02-01T12:04:07.340+0000] {processor.py:753} INFO - DAG(s) dict_keys(['latest_only']) retrieved from /home/airflow/.local/lib/python3.7/site-packages/airflow/example_dags/example_latest_only.py
[2023-02-01T12:04:07.374+0000] {logging_mixin.py:137} INFO - [2023-02-01T12:04:07.374+0000] {dag.py:2690} INFO - Sync 1 DAGs
[2023-02-01T12:04:07.417+0000] {logging_mixin.py:137} INFO - [2023-02-01T12:04:07.417+0000] {dag.py:3441} INFO - Setting next_dagrun for latest_only to 2023-02-01T08:04:07.416828+00:00, run_after=2023-02-01T12:04:07.416828+00:00
[2023-02-01T12:04:07.448+0000] {processor.py:175} INFO - Processing /home/airflow/.local/lib/python3.7/site-packages/airflow/example_dags/example_latest_only.py took 0.132 seconds
[2023-02-01T12:04:38.200+0000] {processor.py:153} INFO - Started process (PID=911) to work on /home/airflow/.local/lib/python3.7/site-packages/airflow/example_dags/example_latest_only.py
[2023-02-01T12:04:38.201+0000] {processor.py:743} INFO - Processing file /home/airflow/.local/lib/python3.7/site-packages/airflow/example_dags/example_latest_only.py for tasks to queue
[2023-02-01T12:04:38.202+0000] {logging_mixin.py:137} INFO - [2023-02-01T12:04:38.202+0000] {dagbag.py:538} INFO - Filling up the DagBag from /home/airflow/.local/lib/python3.7/site-packages/airflow/example_dags/example_latest_only.py
[2023-02-01T12:04:38.215+0000] {processor.py:753} INFO - DAG(s) dict_keys(['latest_only']) retrieved from /home/airflow/.local/lib/python3.7/site-packages/airflow/example_dags/example_latest_only.py
[2023-02-01T12:04:38.243+0000] {logging_mixin.py:137} INFO - [2023-02-01T12:04:38.242+0000] {dag.py:2690} INFO - Sync 1 DAGs
[2023-02-01T12:04:38.271+0000] {logging_mixin.py:137} INFO - [2023-02-01T12:04:38.271+0000] {dag.py:3441} INFO - Setting next_dagrun for latest_only to 2023-02-01T08:04:38.271045+00:00, run_after=2023-02-01T12:04:38.271045+00:00
[2023-02-01T12:04:38.288+0000] {processor.py:175} INFO - Processing /home/airflow/.local/lib/python3.7/site-packages/airflow/example_dags/example_latest_only.py took 0.091 seconds
[2023-02-01T12:05:09.031+0000] {processor.py:153} INFO - Started process (PID=976) to work on /home/airflow/.local/lib/python3.7/site-packages/airflow/example_dags/example_latest_only.py
[2023-02-01T12:05:09.032+0000] {processor.py:743} INFO - Processing file /home/airflow/.local/lib/python3.7/site-packages/airflow/example_dags/example_latest_only.py for tasks to queue
[2023-02-01T12:05:09.033+0000] {logging_mixin.py:137} INFO - [2023-02-01T12:05:09.033+0000] {dagbag.py:538} INFO - Filling up the DagBag from /home/airflow/.local/lib/python3.7/site-packages/airflow/example_dags/example_latest_only.py
[2023-02-01T12:05:09.048+0000] {processor.py:753} INFO - DAG(s) dict_keys(['latest_only']) retrieved from /home/airflow/.local/lib/python3.7/site-packages/airflow/example_dags/example_latest_only.py
[2023-02-01T12:05:09.083+0000] {logging_mixin.py:137} INFO - [2023-02-01T12:05:09.083+0000] {dag.py:2690} INFO - Sync 1 DAGs
[2023-02-01T12:05:09.108+0000] {logging_mixin.py:137} INFO - [2023-02-01T12:05:09.108+0000] {dag.py:3441} INFO - Setting next_dagrun for latest_only to 2023-02-01T08:05:09.108560+00:00, run_after=2023-02-01T12:05:09.108560+00:00
[2023-02-01T12:05:09.131+0000] {processor.py:175} INFO - Processing /home/airflow/.local/lib/python3.7/site-packages/airflow/example_dags/example_latest_only.py took 0.104 seconds
[2023-02-01T12:05:39.744+0000] {processor.py:153} INFO - Started process (PID=1055) to work on /home/airflow/.local/lib/python3.7/site-packages/airflow/example_dags/example_latest_only.py
[2023-02-01T12:05:39.745+0000] {processor.py:743} INFO - Processing file /home/airflow/.local/lib/python3.7/site-packages/airflow/example_dags/example_latest_only.py for tasks to queue
[2023-02-01T12:05:39.746+0000] {logging_mixin.py:137} INFO - [2023-02-01T12:05:39.746+0000] {dagbag.py:538} INFO - Filling up the DagBag from /home/airflow/.local/lib/python3.7/site-packages/airflow/example_dags/example_latest_only.py
[2023-02-01T12:05:39.760+0000] {processor.py:753} INFO - DAG(s) dict_keys(['latest_only']) retrieved from /home/airflow/.local/lib/python3.7/site-packages/airflow/example_dags/example_latest_only.py
[2023-02-01T12:05:39.784+0000] {logging_mixin.py:137} INFO - [2023-02-01T12:05:39.784+0000] {dag.py:2690} INFO - Sync 1 DAGs
[2023-02-01T12:05:39.807+0000] {logging_mixin.py:137} INFO - [2023-02-01T12:05:39.807+0000] {dag.py:3441} INFO - Setting next_dagrun for latest_only to 2023-02-01T08:05:39.807357+00:00, run_after=2023-02-01T12:05:39.807357+00:00
[2023-02-01T12:05:39.825+0000] {processor.py:175} INFO - Processing /home/airflow/.local/lib/python3.7/site-packages/airflow/example_dags/example_latest_only.py took 0.083 seconds
[2023-02-01T12:06:10.270+0000] {processor.py:153} INFO - Started process (PID=1133) to work on /home/airflow/.local/lib/python3.7/site-packages/airflow/example_dags/example_latest_only.py
[2023-02-01T12:06:10.270+0000] {processor.py:743} INFO - Processing file /home/airflow/.local/lib/python3.7/site-packages/airflow/example_dags/example_latest_only.py for tasks to queue
[2023-02-01T12:06:10.271+0000] {logging_mixin.py:137} INFO - [2023-02-01T12:06:10.271+0000] {dagbag.py:538} INFO - Filling up the DagBag from /home/airflow/.local/lib/python3.7/site-packages/airflow/example_dags/example_latest_only.py
[2023-02-01T12:06:10.288+0000] {processor.py:753} INFO - DAG(s) dict_keys(['latest_only']) retrieved from /home/airflow/.local/lib/python3.7/site-packages/airflow/example_dags/example_latest_only.py
[2023-02-01T12:06:10.318+0000] {logging_mixin.py:137} INFO - [2023-02-01T12:06:10.318+0000] {dag.py:2690} INFO - Sync 1 DAGs
[2023-02-01T12:06:10.342+0000] {logging_mixin.py:137} INFO - [2023-02-01T12:06:10.342+0000] {dag.py:3441} INFO - Setting next_dagrun for latest_only to 2023-02-01T08:06:10.342146+00:00, run_after=2023-02-01T12:06:10.342146+00:00
[2023-02-01T12:06:10.363+0000] {processor.py:175} INFO - Processing /home/airflow/.local/lib/python3.7/site-packages/airflow/example_dags/example_latest_only.py took 0.097 seconds
[2023-02-01T12:06:40.801+0000] {processor.py:153} INFO - Started process (PID=1198) to work on /home/airflow/.local/lib/python3.7/site-packages/airflow/example_dags/example_latest_only.py
[2023-02-01T12:06:40.802+0000] {processor.py:743} INFO - Processing file /home/airflow/.local/lib/python3.7/site-packages/airflow/example_dags/example_latest_only.py for tasks to queue
[2023-02-01T12:06:40.803+0000] {logging_mixin.py:137} INFO - [2023-02-01T12:06:40.802+0000] {dagbag.py:538} INFO - Filling up the DagBag from /home/airflow/.local/lib/python3.7/site-packages/airflow/example_dags/example_latest_only.py
[2023-02-01T12:06:40.816+0000] {processor.py:753} INFO - DAG(s) dict_keys(['latest_only']) retrieved from /home/airflow/.local/lib/python3.7/site-packages/airflow/example_dags/example_latest_only.py
[2023-02-01T12:06:40.841+0000] {logging_mixin.py:137} INFO - [2023-02-01T12:06:40.841+0000] {dag.py:2690} INFO - Sync 1 DAGs
[2023-02-01T12:06:40.865+0000] {logging_mixin.py:137} INFO - [2023-02-01T12:06:40.865+0000] {dag.py:3441} INFO - Setting next_dagrun for latest_only to 2023-02-01T08:06:40.864737+00:00, run_after=2023-02-01T12:06:40.864737+00:00
[2023-02-01T12:06:40.883+0000] {processor.py:175} INFO - Processing /home/airflow/.local/lib/python3.7/site-packages/airflow/example_dags/example_latest_only.py took 0.087 seconds
[2023-02-01T12:07:11.919+0000] {processor.py:153} INFO - Started process (PID=1275) to work on /home/airflow/.local/lib/python3.7/site-packages/airflow/example_dags/example_latest_only.py
[2023-02-01T12:07:11.920+0000] {processor.py:743} INFO - Processing file /home/airflow/.local/lib/python3.7/site-packages/airflow/example_dags/example_latest_only.py for tasks to queue
[2023-02-01T12:07:11.921+0000] {logging_mixin.py:137} INFO - [2023-02-01T12:07:11.920+0000] {dagbag.py:538} INFO - Filling up the DagBag from /home/airflow/.local/lib/python3.7/site-packages/airflow/example_dags/example_latest_only.py
[2023-02-01T12:07:11.935+0000] {processor.py:753} INFO - DAG(s) dict_keys(['latest_only']) retrieved from /home/airflow/.local/lib/python3.7/site-packages/airflow/example_dags/example_latest_only.py
[2023-02-01T12:07:11.962+0000] {logging_mixin.py:137} INFO - [2023-02-01T12:07:11.962+0000] {dag.py:2690} INFO - Sync 1 DAGs
[2023-02-01T12:07:11.986+0000] {logging_mixin.py:137} INFO - [2023-02-01T12:07:11.986+0000] {dag.py:3441} INFO - Setting next_dagrun for latest_only to 2023-02-01T08:07:11.985827+00:00, run_after=2023-02-01T12:07:11.985827+00:00
[2023-02-01T12:07:12.003+0000] {processor.py:175} INFO - Processing /home/airflow/.local/lib/python3.7/site-packages/airflow/example_dags/example_latest_only.py took 0.087 seconds
[2023-02-01T12:07:42.912+0000] {processor.py:153} INFO - Started process (PID=1350) to work on /home/airflow/.local/lib/python3.7/site-packages/airflow/example_dags/example_latest_only.py
[2023-02-01T12:07:42.913+0000] {processor.py:743} INFO - Processing file /home/airflow/.local/lib/python3.7/site-packages/airflow/example_dags/example_latest_only.py for tasks to queue
[2023-02-01T12:07:42.915+0000] {logging_mixin.py:137} INFO - [2023-02-01T12:07:42.914+0000] {dagbag.py:538} INFO - Filling up the DagBag from /home/airflow/.local/lib/python3.7/site-packages/airflow/example_dags/example_latest_only.py
[2023-02-01T12:07:42.934+0000] {processor.py:753} INFO - DAG(s) dict_keys(['latest_only']) retrieved from /home/airflow/.local/lib/python3.7/site-packages/airflow/example_dags/example_latest_only.py
[2023-02-01T12:07:42.978+0000] {logging_mixin.py:137} INFO - [2023-02-01T12:07:42.978+0000] {dag.py:2690} INFO - Sync 1 DAGs
[2023-02-01T12:07:43.019+0000] {logging_mixin.py:137} INFO - [2023-02-01T12:07:43.018+0000] {dag.py:3441} INFO - Setting next_dagrun for latest_only to 2023-02-01T08:07:43.018502+00:00, run_after=2023-02-01T12:07:43.018502+00:00
[2023-02-01T12:07:43.051+0000] {processor.py:175} INFO - Processing /home/airflow/.local/lib/python3.7/site-packages/airflow/example_dags/example_latest_only.py took 0.144 seconds
