[2023-02-01T11:58:32.011+0000] {processor.py:153} INFO - Started process (PID=63) to work on /home/airflow/.local/lib/python3.7/site-packages/airflow/example_dags/example_xcomargs.py
[2023-02-01T11:58:32.013+0000] {processor.py:743} INFO - Processing file /home/airflow/.local/lib/python3.7/site-packages/airflow/example_dags/example_xcomargs.py for tasks to queue
[2023-02-01T11:58:32.015+0000] {logging_mixin.py:137} INFO - [2023-02-01T11:58:32.015+0000] {dagbag.py:538} INFO - Filling up the DagBag from /home/airflow/.local/lib/python3.7/site-packages/airflow/example_dags/example_xcomargs.py
[2023-02-01T11:58:32.042+0000] {processor.py:753} INFO - DAG(s) dict_keys(['example_xcom_args_with_operators', 'example_xcom_args']) retrieved from /home/airflow/.local/lib/python3.7/site-packages/airflow/example_dags/example_xcomargs.py
[2023-02-01T11:58:32.056+0000] {logging_mixin.py:137} INFO - [2023-02-01T11:58:32.056+0000] {dag.py:2690} INFO - Sync 2 DAGs
[2023-02-01T11:58:32.085+0000] {logging_mixin.py:137} INFO - [2023-02-01T11:58:32.084+0000] {dag.py:3441} INFO - Setting next_dagrun for example_xcom_args to None, run_after=None
[2023-02-01T11:58:32.089+0000] {logging_mixin.py:137} INFO - [2023-02-01T11:58:32.089+0000] {dag.py:3441} INFO - Setting next_dagrun for example_xcom_args_with_operators to None, run_after=None
[2023-02-01T11:58:32.113+0000] {processor.py:175} INFO - Processing /home/airflow/.local/lib/python3.7/site-packages/airflow/example_dags/example_xcomargs.py took 0.105 seconds
[2023-02-01T11:59:03.033+0000] {processor.py:153} INFO - Started process (PID=133) to work on /home/airflow/.local/lib/python3.7/site-packages/airflow/example_dags/example_xcomargs.py
[2023-02-01T11:59:03.034+0000] {processor.py:743} INFO - Processing file /home/airflow/.local/lib/python3.7/site-packages/airflow/example_dags/example_xcomargs.py for tasks to queue
[2023-02-01T11:59:03.035+0000] {logging_mixin.py:137} INFO - [2023-02-01T11:59:03.034+0000] {dagbag.py:538} INFO - Filling up the DagBag from /home/airflow/.local/lib/python3.7/site-packages/airflow/example_dags/example_xcomargs.py
[2023-02-01T11:59:03.056+0000] {processor.py:753} INFO - DAG(s) dict_keys(['example_xcom_args', 'example_xcom_args_with_operators']) retrieved from /home/airflow/.local/lib/python3.7/site-packages/airflow/example_dags/example_xcomargs.py
[2023-02-01T11:59:03.091+0000] {logging_mixin.py:137} INFO - [2023-02-01T11:59:03.091+0000] {dag.py:2690} INFO - Sync 2 DAGs
[2023-02-01T11:59:03.123+0000] {logging_mixin.py:137} INFO - [2023-02-01T11:59:03.122+0000] {dag.py:3441} INFO - Setting next_dagrun for example_xcom_args to None, run_after=None
[2023-02-01T11:59:03.129+0000] {logging_mixin.py:137} INFO - [2023-02-01T11:59:03.128+0000] {dag.py:3441} INFO - Setting next_dagrun for example_xcom_args_with_operators to None, run_after=None
[2023-02-01T11:59:03.143+0000] {processor.py:175} INFO - Processing /home/airflow/.local/lib/python3.7/site-packages/airflow/example_dags/example_xcomargs.py took 0.116 seconds
[2023-02-01T11:59:33.955+0000] {processor.py:153} INFO - Started process (PID=212) to work on /home/airflow/.local/lib/python3.7/site-packages/airflow/example_dags/example_xcomargs.py
[2023-02-01T11:59:33.957+0000] {processor.py:743} INFO - Processing file /home/airflow/.local/lib/python3.7/site-packages/airflow/example_dags/example_xcomargs.py for tasks to queue
[2023-02-01T11:59:33.958+0000] {logging_mixin.py:137} INFO - [2023-02-01T11:59:33.958+0000] {dagbag.py:538} INFO - Filling up the DagBag from /home/airflow/.local/lib/python3.7/site-packages/airflow/example_dags/example_xcomargs.py
[2023-02-01T11:59:33.990+0000] {processor.py:753} INFO - DAG(s) dict_keys(['example_xcom_args', 'example_xcom_args_with_operators']) retrieved from /home/airflow/.local/lib/python3.7/site-packages/airflow/example_dags/example_xcomargs.py
[2023-02-01T11:59:34.034+0000] {logging_mixin.py:137} INFO - [2023-02-01T11:59:34.033+0000] {dag.py:2690} INFO - Sync 2 DAGs
[2023-02-01T11:59:34.073+0000] {logging_mixin.py:137} INFO - [2023-02-01T11:59:34.073+0000] {dag.py:3441} INFO - Setting next_dagrun for example_xcom_args to None, run_after=None
[2023-02-01T11:59:34.078+0000] {logging_mixin.py:137} INFO - [2023-02-01T11:59:34.078+0000] {dag.py:3441} INFO - Setting next_dagrun for example_xcom_args_with_operators to None, run_after=None
[2023-02-01T11:59:34.109+0000] {processor.py:175} INFO - Processing /home/airflow/.local/lib/python3.7/site-packages/airflow/example_dags/example_xcomargs.py took 0.159 seconds
[2023-02-01T12:00:04.709+0000] {processor.py:153} INFO - Started process (PID=278) to work on /home/airflow/.local/lib/python3.7/site-packages/airflow/example_dags/example_xcomargs.py
[2023-02-01T12:00:04.709+0000] {processor.py:743} INFO - Processing file /home/airflow/.local/lib/python3.7/site-packages/airflow/example_dags/example_xcomargs.py for tasks to queue
[2023-02-01T12:00:04.711+0000] {logging_mixin.py:137} INFO - [2023-02-01T12:00:04.711+0000] {dagbag.py:538} INFO - Filling up the DagBag from /home/airflow/.local/lib/python3.7/site-packages/airflow/example_dags/example_xcomargs.py
[2023-02-01T12:00:04.735+0000] {processor.py:753} INFO - DAG(s) dict_keys(['example_xcom_args', 'example_xcom_args_with_operators']) retrieved from /home/airflow/.local/lib/python3.7/site-packages/airflow/example_dags/example_xcomargs.py
[2023-02-01T12:00:04.762+0000] {logging_mixin.py:137} INFO - [2023-02-01T12:00:04.762+0000] {dag.py:2690} INFO - Sync 2 DAGs
[2023-02-01T12:00:04.787+0000] {logging_mixin.py:137} INFO - [2023-02-01T12:00:04.787+0000] {dag.py:3441} INFO - Setting next_dagrun for example_xcom_args to None, run_after=None
[2023-02-01T12:00:04.791+0000] {logging_mixin.py:137} INFO - [2023-02-01T12:00:04.791+0000] {dag.py:3441} INFO - Setting next_dagrun for example_xcom_args_with_operators to None, run_after=None
[2023-02-01T12:00:04.805+0000] {processor.py:175} INFO - Processing /home/airflow/.local/lib/python3.7/site-packages/airflow/example_dags/example_xcomargs.py took 0.100 seconds
[2023-02-01T12:00:35.513+0000] {processor.py:153} INFO - Started process (PID=356) to work on /home/airflow/.local/lib/python3.7/site-packages/airflow/example_dags/example_xcomargs.py
[2023-02-01T12:00:35.514+0000] {processor.py:743} INFO - Processing file /home/airflow/.local/lib/python3.7/site-packages/airflow/example_dags/example_xcomargs.py for tasks to queue
[2023-02-01T12:00:35.515+0000] {logging_mixin.py:137} INFO - [2023-02-01T12:00:35.515+0000] {dagbag.py:538} INFO - Filling up the DagBag from /home/airflow/.local/lib/python3.7/site-packages/airflow/example_dags/example_xcomargs.py
[2023-02-01T12:00:35.543+0000] {processor.py:753} INFO - DAG(s) dict_keys(['example_xcom_args_with_operators', 'example_xcom_args']) retrieved from /home/airflow/.local/lib/python3.7/site-packages/airflow/example_dags/example_xcomargs.py
[2023-02-01T12:00:35.569+0000] {logging_mixin.py:137} INFO - [2023-02-01T12:00:35.569+0000] {dag.py:2690} INFO - Sync 2 DAGs
[2023-02-01T12:00:35.591+0000] {logging_mixin.py:137} INFO - [2023-02-01T12:00:35.591+0000] {dag.py:3441} INFO - Setting next_dagrun for example_xcom_args to None, run_after=None
[2023-02-01T12:00:35.594+0000] {logging_mixin.py:137} INFO - [2023-02-01T12:00:35.594+0000] {dag.py:3441} INFO - Setting next_dagrun for example_xcom_args_with_operators to None, run_after=None
[2023-02-01T12:00:35.609+0000] {processor.py:175} INFO - Processing /home/airflow/.local/lib/python3.7/site-packages/airflow/example_dags/example_xcomargs.py took 0.099 seconds
[2023-02-01T12:01:06.142+0000] {processor.py:153} INFO - Started process (PID=421) to work on /home/airflow/.local/lib/python3.7/site-packages/airflow/example_dags/example_xcomargs.py
[2023-02-01T12:01:06.143+0000] {processor.py:743} INFO - Processing file /home/airflow/.local/lib/python3.7/site-packages/airflow/example_dags/example_xcomargs.py for tasks to queue
[2023-02-01T12:01:06.144+0000] {logging_mixin.py:137} INFO - [2023-02-01T12:01:06.144+0000] {dagbag.py:538} INFO - Filling up the DagBag from /home/airflow/.local/lib/python3.7/site-packages/airflow/example_dags/example_xcomargs.py
[2023-02-01T12:01:06.168+0000] {processor.py:753} INFO - DAG(s) dict_keys(['example_xcom_args', 'example_xcom_args_with_operators']) retrieved from /home/airflow/.local/lib/python3.7/site-packages/airflow/example_dags/example_xcomargs.py
[2023-02-01T12:01:06.193+0000] {logging_mixin.py:137} INFO - [2023-02-01T12:01:06.193+0000] {dag.py:2690} INFO - Sync 2 DAGs
[2023-02-01T12:01:06.216+0000] {logging_mixin.py:137} INFO - [2023-02-01T12:01:06.216+0000] {dag.py:3441} INFO - Setting next_dagrun for example_xcom_args to None, run_after=None
[2023-02-01T12:01:06.219+0000] {logging_mixin.py:137} INFO - [2023-02-01T12:01:06.219+0000] {dag.py:3441} INFO - Setting next_dagrun for example_xcom_args_with_operators to None, run_after=None
[2023-02-01T12:01:06.241+0000] {processor.py:175} INFO - Processing /home/airflow/.local/lib/python3.7/site-packages/airflow/example_dags/example_xcomargs.py took 0.102 seconds
[2023-02-01T12:01:37.112+0000] {processor.py:153} INFO - Started process (PID=500) to work on /home/airflow/.local/lib/python3.7/site-packages/airflow/example_dags/example_xcomargs.py
[2023-02-01T12:01:37.113+0000] {processor.py:743} INFO - Processing file /home/airflow/.local/lib/python3.7/site-packages/airflow/example_dags/example_xcomargs.py for tasks to queue
[2023-02-01T12:01:37.114+0000] {logging_mixin.py:137} INFO - [2023-02-01T12:01:37.114+0000] {dagbag.py:538} INFO - Filling up the DagBag from /home/airflow/.local/lib/python3.7/site-packages/airflow/example_dags/example_xcomargs.py
[2023-02-01T12:01:37.148+0000] {processor.py:753} INFO - DAG(s) dict_keys(['example_xcom_args_with_operators', 'example_xcom_args']) retrieved from /home/airflow/.local/lib/python3.7/site-packages/airflow/example_dags/example_xcomargs.py
[2023-02-01T12:01:37.179+0000] {logging_mixin.py:137} INFO - [2023-02-01T12:01:37.179+0000] {dag.py:2690} INFO - Sync 2 DAGs
[2023-02-01T12:01:37.211+0000] {logging_mixin.py:137} INFO - [2023-02-01T12:01:37.211+0000] {dag.py:3441} INFO - Setting next_dagrun for example_xcom_args to None, run_after=None
[2023-02-01T12:01:37.215+0000] {logging_mixin.py:137} INFO - [2023-02-01T12:01:37.215+0000] {dag.py:3441} INFO - Setting next_dagrun for example_xcom_args_with_operators to None, run_after=None
[2023-02-01T12:01:37.235+0000] {processor.py:175} INFO - Processing /home/airflow/.local/lib/python3.7/site-packages/airflow/example_dags/example_xcomargs.py took 0.126 seconds
[2023-02-01T12:02:08.390+0000] {processor.py:153} INFO - Started process (PID=573) to work on /home/airflow/.local/lib/python3.7/site-packages/airflow/example_dags/example_xcomargs.py
[2023-02-01T12:02:08.394+0000] {processor.py:743} INFO - Processing file /home/airflow/.local/lib/python3.7/site-packages/airflow/example_dags/example_xcomargs.py for tasks to queue
[2023-02-01T12:02:08.395+0000] {logging_mixin.py:137} INFO - [2023-02-01T12:02:08.394+0000] {dagbag.py:538} INFO - Filling up the DagBag from /home/airflow/.local/lib/python3.7/site-packages/airflow/example_dags/example_xcomargs.py
[2023-02-01T12:02:08.450+0000] {processor.py:753} INFO - DAG(s) dict_keys(['example_xcom_args_with_operators', 'example_xcom_args']) retrieved from /home/airflow/.local/lib/python3.7/site-packages/airflow/example_dags/example_xcomargs.py
[2023-02-01T12:02:08.512+0000] {logging_mixin.py:137} INFO - [2023-02-01T12:02:08.512+0000] {dag.py:2690} INFO - Sync 2 DAGs
[2023-02-01T12:02:08.629+0000] {logging_mixin.py:137} INFO - [2023-02-01T12:02:08.628+0000] {dag.py:3441} INFO - Setting next_dagrun for example_xcom_args to None, run_after=None
[2023-02-01T12:02:08.634+0000] {logging_mixin.py:137} INFO - [2023-02-01T12:02:08.633+0000] {dag.py:3441} INFO - Setting next_dagrun for example_xcom_args_with_operators to None, run_after=None
[2023-02-01T12:02:08.658+0000] {processor.py:175} INFO - Processing /home/airflow/.local/lib/python3.7/site-packages/airflow/example_dags/example_xcomargs.py took 0.272 seconds
[2023-02-01T12:02:38.780+0000] {processor.py:153} INFO - Started process (PID=642) to work on /home/airflow/.local/lib/python3.7/site-packages/airflow/example_dags/example_xcomargs.py
[2023-02-01T12:02:38.781+0000] {processor.py:743} INFO - Processing file /home/airflow/.local/lib/python3.7/site-packages/airflow/example_dags/example_xcomargs.py for tasks to queue
[2023-02-01T12:02:38.782+0000] {logging_mixin.py:137} INFO - [2023-02-01T12:02:38.782+0000] {dagbag.py:538} INFO - Filling up the DagBag from /home/airflow/.local/lib/python3.7/site-packages/airflow/example_dags/example_xcomargs.py
[2023-02-01T12:02:38.812+0000] {processor.py:753} INFO - DAG(s) dict_keys(['example_xcom_args', 'example_xcom_args_with_operators']) retrieved from /home/airflow/.local/lib/python3.7/site-packages/airflow/example_dags/example_xcomargs.py
[2023-02-01T12:02:38.990+0000] {logging_mixin.py:137} INFO - [2023-02-01T12:02:38.990+0000] {dag.py:2690} INFO - Sync 2 DAGs
[2023-02-01T12:02:39.019+0000] {logging_mixin.py:137} INFO - [2023-02-01T12:02:39.018+0000] {dag.py:3441} INFO - Setting next_dagrun for example_xcom_args to None, run_after=None
[2023-02-01T12:02:39.028+0000] {logging_mixin.py:137} INFO - [2023-02-01T12:02:39.028+0000] {dag.py:3441} INFO - Setting next_dagrun for example_xcom_args_with_operators to None, run_after=None
[2023-02-01T12:02:39.055+0000] {processor.py:175} INFO - Processing /home/airflow/.local/lib/python3.7/site-packages/airflow/example_dags/example_xcomargs.py took 0.281 seconds
[2023-02-01T12:03:09.126+0000] {processor.py:153} INFO - Started process (PID=721) to work on /home/airflow/.local/lib/python3.7/site-packages/airflow/example_dags/example_xcomargs.py
[2023-02-01T12:03:09.127+0000] {processor.py:743} INFO - Processing file /home/airflow/.local/lib/python3.7/site-packages/airflow/example_dags/example_xcomargs.py for tasks to queue
[2023-02-01T12:03:09.127+0000] {logging_mixin.py:137} INFO - [2023-02-01T12:03:09.127+0000] {dagbag.py:538} INFO - Filling up the DagBag from /home/airflow/.local/lib/python3.7/site-packages/airflow/example_dags/example_xcomargs.py
[2023-02-01T12:03:09.149+0000] {processor.py:753} INFO - DAG(s) dict_keys(['example_xcom_args_with_operators', 'example_xcom_args']) retrieved from /home/airflow/.local/lib/python3.7/site-packages/airflow/example_dags/example_xcomargs.py
[2023-02-01T12:03:09.178+0000] {logging_mixin.py:137} INFO - [2023-02-01T12:03:09.178+0000] {dag.py:2690} INFO - Sync 2 DAGs
[2023-02-01T12:03:09.202+0000] {logging_mixin.py:137} INFO - [2023-02-01T12:03:09.202+0000] {dag.py:3441} INFO - Setting next_dagrun for example_xcom_args to None, run_after=None
[2023-02-01T12:03:09.205+0000] {logging_mixin.py:137} INFO - [2023-02-01T12:03:09.205+0000] {dag.py:3441} INFO - Setting next_dagrun for example_xcom_args_with_operators to None, run_after=None
[2023-02-01T12:03:09.234+0000] {processor.py:175} INFO - Processing /home/airflow/.local/lib/python3.7/site-packages/airflow/example_dags/example_xcomargs.py took 0.111 seconds
[2023-02-01T12:03:40.032+0000] {processor.py:153} INFO - Started process (PID=786) to work on /home/airflow/.local/lib/python3.7/site-packages/airflow/example_dags/example_xcomargs.py
[2023-02-01T12:03:40.033+0000] {processor.py:743} INFO - Processing file /home/airflow/.local/lib/python3.7/site-packages/airflow/example_dags/example_xcomargs.py for tasks to queue
[2023-02-01T12:03:40.035+0000] {logging_mixin.py:137} INFO - [2023-02-01T12:03:40.034+0000] {dagbag.py:538} INFO - Filling up the DagBag from /home/airflow/.local/lib/python3.7/site-packages/airflow/example_dags/example_xcomargs.py
[2023-02-01T12:03:40.079+0000] {processor.py:753} INFO - DAG(s) dict_keys(['example_xcom_args_with_operators', 'example_xcom_args']) retrieved from /home/airflow/.local/lib/python3.7/site-packages/airflow/example_dags/example_xcomargs.py
[2023-02-01T12:03:40.136+0000] {logging_mixin.py:137} INFO - [2023-02-01T12:03:40.136+0000] {dag.py:2690} INFO - Sync 2 DAGs
[2023-02-01T12:03:40.168+0000] {logging_mixin.py:137} INFO - [2023-02-01T12:03:40.168+0000] {dag.py:3441} INFO - Setting next_dagrun for example_xcom_args to None, run_after=None
[2023-02-01T12:03:40.171+0000] {logging_mixin.py:137} INFO - [2023-02-01T12:03:40.171+0000] {dag.py:3441} INFO - Setting next_dagrun for example_xcom_args_with_operators to None, run_after=None
[2023-02-01T12:03:40.196+0000] {processor.py:175} INFO - Processing /home/airflow/.local/lib/python3.7/site-packages/airflow/example_dags/example_xcomargs.py took 0.174 seconds
[2023-02-01T12:04:11.053+0000] {processor.py:153} INFO - Started process (PID=863) to work on /home/airflow/.local/lib/python3.7/site-packages/airflow/example_dags/example_xcomargs.py
[2023-02-01T12:04:11.055+0000] {processor.py:743} INFO - Processing file /home/airflow/.local/lib/python3.7/site-packages/airflow/example_dags/example_xcomargs.py for tasks to queue
[2023-02-01T12:04:11.057+0000] {logging_mixin.py:137} INFO - [2023-02-01T12:04:11.057+0000] {dagbag.py:538} INFO - Filling up the DagBag from /home/airflow/.local/lib/python3.7/site-packages/airflow/example_dags/example_xcomargs.py
[2023-02-01T12:04:11.102+0000] {processor.py:753} INFO - DAG(s) dict_keys(['example_xcom_args_with_operators', 'example_xcom_args']) retrieved from /home/airflow/.local/lib/python3.7/site-packages/airflow/example_dags/example_xcomargs.py
[2023-02-01T12:04:11.178+0000] {logging_mixin.py:137} INFO - [2023-02-01T12:04:11.178+0000] {dag.py:2690} INFO - Sync 2 DAGs
[2023-02-01T12:04:11.229+0000] {logging_mixin.py:137} INFO - [2023-02-01T12:04:11.228+0000] {dag.py:3441} INFO - Setting next_dagrun for example_xcom_args to None, run_after=None
[2023-02-01T12:04:11.233+0000] {logging_mixin.py:137} INFO - [2023-02-01T12:04:11.233+0000] {dag.py:3441} INFO - Setting next_dagrun for example_xcom_args_with_operators to None, run_after=None
[2023-02-01T12:04:11.277+0000] {processor.py:175} INFO - Processing /home/airflow/.local/lib/python3.7/site-packages/airflow/example_dags/example_xcomargs.py took 0.228 seconds
[2023-02-01T12:04:41.316+0000] {processor.py:153} INFO - Started process (PID=928) to work on /home/airflow/.local/lib/python3.7/site-packages/airflow/example_dags/example_xcomargs.py
[2023-02-01T12:04:41.317+0000] {processor.py:743} INFO - Processing file /home/airflow/.local/lib/python3.7/site-packages/airflow/example_dags/example_xcomargs.py for tasks to queue
[2023-02-01T12:04:41.318+0000] {logging_mixin.py:137} INFO - [2023-02-01T12:04:41.318+0000] {dagbag.py:538} INFO - Filling up the DagBag from /home/airflow/.local/lib/python3.7/site-packages/airflow/example_dags/example_xcomargs.py
[2023-02-01T12:04:41.343+0000] {processor.py:753} INFO - DAG(s) dict_keys(['example_xcom_args', 'example_xcom_args_with_operators']) retrieved from /home/airflow/.local/lib/python3.7/site-packages/airflow/example_dags/example_xcomargs.py
[2023-02-01T12:04:41.371+0000] {logging_mixin.py:137} INFO - [2023-02-01T12:04:41.370+0000] {dag.py:2690} INFO - Sync 2 DAGs
[2023-02-01T12:04:41.395+0000] {logging_mixin.py:137} INFO - [2023-02-01T12:04:41.395+0000] {dag.py:3441} INFO - Setting next_dagrun for example_xcom_args to None, run_after=None
[2023-02-01T12:04:41.401+0000] {logging_mixin.py:137} INFO - [2023-02-01T12:04:41.401+0000] {dag.py:3441} INFO - Setting next_dagrun for example_xcom_args_with_operators to None, run_after=None
[2023-02-01T12:04:41.421+0000] {processor.py:175} INFO - Processing /home/airflow/.local/lib/python3.7/site-packages/airflow/example_dags/example_xcomargs.py took 0.110 seconds
[2023-02-01T12:05:12.031+0000] {processor.py:153} INFO - Started process (PID=1007) to work on /home/airflow/.local/lib/python3.7/site-packages/airflow/example_dags/example_xcomargs.py
[2023-02-01T12:05:12.032+0000] {processor.py:743} INFO - Processing file /home/airflow/.local/lib/python3.7/site-packages/airflow/example_dags/example_xcomargs.py for tasks to queue
[2023-02-01T12:05:12.034+0000] {logging_mixin.py:137} INFO - [2023-02-01T12:05:12.034+0000] {dagbag.py:538} INFO - Filling up the DagBag from /home/airflow/.local/lib/python3.7/site-packages/airflow/example_dags/example_xcomargs.py
[2023-02-01T12:05:12.055+0000] {processor.py:753} INFO - DAG(s) dict_keys(['example_xcom_args', 'example_xcom_args_with_operators']) retrieved from /home/airflow/.local/lib/python3.7/site-packages/airflow/example_dags/example_xcomargs.py
[2023-02-01T12:05:12.081+0000] {logging_mixin.py:137} INFO - [2023-02-01T12:05:12.081+0000] {dag.py:2690} INFO - Sync 2 DAGs
[2023-02-01T12:05:12.106+0000] {logging_mixin.py:137} INFO - [2023-02-01T12:05:12.106+0000] {dag.py:3441} INFO - Setting next_dagrun for example_xcom_args to None, run_after=None
[2023-02-01T12:05:12.109+0000] {logging_mixin.py:137} INFO - [2023-02-01T12:05:12.109+0000] {dag.py:3441} INFO - Setting next_dagrun for example_xcom_args_with_operators to None, run_after=None
[2023-02-01T12:05:12.125+0000] {processor.py:175} INFO - Processing /home/airflow/.local/lib/python3.7/site-packages/airflow/example_dags/example_xcomargs.py took 0.096 seconds
[2023-02-01T12:05:42.712+0000] {processor.py:153} INFO - Started process (PID=1072) to work on /home/airflow/.local/lib/python3.7/site-packages/airflow/example_dags/example_xcomargs.py
[2023-02-01T12:05:42.713+0000] {processor.py:743} INFO - Processing file /home/airflow/.local/lib/python3.7/site-packages/airflow/example_dags/example_xcomargs.py for tasks to queue
[2023-02-01T12:05:42.714+0000] {logging_mixin.py:137} INFO - [2023-02-01T12:05:42.714+0000] {dagbag.py:538} INFO - Filling up the DagBag from /home/airflow/.local/lib/python3.7/site-packages/airflow/example_dags/example_xcomargs.py
[2023-02-01T12:05:42.738+0000] {processor.py:753} INFO - DAG(s) dict_keys(['example_xcom_args_with_operators', 'example_xcom_args']) retrieved from /home/airflow/.local/lib/python3.7/site-packages/airflow/example_dags/example_xcomargs.py
[2023-02-01T12:05:42.766+0000] {logging_mixin.py:137} INFO - [2023-02-01T12:05:42.766+0000] {dag.py:2690} INFO - Sync 2 DAGs
[2023-02-01T12:05:42.791+0000] {logging_mixin.py:137} INFO - [2023-02-01T12:05:42.791+0000] {dag.py:3441} INFO - Setting next_dagrun for example_xcom_args to None, run_after=None
[2023-02-01T12:05:42.794+0000] {logging_mixin.py:137} INFO - [2023-02-01T12:05:42.794+0000] {dag.py:3441} INFO - Setting next_dagrun for example_xcom_args_with_operators to None, run_after=None
[2023-02-01T12:05:42.809+0000] {processor.py:175} INFO - Processing /home/airflow/.local/lib/python3.7/site-packages/airflow/example_dags/example_xcomargs.py took 0.100 seconds
[2023-02-01T12:06:13.269+0000] {processor.py:153} INFO - Started process (PID=1150) to work on /home/airflow/.local/lib/python3.7/site-packages/airflow/example_dags/example_xcomargs.py
[2023-02-01T12:06:13.269+0000] {processor.py:743} INFO - Processing file /home/airflow/.local/lib/python3.7/site-packages/airflow/example_dags/example_xcomargs.py for tasks to queue
[2023-02-01T12:06:13.270+0000] {logging_mixin.py:137} INFO - [2023-02-01T12:06:13.270+0000] {dagbag.py:538} INFO - Filling up the DagBag from /home/airflow/.local/lib/python3.7/site-packages/airflow/example_dags/example_xcomargs.py
[2023-02-01T12:06:13.292+0000] {processor.py:753} INFO - DAG(s) dict_keys(['example_xcom_args_with_operators', 'example_xcom_args']) retrieved from /home/airflow/.local/lib/python3.7/site-packages/airflow/example_dags/example_xcomargs.py
[2023-02-01T12:06:13.319+0000] {logging_mixin.py:137} INFO - [2023-02-01T12:06:13.318+0000] {dag.py:2690} INFO - Sync 2 DAGs
[2023-02-01T12:06:13.340+0000] {logging_mixin.py:137} INFO - [2023-02-01T12:06:13.340+0000] {dag.py:3441} INFO - Setting next_dagrun for example_xcom_args to None, run_after=None
[2023-02-01T12:06:13.344+0000] {logging_mixin.py:137} INFO - [2023-02-01T12:06:13.344+0000] {dag.py:3441} INFO - Setting next_dagrun for example_xcom_args_with_operators to None, run_after=None
[2023-02-01T12:06:13.357+0000] {processor.py:175} INFO - Processing /home/airflow/.local/lib/python3.7/site-packages/airflow/example_dags/example_xcomargs.py took 0.092 seconds
[2023-02-01T12:06:44.154+0000] {processor.py:153} INFO - Started process (PID=1224) to work on /home/airflow/.local/lib/python3.7/site-packages/airflow/example_dags/example_xcomargs.py
[2023-02-01T12:06:44.155+0000] {processor.py:743} INFO - Processing file /home/airflow/.local/lib/python3.7/site-packages/airflow/example_dags/example_xcomargs.py for tasks to queue
[2023-02-01T12:06:44.157+0000] {logging_mixin.py:137} INFO - [2023-02-01T12:06:44.157+0000] {dagbag.py:538} INFO - Filling up the DagBag from /home/airflow/.local/lib/python3.7/site-packages/airflow/example_dags/example_xcomargs.py
[2023-02-01T12:06:44.193+0000] {processor.py:753} INFO - DAG(s) dict_keys(['example_xcom_args_with_operators', 'example_xcom_args']) retrieved from /home/airflow/.local/lib/python3.7/site-packages/airflow/example_dags/example_xcomargs.py
[2023-02-01T12:06:44.224+0000] {logging_mixin.py:137} INFO - [2023-02-01T12:06:44.224+0000] {dag.py:2690} INFO - Sync 2 DAGs
[2023-02-01T12:06:44.247+0000] {logging_mixin.py:137} INFO - [2023-02-01T12:06:44.247+0000] {dag.py:3441} INFO - Setting next_dagrun for example_xcom_args to None, run_after=None
[2023-02-01T12:06:44.251+0000] {logging_mixin.py:137} INFO - [2023-02-01T12:06:44.251+0000] {dag.py:3441} INFO - Setting next_dagrun for example_xcom_args_with_operators to None, run_after=None
[2023-02-01T12:06:44.266+0000] {processor.py:175} INFO - Processing /home/airflow/.local/lib/python3.7/site-packages/airflow/example_dags/example_xcomargs.py took 0.118 seconds
[2023-02-01T12:07:15.202+0000] {processor.py:153} INFO - Started process (PID=1292) to work on /home/airflow/.local/lib/python3.7/site-packages/airflow/example_dags/example_xcomargs.py
[2023-02-01T12:07:15.203+0000] {processor.py:743} INFO - Processing file /home/airflow/.local/lib/python3.7/site-packages/airflow/example_dags/example_xcomargs.py for tasks to queue
[2023-02-01T12:07:15.204+0000] {logging_mixin.py:137} INFO - [2023-02-01T12:07:15.204+0000] {dagbag.py:538} INFO - Filling up the DagBag from /home/airflow/.local/lib/python3.7/site-packages/airflow/example_dags/example_xcomargs.py
[2023-02-01T12:07:15.226+0000] {processor.py:753} INFO - DAG(s) dict_keys(['example_xcom_args_with_operators', 'example_xcom_args']) retrieved from /home/airflow/.local/lib/python3.7/site-packages/airflow/example_dags/example_xcomargs.py
[2023-02-01T12:07:15.256+0000] {logging_mixin.py:137} INFO - [2023-02-01T12:07:15.256+0000] {dag.py:2690} INFO - Sync 2 DAGs
[2023-02-01T12:07:15.279+0000] {logging_mixin.py:137} INFO - [2023-02-01T12:07:15.279+0000] {dag.py:3441} INFO - Setting next_dagrun for example_xcom_args to None, run_after=None
[2023-02-01T12:07:15.282+0000] {logging_mixin.py:137} INFO - [2023-02-01T12:07:15.282+0000] {dag.py:3441} INFO - Setting next_dagrun for example_xcom_args_with_operators to None, run_after=None
[2023-02-01T12:07:15.296+0000] {processor.py:175} INFO - Processing /home/airflow/.local/lib/python3.7/site-packages/airflow/example_dags/example_xcomargs.py took 0.096 seconds
[2023-02-01T12:07:45.559+0000] {processor.py:153} INFO - Started process (PID=1371) to work on /home/airflow/.local/lib/python3.7/site-packages/airflow/example_dags/example_xcomargs.py
[2023-02-01T12:07:45.560+0000] {processor.py:743} INFO - Processing file /home/airflow/.local/lib/python3.7/site-packages/airflow/example_dags/example_xcomargs.py for tasks to queue
[2023-02-01T12:07:45.561+0000] {logging_mixin.py:137} INFO - [2023-02-01T12:07:45.561+0000] {dagbag.py:538} INFO - Filling up the DagBag from /home/airflow/.local/lib/python3.7/site-packages/airflow/example_dags/example_xcomargs.py
[2023-02-01T12:07:45.584+0000] {processor.py:753} INFO - DAG(s) dict_keys(['example_xcom_args', 'example_xcom_args_with_operators']) retrieved from /home/airflow/.local/lib/python3.7/site-packages/airflow/example_dags/example_xcomargs.py
[2023-02-01T12:07:45.611+0000] {logging_mixin.py:137} INFO - [2023-02-01T12:07:45.611+0000] {dag.py:2690} INFO - Sync 2 DAGs
[2023-02-01T12:07:45.634+0000] {logging_mixin.py:137} INFO - [2023-02-01T12:07:45.634+0000] {dag.py:3441} INFO - Setting next_dagrun for example_xcom_args to None, run_after=None
[2023-02-01T12:07:45.638+0000] {logging_mixin.py:137} INFO - [2023-02-01T12:07:45.638+0000] {dag.py:3441} INFO - Setting next_dagrun for example_xcom_args_with_operators to None, run_after=None
[2023-02-01T12:07:45.657+0000] {processor.py:175} INFO - Processing /home/airflow/.local/lib/python3.7/site-packages/airflow/example_dags/example_xcomargs.py took 0.102 seconds
