[2023-02-01T11:58:32.426+0000] {processor.py:153} INFO - Started process (PID=68) to work on /home/airflow/.local/lib/python3.7/site-packages/airflow/example_dags/example_python_operator.py
[2023-02-01T11:58:32.434+0000] {processor.py:743} INFO - Processing file /home/airflow/.local/lib/python3.7/site-packages/airflow/example_dags/example_python_operator.py for tasks to queue
[2023-02-01T11:58:32.435+0000] {logging_mixin.py:137} INFO - [2023-02-01T11:58:32.435+0000] {dagbag.py:538} INFO - Filling up the DagBag from /home/airflow/.local/lib/python3.7/site-packages/airflow/example_dags/example_python_operator.py
[2023-02-01T11:58:32.496+0000] {logging_mixin.py:137} INFO - [2023-02-01T11:58:32.496+0000] {taskmixin.py:205} WARNING - Dependency <Task(_PythonDecoratedOperator): print_the_context>, log_sql_query already registered for DAG: example_python_operator
[2023-02-01T11:58:32.500+0000] {logging_mixin.py:137} INFO - [2023-02-01T11:58:32.499+0000] {taskmixin.py:205} WARNING - Dependency <Task(_PythonDecoratedOperator): log_sql_query>, print_the_context already registered for DAG: example_python_operator
[2023-02-01T11:58:32.501+0000] {logging_mixin.py:137} INFO - [2023-02-01T11:58:32.501+0000] {taskmixin.py:205} WARNING - Dependency <Task(_PythonDecoratedOperator): print_the_context>, log_sql_query already registered for DAG: example_python_operator
[2023-02-01T11:58:32.502+0000] {logging_mixin.py:137} INFO - [2023-02-01T11:58:32.502+0000] {taskmixin.py:205} WARNING - Dependency <Task(_PythonDecoratedOperator): log_sql_query>, print_the_context already registered for DAG: example_python_operator
[2023-02-01T11:58:32.504+0000] {logging_mixin.py:137} INFO - [2023-02-01T11:58:32.504+0000] {taskmixin.py:205} WARNING - Dependency <Task(_PythonDecoratedOperator): print_the_context>, log_sql_query already registered for DAG: example_python_operator
[2023-02-01T11:58:32.509+0000] {logging_mixin.py:137} INFO - [2023-02-01T11:58:32.505+0000] {taskmixin.py:205} WARNING - Dependency <Task(_PythonDecoratedOperator): log_sql_query>, print_the_context already registered for DAG: example_python_operator
[2023-02-01T11:58:32.511+0000] {logging_mixin.py:137} INFO - [2023-02-01T11:58:32.510+0000] {taskmixin.py:205} WARNING - Dependency <Task(_PythonDecoratedOperator): print_the_context>, log_sql_query already registered for DAG: example_python_operator
[2023-02-01T11:58:32.511+0000] {logging_mixin.py:137} INFO - [2023-02-01T11:58:32.511+0000] {taskmixin.py:205} WARNING - Dependency <Task(_PythonDecoratedOperator): log_sql_query>, print_the_context already registered for DAG: example_python_operator
[2023-02-01T11:58:32.531+0000] {processor.py:753} INFO - DAG(s) dict_keys(['example_python_operator']) retrieved from /home/airflow/.local/lib/python3.7/site-packages/airflow/example_dags/example_python_operator.py
[2023-02-01T11:58:32.553+0000] {logging_mixin.py:137} INFO - [2023-02-01T11:58:32.553+0000] {dag.py:2690} INFO - Sync 1 DAGs
[2023-02-01T11:58:32.649+0000] {logging_mixin.py:137} INFO - [2023-02-01T11:58:32.648+0000] {dag.py:3441} INFO - Setting next_dagrun for example_python_operator to None, run_after=None
[2023-02-01T11:58:32.699+0000] {processor.py:175} INFO - Processing /home/airflow/.local/lib/python3.7/site-packages/airflow/example_dags/example_python_operator.py took 0.277 seconds
[2023-02-01T11:59:03.208+0000] {processor.py:153} INFO - Started process (PID=136) to work on /home/airflow/.local/lib/python3.7/site-packages/airflow/example_dags/example_python_operator.py
[2023-02-01T11:59:03.209+0000] {processor.py:743} INFO - Processing file /home/airflow/.local/lib/python3.7/site-packages/airflow/example_dags/example_python_operator.py for tasks to queue
[2023-02-01T11:59:03.210+0000] {logging_mixin.py:137} INFO - [2023-02-01T11:59:03.210+0000] {dagbag.py:538} INFO - Filling up the DagBag from /home/airflow/.local/lib/python3.7/site-packages/airflow/example_dags/example_python_operator.py
[2023-02-01T11:59:03.226+0000] {logging_mixin.py:137} INFO - [2023-02-01T11:59:03.226+0000] {taskmixin.py:205} WARNING - Dependency <Task(_PythonDecoratedOperator): print_the_context>, log_sql_query already registered for DAG: example_python_operator
[2023-02-01T11:59:03.227+0000] {logging_mixin.py:137} INFO - [2023-02-01T11:59:03.227+0000] {taskmixin.py:205} WARNING - Dependency <Task(_PythonDecoratedOperator): log_sql_query>, print_the_context already registered for DAG: example_python_operator
[2023-02-01T11:59:03.228+0000] {logging_mixin.py:137} INFO - [2023-02-01T11:59:03.228+0000] {taskmixin.py:205} WARNING - Dependency <Task(_PythonDecoratedOperator): print_the_context>, log_sql_query already registered for DAG: example_python_operator
[2023-02-01T11:59:03.229+0000] {logging_mixin.py:137} INFO - [2023-02-01T11:59:03.228+0000] {taskmixin.py:205} WARNING - Dependency <Task(_PythonDecoratedOperator): log_sql_query>, print_the_context already registered for DAG: example_python_operator
[2023-02-01T11:59:03.230+0000] {logging_mixin.py:137} INFO - [2023-02-01T11:59:03.229+0000] {taskmixin.py:205} WARNING - Dependency <Task(_PythonDecoratedOperator): print_the_context>, log_sql_query already registered for DAG: example_python_operator
[2023-02-01T11:59:03.230+0000] {logging_mixin.py:137} INFO - [2023-02-01T11:59:03.230+0000] {taskmixin.py:205} WARNING - Dependency <Task(_PythonDecoratedOperator): log_sql_query>, print_the_context already registered for DAG: example_python_operator
[2023-02-01T11:59:03.231+0000] {logging_mixin.py:137} INFO - [2023-02-01T11:59:03.231+0000] {taskmixin.py:205} WARNING - Dependency <Task(_PythonDecoratedOperator): print_the_context>, log_sql_query already registered for DAG: example_python_operator
[2023-02-01T11:59:03.231+0000] {logging_mixin.py:137} INFO - [2023-02-01T11:59:03.231+0000] {taskmixin.py:205} WARNING - Dependency <Task(_PythonDecoratedOperator): log_sql_query>, print_the_context already registered for DAG: example_python_operator
[2023-02-01T11:59:03.237+0000] {processor.py:753} INFO - DAG(s) dict_keys(['example_python_operator']) retrieved from /home/airflow/.local/lib/python3.7/site-packages/airflow/example_dags/example_python_operator.py
[2023-02-01T11:59:03.299+0000] {logging_mixin.py:137} INFO - [2023-02-01T11:59:03.299+0000] {dag.py:2690} INFO - Sync 1 DAGs
[2023-02-01T11:59:03.319+0000] {logging_mixin.py:137} INFO - [2023-02-01T11:59:03.319+0000] {dag.py:3441} INFO - Setting next_dagrun for example_python_operator to None, run_after=None
[2023-02-01T11:59:03.338+0000] {processor.py:175} INFO - Processing /home/airflow/.local/lib/python3.7/site-packages/airflow/example_dags/example_python_operator.py took 0.133 seconds
[2023-02-01T11:59:34.164+0000] {processor.py:153} INFO - Started process (PID=215) to work on /home/airflow/.local/lib/python3.7/site-packages/airflow/example_dags/example_python_operator.py
[2023-02-01T11:59:34.165+0000] {processor.py:743} INFO - Processing file /home/airflow/.local/lib/python3.7/site-packages/airflow/example_dags/example_python_operator.py for tasks to queue
[2023-02-01T11:59:34.166+0000] {logging_mixin.py:137} INFO - [2023-02-01T11:59:34.165+0000] {dagbag.py:538} INFO - Filling up the DagBag from /home/airflow/.local/lib/python3.7/site-packages/airflow/example_dags/example_python_operator.py
[2023-02-01T11:59:34.183+0000] {logging_mixin.py:137} INFO - [2023-02-01T11:59:34.183+0000] {taskmixin.py:205} WARNING - Dependency <Task(_PythonDecoratedOperator): print_the_context>, log_sql_query already registered for DAG: example_python_operator
[2023-02-01T11:59:34.183+0000] {logging_mixin.py:137} INFO - [2023-02-01T11:59:34.183+0000] {taskmixin.py:205} WARNING - Dependency <Task(_PythonDecoratedOperator): log_sql_query>, print_the_context already registered for DAG: example_python_operator
[2023-02-01T11:59:34.184+0000] {logging_mixin.py:137} INFO - [2023-02-01T11:59:34.184+0000] {taskmixin.py:205} WARNING - Dependency <Task(_PythonDecoratedOperator): print_the_context>, log_sql_query already registered for DAG: example_python_operator
[2023-02-01T11:59:34.184+0000] {logging_mixin.py:137} INFO - [2023-02-01T11:59:34.184+0000] {taskmixin.py:205} WARNING - Dependency <Task(_PythonDecoratedOperator): log_sql_query>, print_the_context already registered for DAG: example_python_operator
[2023-02-01T11:59:34.185+0000] {logging_mixin.py:137} INFO - [2023-02-01T11:59:34.185+0000] {taskmixin.py:205} WARNING - Dependency <Task(_PythonDecoratedOperator): print_the_context>, log_sql_query already registered for DAG: example_python_operator
[2023-02-01T11:59:34.185+0000] {logging_mixin.py:137} INFO - [2023-02-01T11:59:34.185+0000] {taskmixin.py:205} WARNING - Dependency <Task(_PythonDecoratedOperator): log_sql_query>, print_the_context already registered for DAG: example_python_operator
[2023-02-01T11:59:34.186+0000] {logging_mixin.py:137} INFO - [2023-02-01T11:59:34.186+0000] {taskmixin.py:205} WARNING - Dependency <Task(_PythonDecoratedOperator): print_the_context>, log_sql_query already registered for DAG: example_python_operator
[2023-02-01T11:59:34.186+0000] {logging_mixin.py:137} INFO - [2023-02-01T11:59:34.186+0000] {taskmixin.py:205} WARNING - Dependency <Task(_PythonDecoratedOperator): log_sql_query>, print_the_context already registered for DAG: example_python_operator
[2023-02-01T11:59:34.195+0000] {processor.py:753} INFO - DAG(s) dict_keys(['example_python_operator']) retrieved from /home/airflow/.local/lib/python3.7/site-packages/airflow/example_dags/example_python_operator.py
[2023-02-01T11:59:34.226+0000] {logging_mixin.py:137} INFO - [2023-02-01T11:59:34.226+0000] {dag.py:2690} INFO - Sync 1 DAGs
[2023-02-01T11:59:34.250+0000] {logging_mixin.py:137} INFO - [2023-02-01T11:59:34.250+0000] {dag.py:3441} INFO - Setting next_dagrun for example_python_operator to None, run_after=None
[2023-02-01T11:59:34.268+0000] {processor.py:175} INFO - Processing /home/airflow/.local/lib/python3.7/site-packages/airflow/example_dags/example_python_operator.py took 0.107 seconds
[2023-02-01T12:00:04.845+0000] {processor.py:153} INFO - Started process (PID=281) to work on /home/airflow/.local/lib/python3.7/site-packages/airflow/example_dags/example_python_operator.py
[2023-02-01T12:00:04.846+0000] {processor.py:743} INFO - Processing file /home/airflow/.local/lib/python3.7/site-packages/airflow/example_dags/example_python_operator.py for tasks to queue
[2023-02-01T12:00:04.847+0000] {logging_mixin.py:137} INFO - [2023-02-01T12:00:04.847+0000] {dagbag.py:538} INFO - Filling up the DagBag from /home/airflow/.local/lib/python3.7/site-packages/airflow/example_dags/example_python_operator.py
[2023-02-01T12:00:04.864+0000] {logging_mixin.py:137} INFO - [2023-02-01T12:00:04.864+0000] {taskmixin.py:205} WARNING - Dependency <Task(_PythonDecoratedOperator): print_the_context>, log_sql_query already registered for DAG: example_python_operator
[2023-02-01T12:00:04.864+0000] {logging_mixin.py:137} INFO - [2023-02-01T12:00:04.864+0000] {taskmixin.py:205} WARNING - Dependency <Task(_PythonDecoratedOperator): log_sql_query>, print_the_context already registered for DAG: example_python_operator
[2023-02-01T12:00:04.865+0000] {logging_mixin.py:137} INFO - [2023-02-01T12:00:04.865+0000] {taskmixin.py:205} WARNING - Dependency <Task(_PythonDecoratedOperator): print_the_context>, log_sql_query already registered for DAG: example_python_operator
[2023-02-01T12:00:04.865+0000] {logging_mixin.py:137} INFO - [2023-02-01T12:00:04.865+0000] {taskmixin.py:205} WARNING - Dependency <Task(_PythonDecoratedOperator): log_sql_query>, print_the_context already registered for DAG: example_python_operator
[2023-02-01T12:00:04.866+0000] {logging_mixin.py:137} INFO - [2023-02-01T12:00:04.866+0000] {taskmixin.py:205} WARNING - Dependency <Task(_PythonDecoratedOperator): print_the_context>, log_sql_query already registered for DAG: example_python_operator
[2023-02-01T12:00:04.866+0000] {logging_mixin.py:137} INFO - [2023-02-01T12:00:04.866+0000] {taskmixin.py:205} WARNING - Dependency <Task(_PythonDecoratedOperator): log_sql_query>, print_the_context already registered for DAG: example_python_operator
[2023-02-01T12:00:04.867+0000] {logging_mixin.py:137} INFO - [2023-02-01T12:00:04.867+0000] {taskmixin.py:205} WARNING - Dependency <Task(_PythonDecoratedOperator): print_the_context>, log_sql_query already registered for DAG: example_python_operator
[2023-02-01T12:00:04.867+0000] {logging_mixin.py:137} INFO - [2023-02-01T12:00:04.867+0000] {taskmixin.py:205} WARNING - Dependency <Task(_PythonDecoratedOperator): log_sql_query>, print_the_context already registered for DAG: example_python_operator
[2023-02-01T12:00:04.875+0000] {processor.py:753} INFO - DAG(s) dict_keys(['example_python_operator']) retrieved from /home/airflow/.local/lib/python3.7/site-packages/airflow/example_dags/example_python_operator.py
[2023-02-01T12:00:04.903+0000] {logging_mixin.py:137} INFO - [2023-02-01T12:00:04.903+0000] {dag.py:2690} INFO - Sync 1 DAGs
[2023-02-01T12:00:04.929+0000] {logging_mixin.py:137} INFO - [2023-02-01T12:00:04.928+0000] {dag.py:3441} INFO - Setting next_dagrun for example_python_operator to None, run_after=None
[2023-02-01T12:00:04.945+0000] {processor.py:175} INFO - Processing /home/airflow/.local/lib/python3.7/site-packages/airflow/example_dags/example_python_operator.py took 0.103 seconds
[2023-02-01T12:00:35.681+0000] {processor.py:153} INFO - Started process (PID=359) to work on /home/airflow/.local/lib/python3.7/site-packages/airflow/example_dags/example_python_operator.py
[2023-02-01T12:00:35.682+0000] {processor.py:743} INFO - Processing file /home/airflow/.local/lib/python3.7/site-packages/airflow/example_dags/example_python_operator.py for tasks to queue
[2023-02-01T12:00:35.684+0000] {logging_mixin.py:137} INFO - [2023-02-01T12:00:35.684+0000] {dagbag.py:538} INFO - Filling up the DagBag from /home/airflow/.local/lib/python3.7/site-packages/airflow/example_dags/example_python_operator.py
[2023-02-01T12:00:35.706+0000] {logging_mixin.py:137} INFO - [2023-02-01T12:00:35.706+0000] {taskmixin.py:205} WARNING - Dependency <Task(_PythonDecoratedOperator): print_the_context>, log_sql_query already registered for DAG: example_python_operator
[2023-02-01T12:00:35.707+0000] {logging_mixin.py:137} INFO - [2023-02-01T12:00:35.706+0000] {taskmixin.py:205} WARNING - Dependency <Task(_PythonDecoratedOperator): log_sql_query>, print_the_context already registered for DAG: example_python_operator
[2023-02-01T12:00:35.707+0000] {logging_mixin.py:137} INFO - [2023-02-01T12:00:35.707+0000] {taskmixin.py:205} WARNING - Dependency <Task(_PythonDecoratedOperator): print_the_context>, log_sql_query already registered for DAG: example_python_operator
[2023-02-01T12:00:35.708+0000] {logging_mixin.py:137} INFO - [2023-02-01T12:00:35.707+0000] {taskmixin.py:205} WARNING - Dependency <Task(_PythonDecoratedOperator): log_sql_query>, print_the_context already registered for DAG: example_python_operator
[2023-02-01T12:00:35.708+0000] {logging_mixin.py:137} INFO - [2023-02-01T12:00:35.708+0000] {taskmixin.py:205} WARNING - Dependency <Task(_PythonDecoratedOperator): print_the_context>, log_sql_query already registered for DAG: example_python_operator
[2023-02-01T12:00:35.709+0000] {logging_mixin.py:137} INFO - [2023-02-01T12:00:35.709+0000] {taskmixin.py:205} WARNING - Dependency <Task(_PythonDecoratedOperator): log_sql_query>, print_the_context already registered for DAG: example_python_operator
[2023-02-01T12:00:35.710+0000] {logging_mixin.py:137} INFO - [2023-02-01T12:00:35.710+0000] {taskmixin.py:205} WARNING - Dependency <Task(_PythonDecoratedOperator): print_the_context>, log_sql_query already registered for DAG: example_python_operator
[2023-02-01T12:00:35.710+0000] {logging_mixin.py:137} INFO - [2023-02-01T12:00:35.710+0000] {taskmixin.py:205} WARNING - Dependency <Task(_PythonDecoratedOperator): log_sql_query>, print_the_context already registered for DAG: example_python_operator
[2023-02-01T12:00:35.719+0000] {processor.py:753} INFO - DAG(s) dict_keys(['example_python_operator']) retrieved from /home/airflow/.local/lib/python3.7/site-packages/airflow/example_dags/example_python_operator.py
[2023-02-01T12:00:35.747+0000] {logging_mixin.py:137} INFO - [2023-02-01T12:00:35.746+0000] {dag.py:2690} INFO - Sync 1 DAGs
[2023-02-01T12:00:35.775+0000] {logging_mixin.py:137} INFO - [2023-02-01T12:00:35.774+0000] {dag.py:3441} INFO - Setting next_dagrun for example_python_operator to None, run_after=None
[2023-02-01T12:00:35.799+0000] {processor.py:175} INFO - Processing /home/airflow/.local/lib/python3.7/site-packages/airflow/example_dags/example_python_operator.py took 0.121 seconds
[2023-02-01T12:01:06.286+0000] {processor.py:153} INFO - Started process (PID=424) to work on /home/airflow/.local/lib/python3.7/site-packages/airflow/example_dags/example_python_operator.py
[2023-02-01T12:01:06.287+0000] {processor.py:743} INFO - Processing file /home/airflow/.local/lib/python3.7/site-packages/airflow/example_dags/example_python_operator.py for tasks to queue
[2023-02-01T12:01:06.288+0000] {logging_mixin.py:137} INFO - [2023-02-01T12:01:06.288+0000] {dagbag.py:538} INFO - Filling up the DagBag from /home/airflow/.local/lib/python3.7/site-packages/airflow/example_dags/example_python_operator.py
[2023-02-01T12:01:06.308+0000] {logging_mixin.py:137} INFO - [2023-02-01T12:01:06.308+0000] {taskmixin.py:205} WARNING - Dependency <Task(_PythonDecoratedOperator): print_the_context>, log_sql_query already registered for DAG: example_python_operator
[2023-02-01T12:01:06.311+0000] {logging_mixin.py:137} INFO - [2023-02-01T12:01:06.311+0000] {taskmixin.py:205} WARNING - Dependency <Task(_PythonDecoratedOperator): log_sql_query>, print_the_context already registered for DAG: example_python_operator
[2023-02-01T12:01:06.312+0000] {logging_mixin.py:137} INFO - [2023-02-01T12:01:06.312+0000] {taskmixin.py:205} WARNING - Dependency <Task(_PythonDecoratedOperator): print_the_context>, log_sql_query already registered for DAG: example_python_operator
[2023-02-01T12:01:06.313+0000] {logging_mixin.py:137} INFO - [2023-02-01T12:01:06.312+0000] {taskmixin.py:205} WARNING - Dependency <Task(_PythonDecoratedOperator): log_sql_query>, print_the_context already registered for DAG: example_python_operator
[2023-02-01T12:01:06.313+0000] {logging_mixin.py:137} INFO - [2023-02-01T12:01:06.313+0000] {taskmixin.py:205} WARNING - Dependency <Task(_PythonDecoratedOperator): print_the_context>, log_sql_query already registered for DAG: example_python_operator
[2023-02-01T12:01:06.316+0000] {logging_mixin.py:137} INFO - [2023-02-01T12:01:06.316+0000] {taskmixin.py:205} WARNING - Dependency <Task(_PythonDecoratedOperator): log_sql_query>, print_the_context already registered for DAG: example_python_operator
[2023-02-01T12:01:06.320+0000] {logging_mixin.py:137} INFO - [2023-02-01T12:01:06.320+0000] {taskmixin.py:205} WARNING - Dependency <Task(_PythonDecoratedOperator): print_the_context>, log_sql_query already registered for DAG: example_python_operator
[2023-02-01T12:01:06.321+0000] {logging_mixin.py:137} INFO - [2023-02-01T12:01:06.321+0000] {taskmixin.py:205} WARNING - Dependency <Task(_PythonDecoratedOperator): log_sql_query>, print_the_context already registered for DAG: example_python_operator
[2023-02-01T12:01:06.327+0000] {processor.py:753} INFO - DAG(s) dict_keys(['example_python_operator']) retrieved from /home/airflow/.local/lib/python3.7/site-packages/airflow/example_dags/example_python_operator.py
[2023-02-01T12:01:06.364+0000] {logging_mixin.py:137} INFO - [2023-02-01T12:01:06.363+0000] {dag.py:2690} INFO - Sync 1 DAGs
[2023-02-01T12:01:06.395+0000] {logging_mixin.py:137} INFO - [2023-02-01T12:01:06.395+0000] {dag.py:3441} INFO - Setting next_dagrun for example_python_operator to None, run_after=None
[2023-02-01T12:01:06.421+0000] {processor.py:175} INFO - Processing /home/airflow/.local/lib/python3.7/site-packages/airflow/example_dags/example_python_operator.py took 0.139 seconds
[2023-02-01T12:01:37.286+0000] {processor.py:153} INFO - Started process (PID=503) to work on /home/airflow/.local/lib/python3.7/site-packages/airflow/example_dags/example_python_operator.py
[2023-02-01T12:01:37.288+0000] {processor.py:743} INFO - Processing file /home/airflow/.local/lib/python3.7/site-packages/airflow/example_dags/example_python_operator.py for tasks to queue
[2023-02-01T12:01:37.289+0000] {logging_mixin.py:137} INFO - [2023-02-01T12:01:37.288+0000] {dagbag.py:538} INFO - Filling up the DagBag from /home/airflow/.local/lib/python3.7/site-packages/airflow/example_dags/example_python_operator.py
[2023-02-01T12:01:37.309+0000] {logging_mixin.py:137} INFO - [2023-02-01T12:01:37.309+0000] {taskmixin.py:205} WARNING - Dependency <Task(_PythonDecoratedOperator): print_the_context>, log_sql_query already registered for DAG: example_python_operator
[2023-02-01T12:01:37.309+0000] {logging_mixin.py:137} INFO - [2023-02-01T12:01:37.309+0000] {taskmixin.py:205} WARNING - Dependency <Task(_PythonDecoratedOperator): log_sql_query>, print_the_context already registered for DAG: example_python_operator
[2023-02-01T12:01:37.310+0000] {logging_mixin.py:137} INFO - [2023-02-01T12:01:37.310+0000] {taskmixin.py:205} WARNING - Dependency <Task(_PythonDecoratedOperator): print_the_context>, log_sql_query already registered for DAG: example_python_operator
[2023-02-01T12:01:37.311+0000] {logging_mixin.py:137} INFO - [2023-02-01T12:01:37.311+0000] {taskmixin.py:205} WARNING - Dependency <Task(_PythonDecoratedOperator): log_sql_query>, print_the_context already registered for DAG: example_python_operator
[2023-02-01T12:01:37.312+0000] {logging_mixin.py:137} INFO - [2023-02-01T12:01:37.312+0000] {taskmixin.py:205} WARNING - Dependency <Task(_PythonDecoratedOperator): print_the_context>, log_sql_query already registered for DAG: example_python_operator
[2023-02-01T12:01:37.313+0000] {logging_mixin.py:137} INFO - [2023-02-01T12:01:37.313+0000] {taskmixin.py:205} WARNING - Dependency <Task(_PythonDecoratedOperator): log_sql_query>, print_the_context already registered for DAG: example_python_operator
[2023-02-01T12:01:37.313+0000] {logging_mixin.py:137} INFO - [2023-02-01T12:01:37.313+0000] {taskmixin.py:205} WARNING - Dependency <Task(_PythonDecoratedOperator): print_the_context>, log_sql_query already registered for DAG: example_python_operator
[2023-02-01T12:01:37.314+0000] {logging_mixin.py:137} INFO - [2023-02-01T12:01:37.314+0000] {taskmixin.py:205} WARNING - Dependency <Task(_PythonDecoratedOperator): log_sql_query>, print_the_context already registered for DAG: example_python_operator
[2023-02-01T12:01:37.321+0000] {processor.py:753} INFO - DAG(s) dict_keys(['example_python_operator']) retrieved from /home/airflow/.local/lib/python3.7/site-packages/airflow/example_dags/example_python_operator.py
[2023-02-01T12:01:37.350+0000] {logging_mixin.py:137} INFO - [2023-02-01T12:01:37.350+0000] {dag.py:2690} INFO - Sync 1 DAGs
[2023-02-01T12:01:37.376+0000] {logging_mixin.py:137} INFO - [2023-02-01T12:01:37.376+0000] {dag.py:3441} INFO - Setting next_dagrun for example_python_operator to None, run_after=None
[2023-02-01T12:01:37.404+0000] {processor.py:175} INFO - Processing /home/airflow/.local/lib/python3.7/site-packages/airflow/example_dags/example_python_operator.py took 0.121 seconds
[2023-02-01T12:02:08.722+0000] {processor.py:153} INFO - Started process (PID=580) to work on /home/airflow/.local/lib/python3.7/site-packages/airflow/example_dags/example_python_operator.py
[2023-02-01T12:02:08.724+0000] {processor.py:743} INFO - Processing file /home/airflow/.local/lib/python3.7/site-packages/airflow/example_dags/example_python_operator.py for tasks to queue
[2023-02-01T12:02:08.726+0000] {logging_mixin.py:137} INFO - [2023-02-01T12:02:08.725+0000] {dagbag.py:538} INFO - Filling up the DagBag from /home/airflow/.local/lib/python3.7/site-packages/airflow/example_dags/example_python_operator.py
[2023-02-01T12:02:08.747+0000] {logging_mixin.py:137} INFO - [2023-02-01T12:02:08.746+0000] {taskmixin.py:205} WARNING - Dependency <Task(_PythonDecoratedOperator): print_the_context>, log_sql_query already registered for DAG: example_python_operator
[2023-02-01T12:02:08.748+0000] {logging_mixin.py:137} INFO - [2023-02-01T12:02:08.747+0000] {taskmixin.py:205} WARNING - Dependency <Task(_PythonDecoratedOperator): log_sql_query>, print_the_context already registered for DAG: example_python_operator
[2023-02-01T12:02:08.749+0000] {logging_mixin.py:137} INFO - [2023-02-01T12:02:08.749+0000] {taskmixin.py:205} WARNING - Dependency <Task(_PythonDecoratedOperator): print_the_context>, log_sql_query already registered for DAG: example_python_operator
[2023-02-01T12:02:08.749+0000] {logging_mixin.py:137} INFO - [2023-02-01T12:02:08.749+0000] {taskmixin.py:205} WARNING - Dependency <Task(_PythonDecoratedOperator): log_sql_query>, print_the_context already registered for DAG: example_python_operator
[2023-02-01T12:02:08.750+0000] {logging_mixin.py:137} INFO - [2023-02-01T12:02:08.750+0000] {taskmixin.py:205} WARNING - Dependency <Task(_PythonDecoratedOperator): print_the_context>, log_sql_query already registered for DAG: example_python_operator
[2023-02-01T12:02:08.750+0000] {logging_mixin.py:137} INFO - [2023-02-01T12:02:08.750+0000] {taskmixin.py:205} WARNING - Dependency <Task(_PythonDecoratedOperator): log_sql_query>, print_the_context already registered for DAG: example_python_operator
[2023-02-01T12:02:08.752+0000] {logging_mixin.py:137} INFO - [2023-02-01T12:02:08.751+0000] {taskmixin.py:205} WARNING - Dependency <Task(_PythonDecoratedOperator): print_the_context>, log_sql_query already registered for DAG: example_python_operator
[2023-02-01T12:02:08.752+0000] {logging_mixin.py:137} INFO - [2023-02-01T12:02:08.752+0000] {taskmixin.py:205} WARNING - Dependency <Task(_PythonDecoratedOperator): log_sql_query>, print_the_context already registered for DAG: example_python_operator
[2023-02-01T12:02:08.762+0000] {processor.py:753} INFO - DAG(s) dict_keys(['example_python_operator']) retrieved from /home/airflow/.local/lib/python3.7/site-packages/airflow/example_dags/example_python_operator.py
[2023-02-01T12:02:08.802+0000] {logging_mixin.py:137} INFO - [2023-02-01T12:02:08.801+0000] {dag.py:2690} INFO - Sync 1 DAGs
[2023-02-01T12:02:08.828+0000] {logging_mixin.py:137} INFO - [2023-02-01T12:02:08.828+0000] {dag.py:3441} INFO - Setting next_dagrun for example_python_operator to None, run_after=None
[2023-02-01T12:02:08.848+0000] {processor.py:175} INFO - Processing /home/airflow/.local/lib/python3.7/site-packages/airflow/example_dags/example_python_operator.py took 0.131 seconds
[2023-02-01T12:02:39.207+0000] {processor.py:153} INFO - Started process (PID=645) to work on /home/airflow/.local/lib/python3.7/site-packages/airflow/example_dags/example_python_operator.py
[2023-02-01T12:02:39.209+0000] {processor.py:743} INFO - Processing file /home/airflow/.local/lib/python3.7/site-packages/airflow/example_dags/example_python_operator.py for tasks to queue
[2023-02-01T12:02:39.210+0000] {logging_mixin.py:137} INFO - [2023-02-01T12:02:39.210+0000] {dagbag.py:538} INFO - Filling up the DagBag from /home/airflow/.local/lib/python3.7/site-packages/airflow/example_dags/example_python_operator.py
[2023-02-01T12:02:39.237+0000] {logging_mixin.py:137} INFO - [2023-02-01T12:02:39.237+0000] {taskmixin.py:205} WARNING - Dependency <Task(_PythonDecoratedOperator): print_the_context>, log_sql_query already registered for DAG: example_python_operator
[2023-02-01T12:02:39.237+0000] {logging_mixin.py:137} INFO - [2023-02-01T12:02:39.237+0000] {taskmixin.py:205} WARNING - Dependency <Task(_PythonDecoratedOperator): log_sql_query>, print_the_context already registered for DAG: example_python_operator
[2023-02-01T12:02:39.238+0000] {logging_mixin.py:137} INFO - [2023-02-01T12:02:39.238+0000] {taskmixin.py:205} WARNING - Dependency <Task(_PythonDecoratedOperator): print_the_context>, log_sql_query already registered for DAG: example_python_operator
[2023-02-01T12:02:39.239+0000] {logging_mixin.py:137} INFO - [2023-02-01T12:02:39.239+0000] {taskmixin.py:205} WARNING - Dependency <Task(_PythonDecoratedOperator): log_sql_query>, print_the_context already registered for DAG: example_python_operator
[2023-02-01T12:02:39.240+0000] {logging_mixin.py:137} INFO - [2023-02-01T12:02:39.240+0000] {taskmixin.py:205} WARNING - Dependency <Task(_PythonDecoratedOperator): print_the_context>, log_sql_query already registered for DAG: example_python_operator
[2023-02-01T12:02:39.241+0000] {logging_mixin.py:137} INFO - [2023-02-01T12:02:39.241+0000] {taskmixin.py:205} WARNING - Dependency <Task(_PythonDecoratedOperator): log_sql_query>, print_the_context already registered for DAG: example_python_operator
[2023-02-01T12:02:39.242+0000] {logging_mixin.py:137} INFO - [2023-02-01T12:02:39.242+0000] {taskmixin.py:205} WARNING - Dependency <Task(_PythonDecoratedOperator): print_the_context>, log_sql_query already registered for DAG: example_python_operator
[2023-02-01T12:02:39.242+0000] {logging_mixin.py:137} INFO - [2023-02-01T12:02:39.242+0000] {taskmixin.py:205} WARNING - Dependency <Task(_PythonDecoratedOperator): log_sql_query>, print_the_context already registered for DAG: example_python_operator
[2023-02-01T12:02:39.252+0000] {processor.py:753} INFO - DAG(s) dict_keys(['example_python_operator']) retrieved from /home/airflow/.local/lib/python3.7/site-packages/airflow/example_dags/example_python_operator.py
[2023-02-01T12:02:39.303+0000] {logging_mixin.py:137} INFO - [2023-02-01T12:02:39.303+0000] {dag.py:2690} INFO - Sync 1 DAGs
[2023-02-01T12:02:39.337+0000] {logging_mixin.py:137} INFO - [2023-02-01T12:02:39.337+0000] {dag.py:3441} INFO - Setting next_dagrun for example_python_operator to None, run_after=None
[2023-02-01T12:02:39.361+0000] {processor.py:175} INFO - Processing /home/airflow/.local/lib/python3.7/site-packages/airflow/example_dags/example_python_operator.py took 0.158 seconds
[2023-02-01T12:03:09.512+0000] {processor.py:153} INFO - Started process (PID=725) to work on /home/airflow/.local/lib/python3.7/site-packages/airflow/example_dags/example_python_operator.py
[2023-02-01T12:03:09.513+0000] {processor.py:743} INFO - Processing file /home/airflow/.local/lib/python3.7/site-packages/airflow/example_dags/example_python_operator.py for tasks to queue
[2023-02-01T12:03:09.514+0000] {logging_mixin.py:137} INFO - [2023-02-01T12:03:09.514+0000] {dagbag.py:538} INFO - Filling up the DagBag from /home/airflow/.local/lib/python3.7/site-packages/airflow/example_dags/example_python_operator.py
[2023-02-01T12:03:09.531+0000] {logging_mixin.py:137} INFO - [2023-02-01T12:03:09.531+0000] {taskmixin.py:205} WARNING - Dependency <Task(_PythonDecoratedOperator): print_the_context>, log_sql_query already registered for DAG: example_python_operator
[2023-02-01T12:03:09.531+0000] {logging_mixin.py:137} INFO - [2023-02-01T12:03:09.531+0000] {taskmixin.py:205} WARNING - Dependency <Task(_PythonDecoratedOperator): log_sql_query>, print_the_context already registered for DAG: example_python_operator
[2023-02-01T12:03:09.532+0000] {logging_mixin.py:137} INFO - [2023-02-01T12:03:09.532+0000] {taskmixin.py:205} WARNING - Dependency <Task(_PythonDecoratedOperator): print_the_context>, log_sql_query already registered for DAG: example_python_operator
[2023-02-01T12:03:09.532+0000] {logging_mixin.py:137} INFO - [2023-02-01T12:03:09.532+0000] {taskmixin.py:205} WARNING - Dependency <Task(_PythonDecoratedOperator): log_sql_query>, print_the_context already registered for DAG: example_python_operator
[2023-02-01T12:03:09.533+0000] {logging_mixin.py:137} INFO - [2023-02-01T12:03:09.533+0000] {taskmixin.py:205} WARNING - Dependency <Task(_PythonDecoratedOperator): print_the_context>, log_sql_query already registered for DAG: example_python_operator
[2023-02-01T12:03:09.533+0000] {logging_mixin.py:137} INFO - [2023-02-01T12:03:09.533+0000] {taskmixin.py:205} WARNING - Dependency <Task(_PythonDecoratedOperator): log_sql_query>, print_the_context already registered for DAG: example_python_operator
[2023-02-01T12:03:09.534+0000] {logging_mixin.py:137} INFO - [2023-02-01T12:03:09.534+0000] {taskmixin.py:205} WARNING - Dependency <Task(_PythonDecoratedOperator): print_the_context>, log_sql_query already registered for DAG: example_python_operator
[2023-02-01T12:03:09.534+0000] {logging_mixin.py:137} INFO - [2023-02-01T12:03:09.534+0000] {taskmixin.py:205} WARNING - Dependency <Task(_PythonDecoratedOperator): log_sql_query>, print_the_context already registered for DAG: example_python_operator
[2023-02-01T12:03:09.540+0000] {processor.py:753} INFO - DAG(s) dict_keys(['example_python_operator']) retrieved from /home/airflow/.local/lib/python3.7/site-packages/airflow/example_dags/example_python_operator.py
[2023-02-01T12:03:09.577+0000] {logging_mixin.py:137} INFO - [2023-02-01T12:03:09.577+0000] {dag.py:2690} INFO - Sync 1 DAGs
[2023-02-01T12:03:09.607+0000] {logging_mixin.py:137} INFO - [2023-02-01T12:03:09.607+0000] {dag.py:3441} INFO - Setting next_dagrun for example_python_operator to None, run_after=None
[2023-02-01T12:03:09.632+0000] {processor.py:175} INFO - Processing /home/airflow/.local/lib/python3.7/site-packages/airflow/example_dags/example_python_operator.py took 0.124 seconds
[2023-02-01T12:03:40.363+0000] {processor.py:153} INFO - Started process (PID=789) to work on /home/airflow/.local/lib/python3.7/site-packages/airflow/example_dags/example_python_operator.py
[2023-02-01T12:03:40.366+0000] {processor.py:743} INFO - Processing file /home/airflow/.local/lib/python3.7/site-packages/airflow/example_dags/example_python_operator.py for tasks to queue
[2023-02-01T12:03:40.369+0000] {logging_mixin.py:137} INFO - [2023-02-01T12:03:40.369+0000] {dagbag.py:538} INFO - Filling up the DagBag from /home/airflow/.local/lib/python3.7/site-packages/airflow/example_dags/example_python_operator.py
[2023-02-01T12:03:40.391+0000] {logging_mixin.py:137} INFO - [2023-02-01T12:03:40.390+0000] {taskmixin.py:205} WARNING - Dependency <Task(_PythonDecoratedOperator): print_the_context>, log_sql_query already registered for DAG: example_python_operator
[2023-02-01T12:03:40.397+0000] {logging_mixin.py:137} INFO - [2023-02-01T12:03:40.396+0000] {taskmixin.py:205} WARNING - Dependency <Task(_PythonDecoratedOperator): log_sql_query>, print_the_context already registered for DAG: example_python_operator
[2023-02-01T12:03:40.400+0000] {logging_mixin.py:137} INFO - [2023-02-01T12:03:40.399+0000] {taskmixin.py:205} WARNING - Dependency <Task(_PythonDecoratedOperator): print_the_context>, log_sql_query already registered for DAG: example_python_operator
[2023-02-01T12:03:40.403+0000] {logging_mixin.py:137} INFO - [2023-02-01T12:03:40.403+0000] {taskmixin.py:205} WARNING - Dependency <Task(_PythonDecoratedOperator): log_sql_query>, print_the_context already registered for DAG: example_python_operator
[2023-02-01T12:03:40.405+0000] {logging_mixin.py:137} INFO - [2023-02-01T12:03:40.404+0000] {taskmixin.py:205} WARNING - Dependency <Task(_PythonDecoratedOperator): print_the_context>, log_sql_query already registered for DAG: example_python_operator
[2023-02-01T12:03:40.405+0000] {logging_mixin.py:137} INFO - [2023-02-01T12:03:40.405+0000] {taskmixin.py:205} WARNING - Dependency <Task(_PythonDecoratedOperator): log_sql_query>, print_the_context already registered for DAG: example_python_operator
[2023-02-01T12:03:40.406+0000] {logging_mixin.py:137} INFO - [2023-02-01T12:03:40.406+0000] {taskmixin.py:205} WARNING - Dependency <Task(_PythonDecoratedOperator): print_the_context>, log_sql_query already registered for DAG: example_python_operator
[2023-02-01T12:03:40.407+0000] {logging_mixin.py:137} INFO - [2023-02-01T12:03:40.407+0000] {taskmixin.py:205} WARNING - Dependency <Task(_PythonDecoratedOperator): log_sql_query>, print_the_context already registered for DAG: example_python_operator
[2023-02-01T12:03:40.418+0000] {processor.py:753} INFO - DAG(s) dict_keys(['example_python_operator']) retrieved from /home/airflow/.local/lib/python3.7/site-packages/airflow/example_dags/example_python_operator.py
[2023-02-01T12:03:40.458+0000] {logging_mixin.py:137} INFO - [2023-02-01T12:03:40.457+0000] {dag.py:2690} INFO - Sync 1 DAGs
[2023-02-01T12:03:40.502+0000] {logging_mixin.py:137} INFO - [2023-02-01T12:03:40.502+0000] {dag.py:3441} INFO - Setting next_dagrun for example_python_operator to None, run_after=None
[2023-02-01T12:03:40.524+0000] {processor.py:175} INFO - Processing /home/airflow/.local/lib/python3.7/site-packages/airflow/example_dags/example_python_operator.py took 0.169 seconds
[2023-02-01T12:04:11.334+0000] {processor.py:153} INFO - Started process (PID=866) to work on /home/airflow/.local/lib/python3.7/site-packages/airflow/example_dags/example_python_operator.py
[2023-02-01T12:04:11.336+0000] {processor.py:743} INFO - Processing file /home/airflow/.local/lib/python3.7/site-packages/airflow/example_dags/example_python_operator.py for tasks to queue
[2023-02-01T12:04:11.353+0000] {logging_mixin.py:137} INFO - [2023-02-01T12:04:11.350+0000] {dagbag.py:538} INFO - Filling up the DagBag from /home/airflow/.local/lib/python3.7/site-packages/airflow/example_dags/example_python_operator.py
[2023-02-01T12:04:11.403+0000] {logging_mixin.py:137} INFO - [2023-02-01T12:04:11.403+0000] {taskmixin.py:205} WARNING - Dependency <Task(_PythonDecoratedOperator): print_the_context>, log_sql_query already registered for DAG: example_python_operator
[2023-02-01T12:04:11.408+0000] {logging_mixin.py:137} INFO - [2023-02-01T12:04:11.404+0000] {taskmixin.py:205} WARNING - Dependency <Task(_PythonDecoratedOperator): log_sql_query>, print_the_context already registered for DAG: example_python_operator
[2023-02-01T12:04:11.413+0000] {logging_mixin.py:137} INFO - [2023-02-01T12:04:11.413+0000] {taskmixin.py:205} WARNING - Dependency <Task(_PythonDecoratedOperator): print_the_context>, log_sql_query already registered for DAG: example_python_operator
[2023-02-01T12:04:11.416+0000] {logging_mixin.py:137} INFO - [2023-02-01T12:04:11.416+0000] {taskmixin.py:205} WARNING - Dependency <Task(_PythonDecoratedOperator): log_sql_query>, print_the_context already registered for DAG: example_python_operator
[2023-02-01T12:04:11.419+0000] {logging_mixin.py:137} INFO - [2023-02-01T12:04:11.419+0000] {taskmixin.py:205} WARNING - Dependency <Task(_PythonDecoratedOperator): print_the_context>, log_sql_query already registered for DAG: example_python_operator
[2023-02-01T12:04:11.419+0000] {logging_mixin.py:137} INFO - [2023-02-01T12:04:11.419+0000] {taskmixin.py:205} WARNING - Dependency <Task(_PythonDecoratedOperator): log_sql_query>, print_the_context already registered for DAG: example_python_operator
[2023-02-01T12:04:11.429+0000] {logging_mixin.py:137} INFO - [2023-02-01T12:04:11.426+0000] {taskmixin.py:205} WARNING - Dependency <Task(_PythonDecoratedOperator): print_the_context>, log_sql_query already registered for DAG: example_python_operator
[2023-02-01T12:04:11.436+0000] {logging_mixin.py:137} INFO - [2023-02-01T12:04:11.435+0000] {taskmixin.py:205} WARNING - Dependency <Task(_PythonDecoratedOperator): log_sql_query>, print_the_context already registered for DAG: example_python_operator
[2023-02-01T12:04:11.460+0000] {processor.py:753} INFO - DAG(s) dict_keys(['example_python_operator']) retrieved from /home/airflow/.local/lib/python3.7/site-packages/airflow/example_dags/example_python_operator.py
[2023-02-01T12:04:11.504+0000] {logging_mixin.py:137} INFO - [2023-02-01T12:04:11.504+0000] {dag.py:2690} INFO - Sync 1 DAGs
[2023-02-01T12:04:11.536+0000] {logging_mixin.py:137} INFO - [2023-02-01T12:04:11.535+0000] {dag.py:3441} INFO - Setting next_dagrun for example_python_operator to None, run_after=None
[2023-02-01T12:04:11.569+0000] {processor.py:175} INFO - Processing /home/airflow/.local/lib/python3.7/site-packages/airflow/example_dags/example_python_operator.py took 0.239 seconds
[2023-02-01T12:04:42.475+0000] {processor.py:153} INFO - Started process (PID=931) to work on /home/airflow/.local/lib/python3.7/site-packages/airflow/example_dags/example_python_operator.py
[2023-02-01T12:04:42.476+0000] {processor.py:743} INFO - Processing file /home/airflow/.local/lib/python3.7/site-packages/airflow/example_dags/example_python_operator.py for tasks to queue
[2023-02-01T12:04:42.477+0000] {logging_mixin.py:137} INFO - [2023-02-01T12:04:42.477+0000] {dagbag.py:538} INFO - Filling up the DagBag from /home/airflow/.local/lib/python3.7/site-packages/airflow/example_dags/example_python_operator.py
[2023-02-01T12:04:42.495+0000] {logging_mixin.py:137} INFO - [2023-02-01T12:04:42.495+0000] {taskmixin.py:205} WARNING - Dependency <Task(_PythonDecoratedOperator): print_the_context>, log_sql_query already registered for DAG: example_python_operator
[2023-02-01T12:04:42.496+0000] {logging_mixin.py:137} INFO - [2023-02-01T12:04:42.496+0000] {taskmixin.py:205} WARNING - Dependency <Task(_PythonDecoratedOperator): log_sql_query>, print_the_context already registered for DAG: example_python_operator
[2023-02-01T12:04:42.497+0000] {logging_mixin.py:137} INFO - [2023-02-01T12:04:42.497+0000] {taskmixin.py:205} WARNING - Dependency <Task(_PythonDecoratedOperator): print_the_context>, log_sql_query already registered for DAG: example_python_operator
[2023-02-01T12:04:42.497+0000] {logging_mixin.py:137} INFO - [2023-02-01T12:04:42.497+0000] {taskmixin.py:205} WARNING - Dependency <Task(_PythonDecoratedOperator): log_sql_query>, print_the_context already registered for DAG: example_python_operator
[2023-02-01T12:04:42.498+0000] {logging_mixin.py:137} INFO - [2023-02-01T12:04:42.498+0000] {taskmixin.py:205} WARNING - Dependency <Task(_PythonDecoratedOperator): print_the_context>, log_sql_query already registered for DAG: example_python_operator
[2023-02-01T12:04:42.498+0000] {logging_mixin.py:137} INFO - [2023-02-01T12:04:42.498+0000] {taskmixin.py:205} WARNING - Dependency <Task(_PythonDecoratedOperator): log_sql_query>, print_the_context already registered for DAG: example_python_operator
[2023-02-01T12:04:42.499+0000] {logging_mixin.py:137} INFO - [2023-02-01T12:04:42.499+0000] {taskmixin.py:205} WARNING - Dependency <Task(_PythonDecoratedOperator): print_the_context>, log_sql_query already registered for DAG: example_python_operator
[2023-02-01T12:04:42.500+0000] {logging_mixin.py:137} INFO - [2023-02-01T12:04:42.499+0000] {taskmixin.py:205} WARNING - Dependency <Task(_PythonDecoratedOperator): log_sql_query>, print_the_context already registered for DAG: example_python_operator
[2023-02-01T12:04:42.506+0000] {processor.py:753} INFO - DAG(s) dict_keys(['example_python_operator']) retrieved from /home/airflow/.local/lib/python3.7/site-packages/airflow/example_dags/example_python_operator.py
[2023-02-01T12:04:42.532+0000] {logging_mixin.py:137} INFO - [2023-02-01T12:04:42.532+0000] {dag.py:2690} INFO - Sync 1 DAGs
[2023-02-01T12:04:42.556+0000] {logging_mixin.py:137} INFO - [2023-02-01T12:04:42.556+0000] {dag.py:3441} INFO - Setting next_dagrun for example_python_operator to None, run_after=None
[2023-02-01T12:04:42.573+0000] {processor.py:175} INFO - Processing /home/airflow/.local/lib/python3.7/site-packages/airflow/example_dags/example_python_operator.py took 0.105 seconds
[2023-02-01T12:05:13.162+0000] {processor.py:153} INFO - Started process (PID=1010) to work on /home/airflow/.local/lib/python3.7/site-packages/airflow/example_dags/example_python_operator.py
[2023-02-01T12:05:13.164+0000] {processor.py:743} INFO - Processing file /home/airflow/.local/lib/python3.7/site-packages/airflow/example_dags/example_python_operator.py for tasks to queue
[2023-02-01T12:05:13.165+0000] {logging_mixin.py:137} INFO - [2023-02-01T12:05:13.165+0000] {dagbag.py:538} INFO - Filling up the DagBag from /home/airflow/.local/lib/python3.7/site-packages/airflow/example_dags/example_python_operator.py
[2023-02-01T12:05:13.187+0000] {logging_mixin.py:137} INFO - [2023-02-01T12:05:13.186+0000] {taskmixin.py:205} WARNING - Dependency <Task(_PythonDecoratedOperator): print_the_context>, log_sql_query already registered for DAG: example_python_operator
[2023-02-01T12:05:13.188+0000] {logging_mixin.py:137} INFO - [2023-02-01T12:05:13.188+0000] {taskmixin.py:205} WARNING - Dependency <Task(_PythonDecoratedOperator): log_sql_query>, print_the_context already registered for DAG: example_python_operator
[2023-02-01T12:05:13.189+0000] {logging_mixin.py:137} INFO - [2023-02-01T12:05:13.189+0000] {taskmixin.py:205} WARNING - Dependency <Task(_PythonDecoratedOperator): print_the_context>, log_sql_query already registered for DAG: example_python_operator
[2023-02-01T12:05:13.190+0000] {logging_mixin.py:137} INFO - [2023-02-01T12:05:13.189+0000] {taskmixin.py:205} WARNING - Dependency <Task(_PythonDecoratedOperator): log_sql_query>, print_the_context already registered for DAG: example_python_operator
[2023-02-01T12:05:13.192+0000] {logging_mixin.py:137} INFO - [2023-02-01T12:05:13.191+0000] {taskmixin.py:205} WARNING - Dependency <Task(_PythonDecoratedOperator): print_the_context>, log_sql_query already registered for DAG: example_python_operator
[2023-02-01T12:05:13.192+0000] {logging_mixin.py:137} INFO - [2023-02-01T12:05:13.192+0000] {taskmixin.py:205} WARNING - Dependency <Task(_PythonDecoratedOperator): log_sql_query>, print_the_context already registered for DAG: example_python_operator
[2023-02-01T12:05:13.194+0000] {logging_mixin.py:137} INFO - [2023-02-01T12:05:13.194+0000] {taskmixin.py:205} WARNING - Dependency <Task(_PythonDecoratedOperator): print_the_context>, log_sql_query already registered for DAG: example_python_operator
[2023-02-01T12:05:13.195+0000] {logging_mixin.py:137} INFO - [2023-02-01T12:05:13.194+0000] {taskmixin.py:205} WARNING - Dependency <Task(_PythonDecoratedOperator): log_sql_query>, print_the_context already registered for DAG: example_python_operator
[2023-02-01T12:05:13.202+0000] {processor.py:753} INFO - DAG(s) dict_keys(['example_python_operator']) retrieved from /home/airflow/.local/lib/python3.7/site-packages/airflow/example_dags/example_python_operator.py
[2023-02-01T12:05:13.236+0000] {logging_mixin.py:137} INFO - [2023-02-01T12:05:13.236+0000] {dag.py:2690} INFO - Sync 1 DAGs
[2023-02-01T12:05:13.257+0000] {logging_mixin.py:137} INFO - [2023-02-01T12:05:13.257+0000] {dag.py:3441} INFO - Setting next_dagrun for example_python_operator to None, run_after=None
[2023-02-01T12:05:13.285+0000] {processor.py:175} INFO - Processing /home/airflow/.local/lib/python3.7/site-packages/airflow/example_dags/example_python_operator.py took 0.127 seconds
[2023-02-01T12:05:43.847+0000] {processor.py:153} INFO - Started process (PID=1075) to work on /home/airflow/.local/lib/python3.7/site-packages/airflow/example_dags/example_python_operator.py
[2023-02-01T12:05:43.848+0000] {processor.py:743} INFO - Processing file /home/airflow/.local/lib/python3.7/site-packages/airflow/example_dags/example_python_operator.py for tasks to queue
[2023-02-01T12:05:43.849+0000] {logging_mixin.py:137} INFO - [2023-02-01T12:05:43.849+0000] {dagbag.py:538} INFO - Filling up the DagBag from /home/airflow/.local/lib/python3.7/site-packages/airflow/example_dags/example_python_operator.py
[2023-02-01T12:05:43.870+0000] {logging_mixin.py:137} INFO - [2023-02-01T12:05:43.870+0000] {taskmixin.py:205} WARNING - Dependency <Task(_PythonDecoratedOperator): print_the_context>, log_sql_query already registered for DAG: example_python_operator
[2023-02-01T12:05:43.875+0000] {logging_mixin.py:137} INFO - [2023-02-01T12:05:43.875+0000] {taskmixin.py:205} WARNING - Dependency <Task(_PythonDecoratedOperator): log_sql_query>, print_the_context already registered for DAG: example_python_operator
[2023-02-01T12:05:43.880+0000] {logging_mixin.py:137} INFO - [2023-02-01T12:05:43.879+0000] {taskmixin.py:205} WARNING - Dependency <Task(_PythonDecoratedOperator): print_the_context>, log_sql_query already registered for DAG: example_python_operator
[2023-02-01T12:05:43.880+0000] {logging_mixin.py:137} INFO - [2023-02-01T12:05:43.880+0000] {taskmixin.py:205} WARNING - Dependency <Task(_PythonDecoratedOperator): log_sql_query>, print_the_context already registered for DAG: example_python_operator
[2023-02-01T12:05:43.881+0000] {logging_mixin.py:137} INFO - [2023-02-01T12:05:43.881+0000] {taskmixin.py:205} WARNING - Dependency <Task(_PythonDecoratedOperator): print_the_context>, log_sql_query already registered for DAG: example_python_operator
[2023-02-01T12:05:43.885+0000] {logging_mixin.py:137} INFO - [2023-02-01T12:05:43.884+0000] {taskmixin.py:205} WARNING - Dependency <Task(_PythonDecoratedOperator): log_sql_query>, print_the_context already registered for DAG: example_python_operator
[2023-02-01T12:05:43.887+0000] {logging_mixin.py:137} INFO - [2023-02-01T12:05:43.887+0000] {taskmixin.py:205} WARNING - Dependency <Task(_PythonDecoratedOperator): print_the_context>, log_sql_query already registered for DAG: example_python_operator
[2023-02-01T12:05:43.888+0000] {logging_mixin.py:137} INFO - [2023-02-01T12:05:43.888+0000] {taskmixin.py:205} WARNING - Dependency <Task(_PythonDecoratedOperator): log_sql_query>, print_the_context already registered for DAG: example_python_operator
[2023-02-01T12:05:43.901+0000] {processor.py:753} INFO - DAG(s) dict_keys(['example_python_operator']) retrieved from /home/airflow/.local/lib/python3.7/site-packages/airflow/example_dags/example_python_operator.py
[2023-02-01T12:05:43.931+0000] {logging_mixin.py:137} INFO - [2023-02-01T12:05:43.931+0000] {dag.py:2690} INFO - Sync 1 DAGs
[2023-02-01T12:05:43.961+0000] {logging_mixin.py:137} INFO - [2023-02-01T12:05:43.961+0000] {dag.py:3441} INFO - Setting next_dagrun for example_python_operator to None, run_after=None
[2023-02-01T12:05:43.980+0000] {processor.py:175} INFO - Processing /home/airflow/.local/lib/python3.7/site-packages/airflow/example_dags/example_python_operator.py took 0.137 seconds
[2023-02-01T12:06:14.408+0000] {processor.py:153} INFO - Started process (PID=1153) to work on /home/airflow/.local/lib/python3.7/site-packages/airflow/example_dags/example_python_operator.py
[2023-02-01T12:06:14.409+0000] {processor.py:743} INFO - Processing file /home/airflow/.local/lib/python3.7/site-packages/airflow/example_dags/example_python_operator.py for tasks to queue
[2023-02-01T12:06:14.410+0000] {logging_mixin.py:137} INFO - [2023-02-01T12:06:14.410+0000] {dagbag.py:538} INFO - Filling up the DagBag from /home/airflow/.local/lib/python3.7/site-packages/airflow/example_dags/example_python_operator.py
[2023-02-01T12:06:14.426+0000] {logging_mixin.py:137} INFO - [2023-02-01T12:06:14.426+0000] {taskmixin.py:205} WARNING - Dependency <Task(_PythonDecoratedOperator): print_the_context>, log_sql_query already registered for DAG: example_python_operator
[2023-02-01T12:06:14.426+0000] {logging_mixin.py:137} INFO - [2023-02-01T12:06:14.426+0000] {taskmixin.py:205} WARNING - Dependency <Task(_PythonDecoratedOperator): log_sql_query>, print_the_context already registered for DAG: example_python_operator
[2023-02-01T12:06:14.427+0000] {logging_mixin.py:137} INFO - [2023-02-01T12:06:14.427+0000] {taskmixin.py:205} WARNING - Dependency <Task(_PythonDecoratedOperator): print_the_context>, log_sql_query already registered for DAG: example_python_operator
[2023-02-01T12:06:14.427+0000] {logging_mixin.py:137} INFO - [2023-02-01T12:06:14.427+0000] {taskmixin.py:205} WARNING - Dependency <Task(_PythonDecoratedOperator): log_sql_query>, print_the_context already registered for DAG: example_python_operator
[2023-02-01T12:06:14.428+0000] {logging_mixin.py:137} INFO - [2023-02-01T12:06:14.428+0000] {taskmixin.py:205} WARNING - Dependency <Task(_PythonDecoratedOperator): print_the_context>, log_sql_query already registered for DAG: example_python_operator
[2023-02-01T12:06:14.429+0000] {logging_mixin.py:137} INFO - [2023-02-01T12:06:14.429+0000] {taskmixin.py:205} WARNING - Dependency <Task(_PythonDecoratedOperator): log_sql_query>, print_the_context already registered for DAG: example_python_operator
[2023-02-01T12:06:14.429+0000] {logging_mixin.py:137} INFO - [2023-02-01T12:06:14.429+0000] {taskmixin.py:205} WARNING - Dependency <Task(_PythonDecoratedOperator): print_the_context>, log_sql_query already registered for DAG: example_python_operator
[2023-02-01T12:06:14.431+0000] {logging_mixin.py:137} INFO - [2023-02-01T12:06:14.431+0000] {taskmixin.py:205} WARNING - Dependency <Task(_PythonDecoratedOperator): log_sql_query>, print_the_context already registered for DAG: example_python_operator
[2023-02-01T12:06:14.437+0000] {processor.py:753} INFO - DAG(s) dict_keys(['example_python_operator']) retrieved from /home/airflow/.local/lib/python3.7/site-packages/airflow/example_dags/example_python_operator.py
[2023-02-01T12:06:14.463+0000] {logging_mixin.py:137} INFO - [2023-02-01T12:06:14.463+0000] {dag.py:2690} INFO - Sync 1 DAGs
[2023-02-01T12:06:14.485+0000] {logging_mixin.py:137} INFO - [2023-02-01T12:06:14.484+0000] {dag.py:3441} INFO - Setting next_dagrun for example_python_operator to None, run_after=None
[2023-02-01T12:06:14.500+0000] {processor.py:175} INFO - Processing /home/airflow/.local/lib/python3.7/site-packages/airflow/example_dags/example_python_operator.py took 0.096 seconds
[2023-02-01T12:06:45.299+0000] {processor.py:153} INFO - Started process (PID=1231) to work on /home/airflow/.local/lib/python3.7/site-packages/airflow/example_dags/example_python_operator.py
[2023-02-01T12:06:45.300+0000] {processor.py:743} INFO - Processing file /home/airflow/.local/lib/python3.7/site-packages/airflow/example_dags/example_python_operator.py for tasks to queue
[2023-02-01T12:06:45.301+0000] {logging_mixin.py:137} INFO - [2023-02-01T12:06:45.301+0000] {dagbag.py:538} INFO - Filling up the DagBag from /home/airflow/.local/lib/python3.7/site-packages/airflow/example_dags/example_python_operator.py
[2023-02-01T12:06:45.317+0000] {logging_mixin.py:137} INFO - [2023-02-01T12:06:45.317+0000] {taskmixin.py:205} WARNING - Dependency <Task(_PythonDecoratedOperator): print_the_context>, log_sql_query already registered for DAG: example_python_operator
[2023-02-01T12:06:45.317+0000] {logging_mixin.py:137} INFO - [2023-02-01T12:06:45.317+0000] {taskmixin.py:205} WARNING - Dependency <Task(_PythonDecoratedOperator): log_sql_query>, print_the_context already registered for DAG: example_python_operator
[2023-02-01T12:06:45.318+0000] {logging_mixin.py:137} INFO - [2023-02-01T12:06:45.318+0000] {taskmixin.py:205} WARNING - Dependency <Task(_PythonDecoratedOperator): print_the_context>, log_sql_query already registered for DAG: example_python_operator
[2023-02-01T12:06:45.318+0000] {logging_mixin.py:137} INFO - [2023-02-01T12:06:45.318+0000] {taskmixin.py:205} WARNING - Dependency <Task(_PythonDecoratedOperator): log_sql_query>, print_the_context already registered for DAG: example_python_operator
[2023-02-01T12:06:45.319+0000] {logging_mixin.py:137} INFO - [2023-02-01T12:06:45.319+0000] {taskmixin.py:205} WARNING - Dependency <Task(_PythonDecoratedOperator): print_the_context>, log_sql_query already registered for DAG: example_python_operator
[2023-02-01T12:06:45.320+0000] {logging_mixin.py:137} INFO - [2023-02-01T12:06:45.320+0000] {taskmixin.py:205} WARNING - Dependency <Task(_PythonDecoratedOperator): log_sql_query>, print_the_context already registered for DAG: example_python_operator
[2023-02-01T12:06:45.321+0000] {logging_mixin.py:137} INFO - [2023-02-01T12:06:45.321+0000] {taskmixin.py:205} WARNING - Dependency <Task(_PythonDecoratedOperator): print_the_context>, log_sql_query already registered for DAG: example_python_operator
[2023-02-01T12:06:45.321+0000] {logging_mixin.py:137} INFO - [2023-02-01T12:06:45.321+0000] {taskmixin.py:205} WARNING - Dependency <Task(_PythonDecoratedOperator): log_sql_query>, print_the_context already registered for DAG: example_python_operator
[2023-02-01T12:06:45.328+0000] {processor.py:753} INFO - DAG(s) dict_keys(['example_python_operator']) retrieved from /home/airflow/.local/lib/python3.7/site-packages/airflow/example_dags/example_python_operator.py
[2023-02-01T12:06:45.359+0000] {logging_mixin.py:137} INFO - [2023-02-01T12:06:45.359+0000] {dag.py:2690} INFO - Sync 1 DAGs
[2023-02-01T12:06:45.383+0000] {logging_mixin.py:137} INFO - [2023-02-01T12:06:45.383+0000] {dag.py:3441} INFO - Setting next_dagrun for example_python_operator to None, run_after=None
[2023-02-01T12:06:45.401+0000] {processor.py:175} INFO - Processing /home/airflow/.local/lib/python3.7/site-packages/airflow/example_dags/example_python_operator.py took 0.106 seconds
[2023-02-01T12:07:16.341+0000] {processor.py:153} INFO - Started process (PID=1295) to work on /home/airflow/.local/lib/python3.7/site-packages/airflow/example_dags/example_python_operator.py
[2023-02-01T12:07:16.342+0000] {processor.py:743} INFO - Processing file /home/airflow/.local/lib/python3.7/site-packages/airflow/example_dags/example_python_operator.py for tasks to queue
[2023-02-01T12:07:16.343+0000] {logging_mixin.py:137} INFO - [2023-02-01T12:07:16.343+0000] {dagbag.py:538} INFO - Filling up the DagBag from /home/airflow/.local/lib/python3.7/site-packages/airflow/example_dags/example_python_operator.py
[2023-02-01T12:07:16.358+0000] {logging_mixin.py:137} INFO - [2023-02-01T12:07:16.358+0000] {taskmixin.py:205} WARNING - Dependency <Task(_PythonDecoratedOperator): print_the_context>, log_sql_query already registered for DAG: example_python_operator
[2023-02-01T12:07:16.358+0000] {logging_mixin.py:137} INFO - [2023-02-01T12:07:16.358+0000] {taskmixin.py:205} WARNING - Dependency <Task(_PythonDecoratedOperator): log_sql_query>, print_the_context already registered for DAG: example_python_operator
[2023-02-01T12:07:16.359+0000] {logging_mixin.py:137} INFO - [2023-02-01T12:07:16.359+0000] {taskmixin.py:205} WARNING - Dependency <Task(_PythonDecoratedOperator): print_the_context>, log_sql_query already registered for DAG: example_python_operator
[2023-02-01T12:07:16.359+0000] {logging_mixin.py:137} INFO - [2023-02-01T12:07:16.359+0000] {taskmixin.py:205} WARNING - Dependency <Task(_PythonDecoratedOperator): log_sql_query>, print_the_context already registered for DAG: example_python_operator
[2023-02-01T12:07:16.360+0000] {logging_mixin.py:137} INFO - [2023-02-01T12:07:16.360+0000] {taskmixin.py:205} WARNING - Dependency <Task(_PythonDecoratedOperator): print_the_context>, log_sql_query already registered for DAG: example_python_operator
[2023-02-01T12:07:16.360+0000] {logging_mixin.py:137} INFO - [2023-02-01T12:07:16.360+0000] {taskmixin.py:205} WARNING - Dependency <Task(_PythonDecoratedOperator): log_sql_query>, print_the_context already registered for DAG: example_python_operator
[2023-02-01T12:07:16.361+0000] {logging_mixin.py:137} INFO - [2023-02-01T12:07:16.361+0000] {taskmixin.py:205} WARNING - Dependency <Task(_PythonDecoratedOperator): print_the_context>, log_sql_query already registered for DAG: example_python_operator
[2023-02-01T12:07:16.361+0000] {logging_mixin.py:137} INFO - [2023-02-01T12:07:16.361+0000] {taskmixin.py:205} WARNING - Dependency <Task(_PythonDecoratedOperator): log_sql_query>, print_the_context already registered for DAG: example_python_operator
[2023-02-01T12:07:16.368+0000] {processor.py:753} INFO - DAG(s) dict_keys(['example_python_operator']) retrieved from /home/airflow/.local/lib/python3.7/site-packages/airflow/example_dags/example_python_operator.py
[2023-02-01T12:07:16.393+0000] {logging_mixin.py:137} INFO - [2023-02-01T12:07:16.392+0000] {dag.py:2690} INFO - Sync 1 DAGs
[2023-02-01T12:07:16.413+0000] {logging_mixin.py:137} INFO - [2023-02-01T12:07:16.413+0000] {dag.py:3441} INFO - Setting next_dagrun for example_python_operator to None, run_after=None
[2023-02-01T12:07:16.440+0000] {processor.py:175} INFO - Processing /home/airflow/.local/lib/python3.7/site-packages/airflow/example_dags/example_python_operator.py took 0.103 seconds
[2023-02-01T12:07:46.703+0000] {processor.py:153} INFO - Started process (PID=1374) to work on /home/airflow/.local/lib/python3.7/site-packages/airflow/example_dags/example_python_operator.py
[2023-02-01T12:07:46.704+0000] {processor.py:743} INFO - Processing file /home/airflow/.local/lib/python3.7/site-packages/airflow/example_dags/example_python_operator.py for tasks to queue
[2023-02-01T12:07:46.705+0000] {logging_mixin.py:137} INFO - [2023-02-01T12:07:46.705+0000] {dagbag.py:538} INFO - Filling up the DagBag from /home/airflow/.local/lib/python3.7/site-packages/airflow/example_dags/example_python_operator.py
[2023-02-01T12:07:46.722+0000] {logging_mixin.py:137} INFO - [2023-02-01T12:07:46.722+0000] {taskmixin.py:205} WARNING - Dependency <Task(_PythonDecoratedOperator): print_the_context>, log_sql_query already registered for DAG: example_python_operator
[2023-02-01T12:07:46.722+0000] {logging_mixin.py:137} INFO - [2023-02-01T12:07:46.722+0000] {taskmixin.py:205} WARNING - Dependency <Task(_PythonDecoratedOperator): log_sql_query>, print_the_context already registered for DAG: example_python_operator
[2023-02-01T12:07:46.724+0000] {logging_mixin.py:137} INFO - [2023-02-01T12:07:46.724+0000] {taskmixin.py:205} WARNING - Dependency <Task(_PythonDecoratedOperator): print_the_context>, log_sql_query already registered for DAG: example_python_operator
[2023-02-01T12:07:46.725+0000] {logging_mixin.py:137} INFO - [2023-02-01T12:07:46.724+0000] {taskmixin.py:205} WARNING - Dependency <Task(_PythonDecoratedOperator): log_sql_query>, print_the_context already registered for DAG: example_python_operator
[2023-02-01T12:07:46.726+0000] {logging_mixin.py:137} INFO - [2023-02-01T12:07:46.725+0000] {taskmixin.py:205} WARNING - Dependency <Task(_PythonDecoratedOperator): print_the_context>, log_sql_query already registered for DAG: example_python_operator
[2023-02-01T12:07:46.726+0000] {logging_mixin.py:137} INFO - [2023-02-01T12:07:46.726+0000] {taskmixin.py:205} WARNING - Dependency <Task(_PythonDecoratedOperator): log_sql_query>, print_the_context already registered for DAG: example_python_operator
[2023-02-01T12:07:46.728+0000] {logging_mixin.py:137} INFO - [2023-02-01T12:07:46.727+0000] {taskmixin.py:205} WARNING - Dependency <Task(_PythonDecoratedOperator): print_the_context>, log_sql_query already registered for DAG: example_python_operator
[2023-02-01T12:07:46.728+0000] {logging_mixin.py:137} INFO - [2023-02-01T12:07:46.728+0000] {taskmixin.py:205} WARNING - Dependency <Task(_PythonDecoratedOperator): log_sql_query>, print_the_context already registered for DAG: example_python_operator
[2023-02-01T12:07:46.735+0000] {processor.py:753} INFO - DAG(s) dict_keys(['example_python_operator']) retrieved from /home/airflow/.local/lib/python3.7/site-packages/airflow/example_dags/example_python_operator.py
[2023-02-01T12:07:46.762+0000] {logging_mixin.py:137} INFO - [2023-02-01T12:07:46.761+0000] {dag.py:2690} INFO - Sync 1 DAGs
[2023-02-01T12:07:46.785+0000] {logging_mixin.py:137} INFO - [2023-02-01T12:07:46.785+0000] {dag.py:3441} INFO - Setting next_dagrun for example_python_operator to None, run_after=None
[2023-02-01T12:07:46.804+0000] {processor.py:175} INFO - Processing /home/airflow/.local/lib/python3.7/site-packages/airflow/example_dags/example_python_operator.py took 0.106 seconds
