[2023-02-01T11:58:29.902+0000] {processor.py:153} INFO - Started process (PID=36) to work on /home/airflow/.local/lib/python3.7/site-packages/airflow/example_dags/example_datasets.py
[2023-02-01T11:58:29.903+0000] {processor.py:743} INFO - Processing file /home/airflow/.local/lib/python3.7/site-packages/airflow/example_dags/example_datasets.py for tasks to queue
[2023-02-01T11:58:29.904+0000] {logging_mixin.py:137} INFO - [2023-02-01T11:58:29.903+0000] {dagbag.py:538} INFO - Filling up the DagBag from /home/airflow/.local/lib/python3.7/site-packages/airflow/example_dags/example_datasets.py
[2023-02-01T11:58:29.939+0000] {processor.py:753} INFO - DAG(s) dict_keys(['dataset_consumes_unknown_never_scheduled', 'dataset_produces_1', 'dataset_produces_2', 'dataset_consumes_1_never_scheduled', 'dataset_consumes_1_and_2', 'dataset_consumes_1']) retrieved from /home/airflow/.local/lib/python3.7/site-packages/airflow/example_dags/example_datasets.py
[2023-02-01T11:58:29.965+0000] {logging_mixin.py:137} INFO - [2023-02-01T11:58:29.965+0000] {dag.py:2690} INFO - Sync 6 DAGs
[2023-02-01T11:58:29.990+0000] {logging_mixin.py:137} INFO - [2023-02-01T11:58:29.990+0000] {dag.py:3441} INFO - Setting next_dagrun for dataset_consumes_1 to None, run_after=None
[2023-02-01T11:58:29.994+0000] {logging_mixin.py:137} INFO - [2023-02-01T11:58:29.994+0000] {dag.py:3441} INFO - Setting next_dagrun for dataset_consumes_1_and_2 to None, run_after=None
[2023-02-01T11:58:29.995+0000] {logging_mixin.py:137} INFO - [2023-02-01T11:58:29.995+0000] {dag.py:3441} INFO - Setting next_dagrun for dataset_consumes_1_never_scheduled to None, run_after=None
[2023-02-01T11:58:29.997+0000] {logging_mixin.py:137} INFO - [2023-02-01T11:58:29.996+0000] {dag.py:3441} INFO - Setting next_dagrun for dataset_consumes_unknown_never_scheduled to None, run_after=None
[2023-02-01T11:58:29.999+0000] {logging_mixin.py:137} INFO - [2023-02-01T11:58:29.999+0000] {dag.py:3441} INFO - Setting next_dagrun for dataset_produces_1 to 2023-01-31T00:00:00+00:00, run_after=2023-02-01T00:00:00+00:00
[2023-02-01T11:58:30.003+0000] {logging_mixin.py:137} INFO - [2023-02-01T11:58:30.003+0000] {dag.py:3441} INFO - Setting next_dagrun for dataset_produces_2 to None, run_after=None
[2023-02-01T11:58:30.040+0000] {processor.py:175} INFO - Processing /home/airflow/.local/lib/python3.7/site-packages/airflow/example_dags/example_datasets.py took 0.141 seconds
[2023-02-01T11:59:00.554+0000] {processor.py:153} INFO - Started process (PID=112) to work on /home/airflow/.local/lib/python3.7/site-packages/airflow/example_dags/example_datasets.py
[2023-02-01T11:59:00.555+0000] {processor.py:743} INFO - Processing file /home/airflow/.local/lib/python3.7/site-packages/airflow/example_dags/example_datasets.py for tasks to queue
[2023-02-01T11:59:00.557+0000] {logging_mixin.py:137} INFO - [2023-02-01T11:59:00.556+0000] {dagbag.py:538} INFO - Filling up the DagBag from /home/airflow/.local/lib/python3.7/site-packages/airflow/example_dags/example_datasets.py
[2023-02-01T11:59:00.582+0000] {processor.py:753} INFO - DAG(s) dict_keys(['dataset_consumes_1', 'dataset_produces_1', 'dataset_consumes_unknown_never_scheduled', 'dataset_produces_2', 'dataset_consumes_1_and_2', 'dataset_consumes_1_never_scheduled']) retrieved from /home/airflow/.local/lib/python3.7/site-packages/airflow/example_dags/example_datasets.py
[2023-02-01T11:59:00.657+0000] {logging_mixin.py:137} INFO - [2023-02-01T11:59:00.657+0000] {dag.py:2690} INFO - Sync 6 DAGs
[2023-02-01T11:59:00.678+0000] {logging_mixin.py:137} INFO - [2023-02-01T11:59:00.678+0000] {dag.py:3441} INFO - Setting next_dagrun for dataset_consumes_1 to None, run_after=None
[2023-02-01T11:59:00.681+0000] {logging_mixin.py:137} INFO - [2023-02-01T11:59:00.681+0000] {dag.py:3441} INFO - Setting next_dagrun for dataset_consumes_1_and_2 to None, run_after=None
[2023-02-01T11:59:00.682+0000] {logging_mixin.py:137} INFO - [2023-02-01T11:59:00.682+0000] {dag.py:3441} INFO - Setting next_dagrun for dataset_consumes_1_never_scheduled to None, run_after=None
[2023-02-01T11:59:00.684+0000] {logging_mixin.py:137} INFO - [2023-02-01T11:59:00.684+0000] {dag.py:3441} INFO - Setting next_dagrun for dataset_consumes_unknown_never_scheduled to None, run_after=None
[2023-02-01T11:59:00.687+0000] {logging_mixin.py:137} INFO - [2023-02-01T11:59:00.686+0000] {dag.py:3441} INFO - Setting next_dagrun for dataset_produces_1 to 2023-01-31T00:00:00+00:00, run_after=2023-02-01T00:00:00+00:00
[2023-02-01T11:59:00.688+0000] {logging_mixin.py:137} INFO - [2023-02-01T11:59:00.688+0000] {dag.py:3441} INFO - Setting next_dagrun for dataset_produces_2 to None, run_after=None
[2023-02-01T11:59:00.715+0000] {processor.py:175} INFO - Processing /home/airflow/.local/lib/python3.7/site-packages/airflow/example_dags/example_datasets.py took 0.167 seconds
[2023-02-01T11:59:31.407+0000] {processor.py:153} INFO - Started process (PID=178) to work on /home/airflow/.local/lib/python3.7/site-packages/airflow/example_dags/example_datasets.py
[2023-02-01T11:59:31.409+0000] {processor.py:743} INFO - Processing file /home/airflow/.local/lib/python3.7/site-packages/airflow/example_dags/example_datasets.py for tasks to queue
[2023-02-01T11:59:31.410+0000] {logging_mixin.py:137} INFO - [2023-02-01T11:59:31.410+0000] {dagbag.py:538} INFO - Filling up the DagBag from /home/airflow/.local/lib/python3.7/site-packages/airflow/example_dags/example_datasets.py
[2023-02-01T11:59:31.432+0000] {processor.py:753} INFO - DAG(s) dict_keys(['dataset_consumes_1_and_2', 'dataset_consumes_unknown_never_scheduled', 'dataset_produces_2', 'dataset_consumes_1_never_scheduled', 'dataset_produces_1', 'dataset_consumes_1']) retrieved from /home/airflow/.local/lib/python3.7/site-packages/airflow/example_dags/example_datasets.py
[2023-02-01T11:59:31.464+0000] {logging_mixin.py:137} INFO - [2023-02-01T11:59:31.464+0000] {dag.py:2690} INFO - Sync 6 DAGs
[2023-02-01T11:59:31.486+0000] {logging_mixin.py:137} INFO - [2023-02-01T11:59:31.486+0000] {dag.py:3441} INFO - Setting next_dagrun for dataset_consumes_1 to None, run_after=None
[2023-02-01T11:59:31.490+0000] {logging_mixin.py:137} INFO - [2023-02-01T11:59:31.490+0000] {dag.py:3441} INFO - Setting next_dagrun for dataset_consumes_1_and_2 to None, run_after=None
[2023-02-01T11:59:31.493+0000] {logging_mixin.py:137} INFO - [2023-02-01T11:59:31.493+0000] {dag.py:3441} INFO - Setting next_dagrun for dataset_consumes_1_never_scheduled to None, run_after=None
[2023-02-01T11:59:31.495+0000] {logging_mixin.py:137} INFO - [2023-02-01T11:59:31.494+0000] {dag.py:3441} INFO - Setting next_dagrun for dataset_consumes_unknown_never_scheduled to None, run_after=None
[2023-02-01T11:59:31.498+0000] {logging_mixin.py:137} INFO - [2023-02-01T11:59:31.498+0000] {dag.py:3441} INFO - Setting next_dagrun for dataset_produces_1 to 2023-01-31T00:00:00+00:00, run_after=2023-02-01T00:00:00+00:00
[2023-02-01T11:59:31.499+0000] {logging_mixin.py:137} INFO - [2023-02-01T11:59:31.499+0000] {dag.py:3441} INFO - Setting next_dagrun for dataset_produces_2 to None, run_after=None
[2023-02-01T11:59:31.527+0000] {processor.py:175} INFO - Processing /home/airflow/.local/lib/python3.7/site-packages/airflow/example_dags/example_datasets.py took 0.125 seconds
[2023-02-01T12:00:02.231+0000] {processor.py:153} INFO - Started process (PID=257) to work on /home/airflow/.local/lib/python3.7/site-packages/airflow/example_dags/example_datasets.py
[2023-02-01T12:00:02.232+0000] {processor.py:743} INFO - Processing file /home/airflow/.local/lib/python3.7/site-packages/airflow/example_dags/example_datasets.py for tasks to queue
[2023-02-01T12:00:02.233+0000] {logging_mixin.py:137} INFO - [2023-02-01T12:00:02.233+0000] {dagbag.py:538} INFO - Filling up the DagBag from /home/airflow/.local/lib/python3.7/site-packages/airflow/example_dags/example_datasets.py
[2023-02-01T12:00:02.255+0000] {processor.py:753} INFO - DAG(s) dict_keys(['dataset_consumes_1_never_scheduled', 'dataset_produces_2', 'dataset_consumes_unknown_never_scheduled', 'dataset_produces_1', 'dataset_consumes_1_and_2', 'dataset_consumes_1']) retrieved from /home/airflow/.local/lib/python3.7/site-packages/airflow/example_dags/example_datasets.py
[2023-02-01T12:00:02.296+0000] {logging_mixin.py:137} INFO - [2023-02-01T12:00:02.296+0000] {dag.py:2690} INFO - Sync 6 DAGs
[2023-02-01T12:00:02.319+0000] {logging_mixin.py:137} INFO - [2023-02-01T12:00:02.319+0000] {dag.py:3441} INFO - Setting next_dagrun for dataset_consumes_1 to None, run_after=None
[2023-02-01T12:00:02.327+0000] {logging_mixin.py:137} INFO - [2023-02-01T12:00:02.327+0000] {dag.py:3441} INFO - Setting next_dagrun for dataset_consumes_1_and_2 to None, run_after=None
[2023-02-01T12:00:02.329+0000] {logging_mixin.py:137} INFO - [2023-02-01T12:00:02.329+0000] {dag.py:3441} INFO - Setting next_dagrun for dataset_consumes_1_never_scheduled to None, run_after=None
[2023-02-01T12:00:02.330+0000] {logging_mixin.py:137} INFO - [2023-02-01T12:00:02.330+0000] {dag.py:3441} INFO - Setting next_dagrun for dataset_consumes_unknown_never_scheduled to None, run_after=None
[2023-02-01T12:00:02.333+0000] {logging_mixin.py:137} INFO - [2023-02-01T12:00:02.333+0000] {dag.py:3441} INFO - Setting next_dagrun for dataset_produces_1 to 2023-01-31T00:00:00+00:00, run_after=2023-02-01T00:00:00+00:00
[2023-02-01T12:00:02.338+0000] {logging_mixin.py:137} INFO - [2023-02-01T12:00:02.337+0000] {dag.py:3441} INFO - Setting next_dagrun for dataset_produces_2 to None, run_after=None
[2023-02-01T12:00:02.378+0000] {processor.py:175} INFO - Processing /home/airflow/.local/lib/python3.7/site-packages/airflow/example_dags/example_datasets.py took 0.153 seconds
[2023-02-01T12:00:32.838+0000] {processor.py:153} INFO - Started process (PID=331) to work on /home/airflow/.local/lib/python3.7/site-packages/airflow/example_dags/example_datasets.py
[2023-02-01T12:00:32.839+0000] {processor.py:743} INFO - Processing file /home/airflow/.local/lib/python3.7/site-packages/airflow/example_dags/example_datasets.py for tasks to queue
[2023-02-01T12:00:32.841+0000] {logging_mixin.py:137} INFO - [2023-02-01T12:00:32.840+0000] {dagbag.py:538} INFO - Filling up the DagBag from /home/airflow/.local/lib/python3.7/site-packages/airflow/example_dags/example_datasets.py
[2023-02-01T12:00:32.862+0000] {processor.py:753} INFO - DAG(s) dict_keys(['dataset_consumes_1_and_2', 'dataset_produces_2', 'dataset_consumes_1_never_scheduled', 'dataset_consumes_unknown_never_scheduled', 'dataset_consumes_1', 'dataset_produces_1']) retrieved from /home/airflow/.local/lib/python3.7/site-packages/airflow/example_dags/example_datasets.py
[2023-02-01T12:00:32.907+0000] {logging_mixin.py:137} INFO - [2023-02-01T12:00:32.907+0000] {dag.py:2690} INFO - Sync 6 DAGs
[2023-02-01T12:00:32.931+0000] {logging_mixin.py:137} INFO - [2023-02-01T12:00:32.930+0000] {dag.py:3441} INFO - Setting next_dagrun for dataset_consumes_1 to None, run_after=None
[2023-02-01T12:00:32.934+0000] {logging_mixin.py:137} INFO - [2023-02-01T12:00:32.934+0000] {dag.py:3441} INFO - Setting next_dagrun for dataset_consumes_1_and_2 to None, run_after=None
[2023-02-01T12:00:32.936+0000] {logging_mixin.py:137} INFO - [2023-02-01T12:00:32.936+0000] {dag.py:3441} INFO - Setting next_dagrun for dataset_consumes_1_never_scheduled to None, run_after=None
[2023-02-01T12:00:32.938+0000] {logging_mixin.py:137} INFO - [2023-02-01T12:00:32.938+0000] {dag.py:3441} INFO - Setting next_dagrun for dataset_consumes_unknown_never_scheduled to None, run_after=None
[2023-02-01T12:00:32.940+0000] {logging_mixin.py:137} INFO - [2023-02-01T12:00:32.940+0000] {dag.py:3441} INFO - Setting next_dagrun for dataset_produces_1 to 2023-01-31T00:00:00+00:00, run_after=2023-02-01T00:00:00+00:00
[2023-02-01T12:00:32.942+0000] {logging_mixin.py:137} INFO - [2023-02-01T12:00:32.942+0000] {dag.py:3441} INFO - Setting next_dagrun for dataset_produces_2 to None, run_after=None
[2023-02-01T12:00:32.980+0000] {processor.py:175} INFO - Processing /home/airflow/.local/lib/python3.7/site-packages/airflow/example_dags/example_datasets.py took 0.147 seconds
[2023-02-01T12:01:03.690+0000] {processor.py:153} INFO - Started process (PID=400) to work on /home/airflow/.local/lib/python3.7/site-packages/airflow/example_dags/example_datasets.py
[2023-02-01T12:01:03.691+0000] {processor.py:743} INFO - Processing file /home/airflow/.local/lib/python3.7/site-packages/airflow/example_dags/example_datasets.py for tasks to queue
[2023-02-01T12:01:03.692+0000] {logging_mixin.py:137} INFO - [2023-02-01T12:01:03.692+0000] {dagbag.py:538} INFO - Filling up the DagBag from /home/airflow/.local/lib/python3.7/site-packages/airflow/example_dags/example_datasets.py
[2023-02-01T12:01:03.707+0000] {processor.py:753} INFO - DAG(s) dict_keys(['dataset_produces_2', 'dataset_consumes_1_and_2', 'dataset_consumes_1', 'dataset_consumes_unknown_never_scheduled', 'dataset_produces_1', 'dataset_consumes_1_never_scheduled']) retrieved from /home/airflow/.local/lib/python3.7/site-packages/airflow/example_dags/example_datasets.py
[2023-02-01T12:01:03.740+0000] {logging_mixin.py:137} INFO - [2023-02-01T12:01:03.740+0000] {dag.py:2690} INFO - Sync 6 DAGs
[2023-02-01T12:01:03.765+0000] {logging_mixin.py:137} INFO - [2023-02-01T12:01:03.764+0000] {dag.py:3441} INFO - Setting next_dagrun for dataset_consumes_1 to None, run_after=None
[2023-02-01T12:01:03.769+0000] {logging_mixin.py:137} INFO - [2023-02-01T12:01:03.769+0000] {dag.py:3441} INFO - Setting next_dagrun for dataset_consumes_1_and_2 to None, run_after=None
[2023-02-01T12:01:03.771+0000] {logging_mixin.py:137} INFO - [2023-02-01T12:01:03.771+0000] {dag.py:3441} INFO - Setting next_dagrun for dataset_consumes_1_never_scheduled to None, run_after=None
[2023-02-01T12:01:03.774+0000] {logging_mixin.py:137} INFO - [2023-02-01T12:01:03.774+0000] {dag.py:3441} INFO - Setting next_dagrun for dataset_consumes_unknown_never_scheduled to None, run_after=None
[2023-02-01T12:01:03.777+0000] {logging_mixin.py:137} INFO - [2023-02-01T12:01:03.777+0000] {dag.py:3441} INFO - Setting next_dagrun for dataset_produces_1 to 2023-01-31T00:00:00+00:00, run_after=2023-02-01T00:00:00+00:00
[2023-02-01T12:01:03.779+0000] {logging_mixin.py:137} INFO - [2023-02-01T12:01:03.779+0000] {dag.py:3441} INFO - Setting next_dagrun for dataset_produces_2 to None, run_after=None
[2023-02-01T12:01:03.810+0000] {processor.py:175} INFO - Processing /home/airflow/.local/lib/python3.7/site-packages/airflow/example_dags/example_datasets.py took 0.124 seconds
[2023-02-01T12:01:34.586+0000] {processor.py:153} INFO - Started process (PID=479) to work on /home/airflow/.local/lib/python3.7/site-packages/airflow/example_dags/example_datasets.py
[2023-02-01T12:01:34.587+0000] {processor.py:743} INFO - Processing file /home/airflow/.local/lib/python3.7/site-packages/airflow/example_dags/example_datasets.py for tasks to queue
[2023-02-01T12:01:34.588+0000] {logging_mixin.py:137} INFO - [2023-02-01T12:01:34.588+0000] {dagbag.py:538} INFO - Filling up the DagBag from /home/airflow/.local/lib/python3.7/site-packages/airflow/example_dags/example_datasets.py
[2023-02-01T12:01:34.607+0000] {processor.py:753} INFO - DAG(s) dict_keys(['dataset_consumes_1_and_2', 'dataset_produces_2', 'dataset_produces_1', 'dataset_consumes_unknown_never_scheduled', 'dataset_consumes_1', 'dataset_consumes_1_never_scheduled']) retrieved from /home/airflow/.local/lib/python3.7/site-packages/airflow/example_dags/example_datasets.py
[2023-02-01T12:01:34.646+0000] {logging_mixin.py:137} INFO - [2023-02-01T12:01:34.646+0000] {dag.py:2690} INFO - Sync 6 DAGs
[2023-02-01T12:01:34.669+0000] {logging_mixin.py:137} INFO - [2023-02-01T12:01:34.668+0000] {dag.py:3441} INFO - Setting next_dagrun for dataset_consumes_1 to None, run_after=None
[2023-02-01T12:01:34.672+0000] {logging_mixin.py:137} INFO - [2023-02-01T12:01:34.672+0000] {dag.py:3441} INFO - Setting next_dagrun for dataset_consumes_1_and_2 to None, run_after=None
[2023-02-01T12:01:34.673+0000] {logging_mixin.py:137} INFO - [2023-02-01T12:01:34.673+0000] {dag.py:3441} INFO - Setting next_dagrun for dataset_consumes_1_never_scheduled to None, run_after=None
[2023-02-01T12:01:34.674+0000] {logging_mixin.py:137} INFO - [2023-02-01T12:01:34.674+0000] {dag.py:3441} INFO - Setting next_dagrun for dataset_consumes_unknown_never_scheduled to None, run_after=None
[2023-02-01T12:01:34.676+0000] {logging_mixin.py:137} INFO - [2023-02-01T12:01:34.676+0000] {dag.py:3441} INFO - Setting next_dagrun for dataset_produces_1 to 2023-01-31T00:00:00+00:00, run_after=2023-02-01T00:00:00+00:00
[2023-02-01T12:01:34.678+0000] {logging_mixin.py:137} INFO - [2023-02-01T12:01:34.678+0000] {dag.py:3441} INFO - Setting next_dagrun for dataset_produces_2 to None, run_after=None
[2023-02-01T12:01:34.706+0000] {processor.py:175} INFO - Processing /home/airflow/.local/lib/python3.7/site-packages/airflow/example_dags/example_datasets.py took 0.125 seconds
[2023-02-01T12:02:05.499+0000] {processor.py:153} INFO - Started process (PID=544) to work on /home/airflow/.local/lib/python3.7/site-packages/airflow/example_dags/example_datasets.py
[2023-02-01T12:02:05.500+0000] {processor.py:743} INFO - Processing file /home/airflow/.local/lib/python3.7/site-packages/airflow/example_dags/example_datasets.py for tasks to queue
[2023-02-01T12:02:05.501+0000] {logging_mixin.py:137} INFO - [2023-02-01T12:02:05.501+0000] {dagbag.py:538} INFO - Filling up the DagBag from /home/airflow/.local/lib/python3.7/site-packages/airflow/example_dags/example_datasets.py
[2023-02-01T12:02:05.521+0000] {processor.py:753} INFO - DAG(s) dict_keys(['dataset_consumes_1_and_2', 'dataset_consumes_1_never_scheduled', 'dataset_produces_2', 'dataset_consumes_unknown_never_scheduled', 'dataset_consumes_1', 'dataset_produces_1']) retrieved from /home/airflow/.local/lib/python3.7/site-packages/airflow/example_dags/example_datasets.py
[2023-02-01T12:02:05.564+0000] {logging_mixin.py:137} INFO - [2023-02-01T12:02:05.564+0000] {dag.py:2690} INFO - Sync 6 DAGs
[2023-02-01T12:02:05.592+0000] {logging_mixin.py:137} INFO - [2023-02-01T12:02:05.592+0000] {dag.py:3441} INFO - Setting next_dagrun for dataset_consumes_1 to None, run_after=None
[2023-02-01T12:02:05.597+0000] {logging_mixin.py:137} INFO - [2023-02-01T12:02:05.597+0000] {dag.py:3441} INFO - Setting next_dagrun for dataset_consumes_1_and_2 to None, run_after=None
[2023-02-01T12:02:05.599+0000] {logging_mixin.py:137} INFO - [2023-02-01T12:02:05.599+0000] {dag.py:3441} INFO - Setting next_dagrun for dataset_consumes_1_never_scheduled to None, run_after=None
[2023-02-01T12:02:05.601+0000] {logging_mixin.py:137} INFO - [2023-02-01T12:02:05.601+0000] {dag.py:3441} INFO - Setting next_dagrun for dataset_consumes_unknown_never_scheduled to None, run_after=None
[2023-02-01T12:02:05.605+0000] {logging_mixin.py:137} INFO - [2023-02-01T12:02:05.605+0000] {dag.py:3441} INFO - Setting next_dagrun for dataset_produces_1 to 2023-01-31T00:00:00+00:00, run_after=2023-02-01T00:00:00+00:00
[2023-02-01T12:02:05.608+0000] {logging_mixin.py:137} INFO - [2023-02-01T12:02:05.607+0000] {dag.py:3441} INFO - Setting next_dagrun for dataset_produces_2 to None, run_after=None
[2023-02-01T12:02:05.639+0000] {processor.py:175} INFO - Processing /home/airflow/.local/lib/python3.7/site-packages/airflow/example_dags/example_datasets.py took 0.144 seconds
[2023-02-01T12:02:36.030+0000] {processor.py:153} INFO - Started process (PID=621) to work on /home/airflow/.local/lib/python3.7/site-packages/airflow/example_dags/example_datasets.py
[2023-02-01T12:02:36.031+0000] {processor.py:743} INFO - Processing file /home/airflow/.local/lib/python3.7/site-packages/airflow/example_dags/example_datasets.py for tasks to queue
[2023-02-01T12:02:36.031+0000] {logging_mixin.py:137} INFO - [2023-02-01T12:02:36.031+0000] {dagbag.py:538} INFO - Filling up the DagBag from /home/airflow/.local/lib/python3.7/site-packages/airflow/example_dags/example_datasets.py
[2023-02-01T12:02:36.049+0000] {processor.py:753} INFO - DAG(s) dict_keys(['dataset_consumes_unknown_never_scheduled', 'dataset_consumes_1_and_2', 'dataset_produces_2', 'dataset_consumes_1', 'dataset_produces_1', 'dataset_consumes_1_never_scheduled']) retrieved from /home/airflow/.local/lib/python3.7/site-packages/airflow/example_dags/example_datasets.py
[2023-02-01T12:02:36.118+0000] {logging_mixin.py:137} INFO - [2023-02-01T12:02:36.118+0000] {dag.py:2690} INFO - Sync 6 DAGs
[2023-02-01T12:02:36.133+0000] {logging_mixin.py:137} INFO - [2023-02-01T12:02:36.133+0000] {dag.py:2711} INFO - Creating ORM DAG for dataset_consumes_1
[2023-02-01T12:02:36.145+0000] {logging_mixin.py:137} INFO - [2023-02-01T12:02:36.145+0000] {dag.py:3441} INFO - Setting next_dagrun for dataset_consumes_1 to None, run_after=None
[2023-02-01T12:02:36.146+0000] {logging_mixin.py:137} INFO - [2023-02-01T12:02:36.146+0000] {dag.py:3441} INFO - Setting next_dagrun for dataset_consumes_1_and_2 to None, run_after=None
[2023-02-01T12:02:36.150+0000] {logging_mixin.py:137} INFO - [2023-02-01T12:02:36.150+0000] {dag.py:3441} INFO - Setting next_dagrun for dataset_consumes_1_never_scheduled to None, run_after=None
[2023-02-01T12:02:36.151+0000] {logging_mixin.py:137} INFO - [2023-02-01T12:02:36.151+0000] {dag.py:3441} INFO - Setting next_dagrun for dataset_consumes_unknown_never_scheduled to None, run_after=None
[2023-02-01T12:02:36.155+0000] {logging_mixin.py:137} INFO - [2023-02-01T12:02:36.155+0000] {dag.py:3441} INFO - Setting next_dagrun for dataset_produces_1 to 2023-01-31T00:00:00+00:00, run_after=2023-02-01T00:00:00+00:00
[2023-02-01T12:02:36.156+0000] {logging_mixin.py:137} INFO - [2023-02-01T12:02:36.156+0000] {dag.py:3441} INFO - Setting next_dagrun for dataset_produces_2 to None, run_after=None
[2023-02-01T12:02:36.199+0000] {processor.py:175} INFO - Processing /home/airflow/.local/lib/python3.7/site-packages/airflow/example_dags/example_datasets.py took 0.174 seconds
[2023-02-01T12:03:06.414+0000] {processor.py:153} INFO - Started process (PID=686) to work on /home/airflow/.local/lib/python3.7/site-packages/airflow/example_dags/example_datasets.py
[2023-02-01T12:03:06.416+0000] {processor.py:743} INFO - Processing file /home/airflow/.local/lib/python3.7/site-packages/airflow/example_dags/example_datasets.py for tasks to queue
[2023-02-01T12:03:06.416+0000] {logging_mixin.py:137} INFO - [2023-02-01T12:03:06.416+0000] {dagbag.py:538} INFO - Filling up the DagBag from /home/airflow/.local/lib/python3.7/site-packages/airflow/example_dags/example_datasets.py
[2023-02-01T12:03:06.430+0000] {processor.py:753} INFO - DAG(s) dict_keys(['dataset_consumes_1_and_2', 'dataset_produces_1', 'dataset_consumes_unknown_never_scheduled', 'dataset_produces_2', 'dataset_consumes_1_never_scheduled', 'dataset_consumes_1']) retrieved from /home/airflow/.local/lib/python3.7/site-packages/airflow/example_dags/example_datasets.py
[2023-02-01T12:03:06.468+0000] {logging_mixin.py:137} INFO - [2023-02-01T12:03:06.468+0000] {dag.py:2690} INFO - Sync 6 DAGs
[2023-02-01T12:03:06.491+0000] {logging_mixin.py:137} INFO - [2023-02-01T12:03:06.491+0000] {dag.py:3441} INFO - Setting next_dagrun for dataset_consumes_1 to None, run_after=None
[2023-02-01T12:03:06.494+0000] {logging_mixin.py:137} INFO - [2023-02-01T12:03:06.494+0000] {dag.py:3441} INFO - Setting next_dagrun for dataset_consumes_1_and_2 to None, run_after=None
[2023-02-01T12:03:06.496+0000] {logging_mixin.py:137} INFO - [2023-02-01T12:03:06.495+0000] {dag.py:3441} INFO - Setting next_dagrun for dataset_consumes_1_never_scheduled to None, run_after=None
[2023-02-01T12:03:06.497+0000] {logging_mixin.py:137} INFO - [2023-02-01T12:03:06.497+0000] {dag.py:3441} INFO - Setting next_dagrun for dataset_consumes_unknown_never_scheduled to None, run_after=None
[2023-02-01T12:03:06.499+0000] {logging_mixin.py:137} INFO - [2023-02-01T12:03:06.499+0000] {dag.py:3441} INFO - Setting next_dagrun for dataset_produces_1 to 2023-01-31T00:00:00+00:00, run_after=2023-02-01T00:00:00+00:00
[2023-02-01T12:03:06.500+0000] {logging_mixin.py:137} INFO - [2023-02-01T12:03:06.500+0000] {dag.py:3441} INFO - Setting next_dagrun for dataset_produces_2 to None, run_after=None
[2023-02-01T12:03:06.525+0000] {processor.py:175} INFO - Processing /home/airflow/.local/lib/python3.7/site-packages/airflow/example_dags/example_datasets.py took 0.117 seconds
[2023-02-01T12:03:36.681+0000] {processor.py:153} INFO - Started process (PID=765) to work on /home/airflow/.local/lib/python3.7/site-packages/airflow/example_dags/example_datasets.py
[2023-02-01T12:03:36.684+0000] {processor.py:743} INFO - Processing file /home/airflow/.local/lib/python3.7/site-packages/airflow/example_dags/example_datasets.py for tasks to queue
[2023-02-01T12:03:36.688+0000] {logging_mixin.py:137} INFO - [2023-02-01T12:03:36.686+0000] {dagbag.py:538} INFO - Filling up the DagBag from /home/airflow/.local/lib/python3.7/site-packages/airflow/example_dags/example_datasets.py
[2023-02-01T12:03:36.711+0000] {processor.py:753} INFO - DAG(s) dict_keys(['dataset_consumes_1', 'dataset_produces_1', 'dataset_consumes_1_never_scheduled', 'dataset_consumes_unknown_never_scheduled', 'dataset_consumes_1_and_2', 'dataset_produces_2']) retrieved from /home/airflow/.local/lib/python3.7/site-packages/airflow/example_dags/example_datasets.py
[2023-02-01T12:03:36.771+0000] {logging_mixin.py:137} INFO - [2023-02-01T12:03:36.770+0000] {dag.py:2690} INFO - Sync 6 DAGs
[2023-02-01T12:03:36.800+0000] {logging_mixin.py:137} INFO - [2023-02-01T12:03:36.800+0000] {dag.py:3441} INFO - Setting next_dagrun for dataset_consumes_1 to None, run_after=None
[2023-02-01T12:03:36.806+0000] {logging_mixin.py:137} INFO - [2023-02-01T12:03:36.806+0000] {dag.py:3441} INFO - Setting next_dagrun for dataset_consumes_1_and_2 to None, run_after=None
[2023-02-01T12:03:36.808+0000] {logging_mixin.py:137} INFO - [2023-02-01T12:03:36.808+0000] {dag.py:3441} INFO - Setting next_dagrun for dataset_consumes_1_never_scheduled to None, run_after=None
[2023-02-01T12:03:36.810+0000] {logging_mixin.py:137} INFO - [2023-02-01T12:03:36.810+0000] {dag.py:3441} INFO - Setting next_dagrun for dataset_consumes_unknown_never_scheduled to None, run_after=None
[2023-02-01T12:03:36.813+0000] {logging_mixin.py:137} INFO - [2023-02-01T12:03:36.813+0000] {dag.py:3441} INFO - Setting next_dagrun for dataset_produces_1 to 2023-01-31T00:00:00+00:00, run_after=2023-02-01T00:00:00+00:00
[2023-02-01T12:03:36.815+0000] {logging_mixin.py:137} INFO - [2023-02-01T12:03:36.815+0000] {dag.py:3441} INFO - Setting next_dagrun for dataset_produces_2 to None, run_after=None
[2023-02-01T12:03:36.860+0000] {processor.py:175} INFO - Processing /home/airflow/.local/lib/python3.7/site-packages/airflow/example_dags/example_datasets.py took 0.184 seconds
[2023-02-01T12:04:06.914+0000] {processor.py:153} INFO - Started process (PID=829) to work on /home/airflow/.local/lib/python3.7/site-packages/airflow/example_dags/example_datasets.py
[2023-02-01T12:04:06.916+0000] {processor.py:743} INFO - Processing file /home/airflow/.local/lib/python3.7/site-packages/airflow/example_dags/example_datasets.py for tasks to queue
[2023-02-01T12:04:06.918+0000] {logging_mixin.py:137} INFO - [2023-02-01T12:04:06.917+0000] {dagbag.py:538} INFO - Filling up the DagBag from /home/airflow/.local/lib/python3.7/site-packages/airflow/example_dags/example_datasets.py
[2023-02-01T12:04:06.938+0000] {processor.py:753} INFO - DAG(s) dict_keys(['dataset_consumes_1', 'dataset_produces_1', 'dataset_consumes_1_never_scheduled', 'dataset_consumes_1_and_2', 'dataset_consumes_unknown_never_scheduled', 'dataset_produces_2']) retrieved from /home/airflow/.local/lib/python3.7/site-packages/airflow/example_dags/example_datasets.py
[2023-02-01T12:04:06.999+0000] {logging_mixin.py:137} INFO - [2023-02-01T12:04:06.999+0000] {dag.py:2690} INFO - Sync 6 DAGs
[2023-02-01T12:04:07.032+0000] {logging_mixin.py:137} INFO - [2023-02-01T12:04:07.032+0000] {dag.py:3441} INFO - Setting next_dagrun for dataset_consumes_1 to None, run_after=None
[2023-02-01T12:04:07.035+0000] {logging_mixin.py:137} INFO - [2023-02-01T12:04:07.035+0000] {dag.py:3441} INFO - Setting next_dagrun for dataset_consumes_1_and_2 to None, run_after=None
[2023-02-01T12:04:07.037+0000] {logging_mixin.py:137} INFO - [2023-02-01T12:04:07.037+0000] {dag.py:3441} INFO - Setting next_dagrun for dataset_consumes_1_never_scheduled to None, run_after=None
[2023-02-01T12:04:07.042+0000] {logging_mixin.py:137} INFO - [2023-02-01T12:04:07.042+0000] {dag.py:3441} INFO - Setting next_dagrun for dataset_consumes_unknown_never_scheduled to None, run_after=None
[2023-02-01T12:04:07.046+0000] {logging_mixin.py:137} INFO - [2023-02-01T12:04:07.046+0000] {dag.py:3441} INFO - Setting next_dagrun for dataset_produces_1 to 2023-01-31T00:00:00+00:00, run_after=2023-02-01T00:00:00+00:00
[2023-02-01T12:04:07.048+0000] {logging_mixin.py:137} INFO - [2023-02-01T12:04:07.048+0000] {dag.py:3441} INFO - Setting next_dagrun for dataset_produces_2 to None, run_after=None
[2023-02-01T12:04:07.084+0000] {processor.py:175} INFO - Processing /home/airflow/.local/lib/python3.7/site-packages/airflow/example_dags/example_datasets.py took 0.180 seconds
[2023-02-01T12:04:37.806+0000] {processor.py:153} INFO - Started process (PID=907) to work on /home/airflow/.local/lib/python3.7/site-packages/airflow/example_dags/example_datasets.py
[2023-02-01T12:04:37.808+0000] {processor.py:743} INFO - Processing file /home/airflow/.local/lib/python3.7/site-packages/airflow/example_dags/example_datasets.py for tasks to queue
[2023-02-01T12:04:37.809+0000] {logging_mixin.py:137} INFO - [2023-02-01T12:04:37.809+0000] {dagbag.py:538} INFO - Filling up the DagBag from /home/airflow/.local/lib/python3.7/site-packages/airflow/example_dags/example_datasets.py
[2023-02-01T12:04:37.826+0000] {processor.py:753} INFO - DAG(s) dict_keys(['dataset_produces_1', 'dataset_consumes_1_never_scheduled', 'dataset_consumes_1_and_2', 'dataset_consumes_unknown_never_scheduled', 'dataset_consumes_1', 'dataset_produces_2']) retrieved from /home/airflow/.local/lib/python3.7/site-packages/airflow/example_dags/example_datasets.py
[2023-02-01T12:04:37.890+0000] {logging_mixin.py:137} INFO - [2023-02-01T12:04:37.890+0000] {dag.py:2690} INFO - Sync 6 DAGs
[2023-02-01T12:04:37.919+0000] {logging_mixin.py:137} INFO - [2023-02-01T12:04:37.919+0000] {dag.py:3441} INFO - Setting next_dagrun for dataset_consumes_1 to None, run_after=None
[2023-02-01T12:04:37.924+0000] {logging_mixin.py:137} INFO - [2023-02-01T12:04:37.924+0000] {dag.py:3441} INFO - Setting next_dagrun for dataset_consumes_1_and_2 to None, run_after=None
[2023-02-01T12:04:37.926+0000] {logging_mixin.py:137} INFO - [2023-02-01T12:04:37.926+0000] {dag.py:3441} INFO - Setting next_dagrun for dataset_consumes_1_never_scheduled to None, run_after=None
[2023-02-01T12:04:37.928+0000] {logging_mixin.py:137} INFO - [2023-02-01T12:04:37.928+0000] {dag.py:3441} INFO - Setting next_dagrun for dataset_consumes_unknown_never_scheduled to None, run_after=None
[2023-02-01T12:04:37.931+0000] {logging_mixin.py:137} INFO - [2023-02-01T12:04:37.931+0000] {dag.py:3441} INFO - Setting next_dagrun for dataset_produces_1 to 2023-01-31T00:00:00+00:00, run_after=2023-02-01T00:00:00+00:00
[2023-02-01T12:04:37.933+0000] {logging_mixin.py:137} INFO - [2023-02-01T12:04:37.933+0000] {dag.py:3441} INFO - Setting next_dagrun for dataset_produces_2 to None, run_after=None
[2023-02-01T12:04:37.994+0000] {processor.py:175} INFO - Processing /home/airflow/.local/lib/python3.7/site-packages/airflow/example_dags/example_datasets.py took 0.192 seconds
[2023-02-01T12:05:08.626+0000] {processor.py:153} INFO - Started process (PID=972) to work on /home/airflow/.local/lib/python3.7/site-packages/airflow/example_dags/example_datasets.py
[2023-02-01T12:05:08.627+0000] {processor.py:743} INFO - Processing file /home/airflow/.local/lib/python3.7/site-packages/airflow/example_dags/example_datasets.py for tasks to queue
[2023-02-01T12:05:08.629+0000] {logging_mixin.py:137} INFO - [2023-02-01T12:05:08.629+0000] {dagbag.py:538} INFO - Filling up the DagBag from /home/airflow/.local/lib/python3.7/site-packages/airflow/example_dags/example_datasets.py
[2023-02-01T12:05:08.649+0000] {processor.py:753} INFO - DAG(s) dict_keys(['dataset_produces_1', 'dataset_consumes_1', 'dataset_consumes_1_never_scheduled', 'dataset_consumes_1_and_2', 'dataset_produces_2', 'dataset_consumes_unknown_never_scheduled']) retrieved from /home/airflow/.local/lib/python3.7/site-packages/airflow/example_dags/example_datasets.py
[2023-02-01T12:05:08.688+0000] {logging_mixin.py:137} INFO - [2023-02-01T12:05:08.688+0000] {dag.py:2690} INFO - Sync 6 DAGs
[2023-02-01T12:05:08.711+0000] {logging_mixin.py:137} INFO - [2023-02-01T12:05:08.711+0000] {dag.py:3441} INFO - Setting next_dagrun for dataset_consumes_1 to None, run_after=None
[2023-02-01T12:05:08.717+0000] {logging_mixin.py:137} INFO - [2023-02-01T12:05:08.717+0000] {dag.py:3441} INFO - Setting next_dagrun for dataset_consumes_1_and_2 to None, run_after=None
[2023-02-01T12:05:08.721+0000] {logging_mixin.py:137} INFO - [2023-02-01T12:05:08.721+0000] {dag.py:3441} INFO - Setting next_dagrun for dataset_consumes_1_never_scheduled to None, run_after=None
[2023-02-01T12:05:08.724+0000] {logging_mixin.py:137} INFO - [2023-02-01T12:05:08.724+0000] {dag.py:3441} INFO - Setting next_dagrun for dataset_consumes_unknown_never_scheduled to None, run_after=None
[2023-02-01T12:05:08.727+0000] {logging_mixin.py:137} INFO - [2023-02-01T12:05:08.727+0000] {dag.py:3441} INFO - Setting next_dagrun for dataset_produces_1 to 2023-01-31T00:00:00+00:00, run_after=2023-02-01T00:00:00+00:00
[2023-02-01T12:05:08.729+0000] {logging_mixin.py:137} INFO - [2023-02-01T12:05:08.729+0000] {dag.py:3441} INFO - Setting next_dagrun for dataset_produces_2 to None, run_after=None
[2023-02-01T12:05:08.764+0000] {processor.py:175} INFO - Processing /home/airflow/.local/lib/python3.7/site-packages/airflow/example_dags/example_datasets.py took 0.143 seconds
[2023-02-01T12:05:39.412+0000] {processor.py:153} INFO - Started process (PID=1051) to work on /home/airflow/.local/lib/python3.7/site-packages/airflow/example_dags/example_datasets.py
[2023-02-01T12:05:39.413+0000] {processor.py:743} INFO - Processing file /home/airflow/.local/lib/python3.7/site-packages/airflow/example_dags/example_datasets.py for tasks to queue
[2023-02-01T12:05:39.414+0000] {logging_mixin.py:137} INFO - [2023-02-01T12:05:39.414+0000] {dagbag.py:538} INFO - Filling up the DagBag from /home/airflow/.local/lib/python3.7/site-packages/airflow/example_dags/example_datasets.py
[2023-02-01T12:05:39.433+0000] {processor.py:753} INFO - DAG(s) dict_keys(['dataset_consumes_1', 'dataset_consumes_1_and_2', 'dataset_consumes_unknown_never_scheduled', 'dataset_produces_1', 'dataset_consumes_1_never_scheduled', 'dataset_produces_2']) retrieved from /home/airflow/.local/lib/python3.7/site-packages/airflow/example_dags/example_datasets.py
[2023-02-01T12:05:39.472+0000] {logging_mixin.py:137} INFO - [2023-02-01T12:05:39.472+0000] {dag.py:2690} INFO - Sync 6 DAGs
[2023-02-01T12:05:39.496+0000] {logging_mixin.py:137} INFO - [2023-02-01T12:05:39.496+0000] {dag.py:3441} INFO - Setting next_dagrun for dataset_consumes_1 to None, run_after=None
[2023-02-01T12:05:39.500+0000] {logging_mixin.py:137} INFO - [2023-02-01T12:05:39.500+0000] {dag.py:3441} INFO - Setting next_dagrun for dataset_consumes_1_and_2 to None, run_after=None
[2023-02-01T12:05:39.502+0000] {logging_mixin.py:137} INFO - [2023-02-01T12:05:39.502+0000] {dag.py:3441} INFO - Setting next_dagrun for dataset_consumes_1_never_scheduled to None, run_after=None
[2023-02-01T12:05:39.503+0000] {logging_mixin.py:137} INFO - [2023-02-01T12:05:39.503+0000] {dag.py:3441} INFO - Setting next_dagrun for dataset_consumes_unknown_never_scheduled to None, run_after=None
[2023-02-01T12:05:39.506+0000] {logging_mixin.py:137} INFO - [2023-02-01T12:05:39.505+0000] {dag.py:3441} INFO - Setting next_dagrun for dataset_produces_1 to 2023-01-31T00:00:00+00:00, run_after=2023-02-01T00:00:00+00:00
[2023-02-01T12:05:39.507+0000] {logging_mixin.py:137} INFO - [2023-02-01T12:05:39.507+0000] {dag.py:3441} INFO - Setting next_dagrun for dataset_produces_2 to None, run_after=None
[2023-02-01T12:05:39.536+0000] {processor.py:175} INFO - Processing /home/airflow/.local/lib/python3.7/site-packages/airflow/example_dags/example_datasets.py took 0.129 seconds
[2023-02-01T12:06:09.914+0000] {processor.py:153} INFO - Started process (PID=1129) to work on /home/airflow/.local/lib/python3.7/site-packages/airflow/example_dags/example_datasets.py
[2023-02-01T12:06:09.916+0000] {processor.py:743} INFO - Processing file /home/airflow/.local/lib/python3.7/site-packages/airflow/example_dags/example_datasets.py for tasks to queue
[2023-02-01T12:06:09.918+0000] {logging_mixin.py:137} INFO - [2023-02-01T12:06:09.918+0000] {dagbag.py:538} INFO - Filling up the DagBag from /home/airflow/.local/lib/python3.7/site-packages/airflow/example_dags/example_datasets.py
[2023-02-01T12:06:09.940+0000] {processor.py:753} INFO - DAG(s) dict_keys(['dataset_produces_1', 'dataset_consumes_1_and_2', 'dataset_consumes_unknown_never_scheduled', 'dataset_consumes_1_never_scheduled', 'dataset_produces_2', 'dataset_consumes_1']) retrieved from /home/airflow/.local/lib/python3.7/site-packages/airflow/example_dags/example_datasets.py
[2023-02-01T12:06:09.982+0000] {logging_mixin.py:137} INFO - [2023-02-01T12:06:09.982+0000] {dag.py:2690} INFO - Sync 6 DAGs
[2023-02-01T12:06:10.011+0000] {logging_mixin.py:137} INFO - [2023-02-01T12:06:10.011+0000] {dag.py:3441} INFO - Setting next_dagrun for dataset_consumes_1 to None, run_after=None
[2023-02-01T12:06:10.016+0000] {logging_mixin.py:137} INFO - [2023-02-01T12:06:10.016+0000] {dag.py:3441} INFO - Setting next_dagrun for dataset_consumes_1_and_2 to None, run_after=None
[2023-02-01T12:06:10.019+0000] {logging_mixin.py:137} INFO - [2023-02-01T12:06:10.018+0000] {dag.py:3441} INFO - Setting next_dagrun for dataset_consumes_1_never_scheduled to None, run_after=None
[2023-02-01T12:06:10.021+0000] {logging_mixin.py:137} INFO - [2023-02-01T12:06:10.021+0000] {dag.py:3441} INFO - Setting next_dagrun for dataset_consumes_unknown_never_scheduled to None, run_after=None
[2023-02-01T12:06:10.024+0000] {logging_mixin.py:137} INFO - [2023-02-01T12:06:10.024+0000] {dag.py:3441} INFO - Setting next_dagrun for dataset_produces_1 to 2023-01-31T00:00:00+00:00, run_after=2023-02-01T00:00:00+00:00
[2023-02-01T12:06:10.025+0000] {logging_mixin.py:137} INFO - [2023-02-01T12:06:10.025+0000] {dag.py:3441} INFO - Setting next_dagrun for dataset_produces_2 to None, run_after=None
[2023-02-01T12:06:10.058+0000] {processor.py:175} INFO - Processing /home/airflow/.local/lib/python3.7/site-packages/airflow/example_dags/example_datasets.py took 0.153 seconds
[2023-02-01T12:06:40.460+0000] {processor.py:153} INFO - Started process (PID=1194) to work on /home/airflow/.local/lib/python3.7/site-packages/airflow/example_dags/example_datasets.py
[2023-02-01T12:06:40.461+0000] {processor.py:743} INFO - Processing file /home/airflow/.local/lib/python3.7/site-packages/airflow/example_dags/example_datasets.py for tasks to queue
[2023-02-01T12:06:40.462+0000] {logging_mixin.py:137} INFO - [2023-02-01T12:06:40.462+0000] {dagbag.py:538} INFO - Filling up the DagBag from /home/airflow/.local/lib/python3.7/site-packages/airflow/example_dags/example_datasets.py
[2023-02-01T12:06:40.480+0000] {processor.py:753} INFO - DAG(s) dict_keys(['dataset_consumes_1_never_scheduled', 'dataset_consumes_unknown_never_scheduled', 'dataset_consumes_1', 'dataset_produces_2', 'dataset_consumes_1_and_2', 'dataset_produces_1']) retrieved from /home/airflow/.local/lib/python3.7/site-packages/airflow/example_dags/example_datasets.py
[2023-02-01T12:06:40.516+0000] {logging_mixin.py:137} INFO - [2023-02-01T12:06:40.516+0000] {dag.py:2690} INFO - Sync 6 DAGs
[2023-02-01T12:06:40.539+0000] {logging_mixin.py:137} INFO - [2023-02-01T12:06:40.539+0000] {dag.py:3441} INFO - Setting next_dagrun for dataset_consumes_1 to None, run_after=None
[2023-02-01T12:06:40.543+0000] {logging_mixin.py:137} INFO - [2023-02-01T12:06:40.543+0000] {dag.py:3441} INFO - Setting next_dagrun for dataset_consumes_1_and_2 to None, run_after=None
[2023-02-01T12:06:40.545+0000] {logging_mixin.py:137} INFO - [2023-02-01T12:06:40.544+0000] {dag.py:3441} INFO - Setting next_dagrun for dataset_consumes_1_never_scheduled to None, run_after=None
[2023-02-01T12:06:40.546+0000] {logging_mixin.py:137} INFO - [2023-02-01T12:06:40.546+0000] {dag.py:3441} INFO - Setting next_dagrun for dataset_consumes_unknown_never_scheduled to None, run_after=None
[2023-02-01T12:06:40.549+0000] {logging_mixin.py:137} INFO - [2023-02-01T12:06:40.549+0000] {dag.py:3441} INFO - Setting next_dagrun for dataset_produces_1 to 2023-01-31T00:00:00+00:00, run_after=2023-02-01T00:00:00+00:00
[2023-02-01T12:06:40.552+0000] {logging_mixin.py:137} INFO - [2023-02-01T12:06:40.551+0000] {dag.py:3441} INFO - Setting next_dagrun for dataset_produces_2 to None, run_after=None
[2023-02-01T12:06:40.587+0000] {processor.py:175} INFO - Processing /home/airflow/.local/lib/python3.7/site-packages/airflow/example_dags/example_datasets.py took 0.132 seconds
[2023-02-01T12:07:11.598+0000] {processor.py:153} INFO - Started process (PID=1271) to work on /home/airflow/.local/lib/python3.7/site-packages/airflow/example_dags/example_datasets.py
[2023-02-01T12:07:11.602+0000] {processor.py:743} INFO - Processing file /home/airflow/.local/lib/python3.7/site-packages/airflow/example_dags/example_datasets.py for tasks to queue
[2023-02-01T12:07:11.604+0000] {logging_mixin.py:137} INFO - [2023-02-01T12:07:11.604+0000] {dagbag.py:538} INFO - Filling up the DagBag from /home/airflow/.local/lib/python3.7/site-packages/airflow/example_dags/example_datasets.py
[2023-02-01T12:07:11.633+0000] {processor.py:753} INFO - DAG(s) dict_keys(['dataset_consumes_unknown_never_scheduled', 'dataset_consumes_1_never_scheduled', 'dataset_produces_1', 'dataset_consumes_1_and_2', 'dataset_consumes_1', 'dataset_produces_2']) retrieved from /home/airflow/.local/lib/python3.7/site-packages/airflow/example_dags/example_datasets.py
[2023-02-01T12:07:11.677+0000] {logging_mixin.py:137} INFO - [2023-02-01T12:07:11.676+0000] {dag.py:2690} INFO - Sync 6 DAGs
[2023-02-01T12:07:11.701+0000] {logging_mixin.py:137} INFO - [2023-02-01T12:07:11.701+0000] {dag.py:3441} INFO - Setting next_dagrun for dataset_consumes_1 to None, run_after=None
[2023-02-01T12:07:11.705+0000] {logging_mixin.py:137} INFO - [2023-02-01T12:07:11.705+0000] {dag.py:3441} INFO - Setting next_dagrun for dataset_consumes_1_and_2 to None, run_after=None
[2023-02-01T12:07:11.707+0000] {logging_mixin.py:137} INFO - [2023-02-01T12:07:11.707+0000] {dag.py:3441} INFO - Setting next_dagrun for dataset_consumes_1_never_scheduled to None, run_after=None
[2023-02-01T12:07:11.708+0000] {logging_mixin.py:137} INFO - [2023-02-01T12:07:11.708+0000] {dag.py:3441} INFO - Setting next_dagrun for dataset_consumes_unknown_never_scheduled to None, run_after=None
[2023-02-01T12:07:11.711+0000] {logging_mixin.py:137} INFO - [2023-02-01T12:07:11.711+0000] {dag.py:3441} INFO - Setting next_dagrun for dataset_produces_1 to 2023-01-31T00:00:00+00:00, run_after=2023-02-01T00:00:00+00:00
[2023-02-01T12:07:11.713+0000] {logging_mixin.py:137} INFO - [2023-02-01T12:07:11.713+0000] {dag.py:3441} INFO - Setting next_dagrun for dataset_produces_2 to None, run_after=None
[2023-02-01T12:07:11.745+0000] {processor.py:175} INFO - Processing /home/airflow/.local/lib/python3.7/site-packages/airflow/example_dags/example_datasets.py took 0.158 seconds
[2023-02-01T12:07:42.469+0000] {processor.py:153} INFO - Started process (PID=1344) to work on /home/airflow/.local/lib/python3.7/site-packages/airflow/example_dags/example_datasets.py
[2023-02-01T12:07:42.470+0000] {processor.py:743} INFO - Processing file /home/airflow/.local/lib/python3.7/site-packages/airflow/example_dags/example_datasets.py for tasks to queue
[2023-02-01T12:07:42.472+0000] {logging_mixin.py:137} INFO - [2023-02-01T12:07:42.472+0000] {dagbag.py:538} INFO - Filling up the DagBag from /home/airflow/.local/lib/python3.7/site-packages/airflow/example_dags/example_datasets.py
[2023-02-01T12:07:42.494+0000] {processor.py:753} INFO - DAG(s) dict_keys(['dataset_consumes_1_never_scheduled', 'dataset_produces_2', 'dataset_consumes_1', 'dataset_produces_1', 'dataset_consumes_1_and_2', 'dataset_consumes_unknown_never_scheduled']) retrieved from /home/airflow/.local/lib/python3.7/site-packages/airflow/example_dags/example_datasets.py
[2023-02-01T12:07:42.558+0000] {logging_mixin.py:137} INFO - [2023-02-01T12:07:42.558+0000] {dag.py:2690} INFO - Sync 6 DAGs
[2023-02-01T12:07:42.605+0000] {logging_mixin.py:137} INFO - [2023-02-01T12:07:42.605+0000] {dag.py:3441} INFO - Setting next_dagrun for dataset_consumes_1 to None, run_after=None
[2023-02-01T12:07:42.612+0000] {logging_mixin.py:137} INFO - [2023-02-01T12:07:42.612+0000] {dag.py:3441} INFO - Setting next_dagrun for dataset_consumes_1_and_2 to None, run_after=None
[2023-02-01T12:07:42.615+0000] {logging_mixin.py:137} INFO - [2023-02-01T12:07:42.615+0000] {dag.py:3441} INFO - Setting next_dagrun for dataset_consumes_1_never_scheduled to None, run_after=None
[2023-02-01T12:07:42.618+0000] {logging_mixin.py:137} INFO - [2023-02-01T12:07:42.618+0000] {dag.py:3441} INFO - Setting next_dagrun for dataset_consumes_unknown_never_scheduled to None, run_after=None
[2023-02-01T12:07:42.622+0000] {logging_mixin.py:137} INFO - [2023-02-01T12:07:42.622+0000] {dag.py:3441} INFO - Setting next_dagrun for dataset_produces_1 to 2023-01-31T00:00:00+00:00, run_after=2023-02-01T00:00:00+00:00
[2023-02-01T12:07:42.626+0000] {logging_mixin.py:137} INFO - [2023-02-01T12:07:42.626+0000] {dag.py:3441} INFO - Setting next_dagrun for dataset_produces_2 to None, run_after=None
[2023-02-01T12:07:42.659+0000] {processor.py:175} INFO - Processing /home/airflow/.local/lib/python3.7/site-packages/airflow/example_dags/example_datasets.py took 0.194 seconds
