[2023-02-01T11:58:32.958+0000] {processor.py:153} INFO - Started process (PID=71) to work on /home/airflow/.local/lib/python3.7/site-packages/airflow/example_dags/example_short_circuit_decorator.py
[2023-02-01T11:58:32.974+0000] {processor.py:743} INFO - Processing file /home/airflow/.local/lib/python3.7/site-packages/airflow/example_dags/example_short_circuit_decorator.py for tasks to queue
[2023-02-01T11:58:32.982+0000] {logging_mixin.py:137} INFO - [2023-02-01T11:58:32.981+0000] {dagbag.py:538} INFO - Filling up the DagBag from /home/airflow/.local/lib/python3.7/site-packages/airflow/example_dags/example_short_circuit_decorator.py
[2023-02-01T11:58:33.084+0000] {processor.py:753} INFO - DAG(s) dict_keys(['example_short_circuit_decorator']) retrieved from /home/airflow/.local/lib/python3.7/site-packages/airflow/example_dags/example_short_circuit_decorator.py
[2023-02-01T11:58:33.112+0000] {logging_mixin.py:137} INFO - [2023-02-01T11:58:33.112+0000] {dag.py:2690} INFO - Sync 1 DAGs
[2023-02-01T11:58:33.139+0000] {logging_mixin.py:137} INFO - [2023-02-01T11:58:33.139+0000] {dag.py:3441} INFO - Setting next_dagrun for example_short_circuit_decorator to 2023-01-31T11:58:33.139563+00:00, run_after=2023-02-01T11:58:33.139563+00:00
[2023-02-01T11:58:33.228+0000] {processor.py:175} INFO - Processing /home/airflow/.local/lib/python3.7/site-packages/airflow/example_dags/example_short_circuit_decorator.py took 0.273 seconds
[2023-02-01T11:59:03.404+0000] {processor.py:153} INFO - Started process (PID=139) to work on /home/airflow/.local/lib/python3.7/site-packages/airflow/example_dags/example_short_circuit_decorator.py
[2023-02-01T11:59:03.405+0000] {processor.py:743} INFO - Processing file /home/airflow/.local/lib/python3.7/site-packages/airflow/example_dags/example_short_circuit_decorator.py for tasks to queue
[2023-02-01T11:59:03.406+0000] {logging_mixin.py:137} INFO - [2023-02-01T11:59:03.405+0000] {dagbag.py:538} INFO - Filling up the DagBag from /home/airflow/.local/lib/python3.7/site-packages/airflow/example_dags/example_short_circuit_decorator.py
[2023-02-01T11:59:03.429+0000] {processor.py:753} INFO - DAG(s) dict_keys(['example_short_circuit_decorator']) retrieved from /home/airflow/.local/lib/python3.7/site-packages/airflow/example_dags/example_short_circuit_decorator.py
[2023-02-01T11:59:03.455+0000] {logging_mixin.py:137} INFO - [2023-02-01T11:59:03.455+0000] {dag.py:2690} INFO - Sync 1 DAGs
[2023-02-01T11:59:03.478+0000] {logging_mixin.py:137} INFO - [2023-02-01T11:59:03.478+0000] {dag.py:3441} INFO - Setting next_dagrun for example_short_circuit_decorator to 2023-01-31T11:59:03.478548+00:00, run_after=2023-02-01T11:59:03.478548+00:00
[2023-02-01T11:59:03.495+0000] {processor.py:175} INFO - Processing /home/airflow/.local/lib/python3.7/site-packages/airflow/example_dags/example_short_circuit_decorator.py took 0.095 seconds
[2023-02-01T11:59:34.409+0000] {processor.py:153} INFO - Started process (PID=218) to work on /home/airflow/.local/lib/python3.7/site-packages/airflow/example_dags/example_short_circuit_decorator.py
[2023-02-01T11:59:34.410+0000] {processor.py:743} INFO - Processing file /home/airflow/.local/lib/python3.7/site-packages/airflow/example_dags/example_short_circuit_decorator.py for tasks to queue
[2023-02-01T11:59:34.411+0000] {logging_mixin.py:137} INFO - [2023-02-01T11:59:34.411+0000] {dagbag.py:538} INFO - Filling up the DagBag from /home/airflow/.local/lib/python3.7/site-packages/airflow/example_dags/example_short_circuit_decorator.py
[2023-02-01T11:59:34.433+0000] {processor.py:753} INFO - DAG(s) dict_keys(['example_short_circuit_decorator']) retrieved from /home/airflow/.local/lib/python3.7/site-packages/airflow/example_dags/example_short_circuit_decorator.py
[2023-02-01T11:59:34.455+0000] {logging_mixin.py:137} INFO - [2023-02-01T11:59:34.455+0000] {dag.py:2690} INFO - Sync 1 DAGs
[2023-02-01T11:59:34.481+0000] {logging_mixin.py:137} INFO - [2023-02-01T11:59:34.481+0000] {dag.py:3441} INFO - Setting next_dagrun for example_short_circuit_decorator to 2023-01-31T11:59:34.480891+00:00, run_after=2023-02-01T11:59:34.480891+00:00
[2023-02-01T11:59:34.496+0000] {processor.py:175} INFO - Processing /home/airflow/.local/lib/python3.7/site-packages/airflow/example_dags/example_short_circuit_decorator.py took 0.090 seconds
[2023-02-01T12:00:05.055+0000] {processor.py:153} INFO - Started process (PID=284) to work on /home/airflow/.local/lib/python3.7/site-packages/airflow/example_dags/example_short_circuit_decorator.py
[2023-02-01T12:00:05.056+0000] {processor.py:743} INFO - Processing file /home/airflow/.local/lib/python3.7/site-packages/airflow/example_dags/example_short_circuit_decorator.py for tasks to queue
[2023-02-01T12:00:05.057+0000] {logging_mixin.py:137} INFO - [2023-02-01T12:00:05.057+0000] {dagbag.py:538} INFO - Filling up the DagBag from /home/airflow/.local/lib/python3.7/site-packages/airflow/example_dags/example_short_circuit_decorator.py
[2023-02-01T12:00:05.081+0000] {processor.py:753} INFO - DAG(s) dict_keys(['example_short_circuit_decorator']) retrieved from /home/airflow/.local/lib/python3.7/site-packages/airflow/example_dags/example_short_circuit_decorator.py
[2023-02-01T12:00:05.107+0000] {logging_mixin.py:137} INFO - [2023-02-01T12:00:05.107+0000] {dag.py:2690} INFO - Sync 1 DAGs
[2023-02-01T12:00:05.130+0000] {logging_mixin.py:137} INFO - [2023-02-01T12:00:05.129+0000] {dag.py:3441} INFO - Setting next_dagrun for example_short_circuit_decorator to 2023-01-31T12:00:05.129732+00:00, run_after=2023-02-01T12:00:05.129732+00:00
[2023-02-01T12:00:05.148+0000] {processor.py:175} INFO - Processing /home/airflow/.local/lib/python3.7/site-packages/airflow/example_dags/example_short_circuit_decorator.py took 0.097 seconds
[2023-02-01T12:00:35.899+0000] {processor.py:153} INFO - Started process (PID=362) to work on /home/airflow/.local/lib/python3.7/site-packages/airflow/example_dags/example_short_circuit_decorator.py
[2023-02-01T12:00:35.901+0000] {processor.py:743} INFO - Processing file /home/airflow/.local/lib/python3.7/site-packages/airflow/example_dags/example_short_circuit_decorator.py for tasks to queue
[2023-02-01T12:00:35.902+0000] {logging_mixin.py:137} INFO - [2023-02-01T12:00:35.902+0000] {dagbag.py:538} INFO - Filling up the DagBag from /home/airflow/.local/lib/python3.7/site-packages/airflow/example_dags/example_short_circuit_decorator.py
[2023-02-01T12:00:35.929+0000] {processor.py:753} INFO - DAG(s) dict_keys(['example_short_circuit_decorator']) retrieved from /home/airflow/.local/lib/python3.7/site-packages/airflow/example_dags/example_short_circuit_decorator.py
[2023-02-01T12:00:35.953+0000] {logging_mixin.py:137} INFO - [2023-02-01T12:00:35.952+0000] {dag.py:2690} INFO - Sync 1 DAGs
[2023-02-01T12:00:35.981+0000] {logging_mixin.py:137} INFO - [2023-02-01T12:00:35.981+0000] {dag.py:3441} INFO - Setting next_dagrun for example_short_circuit_decorator to 2023-01-31T12:00:35.981175+00:00, run_after=2023-02-01T12:00:35.981175+00:00
[2023-02-01T12:00:35.998+0000] {processor.py:175} INFO - Processing /home/airflow/.local/lib/python3.7/site-packages/airflow/example_dags/example_short_circuit_decorator.py took 0.103 seconds
[2023-02-01T12:01:06.583+0000] {processor.py:153} INFO - Started process (PID=427) to work on /home/airflow/.local/lib/python3.7/site-packages/airflow/example_dags/example_short_circuit_decorator.py
[2023-02-01T12:01:06.585+0000] {processor.py:743} INFO - Processing file /home/airflow/.local/lib/python3.7/site-packages/airflow/example_dags/example_short_circuit_decorator.py for tasks to queue
[2023-02-01T12:01:06.586+0000] {logging_mixin.py:137} INFO - [2023-02-01T12:01:06.586+0000] {dagbag.py:538} INFO - Filling up the DagBag from /home/airflow/.local/lib/python3.7/site-packages/airflow/example_dags/example_short_circuit_decorator.py
[2023-02-01T12:01:06.621+0000] {processor.py:753} INFO - DAG(s) dict_keys(['example_short_circuit_decorator']) retrieved from /home/airflow/.local/lib/python3.7/site-packages/airflow/example_dags/example_short_circuit_decorator.py
[2023-02-01T12:01:06.660+0000] {logging_mixin.py:137} INFO - [2023-02-01T12:01:06.660+0000] {dag.py:2690} INFO - Sync 1 DAGs
[2023-02-01T12:01:06.699+0000] {logging_mixin.py:137} INFO - [2023-02-01T12:01:06.698+0000] {dag.py:3441} INFO - Setting next_dagrun for example_short_circuit_decorator to 2023-01-31T12:01:06.698416+00:00, run_after=2023-02-01T12:01:06.698416+00:00
[2023-02-01T12:01:06.719+0000] {processor.py:175} INFO - Processing /home/airflow/.local/lib/python3.7/site-packages/airflow/example_dags/example_short_circuit_decorator.py took 0.140 seconds
[2023-02-01T12:01:37.568+0000] {processor.py:153} INFO - Started process (PID=506) to work on /home/airflow/.local/lib/python3.7/site-packages/airflow/example_dags/example_short_circuit_decorator.py
[2023-02-01T12:01:37.569+0000] {processor.py:743} INFO - Processing file /home/airflow/.local/lib/python3.7/site-packages/airflow/example_dags/example_short_circuit_decorator.py for tasks to queue
[2023-02-01T12:01:37.570+0000] {logging_mixin.py:137} INFO - [2023-02-01T12:01:37.570+0000] {dagbag.py:538} INFO - Filling up the DagBag from /home/airflow/.local/lib/python3.7/site-packages/airflow/example_dags/example_short_circuit_decorator.py
[2023-02-01T12:01:37.599+0000] {processor.py:753} INFO - DAG(s) dict_keys(['example_short_circuit_decorator']) retrieved from /home/airflow/.local/lib/python3.7/site-packages/airflow/example_dags/example_short_circuit_decorator.py
[2023-02-01T12:01:37.626+0000] {logging_mixin.py:137} INFO - [2023-02-01T12:01:37.626+0000] {dag.py:2690} INFO - Sync 1 DAGs
[2023-02-01T12:01:37.652+0000] {logging_mixin.py:137} INFO - [2023-02-01T12:01:37.652+0000] {dag.py:3441} INFO - Setting next_dagrun for example_short_circuit_decorator to 2023-01-31T12:01:37.652068+00:00, run_after=2023-02-01T12:01:37.652068+00:00
[2023-02-01T12:01:37.680+0000] {processor.py:175} INFO - Processing /home/airflow/.local/lib/python3.7/site-packages/airflow/example_dags/example_short_circuit_decorator.py took 0.117 seconds
[2023-02-01T12:02:09.078+0000] {processor.py:153} INFO - Started process (PID=583) to work on /home/airflow/.local/lib/python3.7/site-packages/airflow/example_dags/example_short_circuit_decorator.py
[2023-02-01T12:02:09.079+0000] {processor.py:743} INFO - Processing file /home/airflow/.local/lib/python3.7/site-packages/airflow/example_dags/example_short_circuit_decorator.py for tasks to queue
[2023-02-01T12:02:09.082+0000] {logging_mixin.py:137} INFO - [2023-02-01T12:02:09.081+0000] {dagbag.py:538} INFO - Filling up the DagBag from /home/airflow/.local/lib/python3.7/site-packages/airflow/example_dags/example_short_circuit_decorator.py
[2023-02-01T12:02:09.117+0000] {processor.py:753} INFO - DAG(s) dict_keys(['example_short_circuit_decorator']) retrieved from /home/airflow/.local/lib/python3.7/site-packages/airflow/example_dags/example_short_circuit_decorator.py
[2023-02-01T12:02:09.153+0000] {logging_mixin.py:137} INFO - [2023-02-01T12:02:09.153+0000] {dag.py:2690} INFO - Sync 1 DAGs
[2023-02-01T12:02:09.185+0000] {logging_mixin.py:137} INFO - [2023-02-01T12:02:09.185+0000] {dag.py:3441} INFO - Setting next_dagrun for example_short_circuit_decorator to 2023-01-31T12:02:09.185529+00:00, run_after=2023-02-01T12:02:09.185529+00:00
[2023-02-01T12:02:09.209+0000] {processor.py:175} INFO - Processing /home/airflow/.local/lib/python3.7/site-packages/airflow/example_dags/example_short_circuit_decorator.py took 0.136 seconds
[2023-02-01T12:02:39.399+0000] {processor.py:153} INFO - Started process (PID=648) to work on /home/airflow/.local/lib/python3.7/site-packages/airflow/example_dags/example_short_circuit_decorator.py
[2023-02-01T12:02:39.400+0000] {processor.py:743} INFO - Processing file /home/airflow/.local/lib/python3.7/site-packages/airflow/example_dags/example_short_circuit_decorator.py for tasks to queue
[2023-02-01T12:02:39.401+0000] {logging_mixin.py:137} INFO - [2023-02-01T12:02:39.401+0000] {dagbag.py:538} INFO - Filling up the DagBag from /home/airflow/.local/lib/python3.7/site-packages/airflow/example_dags/example_short_circuit_decorator.py
[2023-02-01T12:02:39.426+0000] {processor.py:753} INFO - DAG(s) dict_keys(['example_short_circuit_decorator']) retrieved from /home/airflow/.local/lib/python3.7/site-packages/airflow/example_dags/example_short_circuit_decorator.py
[2023-02-01T12:02:39.462+0000] {logging_mixin.py:137} INFO - [2023-02-01T12:02:39.462+0000] {dag.py:2690} INFO - Sync 1 DAGs
[2023-02-01T12:02:39.501+0000] {logging_mixin.py:137} INFO - [2023-02-01T12:02:39.501+0000] {dag.py:3441} INFO - Setting next_dagrun for example_short_circuit_decorator to 2023-01-31T12:02:39.500920+00:00, run_after=2023-02-01T12:02:39.500920+00:00
[2023-02-01T12:02:39.536+0000] {processor.py:175} INFO - Processing /home/airflow/.local/lib/python3.7/site-packages/airflow/example_dags/example_short_circuit_decorator.py took 0.140 seconds
[2023-02-01T12:03:09.662+0000] {processor.py:153} INFO - Started process (PID=727) to work on /home/airflow/.local/lib/python3.7/site-packages/airflow/example_dags/example_short_circuit_decorator.py
[2023-02-01T12:03:09.663+0000] {processor.py:743} INFO - Processing file /home/airflow/.local/lib/python3.7/site-packages/airflow/example_dags/example_short_circuit_decorator.py for tasks to queue
[2023-02-01T12:03:09.664+0000] {logging_mixin.py:137} INFO - [2023-02-01T12:03:09.664+0000] {dagbag.py:538} INFO - Filling up the DagBag from /home/airflow/.local/lib/python3.7/site-packages/airflow/example_dags/example_short_circuit_decorator.py
[2023-02-01T12:03:09.688+0000] {processor.py:753} INFO - DAG(s) dict_keys(['example_short_circuit_decorator']) retrieved from /home/airflow/.local/lib/python3.7/site-packages/airflow/example_dags/example_short_circuit_decorator.py
[2023-02-01T12:03:09.713+0000] {logging_mixin.py:137} INFO - [2023-02-01T12:03:09.713+0000] {dag.py:2690} INFO - Sync 1 DAGs
[2023-02-01T12:03:09.738+0000] {logging_mixin.py:137} INFO - [2023-02-01T12:03:09.738+0000] {dag.py:3441} INFO - Setting next_dagrun for example_short_circuit_decorator to 2023-01-31T12:03:09.738276+00:00, run_after=2023-02-01T12:03:09.738276+00:00
[2023-02-01T12:03:09.757+0000] {processor.py:175} INFO - Processing /home/airflow/.local/lib/python3.7/site-packages/airflow/example_dags/example_short_circuit_decorator.py took 0.099 seconds
[2023-02-01T12:03:40.605+0000] {processor.py:153} INFO - Started process (PID=792) to work on /home/airflow/.local/lib/python3.7/site-packages/airflow/example_dags/example_short_circuit_decorator.py
[2023-02-01T12:03:40.606+0000] {processor.py:743} INFO - Processing file /home/airflow/.local/lib/python3.7/site-packages/airflow/example_dags/example_short_circuit_decorator.py for tasks to queue
[2023-02-01T12:03:40.608+0000] {logging_mixin.py:137} INFO - [2023-02-01T12:03:40.607+0000] {dagbag.py:538} INFO - Filling up the DagBag from /home/airflow/.local/lib/python3.7/site-packages/airflow/example_dags/example_short_circuit_decorator.py
[2023-02-01T12:03:40.640+0000] {processor.py:753} INFO - DAG(s) dict_keys(['example_short_circuit_decorator']) retrieved from /home/airflow/.local/lib/python3.7/site-packages/airflow/example_dags/example_short_circuit_decorator.py
[2023-02-01T12:03:40.686+0000] {logging_mixin.py:137} INFO - [2023-02-01T12:03:40.686+0000] {dag.py:2690} INFO - Sync 1 DAGs
[2023-02-01T12:03:40.721+0000] {logging_mixin.py:137} INFO - [2023-02-01T12:03:40.721+0000] {dag.py:3441} INFO - Setting next_dagrun for example_short_circuit_decorator to 2023-01-31T12:03:40.721252+00:00, run_after=2023-02-01T12:03:40.721252+00:00
[2023-02-01T12:03:40.750+0000] {processor.py:175} INFO - Processing /home/airflow/.local/lib/python3.7/site-packages/airflow/example_dags/example_short_circuit_decorator.py took 0.149 seconds
[2023-02-01T12:04:11.786+0000] {processor.py:153} INFO - Started process (PID=869) to work on /home/airflow/.local/lib/python3.7/site-packages/airflow/example_dags/example_short_circuit_decorator.py
[2023-02-01T12:04:11.787+0000] {processor.py:743} INFO - Processing file /home/airflow/.local/lib/python3.7/site-packages/airflow/example_dags/example_short_circuit_decorator.py for tasks to queue
[2023-02-01T12:04:11.788+0000] {logging_mixin.py:137} INFO - [2023-02-01T12:04:11.788+0000] {dagbag.py:538} INFO - Filling up the DagBag from /home/airflow/.local/lib/python3.7/site-packages/airflow/example_dags/example_short_circuit_decorator.py
[2023-02-01T12:04:11.825+0000] {processor.py:753} INFO - DAG(s) dict_keys(['example_short_circuit_decorator']) retrieved from /home/airflow/.local/lib/python3.7/site-packages/airflow/example_dags/example_short_circuit_decorator.py
[2023-02-01T12:04:11.866+0000] {logging_mixin.py:137} INFO - [2023-02-01T12:04:11.865+0000] {dag.py:2690} INFO - Sync 1 DAGs
[2023-02-01T12:04:11.907+0000] {logging_mixin.py:137} INFO - [2023-02-01T12:04:11.906+0000] {dag.py:3441} INFO - Setting next_dagrun for example_short_circuit_decorator to 2023-01-31T12:04:11.906449+00:00, run_after=2023-02-01T12:04:11.906449+00:00
[2023-02-01T12:04:11.929+0000] {processor.py:175} INFO - Processing /home/airflow/.local/lib/python3.7/site-packages/airflow/example_dags/example_short_circuit_decorator.py took 0.147 seconds
[2023-02-01T12:04:42.708+0000] {processor.py:153} INFO - Started process (PID=934) to work on /home/airflow/.local/lib/python3.7/site-packages/airflow/example_dags/example_short_circuit_decorator.py
[2023-02-01T12:04:42.709+0000] {processor.py:743} INFO - Processing file /home/airflow/.local/lib/python3.7/site-packages/airflow/example_dags/example_short_circuit_decorator.py for tasks to queue
[2023-02-01T12:04:42.710+0000] {logging_mixin.py:137} INFO - [2023-02-01T12:04:42.710+0000] {dagbag.py:538} INFO - Filling up the DagBag from /home/airflow/.local/lib/python3.7/site-packages/airflow/example_dags/example_short_circuit_decorator.py
[2023-02-01T12:04:42.736+0000] {processor.py:753} INFO - DAG(s) dict_keys(['example_short_circuit_decorator']) retrieved from /home/airflow/.local/lib/python3.7/site-packages/airflow/example_dags/example_short_circuit_decorator.py
[2023-02-01T12:04:42.760+0000] {logging_mixin.py:137} INFO - [2023-02-01T12:04:42.760+0000] {dag.py:2690} INFO - Sync 1 DAGs
[2023-02-01T12:04:42.782+0000] {logging_mixin.py:137} INFO - [2023-02-01T12:04:42.782+0000] {dag.py:3441} INFO - Setting next_dagrun for example_short_circuit_decorator to 2023-01-31T12:04:42.782464+00:00, run_after=2023-02-01T12:04:42.782464+00:00
[2023-02-01T12:04:42.801+0000] {processor.py:175} INFO - Processing /home/airflow/.local/lib/python3.7/site-packages/airflow/example_dags/example_short_circuit_decorator.py took 0.097 seconds
[2023-02-01T12:05:13.416+0000] {processor.py:153} INFO - Started process (PID=1013) to work on /home/airflow/.local/lib/python3.7/site-packages/airflow/example_dags/example_short_circuit_decorator.py
[2023-02-01T12:05:13.418+0000] {processor.py:743} INFO - Processing file /home/airflow/.local/lib/python3.7/site-packages/airflow/example_dags/example_short_circuit_decorator.py for tasks to queue
[2023-02-01T12:05:13.420+0000] {logging_mixin.py:137} INFO - [2023-02-01T12:05:13.419+0000] {dagbag.py:538} INFO - Filling up the DagBag from /home/airflow/.local/lib/python3.7/site-packages/airflow/example_dags/example_short_circuit_decorator.py
[2023-02-01T12:05:13.463+0000] {processor.py:753} INFO - DAG(s) dict_keys(['example_short_circuit_decorator']) retrieved from /home/airflow/.local/lib/python3.7/site-packages/airflow/example_dags/example_short_circuit_decorator.py
[2023-02-01T12:05:13.504+0000] {logging_mixin.py:137} INFO - [2023-02-01T12:05:13.504+0000] {dag.py:2690} INFO - Sync 1 DAGs
[2023-02-01T12:05:13.533+0000] {logging_mixin.py:137} INFO - [2023-02-01T12:05:13.533+0000] {dag.py:3441} INFO - Setting next_dagrun for example_short_circuit_decorator to 2023-01-31T12:05:13.533402+00:00, run_after=2023-02-01T12:05:13.533402+00:00
[2023-02-01T12:05:13.574+0000] {processor.py:175} INFO - Processing /home/airflow/.local/lib/python3.7/site-packages/airflow/example_dags/example_short_circuit_decorator.py took 0.161 seconds
[2023-02-01T12:05:44.088+0000] {processor.py:153} INFO - Started process (PID=1078) to work on /home/airflow/.local/lib/python3.7/site-packages/airflow/example_dags/example_short_circuit_decorator.py
[2023-02-01T12:05:44.089+0000] {processor.py:743} INFO - Processing file /home/airflow/.local/lib/python3.7/site-packages/airflow/example_dags/example_short_circuit_decorator.py for tasks to queue
[2023-02-01T12:05:44.090+0000] {logging_mixin.py:137} INFO - [2023-02-01T12:05:44.090+0000] {dagbag.py:538} INFO - Filling up the DagBag from /home/airflow/.local/lib/python3.7/site-packages/airflow/example_dags/example_short_circuit_decorator.py
[2023-02-01T12:05:44.120+0000] {processor.py:753} INFO - DAG(s) dict_keys(['example_short_circuit_decorator']) retrieved from /home/airflow/.local/lib/python3.7/site-packages/airflow/example_dags/example_short_circuit_decorator.py
[2023-02-01T12:05:44.151+0000] {logging_mixin.py:137} INFO - [2023-02-01T12:05:44.151+0000] {dag.py:2690} INFO - Sync 1 DAGs
[2023-02-01T12:05:44.184+0000] {logging_mixin.py:137} INFO - [2023-02-01T12:05:44.183+0000] {dag.py:3441} INFO - Setting next_dagrun for example_short_circuit_decorator to 2023-01-31T12:05:44.183520+00:00, run_after=2023-02-01T12:05:44.183520+00:00
[2023-02-01T12:05:44.205+0000] {processor.py:175} INFO - Processing /home/airflow/.local/lib/python3.7/site-packages/airflow/example_dags/example_short_circuit_decorator.py took 0.120 seconds
[2023-02-01T12:06:14.633+0000] {processor.py:153} INFO - Started process (PID=1156) to work on /home/airflow/.local/lib/python3.7/site-packages/airflow/example_dags/example_short_circuit_decorator.py
[2023-02-01T12:06:14.635+0000] {processor.py:743} INFO - Processing file /home/airflow/.local/lib/python3.7/site-packages/airflow/example_dags/example_short_circuit_decorator.py for tasks to queue
[2023-02-01T12:06:14.637+0000] {logging_mixin.py:137} INFO - [2023-02-01T12:06:14.636+0000] {dagbag.py:538} INFO - Filling up the DagBag from /home/airflow/.local/lib/python3.7/site-packages/airflow/example_dags/example_short_circuit_decorator.py
[2023-02-01T12:06:14.671+0000] {processor.py:753} INFO - DAG(s) dict_keys(['example_short_circuit_decorator']) retrieved from /home/airflow/.local/lib/python3.7/site-packages/airflow/example_dags/example_short_circuit_decorator.py
[2023-02-01T12:06:14.694+0000] {logging_mixin.py:137} INFO - [2023-02-01T12:06:14.694+0000] {dag.py:2690} INFO - Sync 1 DAGs
[2023-02-01T12:06:14.715+0000] {logging_mixin.py:137} INFO - [2023-02-01T12:06:14.715+0000] {dag.py:3441} INFO - Setting next_dagrun for example_short_circuit_decorator to 2023-01-31T12:06:14.715503+00:00, run_after=2023-02-01T12:06:14.715503+00:00
[2023-02-01T12:06:14.732+0000] {processor.py:175} INFO - Processing /home/airflow/.local/lib/python3.7/site-packages/airflow/example_dags/example_short_circuit_decorator.py took 0.103 seconds
[2023-02-01T12:06:45.560+0000] {processor.py:153} INFO - Started process (PID=1234) to work on /home/airflow/.local/lib/python3.7/site-packages/airflow/example_dags/example_short_circuit_decorator.py
[2023-02-01T12:06:45.562+0000] {processor.py:743} INFO - Processing file /home/airflow/.local/lib/python3.7/site-packages/airflow/example_dags/example_short_circuit_decorator.py for tasks to queue
[2023-02-01T12:06:45.563+0000] {logging_mixin.py:137} INFO - [2023-02-01T12:06:45.562+0000] {dagbag.py:538} INFO - Filling up the DagBag from /home/airflow/.local/lib/python3.7/site-packages/airflow/example_dags/example_short_circuit_decorator.py
[2023-02-01T12:06:45.586+0000] {processor.py:753} INFO - DAG(s) dict_keys(['example_short_circuit_decorator']) retrieved from /home/airflow/.local/lib/python3.7/site-packages/airflow/example_dags/example_short_circuit_decorator.py
[2023-02-01T12:06:45.612+0000] {logging_mixin.py:137} INFO - [2023-02-01T12:06:45.612+0000] {dag.py:2690} INFO - Sync 1 DAGs
[2023-02-01T12:06:45.637+0000] {logging_mixin.py:137} INFO - [2023-02-01T12:06:45.637+0000] {dag.py:3441} INFO - Setting next_dagrun for example_short_circuit_decorator to 2023-01-31T12:06:45.637560+00:00, run_after=2023-02-01T12:06:45.637560+00:00
[2023-02-01T12:06:45.661+0000] {processor.py:175} INFO - Processing /home/airflow/.local/lib/python3.7/site-packages/airflow/example_dags/example_short_circuit_decorator.py took 0.105 seconds
[2023-02-01T12:07:16.568+0000] {processor.py:153} INFO - Started process (PID=1298) to work on /home/airflow/.local/lib/python3.7/site-packages/airflow/example_dags/example_short_circuit_decorator.py
[2023-02-01T12:07:16.569+0000] {processor.py:743} INFO - Processing file /home/airflow/.local/lib/python3.7/site-packages/airflow/example_dags/example_short_circuit_decorator.py for tasks to queue
[2023-02-01T12:07:16.570+0000] {logging_mixin.py:137} INFO - [2023-02-01T12:07:16.570+0000] {dagbag.py:538} INFO - Filling up the DagBag from /home/airflow/.local/lib/python3.7/site-packages/airflow/example_dags/example_short_circuit_decorator.py
[2023-02-01T12:07:16.596+0000] {processor.py:753} INFO - DAG(s) dict_keys(['example_short_circuit_decorator']) retrieved from /home/airflow/.local/lib/python3.7/site-packages/airflow/example_dags/example_short_circuit_decorator.py
[2023-02-01T12:07:16.622+0000] {logging_mixin.py:137} INFO - [2023-02-01T12:07:16.621+0000] {dag.py:2690} INFO - Sync 1 DAGs
[2023-02-01T12:07:16.645+0000] {logging_mixin.py:137} INFO - [2023-02-01T12:07:16.645+0000] {dag.py:3441} INFO - Setting next_dagrun for example_short_circuit_decorator to 2023-01-31T12:07:16.645541+00:00, run_after=2023-02-01T12:07:16.645541+00:00
[2023-02-01T12:07:16.667+0000] {processor.py:175} INFO - Processing /home/airflow/.local/lib/python3.7/site-packages/airflow/example_dags/example_short_circuit_decorator.py took 0.103 seconds
[2023-02-01T12:07:46.951+0000] {processor.py:153} INFO - Started process (PID=1377) to work on /home/airflow/.local/lib/python3.7/site-packages/airflow/example_dags/example_short_circuit_decorator.py
[2023-02-01T12:07:46.952+0000] {processor.py:743} INFO - Processing file /home/airflow/.local/lib/python3.7/site-packages/airflow/example_dags/example_short_circuit_decorator.py for tasks to queue
[2023-02-01T12:07:46.953+0000] {logging_mixin.py:137} INFO - [2023-02-01T12:07:46.953+0000] {dagbag.py:538} INFO - Filling up the DagBag from /home/airflow/.local/lib/python3.7/site-packages/airflow/example_dags/example_short_circuit_decorator.py
[2023-02-01T12:07:46.988+0000] {processor.py:753} INFO - DAG(s) dict_keys(['example_short_circuit_decorator']) retrieved from /home/airflow/.local/lib/python3.7/site-packages/airflow/example_dags/example_short_circuit_decorator.py
[2023-02-01T12:07:47.021+0000] {logging_mixin.py:137} INFO - [2023-02-01T12:07:47.021+0000] {dag.py:2690} INFO - Sync 1 DAGs
[2023-02-01T12:07:47.051+0000] {logging_mixin.py:137} INFO - [2023-02-01T12:07:47.051+0000] {dag.py:3441} INFO - Setting next_dagrun for example_short_circuit_decorator to 2023-01-31T12:07:47.051278+00:00, run_after=2023-02-01T12:07:47.051278+00:00
[2023-02-01T12:07:47.082+0000] {processor.py:175} INFO - Processing /home/airflow/.local/lib/python3.7/site-packages/airflow/example_dags/example_short_circuit_decorator.py took 0.135 seconds
