[2023-02-01T11:58:33.316+0000] {processor.py:153} INFO - Started process (PID=73) to work on /home/airflow/.local/lib/python3.7/site-packages/airflow/example_dags/example_latest_only_with_trigger.py
[2023-02-01T11:58:33.318+0000] {processor.py:743} INFO - Processing file /home/airflow/.local/lib/python3.7/site-packages/airflow/example_dags/example_latest_only_with_trigger.py for tasks to queue
[2023-02-01T11:58:33.322+0000] {logging_mixin.py:137} INFO - [2023-02-01T11:58:33.321+0000] {dagbag.py:538} INFO - Filling up the DagBag from /home/airflow/.local/lib/python3.7/site-packages/airflow/example_dags/example_latest_only_with_trigger.py
[2023-02-01T11:58:33.360+0000] {processor.py:753} INFO - DAG(s) dict_keys(['latest_only_with_trigger']) retrieved from /home/airflow/.local/lib/python3.7/site-packages/airflow/example_dags/example_latest_only_with_trigger.py
[2023-02-01T11:58:33.386+0000] {logging_mixin.py:137} INFO - [2023-02-01T11:58:33.385+0000] {dag.py:2690} INFO - Sync 1 DAGs
[2023-02-01T11:58:33.429+0000] {logging_mixin.py:137} INFO - [2023-02-01T11:58:33.429+0000] {dag.py:3441} INFO - Setting next_dagrun for latest_only_with_trigger to 2023-02-01T07:58:33.428752+00:00, run_after=2023-02-01T11:58:33.428752+00:00
[2023-02-01T11:58:33.501+0000] {processor.py:175} INFO - Processing /home/airflow/.local/lib/python3.7/site-packages/airflow/example_dags/example_latest_only_with_trigger.py took 0.194 seconds
[2023-02-01T11:59:03.579+0000] {processor.py:153} INFO - Started process (PID=141) to work on /home/airflow/.local/lib/python3.7/site-packages/airflow/example_dags/example_latest_only_with_trigger.py
[2023-02-01T11:59:03.580+0000] {processor.py:743} INFO - Processing file /home/airflow/.local/lib/python3.7/site-packages/airflow/example_dags/example_latest_only_with_trigger.py for tasks to queue
[2023-02-01T11:59:03.581+0000] {logging_mixin.py:137} INFO - [2023-02-01T11:59:03.580+0000] {dagbag.py:538} INFO - Filling up the DagBag from /home/airflow/.local/lib/python3.7/site-packages/airflow/example_dags/example_latest_only_with_trigger.py
[2023-02-01T11:59:03.595+0000] {processor.py:753} INFO - DAG(s) dict_keys(['latest_only_with_trigger']) retrieved from /home/airflow/.local/lib/python3.7/site-packages/airflow/example_dags/example_latest_only_with_trigger.py
[2023-02-01T11:59:03.619+0000] {logging_mixin.py:137} INFO - [2023-02-01T11:59:03.619+0000] {dag.py:2690} INFO - Sync 1 DAGs
[2023-02-01T11:59:03.640+0000] {logging_mixin.py:137} INFO - [2023-02-01T11:59:03.640+0000] {dag.py:3441} INFO - Setting next_dagrun for latest_only_with_trigger to 2023-02-01T07:59:03.640400+00:00, run_after=2023-02-01T11:59:03.640400+00:00
[2023-02-01T11:59:03.657+0000] {processor.py:175} INFO - Processing /home/airflow/.local/lib/python3.7/site-packages/airflow/example_dags/example_latest_only_with_trigger.py took 0.082 seconds
[2023-02-01T11:59:34.526+0000] {processor.py:153} INFO - Started process (PID=220) to work on /home/airflow/.local/lib/python3.7/site-packages/airflow/example_dags/example_latest_only_with_trigger.py
[2023-02-01T11:59:34.527+0000] {processor.py:743} INFO - Processing file /home/airflow/.local/lib/python3.7/site-packages/airflow/example_dags/example_latest_only_with_trigger.py for tasks to queue
[2023-02-01T11:59:34.528+0000] {logging_mixin.py:137} INFO - [2023-02-01T11:59:34.528+0000] {dagbag.py:538} INFO - Filling up the DagBag from /home/airflow/.local/lib/python3.7/site-packages/airflow/example_dags/example_latest_only_with_trigger.py
[2023-02-01T11:59:34.544+0000] {processor.py:753} INFO - DAG(s) dict_keys(['latest_only_with_trigger']) retrieved from /home/airflow/.local/lib/python3.7/site-packages/airflow/example_dags/example_latest_only_with_trigger.py
[2023-02-01T11:59:34.571+0000] {logging_mixin.py:137} INFO - [2023-02-01T11:59:34.571+0000] {dag.py:2690} INFO - Sync 1 DAGs
[2023-02-01T11:59:34.601+0000] {logging_mixin.py:137} INFO - [2023-02-01T11:59:34.601+0000] {dag.py:3441} INFO - Setting next_dagrun for latest_only_with_trigger to 2023-02-01T07:59:34.601590+00:00, run_after=2023-02-01T11:59:34.601590+00:00
[2023-02-01T11:59:34.621+0000] {processor.py:175} INFO - Processing /home/airflow/.local/lib/python3.7/site-packages/airflow/example_dags/example_latest_only_with_trigger.py took 0.099 seconds
[2023-02-01T12:00:05.176+0000] {processor.py:153} INFO - Started process (PID=286) to work on /home/airflow/.local/lib/python3.7/site-packages/airflow/example_dags/example_latest_only_with_trigger.py
[2023-02-01T12:00:05.177+0000] {processor.py:743} INFO - Processing file /home/airflow/.local/lib/python3.7/site-packages/airflow/example_dags/example_latest_only_with_trigger.py for tasks to queue
[2023-02-01T12:00:05.178+0000] {logging_mixin.py:137} INFO - [2023-02-01T12:00:05.178+0000] {dagbag.py:538} INFO - Filling up the DagBag from /home/airflow/.local/lib/python3.7/site-packages/airflow/example_dags/example_latest_only_with_trigger.py
[2023-02-01T12:00:05.192+0000] {processor.py:753} INFO - DAG(s) dict_keys(['latest_only_with_trigger']) retrieved from /home/airflow/.local/lib/python3.7/site-packages/airflow/example_dags/example_latest_only_with_trigger.py
[2023-02-01T12:00:05.221+0000] {logging_mixin.py:137} INFO - [2023-02-01T12:00:05.221+0000] {dag.py:2690} INFO - Sync 1 DAGs
[2023-02-01T12:00:05.250+0000] {logging_mixin.py:137} INFO - [2023-02-01T12:00:05.250+0000] {dag.py:3441} INFO - Setting next_dagrun for latest_only_with_trigger to 2023-02-01T08:00:05.250346+00:00, run_after=2023-02-01T12:00:05.250346+00:00
[2023-02-01T12:00:05.271+0000] {processor.py:175} INFO - Processing /home/airflow/.local/lib/python3.7/site-packages/airflow/example_dags/example_latest_only_with_trigger.py took 0.098 seconds
[2023-02-01T12:00:36.023+0000] {processor.py:153} INFO - Started process (PID=364) to work on /home/airflow/.local/lib/python3.7/site-packages/airflow/example_dags/example_latest_only_with_trigger.py
[2023-02-01T12:00:36.024+0000] {processor.py:743} INFO - Processing file /home/airflow/.local/lib/python3.7/site-packages/airflow/example_dags/example_latest_only_with_trigger.py for tasks to queue
[2023-02-01T12:00:36.024+0000] {logging_mixin.py:137} INFO - [2023-02-01T12:00:36.024+0000] {dagbag.py:538} INFO - Filling up the DagBag from /home/airflow/.local/lib/python3.7/site-packages/airflow/example_dags/example_latest_only_with_trigger.py
[2023-02-01T12:00:36.039+0000] {processor.py:753} INFO - DAG(s) dict_keys(['latest_only_with_trigger']) retrieved from /home/airflow/.local/lib/python3.7/site-packages/airflow/example_dags/example_latest_only_with_trigger.py
[2023-02-01T12:00:36.062+0000] {logging_mixin.py:137} INFO - [2023-02-01T12:00:36.062+0000] {dag.py:2690} INFO - Sync 1 DAGs
[2023-02-01T12:00:36.087+0000] {logging_mixin.py:137} INFO - [2023-02-01T12:00:36.086+0000] {dag.py:3441} INFO - Setting next_dagrun for latest_only_with_trigger to 2023-02-01T08:00:36.086512+00:00, run_after=2023-02-01T12:00:36.086512+00:00
[2023-02-01T12:00:36.109+0000] {processor.py:175} INFO - Processing /home/airflow/.local/lib/python3.7/site-packages/airflow/example_dags/example_latest_only_with_trigger.py took 0.089 seconds
[2023-02-01T12:01:06.742+0000] {processor.py:153} INFO - Started process (PID=429) to work on /home/airflow/.local/lib/python3.7/site-packages/airflow/example_dags/example_latest_only_with_trigger.py
[2023-02-01T12:01:06.743+0000] {processor.py:743} INFO - Processing file /home/airflow/.local/lib/python3.7/site-packages/airflow/example_dags/example_latest_only_with_trigger.py for tasks to queue
[2023-02-01T12:01:06.744+0000] {logging_mixin.py:137} INFO - [2023-02-01T12:01:06.744+0000] {dagbag.py:538} INFO - Filling up the DagBag from /home/airflow/.local/lib/python3.7/site-packages/airflow/example_dags/example_latest_only_with_trigger.py
[2023-02-01T12:01:06.758+0000] {processor.py:753} INFO - DAG(s) dict_keys(['latest_only_with_trigger']) retrieved from /home/airflow/.local/lib/python3.7/site-packages/airflow/example_dags/example_latest_only_with_trigger.py
[2023-02-01T12:01:06.788+0000] {logging_mixin.py:137} INFO - [2023-02-01T12:01:06.788+0000] {dag.py:2690} INFO - Sync 1 DAGs
[2023-02-01T12:01:06.812+0000] {logging_mixin.py:137} INFO - [2023-02-01T12:01:06.812+0000] {dag.py:3441} INFO - Setting next_dagrun for latest_only_with_trigger to 2023-02-01T08:01:06.811959+00:00, run_after=2023-02-01T12:01:06.811959+00:00
[2023-02-01T12:01:06.835+0000] {processor.py:175} INFO - Processing /home/airflow/.local/lib/python3.7/site-packages/airflow/example_dags/example_latest_only_with_trigger.py took 0.097 seconds
[2023-02-01T12:01:37.709+0000] {processor.py:153} INFO - Started process (PID=508) to work on /home/airflow/.local/lib/python3.7/site-packages/airflow/example_dags/example_latest_only_with_trigger.py
[2023-02-01T12:01:37.710+0000] {processor.py:743} INFO - Processing file /home/airflow/.local/lib/python3.7/site-packages/airflow/example_dags/example_latest_only_with_trigger.py for tasks to queue
[2023-02-01T12:01:37.711+0000] {logging_mixin.py:137} INFO - [2023-02-01T12:01:37.710+0000] {dagbag.py:538} INFO - Filling up the DagBag from /home/airflow/.local/lib/python3.7/site-packages/airflow/example_dags/example_latest_only_with_trigger.py
[2023-02-01T12:01:37.733+0000] {processor.py:753} INFO - DAG(s) dict_keys(['latest_only_with_trigger']) retrieved from /home/airflow/.local/lib/python3.7/site-packages/airflow/example_dags/example_latest_only_with_trigger.py
[2023-02-01T12:01:37.761+0000] {logging_mixin.py:137} INFO - [2023-02-01T12:01:37.760+0000] {dag.py:2690} INFO - Sync 1 DAGs
[2023-02-01T12:01:37.790+0000] {logging_mixin.py:137} INFO - [2023-02-01T12:01:37.790+0000] {dag.py:3441} INFO - Setting next_dagrun for latest_only_with_trigger to 2023-02-01T08:01:37.790436+00:00, run_after=2023-02-01T12:01:37.790436+00:00
[2023-02-01T12:01:37.811+0000] {processor.py:175} INFO - Processing /home/airflow/.local/lib/python3.7/site-packages/airflow/example_dags/example_latest_only_with_trigger.py took 0.106 seconds
[2023-02-01T12:02:09.242+0000] {processor.py:153} INFO - Started process (PID=585) to work on /home/airflow/.local/lib/python3.7/site-packages/airflow/example_dags/example_latest_only_with_trigger.py
[2023-02-01T12:02:09.242+0000] {processor.py:743} INFO - Processing file /home/airflow/.local/lib/python3.7/site-packages/airflow/example_dags/example_latest_only_with_trigger.py for tasks to queue
[2023-02-01T12:02:09.243+0000] {logging_mixin.py:137} INFO - [2023-02-01T12:02:09.243+0000] {dagbag.py:538} INFO - Filling up the DagBag from /home/airflow/.local/lib/python3.7/site-packages/airflow/example_dags/example_latest_only_with_trigger.py
[2023-02-01T12:02:09.259+0000] {processor.py:753} INFO - DAG(s) dict_keys(['latest_only_with_trigger']) retrieved from /home/airflow/.local/lib/python3.7/site-packages/airflow/example_dags/example_latest_only_with_trigger.py
[2023-02-01T12:02:09.287+0000] {logging_mixin.py:137} INFO - [2023-02-01T12:02:09.287+0000] {dag.py:2690} INFO - Sync 1 DAGs
[2023-02-01T12:02:09.322+0000] {logging_mixin.py:137} INFO - [2023-02-01T12:02:09.322+0000] {dag.py:3441} INFO - Setting next_dagrun for latest_only_with_trigger to 2023-02-01T08:02:09.321677+00:00, run_after=2023-02-01T12:02:09.321677+00:00
[2023-02-01T12:02:09.343+0000] {processor.py:175} INFO - Processing /home/airflow/.local/lib/python3.7/site-packages/airflow/example_dags/example_latest_only_with_trigger.py took 0.105 seconds
[2023-02-01T12:02:39.583+0000] {processor.py:153} INFO - Started process (PID=650) to work on /home/airflow/.local/lib/python3.7/site-packages/airflow/example_dags/example_latest_only_with_trigger.py
[2023-02-01T12:02:39.585+0000] {processor.py:743} INFO - Processing file /home/airflow/.local/lib/python3.7/site-packages/airflow/example_dags/example_latest_only_with_trigger.py for tasks to queue
[2023-02-01T12:02:39.586+0000] {logging_mixin.py:137} INFO - [2023-02-01T12:02:39.586+0000] {dagbag.py:538} INFO - Filling up the DagBag from /home/airflow/.local/lib/python3.7/site-packages/airflow/example_dags/example_latest_only_with_trigger.py
[2023-02-01T12:02:39.604+0000] {processor.py:753} INFO - DAG(s) dict_keys(['latest_only_with_trigger']) retrieved from /home/airflow/.local/lib/python3.7/site-packages/airflow/example_dags/example_latest_only_with_trigger.py
[2023-02-01T12:02:39.655+0000] {logging_mixin.py:137} INFO - [2023-02-01T12:02:39.655+0000] {dag.py:2690} INFO - Sync 1 DAGs
[2023-02-01T12:02:39.691+0000] {logging_mixin.py:137} INFO - [2023-02-01T12:02:39.690+0000] {dag.py:3441} INFO - Setting next_dagrun for latest_only_with_trigger to 2023-02-01T08:02:39.690725+00:00, run_after=2023-02-01T12:02:39.690725+00:00
[2023-02-01T12:02:39.714+0000] {processor.py:175} INFO - Processing /home/airflow/.local/lib/python3.7/site-packages/airflow/example_dags/example_latest_only_with_trigger.py took 0.137 seconds
[2023-02-01T12:03:09.886+0000] {processor.py:153} INFO - Started process (PID=729) to work on /home/airflow/.local/lib/python3.7/site-packages/airflow/example_dags/example_latest_only_with_trigger.py
[2023-02-01T12:03:09.887+0000] {processor.py:743} INFO - Processing file /home/airflow/.local/lib/python3.7/site-packages/airflow/example_dags/example_latest_only_with_trigger.py for tasks to queue
[2023-02-01T12:03:09.888+0000] {logging_mixin.py:137} INFO - [2023-02-01T12:03:09.888+0000] {dagbag.py:538} INFO - Filling up the DagBag from /home/airflow/.local/lib/python3.7/site-packages/airflow/example_dags/example_latest_only_with_trigger.py
[2023-02-01T12:03:09.901+0000] {processor.py:753} INFO - DAG(s) dict_keys(['latest_only_with_trigger']) retrieved from /home/airflow/.local/lib/python3.7/site-packages/airflow/example_dags/example_latest_only_with_trigger.py
[2023-02-01T12:03:09.923+0000] {logging_mixin.py:137} INFO - [2023-02-01T12:03:09.923+0000] {dag.py:2690} INFO - Sync 1 DAGs
[2023-02-01T12:03:09.945+0000] {logging_mixin.py:137} INFO - [2023-02-01T12:03:09.945+0000] {dag.py:3441} INFO - Setting next_dagrun for latest_only_with_trigger to 2023-02-01T08:03:09.945489+00:00, run_after=2023-02-01T12:03:09.945489+00:00
[2023-02-01T12:03:09.962+0000] {processor.py:175} INFO - Processing /home/airflow/.local/lib/python3.7/site-packages/airflow/example_dags/example_latest_only_with_trigger.py took 0.079 seconds
[2023-02-01T12:03:40.941+0000] {processor.py:153} INFO - Started process (PID=794) to work on /home/airflow/.local/lib/python3.7/site-packages/airflow/example_dags/example_latest_only_with_trigger.py
[2023-02-01T12:03:40.943+0000] {processor.py:743} INFO - Processing file /home/airflow/.local/lib/python3.7/site-packages/airflow/example_dags/example_latest_only_with_trigger.py for tasks to queue
[2023-02-01T12:03:40.944+0000] {logging_mixin.py:137} INFO - [2023-02-01T12:03:40.944+0000] {dagbag.py:538} INFO - Filling up the DagBag from /home/airflow/.local/lib/python3.7/site-packages/airflow/example_dags/example_latest_only_with_trigger.py
[2023-02-01T12:03:40.967+0000] {processor.py:753} INFO - DAG(s) dict_keys(['latest_only_with_trigger']) retrieved from /home/airflow/.local/lib/python3.7/site-packages/airflow/example_dags/example_latest_only_with_trigger.py
[2023-02-01T12:03:41.006+0000] {logging_mixin.py:137} INFO - [2023-02-01T12:03:41.006+0000] {dag.py:2690} INFO - Sync 1 DAGs
[2023-02-01T12:03:41.039+0000] {logging_mixin.py:137} INFO - [2023-02-01T12:03:41.038+0000] {dag.py:3441} INFO - Setting next_dagrun for latest_only_with_trigger to 2023-02-01T08:03:41.038669+00:00, run_after=2023-02-01T12:03:41.038669+00:00
[2023-02-01T12:03:41.083+0000] {processor.py:175} INFO - Processing /home/airflow/.local/lib/python3.7/site-packages/airflow/example_dags/example_latest_only_with_trigger.py took 0.147 seconds
[2023-02-01T12:04:11.966+0000] {processor.py:153} INFO - Started process (PID=871) to work on /home/airflow/.local/lib/python3.7/site-packages/airflow/example_dags/example_latest_only_with_trigger.py
[2023-02-01T12:04:11.967+0000] {processor.py:743} INFO - Processing file /home/airflow/.local/lib/python3.7/site-packages/airflow/example_dags/example_latest_only_with_trigger.py for tasks to queue
[2023-02-01T12:04:11.968+0000] {logging_mixin.py:137} INFO - [2023-02-01T12:04:11.968+0000] {dagbag.py:538} INFO - Filling up the DagBag from /home/airflow/.local/lib/python3.7/site-packages/airflow/example_dags/example_latest_only_with_trigger.py
[2023-02-01T12:04:11.986+0000] {processor.py:753} INFO - DAG(s) dict_keys(['latest_only_with_trigger']) retrieved from /home/airflow/.local/lib/python3.7/site-packages/airflow/example_dags/example_latest_only_with_trigger.py
[2023-02-01T12:04:12.027+0000] {logging_mixin.py:137} INFO - [2023-02-01T12:04:12.027+0000] {dag.py:2690} INFO - Sync 1 DAGs
[2023-02-01T12:04:12.057+0000] {logging_mixin.py:137} INFO - [2023-02-01T12:04:12.057+0000] {dag.py:3441} INFO - Setting next_dagrun for latest_only_with_trigger to 2023-02-01T08:04:12.057504+00:00, run_after=2023-02-01T12:04:12.057504+00:00
[2023-02-01T12:04:12.087+0000] {processor.py:175} INFO - Processing /home/airflow/.local/lib/python3.7/site-packages/airflow/example_dags/example_latest_only_with_trigger.py took 0.126 seconds
[2023-02-01T12:04:42.830+0000] {processor.py:153} INFO - Started process (PID=936) to work on /home/airflow/.local/lib/python3.7/site-packages/airflow/example_dags/example_latest_only_with_trigger.py
[2023-02-01T12:04:42.830+0000] {processor.py:743} INFO - Processing file /home/airflow/.local/lib/python3.7/site-packages/airflow/example_dags/example_latest_only_with_trigger.py for tasks to queue
[2023-02-01T12:04:42.831+0000] {logging_mixin.py:137} INFO - [2023-02-01T12:04:42.831+0000] {dagbag.py:538} INFO - Filling up the DagBag from /home/airflow/.local/lib/python3.7/site-packages/airflow/example_dags/example_latest_only_with_trigger.py
[2023-02-01T12:04:42.845+0000] {processor.py:753} INFO - DAG(s) dict_keys(['latest_only_with_trigger']) retrieved from /home/airflow/.local/lib/python3.7/site-packages/airflow/example_dags/example_latest_only_with_trigger.py
[2023-02-01T12:04:42.867+0000] {logging_mixin.py:137} INFO - [2023-02-01T12:04:42.866+0000] {dag.py:2690} INFO - Sync 1 DAGs
[2023-02-01T12:04:42.887+0000] {logging_mixin.py:137} INFO - [2023-02-01T12:04:42.886+0000] {dag.py:3441} INFO - Setting next_dagrun for latest_only_with_trigger to 2023-02-01T08:04:42.886658+00:00, run_after=2023-02-01T12:04:42.886658+00:00
[2023-02-01T12:04:42.904+0000] {processor.py:175} INFO - Processing /home/airflow/.local/lib/python3.7/site-packages/airflow/example_dags/example_latest_only_with_trigger.py took 0.078 seconds
[2023-02-01T12:05:13.609+0000] {processor.py:153} INFO - Started process (PID=1015) to work on /home/airflow/.local/lib/python3.7/site-packages/airflow/example_dags/example_latest_only_with_trigger.py
[2023-02-01T12:05:13.611+0000] {processor.py:743} INFO - Processing file /home/airflow/.local/lib/python3.7/site-packages/airflow/example_dags/example_latest_only_with_trigger.py for tasks to queue
[2023-02-01T12:05:13.615+0000] {logging_mixin.py:137} INFO - [2023-02-01T12:05:13.615+0000] {dagbag.py:538} INFO - Filling up the DagBag from /home/airflow/.local/lib/python3.7/site-packages/airflow/example_dags/example_latest_only_with_trigger.py
[2023-02-01T12:05:13.629+0000] {processor.py:753} INFO - DAG(s) dict_keys(['latest_only_with_trigger']) retrieved from /home/airflow/.local/lib/python3.7/site-packages/airflow/example_dags/example_latest_only_with_trigger.py
[2023-02-01T12:05:13.660+0000] {logging_mixin.py:137} INFO - [2023-02-01T12:05:13.660+0000] {dag.py:2690} INFO - Sync 1 DAGs
[2023-02-01T12:05:13.683+0000] {logging_mixin.py:137} INFO - [2023-02-01T12:05:13.683+0000] {dag.py:3441} INFO - Setting next_dagrun for latest_only_with_trigger to 2023-02-01T08:05:13.683394+00:00, run_after=2023-02-01T12:05:13.683394+00:00
[2023-02-01T12:05:13.700+0000] {processor.py:175} INFO - Processing /home/airflow/.local/lib/python3.7/site-packages/airflow/example_dags/example_latest_only_with_trigger.py took 0.094 seconds
[2023-02-01T12:05:44.233+0000] {processor.py:153} INFO - Started process (PID=1080) to work on /home/airflow/.local/lib/python3.7/site-packages/airflow/example_dags/example_latest_only_with_trigger.py
[2023-02-01T12:05:44.234+0000] {processor.py:743} INFO - Processing file /home/airflow/.local/lib/python3.7/site-packages/airflow/example_dags/example_latest_only_with_trigger.py for tasks to queue
[2023-02-01T12:05:44.235+0000] {logging_mixin.py:137} INFO - [2023-02-01T12:05:44.235+0000] {dagbag.py:538} INFO - Filling up the DagBag from /home/airflow/.local/lib/python3.7/site-packages/airflow/example_dags/example_latest_only_with_trigger.py
[2023-02-01T12:05:44.250+0000] {processor.py:753} INFO - DAG(s) dict_keys(['latest_only_with_trigger']) retrieved from /home/airflow/.local/lib/python3.7/site-packages/airflow/example_dags/example_latest_only_with_trigger.py
[2023-02-01T12:05:44.275+0000] {logging_mixin.py:137} INFO - [2023-02-01T12:05:44.275+0000] {dag.py:2690} INFO - Sync 1 DAGs
[2023-02-01T12:05:44.298+0000] {logging_mixin.py:137} INFO - [2023-02-01T12:05:44.298+0000] {dag.py:3441} INFO - Setting next_dagrun for latest_only_with_trigger to 2023-02-01T08:05:44.298295+00:00, run_after=2023-02-01T12:05:44.298295+00:00
[2023-02-01T12:05:44.322+0000] {processor.py:175} INFO - Processing /home/airflow/.local/lib/python3.7/site-packages/airflow/example_dags/example_latest_only_with_trigger.py took 0.093 seconds
[2023-02-01T12:06:14.846+0000] {processor.py:153} INFO - Started process (PID=1158) to work on /home/airflow/.local/lib/python3.7/site-packages/airflow/example_dags/example_latest_only_with_trigger.py
[2023-02-01T12:06:14.847+0000] {processor.py:743} INFO - Processing file /home/airflow/.local/lib/python3.7/site-packages/airflow/example_dags/example_latest_only_with_trigger.py for tasks to queue
[2023-02-01T12:06:14.847+0000] {logging_mixin.py:137} INFO - [2023-02-01T12:06:14.847+0000] {dagbag.py:538} INFO - Filling up the DagBag from /home/airflow/.local/lib/python3.7/site-packages/airflow/example_dags/example_latest_only_with_trigger.py
[2023-02-01T12:06:14.861+0000] {processor.py:753} INFO - DAG(s) dict_keys(['latest_only_with_trigger']) retrieved from /home/airflow/.local/lib/python3.7/site-packages/airflow/example_dags/example_latest_only_with_trigger.py
[2023-02-01T12:06:14.888+0000] {logging_mixin.py:137} INFO - [2023-02-01T12:06:14.888+0000] {dag.py:2690} INFO - Sync 1 DAGs
[2023-02-01T12:06:14.911+0000] {logging_mixin.py:137} INFO - [2023-02-01T12:06:14.911+0000] {dag.py:3441} INFO - Setting next_dagrun for latest_only_with_trigger to 2023-02-01T08:06:14.911242+00:00, run_after=2023-02-01T12:06:14.911242+00:00
[2023-02-01T12:06:14.929+0000] {processor.py:175} INFO - Processing /home/airflow/.local/lib/python3.7/site-packages/airflow/example_dags/example_latest_only_with_trigger.py took 0.087 seconds
[2023-02-01T12:06:45.808+0000] {processor.py:153} INFO - Started process (PID=1236) to work on /home/airflow/.local/lib/python3.7/site-packages/airflow/example_dags/example_latest_only_with_trigger.py
[2023-02-01T12:06:45.809+0000] {processor.py:743} INFO - Processing file /home/airflow/.local/lib/python3.7/site-packages/airflow/example_dags/example_latest_only_with_trigger.py for tasks to queue
[2023-02-01T12:06:45.811+0000] {logging_mixin.py:137} INFO - [2023-02-01T12:06:45.811+0000] {dagbag.py:538} INFO - Filling up the DagBag from /home/airflow/.local/lib/python3.7/site-packages/airflow/example_dags/example_latest_only_with_trigger.py
[2023-02-01T12:06:45.827+0000] {processor.py:753} INFO - DAG(s) dict_keys(['latest_only_with_trigger']) retrieved from /home/airflow/.local/lib/python3.7/site-packages/airflow/example_dags/example_latest_only_with_trigger.py
[2023-02-01T12:06:45.852+0000] {logging_mixin.py:137} INFO - [2023-02-01T12:06:45.852+0000] {dag.py:2690} INFO - Sync 1 DAGs
[2023-02-01T12:06:45.874+0000] {logging_mixin.py:137} INFO - [2023-02-01T12:06:45.874+0000] {dag.py:3441} INFO - Setting next_dagrun for latest_only_with_trigger to 2023-02-01T08:06:45.874539+00:00, run_after=2023-02-01T12:06:45.874539+00:00
[2023-02-01T12:06:45.893+0000] {processor.py:175} INFO - Processing /home/airflow/.local/lib/python3.7/site-packages/airflow/example_dags/example_latest_only_with_trigger.py took 0.090 seconds
[2023-02-01T12:07:16.711+0000] {processor.py:153} INFO - Started process (PID=1300) to work on /home/airflow/.local/lib/python3.7/site-packages/airflow/example_dags/example_latest_only_with_trigger.py
[2023-02-01T12:07:16.712+0000] {processor.py:743} INFO - Processing file /home/airflow/.local/lib/python3.7/site-packages/airflow/example_dags/example_latest_only_with_trigger.py for tasks to queue
[2023-02-01T12:07:16.713+0000] {logging_mixin.py:137} INFO - [2023-02-01T12:07:16.713+0000] {dagbag.py:538} INFO - Filling up the DagBag from /home/airflow/.local/lib/python3.7/site-packages/airflow/example_dags/example_latest_only_with_trigger.py
[2023-02-01T12:07:16.729+0000] {processor.py:753} INFO - DAG(s) dict_keys(['latest_only_with_trigger']) retrieved from /home/airflow/.local/lib/python3.7/site-packages/airflow/example_dags/example_latest_only_with_trigger.py
[2023-02-01T12:07:16.754+0000] {logging_mixin.py:137} INFO - [2023-02-01T12:07:16.754+0000] {dag.py:2690} INFO - Sync 1 DAGs
[2023-02-01T12:07:16.777+0000] {logging_mixin.py:137} INFO - [2023-02-01T12:07:16.777+0000] {dag.py:3441} INFO - Setting next_dagrun for latest_only_with_trigger to 2023-02-01T08:07:16.777467+00:00, run_after=2023-02-01T12:07:16.777467+00:00
[2023-02-01T12:07:16.795+0000] {processor.py:175} INFO - Processing /home/airflow/.local/lib/python3.7/site-packages/airflow/example_dags/example_latest_only_with_trigger.py took 0.088 seconds
[2023-02-01T12:07:47.109+0000] {processor.py:153} INFO - Started process (PID=1379) to work on /home/airflow/.local/lib/python3.7/site-packages/airflow/example_dags/example_latest_only_with_trigger.py
[2023-02-01T12:07:47.110+0000] {processor.py:743} INFO - Processing file /home/airflow/.local/lib/python3.7/site-packages/airflow/example_dags/example_latest_only_with_trigger.py for tasks to queue
[2023-02-01T12:07:47.112+0000] {logging_mixin.py:137} INFO - [2023-02-01T12:07:47.111+0000] {dagbag.py:538} INFO - Filling up the DagBag from /home/airflow/.local/lib/python3.7/site-packages/airflow/example_dags/example_latest_only_with_trigger.py
[2023-02-01T12:07:47.125+0000] {processor.py:753} INFO - DAG(s) dict_keys(['latest_only_with_trigger']) retrieved from /home/airflow/.local/lib/python3.7/site-packages/airflow/example_dags/example_latest_only_with_trigger.py
[2023-02-01T12:07:47.149+0000] {logging_mixin.py:137} INFO - [2023-02-01T12:07:47.149+0000] {dag.py:2690} INFO - Sync 1 DAGs
[2023-02-01T12:07:47.171+0000] {logging_mixin.py:137} INFO - [2023-02-01T12:07:47.171+0000] {dag.py:3441} INFO - Setting next_dagrun for latest_only_with_trigger to 2023-02-01T08:07:47.171072+00:00, run_after=2023-02-01T12:07:47.171072+00:00
[2023-02-01T12:07:47.196+0000] {processor.py:175} INFO - Processing /home/airflow/.local/lib/python3.7/site-packages/airflow/example_dags/example_latest_only_with_trigger.py took 0.090 seconds
