[2023-02-01T11:58:31.313+0000] {processor.py:153} INFO - Started process (PID=52) to work on /home/airflow/.local/lib/python3.7/site-packages/airflow/example_dags/example_branch_operator.py
[2023-02-01T11:58:31.319+0000] {processor.py:743} INFO - Processing file /home/airflow/.local/lib/python3.7/site-packages/airflow/example_dags/example_branch_operator.py for tasks to queue
[2023-02-01T11:58:31.320+0000] {logging_mixin.py:137} INFO - [2023-02-01T11:58:31.320+0000] {dagbag.py:538} INFO - Filling up the DagBag from /home/airflow/.local/lib/python3.7/site-packages/airflow/example_dags/example_branch_operator.py
[2023-02-01T11:58:31.350+0000] {processor.py:753} INFO - DAG(s) dict_keys(['example_branch_operator']) retrieved from /home/airflow/.local/lib/python3.7/site-packages/airflow/example_dags/example_branch_operator.py
[2023-02-01T11:58:31.385+0000] {logging_mixin.py:137} INFO - [2023-02-01T11:58:31.385+0000] {dag.py:2690} INFO - Sync 1 DAGs
[2023-02-01T11:58:31.462+0000] {logging_mixin.py:137} INFO - [2023-02-01T11:58:31.462+0000] {dag.py:3441} INFO - Setting next_dagrun for example_branch_operator to 2023-01-31T00:00:00+00:00, run_after=2023-02-01T00:00:00+00:00
[2023-02-01T11:58:31.526+0000] {processor.py:175} INFO - Processing /home/airflow/.local/lib/python3.7/site-packages/airflow/example_dags/example_branch_operator.py took 0.223 seconds
[2023-02-01T11:59:01.637+0000] {processor.py:153} INFO - Started process (PID=128) to work on /home/airflow/.local/lib/python3.7/site-packages/airflow/example_dags/example_branch_operator.py
[2023-02-01T11:59:01.651+0000] {processor.py:743} INFO - Processing file /home/airflow/.local/lib/python3.7/site-packages/airflow/example_dags/example_branch_operator.py for tasks to queue
[2023-02-01T11:59:01.652+0000] {logging_mixin.py:137} INFO - [2023-02-01T11:59:01.651+0000] {dagbag.py:538} INFO - Filling up the DagBag from /home/airflow/.local/lib/python3.7/site-packages/airflow/example_dags/example_branch_operator.py
[2023-02-01T11:59:01.682+0000] {processor.py:753} INFO - DAG(s) dict_keys(['example_branch_operator']) retrieved from /home/airflow/.local/lib/python3.7/site-packages/airflow/example_dags/example_branch_operator.py
[2023-02-01T11:59:01.710+0000] {logging_mixin.py:137} INFO - [2023-02-01T11:59:01.709+0000] {dag.py:2690} INFO - Sync 1 DAGs
[2023-02-01T11:59:01.735+0000] {logging_mixin.py:137} INFO - [2023-02-01T11:59:01.735+0000] {dag.py:3441} INFO - Setting next_dagrun for example_branch_operator to 2023-01-31T00:00:00+00:00, run_after=2023-02-01T00:00:00+00:00
[2023-02-01T11:59:01.752+0000] {processor.py:175} INFO - Processing /home/airflow/.local/lib/python3.7/site-packages/airflow/example_dags/example_branch_operator.py took 0.119 seconds
[2023-02-01T11:59:32.591+0000] {processor.py:153} INFO - Started process (PID=194) to work on /home/airflow/.local/lib/python3.7/site-packages/airflow/example_dags/example_branch_operator.py
[2023-02-01T11:59:32.592+0000] {processor.py:743} INFO - Processing file /home/airflow/.local/lib/python3.7/site-packages/airflow/example_dags/example_branch_operator.py for tasks to queue
[2023-02-01T11:59:32.594+0000] {logging_mixin.py:137} INFO - [2023-02-01T11:59:32.593+0000] {dagbag.py:538} INFO - Filling up the DagBag from /home/airflow/.local/lib/python3.7/site-packages/airflow/example_dags/example_branch_operator.py
[2023-02-01T11:59:32.618+0000] {processor.py:753} INFO - DAG(s) dict_keys(['example_branch_operator']) retrieved from /home/airflow/.local/lib/python3.7/site-packages/airflow/example_dags/example_branch_operator.py
[2023-02-01T11:59:32.654+0000] {logging_mixin.py:137} INFO - [2023-02-01T11:59:32.654+0000] {dag.py:2690} INFO - Sync 1 DAGs
[2023-02-01T11:59:32.688+0000] {logging_mixin.py:137} INFO - [2023-02-01T11:59:32.688+0000] {dag.py:3441} INFO - Setting next_dagrun for example_branch_operator to 2023-01-31T00:00:00+00:00, run_after=2023-02-01T00:00:00+00:00
[2023-02-01T11:59:32.710+0000] {processor.py:175} INFO - Processing /home/airflow/.local/lib/python3.7/site-packages/airflow/example_dags/example_branch_operator.py took 0.122 seconds
[2023-02-01T12:00:03.359+0000] {processor.py:153} INFO - Started process (PID=273) to work on /home/airflow/.local/lib/python3.7/site-packages/airflow/example_dags/example_branch_operator.py
[2023-02-01T12:00:03.360+0000] {processor.py:743} INFO - Processing file /home/airflow/.local/lib/python3.7/site-packages/airflow/example_dags/example_branch_operator.py for tasks to queue
[2023-02-01T12:00:03.361+0000] {logging_mixin.py:137} INFO - [2023-02-01T12:00:03.361+0000] {dagbag.py:538} INFO - Filling up the DagBag from /home/airflow/.local/lib/python3.7/site-packages/airflow/example_dags/example_branch_operator.py
[2023-02-01T12:00:03.378+0000] {processor.py:753} INFO - DAG(s) dict_keys(['example_branch_operator']) retrieved from /home/airflow/.local/lib/python3.7/site-packages/airflow/example_dags/example_branch_operator.py
[2023-02-01T12:00:03.413+0000] {logging_mixin.py:137} INFO - [2023-02-01T12:00:03.413+0000] {dag.py:2690} INFO - Sync 1 DAGs
[2023-02-01T12:00:03.445+0000] {logging_mixin.py:137} INFO - [2023-02-01T12:00:03.445+0000] {dag.py:3441} INFO - Setting next_dagrun for example_branch_operator to 2023-01-31T00:00:00+00:00, run_after=2023-02-01T00:00:00+00:00
[2023-02-01T12:00:03.471+0000] {processor.py:175} INFO - Processing /home/airflow/.local/lib/python3.7/site-packages/airflow/example_dags/example_branch_operator.py took 0.115 seconds
[2023-02-01T12:00:34.192+0000] {processor.py:153} INFO - Started process (PID=351) to work on /home/airflow/.local/lib/python3.7/site-packages/airflow/example_dags/example_branch_operator.py
[2023-02-01T12:00:34.193+0000] {processor.py:743} INFO - Processing file /home/airflow/.local/lib/python3.7/site-packages/airflow/example_dags/example_branch_operator.py for tasks to queue
[2023-02-01T12:00:34.195+0000] {logging_mixin.py:137} INFO - [2023-02-01T12:00:34.194+0000] {dagbag.py:538} INFO - Filling up the DagBag from /home/airflow/.local/lib/python3.7/site-packages/airflow/example_dags/example_branch_operator.py
[2023-02-01T12:00:34.212+0000] {processor.py:753} INFO - DAG(s) dict_keys(['example_branch_operator']) retrieved from /home/airflow/.local/lib/python3.7/site-packages/airflow/example_dags/example_branch_operator.py
[2023-02-01T12:00:34.246+0000] {logging_mixin.py:137} INFO - [2023-02-01T12:00:34.246+0000] {dag.py:2690} INFO - Sync 1 DAGs
[2023-02-01T12:00:34.273+0000] {logging_mixin.py:137} INFO - [2023-02-01T12:00:34.273+0000] {dag.py:3441} INFO - Setting next_dagrun for example_branch_operator to 2023-01-31T00:00:00+00:00, run_after=2023-02-01T00:00:00+00:00
[2023-02-01T12:00:34.296+0000] {processor.py:175} INFO - Processing /home/airflow/.local/lib/python3.7/site-packages/airflow/example_dags/example_branch_operator.py took 0.107 seconds
[2023-02-01T12:01:04.808+0000] {processor.py:153} INFO - Started process (PID=416) to work on /home/airflow/.local/lib/python3.7/site-packages/airflow/example_dags/example_branch_operator.py
[2023-02-01T12:01:04.809+0000] {processor.py:743} INFO - Processing file /home/airflow/.local/lib/python3.7/site-packages/airflow/example_dags/example_branch_operator.py for tasks to queue
[2023-02-01T12:01:04.810+0000] {logging_mixin.py:137} INFO - [2023-02-01T12:01:04.810+0000] {dagbag.py:538} INFO - Filling up the DagBag from /home/airflow/.local/lib/python3.7/site-packages/airflow/example_dags/example_branch_operator.py
[2023-02-01T12:01:04.826+0000] {processor.py:753} INFO - DAG(s) dict_keys(['example_branch_operator']) retrieved from /home/airflow/.local/lib/python3.7/site-packages/airflow/example_dags/example_branch_operator.py
[2023-02-01T12:01:04.854+0000] {logging_mixin.py:137} INFO - [2023-02-01T12:01:04.853+0000] {dag.py:2690} INFO - Sync 1 DAGs
[2023-02-01T12:01:04.877+0000] {logging_mixin.py:137} INFO - [2023-02-01T12:01:04.877+0000] {dag.py:3441} INFO - Setting next_dagrun for example_branch_operator to 2023-01-31T00:00:00+00:00, run_after=2023-02-01T00:00:00+00:00
[2023-02-01T12:01:04.893+0000] {processor.py:175} INFO - Processing /home/airflow/.local/lib/python3.7/site-packages/airflow/example_dags/example_branch_operator.py took 0.088 seconds
[2023-02-01T12:01:35.708+0000] {processor.py:153} INFO - Started process (PID=495) to work on /home/airflow/.local/lib/python3.7/site-packages/airflow/example_dags/example_branch_operator.py
[2023-02-01T12:01:35.710+0000] {processor.py:743} INFO - Processing file /home/airflow/.local/lib/python3.7/site-packages/airflow/example_dags/example_branch_operator.py for tasks to queue
[2023-02-01T12:01:35.711+0000] {logging_mixin.py:137} INFO - [2023-02-01T12:01:35.711+0000] {dagbag.py:538} INFO - Filling up the DagBag from /home/airflow/.local/lib/python3.7/site-packages/airflow/example_dags/example_branch_operator.py
[2023-02-01T12:01:35.734+0000] {processor.py:753} INFO - DAG(s) dict_keys(['example_branch_operator']) retrieved from /home/airflow/.local/lib/python3.7/site-packages/airflow/example_dags/example_branch_operator.py
[2023-02-01T12:01:35.764+0000] {logging_mixin.py:137} INFO - [2023-02-01T12:01:35.764+0000] {dag.py:2690} INFO - Sync 1 DAGs
[2023-02-01T12:01:35.802+0000] {logging_mixin.py:137} INFO - [2023-02-01T12:01:35.801+0000] {dag.py:3441} INFO - Setting next_dagrun for example_branch_operator to 2023-01-31T00:00:00+00:00, run_after=2023-02-01T00:00:00+00:00
[2023-02-01T12:01:35.828+0000] {processor.py:175} INFO - Processing /home/airflow/.local/lib/python3.7/site-packages/airflow/example_dags/example_branch_operator.py took 0.124 seconds
[2023-02-01T12:02:07.540+0000] {processor.py:153} INFO - Started process (PID=568) to work on /home/airflow/.local/lib/python3.7/site-packages/airflow/example_dags/example_branch_operator.py
[2023-02-01T12:02:07.541+0000] {processor.py:743} INFO - Processing file /home/airflow/.local/lib/python3.7/site-packages/airflow/example_dags/example_branch_operator.py for tasks to queue
[2023-02-01T12:02:07.542+0000] {logging_mixin.py:137} INFO - [2023-02-01T12:02:07.542+0000] {dagbag.py:538} INFO - Filling up the DagBag from /home/airflow/.local/lib/python3.7/site-packages/airflow/example_dags/example_branch_operator.py
[2023-02-01T12:02:07.595+0000] {processor.py:753} INFO - DAG(s) dict_keys(['example_branch_operator']) retrieved from /home/airflow/.local/lib/python3.7/site-packages/airflow/example_dags/example_branch_operator.py
[2023-02-01T12:02:07.633+0000] {logging_mixin.py:137} INFO - [2023-02-01T12:02:07.633+0000] {dag.py:2690} INFO - Sync 1 DAGs
[2023-02-01T12:02:07.673+0000] {logging_mixin.py:137} INFO - [2023-02-01T12:02:07.673+0000] {dag.py:3441} INFO - Setting next_dagrun for example_branch_operator to 2023-01-31T00:00:00+00:00, run_after=2023-02-01T00:00:00+00:00
[2023-02-01T12:02:07.721+0000] {processor.py:175} INFO - Processing /home/airflow/.local/lib/python3.7/site-packages/airflow/example_dags/example_branch_operator.py took 0.185 seconds
[2023-02-01T12:02:38.325+0000] {processor.py:153} INFO - Started process (PID=637) to work on /home/airflow/.local/lib/python3.7/site-packages/airflow/example_dags/example_branch_operator.py
[2023-02-01T12:02:38.326+0000] {processor.py:743} INFO - Processing file /home/airflow/.local/lib/python3.7/site-packages/airflow/example_dags/example_branch_operator.py for tasks to queue
[2023-02-01T12:02:38.328+0000] {logging_mixin.py:137} INFO - [2023-02-01T12:02:38.327+0000] {dagbag.py:538} INFO - Filling up the DagBag from /home/airflow/.local/lib/python3.7/site-packages/airflow/example_dags/example_branch_operator.py
[2023-02-01T12:02:38.349+0000] {processor.py:753} INFO - DAG(s) dict_keys(['example_branch_operator']) retrieved from /home/airflow/.local/lib/python3.7/site-packages/airflow/example_dags/example_branch_operator.py
[2023-02-01T12:02:38.376+0000] {logging_mixin.py:137} INFO - [2023-02-01T12:02:38.376+0000] {dag.py:2690} INFO - Sync 1 DAGs
[2023-02-01T12:02:38.403+0000] {logging_mixin.py:137} INFO - [2023-02-01T12:02:38.403+0000] {dag.py:3441} INFO - Setting next_dagrun for example_branch_operator to 2023-01-31T00:00:00+00:00, run_after=2023-02-01T00:00:00+00:00
[2023-02-01T12:02:38.436+0000] {processor.py:175} INFO - Processing /home/airflow/.local/lib/python3.7/site-packages/airflow/example_dags/example_branch_operator.py took 0.114 seconds
[2023-02-01T12:03:08.528+0000] {processor.py:153} INFO - Started process (PID=716) to work on /home/airflow/.local/lib/python3.7/site-packages/airflow/example_dags/example_branch_operator.py
[2023-02-01T12:03:08.529+0000] {processor.py:743} INFO - Processing file /home/airflow/.local/lib/python3.7/site-packages/airflow/example_dags/example_branch_operator.py for tasks to queue
[2023-02-01T12:03:08.530+0000] {logging_mixin.py:137} INFO - [2023-02-01T12:03:08.530+0000] {dagbag.py:538} INFO - Filling up the DagBag from /home/airflow/.local/lib/python3.7/site-packages/airflow/example_dags/example_branch_operator.py
[2023-02-01T12:03:08.547+0000] {processor.py:753} INFO - DAG(s) dict_keys(['example_branch_operator']) retrieved from /home/airflow/.local/lib/python3.7/site-packages/airflow/example_dags/example_branch_operator.py
[2023-02-01T12:03:08.577+0000] {logging_mixin.py:137} INFO - [2023-02-01T12:03:08.577+0000] {dag.py:2690} INFO - Sync 1 DAGs
[2023-02-01T12:03:08.604+0000] {logging_mixin.py:137} INFO - [2023-02-01T12:03:08.604+0000] {dag.py:3441} INFO - Setting next_dagrun for example_branch_operator to 2023-01-31T00:00:00+00:00, run_after=2023-02-01T00:00:00+00:00
[2023-02-01T12:03:08.624+0000] {processor.py:175} INFO - Processing /home/airflow/.local/lib/python3.7/site-packages/airflow/example_dags/example_branch_operator.py took 0.100 seconds
[2023-02-01T12:03:39.476+0000] {processor.py:153} INFO - Started process (PID=781) to work on /home/airflow/.local/lib/python3.7/site-packages/airflow/example_dags/example_branch_operator.py
[2023-02-01T12:03:39.478+0000] {processor.py:743} INFO - Processing file /home/airflow/.local/lib/python3.7/site-packages/airflow/example_dags/example_branch_operator.py for tasks to queue
[2023-02-01T12:03:39.480+0000] {logging_mixin.py:137} INFO - [2023-02-01T12:03:39.479+0000] {dagbag.py:538} INFO - Filling up the DagBag from /home/airflow/.local/lib/python3.7/site-packages/airflow/example_dags/example_branch_operator.py
[2023-02-01T12:03:39.504+0000] {processor.py:753} INFO - DAG(s) dict_keys(['example_branch_operator']) retrieved from /home/airflow/.local/lib/python3.7/site-packages/airflow/example_dags/example_branch_operator.py
[2023-02-01T12:03:39.540+0000] {logging_mixin.py:137} INFO - [2023-02-01T12:03:39.540+0000] {dag.py:2690} INFO - Sync 1 DAGs
[2023-02-01T12:03:39.608+0000] {logging_mixin.py:137} INFO - [2023-02-01T12:03:39.608+0000] {dag.py:3441} INFO - Setting next_dagrun for example_branch_operator to 2023-01-31T00:00:00+00:00, run_after=2023-02-01T00:00:00+00:00
[2023-02-01T12:03:39.690+0000] {processor.py:175} INFO - Processing /home/airflow/.local/lib/python3.7/site-packages/airflow/example_dags/example_branch_operator.py took 0.220 seconds
[2023-02-01T12:04:10.364+0000] {processor.py:153} INFO - Started process (PID=854) to work on /home/airflow/.local/lib/python3.7/site-packages/airflow/example_dags/example_branch_operator.py
[2023-02-01T12:04:10.367+0000] {processor.py:743} INFO - Processing file /home/airflow/.local/lib/python3.7/site-packages/airflow/example_dags/example_branch_operator.py for tasks to queue
[2023-02-01T12:04:10.371+0000] {logging_mixin.py:137} INFO - [2023-02-01T12:04:10.371+0000] {dagbag.py:538} INFO - Filling up the DagBag from /home/airflow/.local/lib/python3.7/site-packages/airflow/example_dags/example_branch_operator.py
[2023-02-01T12:04:10.400+0000] {processor.py:753} INFO - DAG(s) dict_keys(['example_branch_operator']) retrieved from /home/airflow/.local/lib/python3.7/site-packages/airflow/example_dags/example_branch_operator.py
[2023-02-01T12:04:10.442+0000] {logging_mixin.py:137} INFO - [2023-02-01T12:04:10.442+0000] {dag.py:2690} INFO - Sync 1 DAGs
[2023-02-01T12:04:10.484+0000] {logging_mixin.py:137} INFO - [2023-02-01T12:04:10.484+0000] {dag.py:3441} INFO - Setting next_dagrun for example_branch_operator to 2023-01-31T00:00:00+00:00, run_after=2023-02-01T00:00:00+00:00
[2023-02-01T12:04:10.516+0000] {processor.py:175} INFO - Processing /home/airflow/.local/lib/python3.7/site-packages/airflow/example_dags/example_branch_operator.py took 0.168 seconds
[2023-02-01T12:04:41.028+0000] {processor.py:153} INFO - Started process (PID=923) to work on /home/airflow/.local/lib/python3.7/site-packages/airflow/example_dags/example_branch_operator.py
[2023-02-01T12:04:41.028+0000] {processor.py:743} INFO - Processing file /home/airflow/.local/lib/python3.7/site-packages/airflow/example_dags/example_branch_operator.py for tasks to queue
[2023-02-01T12:04:41.029+0000] {logging_mixin.py:137} INFO - [2023-02-01T12:04:41.029+0000] {dagbag.py:538} INFO - Filling up the DagBag from /home/airflow/.local/lib/python3.7/site-packages/airflow/example_dags/example_branch_operator.py
[2023-02-01T12:04:41.046+0000] {processor.py:753} INFO - DAG(s) dict_keys(['example_branch_operator']) retrieved from /home/airflow/.local/lib/python3.7/site-packages/airflow/example_dags/example_branch_operator.py
[2023-02-01T12:04:41.083+0000] {logging_mixin.py:137} INFO - [2023-02-01T12:04:41.083+0000] {dag.py:2690} INFO - Sync 1 DAGs
[2023-02-01T12:04:41.126+0000] {logging_mixin.py:137} INFO - [2023-02-01T12:04:41.126+0000] {dag.py:3441} INFO - Setting next_dagrun for example_branch_operator to 2023-01-31T00:00:00+00:00, run_after=2023-02-01T00:00:00+00:00
[2023-02-01T12:04:41.149+0000] {processor.py:175} INFO - Processing /home/airflow/.local/lib/python3.7/site-packages/airflow/example_dags/example_branch_operator.py took 0.124 seconds
[2023-02-01T12:05:11.794+0000] {processor.py:153} INFO - Started process (PID=1002) to work on /home/airflow/.local/lib/python3.7/site-packages/airflow/example_dags/example_branch_operator.py
[2023-02-01T12:05:11.795+0000] {processor.py:743} INFO - Processing file /home/airflow/.local/lib/python3.7/site-packages/airflow/example_dags/example_branch_operator.py for tasks to queue
[2023-02-01T12:05:11.796+0000] {logging_mixin.py:137} INFO - [2023-02-01T12:05:11.795+0000] {dagbag.py:538} INFO - Filling up the DagBag from /home/airflow/.local/lib/python3.7/site-packages/airflow/example_dags/example_branch_operator.py
[2023-02-01T12:05:11.811+0000] {processor.py:753} INFO - DAG(s) dict_keys(['example_branch_operator']) retrieved from /home/airflow/.local/lib/python3.7/site-packages/airflow/example_dags/example_branch_operator.py
[2023-02-01T12:05:11.834+0000] {logging_mixin.py:137} INFO - [2023-02-01T12:05:11.834+0000] {dag.py:2690} INFO - Sync 1 DAGs
[2023-02-01T12:05:11.857+0000] {logging_mixin.py:137} INFO - [2023-02-01T12:05:11.856+0000] {dag.py:3441} INFO - Setting next_dagrun for example_branch_operator to 2023-01-31T00:00:00+00:00, run_after=2023-02-01T00:00:00+00:00
[2023-02-01T12:05:11.872+0000] {processor.py:175} INFO - Processing /home/airflow/.local/lib/python3.7/site-packages/airflow/example_dags/example_branch_operator.py took 0.081 seconds
[2023-02-01T12:05:42.463+0000] {processor.py:153} INFO - Started process (PID=1067) to work on /home/airflow/.local/lib/python3.7/site-packages/airflow/example_dags/example_branch_operator.py
[2023-02-01T12:05:42.464+0000] {processor.py:743} INFO - Processing file /home/airflow/.local/lib/python3.7/site-packages/airflow/example_dags/example_branch_operator.py for tasks to queue
[2023-02-01T12:05:42.466+0000] {logging_mixin.py:137} INFO - [2023-02-01T12:05:42.466+0000] {dagbag.py:538} INFO - Filling up the DagBag from /home/airflow/.local/lib/python3.7/site-packages/airflow/example_dags/example_branch_operator.py
[2023-02-01T12:05:42.482+0000] {processor.py:753} INFO - DAG(s) dict_keys(['example_branch_operator']) retrieved from /home/airflow/.local/lib/python3.7/site-packages/airflow/example_dags/example_branch_operator.py
[2023-02-01T12:05:42.507+0000] {logging_mixin.py:137} INFO - [2023-02-01T12:05:42.507+0000] {dag.py:2690} INFO - Sync 1 DAGs
[2023-02-01T12:05:42.530+0000] {logging_mixin.py:137} INFO - [2023-02-01T12:05:42.530+0000] {dag.py:3441} INFO - Setting next_dagrun for example_branch_operator to 2023-01-31T00:00:00+00:00, run_after=2023-02-01T00:00:00+00:00
[2023-02-01T12:05:42.547+0000] {processor.py:175} INFO - Processing /home/airflow/.local/lib/python3.7/site-packages/airflow/example_dags/example_branch_operator.py took 0.088 seconds
[2023-02-01T12:06:13.009+0000] {processor.py:153} INFO - Started process (PID=1145) to work on /home/airflow/.local/lib/python3.7/site-packages/airflow/example_dags/example_branch_operator.py
[2023-02-01T12:06:13.010+0000] {processor.py:743} INFO - Processing file /home/airflow/.local/lib/python3.7/site-packages/airflow/example_dags/example_branch_operator.py for tasks to queue
[2023-02-01T12:06:13.012+0000] {logging_mixin.py:137} INFO - [2023-02-01T12:06:13.011+0000] {dagbag.py:538} INFO - Filling up the DagBag from /home/airflow/.local/lib/python3.7/site-packages/airflow/example_dags/example_branch_operator.py
[2023-02-01T12:06:13.027+0000] {processor.py:753} INFO - DAG(s) dict_keys(['example_branch_operator']) retrieved from /home/airflow/.local/lib/python3.7/site-packages/airflow/example_dags/example_branch_operator.py
[2023-02-01T12:06:13.051+0000] {logging_mixin.py:137} INFO - [2023-02-01T12:06:13.051+0000] {dag.py:2690} INFO - Sync 1 DAGs
[2023-02-01T12:06:13.073+0000] {logging_mixin.py:137} INFO - [2023-02-01T12:06:13.073+0000] {dag.py:3441} INFO - Setting next_dagrun for example_branch_operator to 2023-01-31T00:00:00+00:00, run_after=2023-02-01T00:00:00+00:00
[2023-02-01T12:06:13.090+0000] {processor.py:175} INFO - Processing /home/airflow/.local/lib/python3.7/site-packages/airflow/example_dags/example_branch_operator.py took 0.084 seconds
[2023-02-01T12:06:43.628+0000] {processor.py:153} INFO - Started process (PID=1219) to work on /home/airflow/.local/lib/python3.7/site-packages/airflow/example_dags/example_branch_operator.py
[2023-02-01T12:06:43.629+0000] {processor.py:743} INFO - Processing file /home/airflow/.local/lib/python3.7/site-packages/airflow/example_dags/example_branch_operator.py for tasks to queue
[2023-02-01T12:06:43.630+0000] {logging_mixin.py:137} INFO - [2023-02-01T12:06:43.630+0000] {dagbag.py:538} INFO - Filling up the DagBag from /home/airflow/.local/lib/python3.7/site-packages/airflow/example_dags/example_branch_operator.py
[2023-02-01T12:06:43.652+0000] {processor.py:753} INFO - DAG(s) dict_keys(['example_branch_operator']) retrieved from /home/airflow/.local/lib/python3.7/site-packages/airflow/example_dags/example_branch_operator.py
[2023-02-01T12:06:43.686+0000] {logging_mixin.py:137} INFO - [2023-02-01T12:06:43.685+0000] {dag.py:2690} INFO - Sync 1 DAGs
[2023-02-01T12:06:43.718+0000] {logging_mixin.py:137} INFO - [2023-02-01T12:06:43.718+0000] {dag.py:3441} INFO - Setting next_dagrun for example_branch_operator to 2023-01-31T00:00:00+00:00, run_after=2023-02-01T00:00:00+00:00
[2023-02-01T12:06:43.741+0000] {processor.py:175} INFO - Processing /home/airflow/.local/lib/python3.7/site-packages/airflow/example_dags/example_branch_operator.py took 0.118 seconds
[2023-02-01T12:07:13.791+0000] {processor.py:153} INFO - Started process (PID=1287) to work on /home/airflow/.local/lib/python3.7/site-packages/airflow/example_dags/example_branch_operator.py
[2023-02-01T12:07:13.793+0000] {processor.py:743} INFO - Processing file /home/airflow/.local/lib/python3.7/site-packages/airflow/example_dags/example_branch_operator.py for tasks to queue
[2023-02-01T12:07:13.794+0000] {logging_mixin.py:137} INFO - [2023-02-01T12:07:13.794+0000] {dagbag.py:538} INFO - Filling up the DagBag from /home/airflow/.local/lib/python3.7/site-packages/airflow/example_dags/example_branch_operator.py
[2023-02-01T12:07:13.818+0000] {processor.py:753} INFO - DAG(s) dict_keys(['example_branch_operator']) retrieved from /home/airflow/.local/lib/python3.7/site-packages/airflow/example_dags/example_branch_operator.py
[2023-02-01T12:07:13.850+0000] {logging_mixin.py:137} INFO - [2023-02-01T12:07:13.850+0000] {dag.py:2690} INFO - Sync 1 DAGs
[2023-02-01T12:07:13.891+0000] {logging_mixin.py:137} INFO - [2023-02-01T12:07:13.891+0000] {dag.py:3441} INFO - Setting next_dagrun for example_branch_operator to 2023-01-31T00:00:00+00:00, run_after=2023-02-01T00:00:00+00:00
[2023-02-01T12:07:13.948+0000] {processor.py:175} INFO - Processing /home/airflow/.local/lib/python3.7/site-packages/airflow/example_dags/example_branch_operator.py took 0.161 seconds
[2023-02-01T12:07:44.103+0000] {processor.py:153} INFO - Started process (PID=1366) to work on /home/airflow/.local/lib/python3.7/site-packages/airflow/example_dags/example_branch_operator.py
[2023-02-01T12:07:44.104+0000] {processor.py:743} INFO - Processing file /home/airflow/.local/lib/python3.7/site-packages/airflow/example_dags/example_branch_operator.py for tasks to queue
[2023-02-01T12:07:44.105+0000] {logging_mixin.py:137} INFO - [2023-02-01T12:07:44.104+0000] {dagbag.py:538} INFO - Filling up the DagBag from /home/airflow/.local/lib/python3.7/site-packages/airflow/example_dags/example_branch_operator.py
[2023-02-01T12:07:44.120+0000] {processor.py:753} INFO - DAG(s) dict_keys(['example_branch_operator']) retrieved from /home/airflow/.local/lib/python3.7/site-packages/airflow/example_dags/example_branch_operator.py
[2023-02-01T12:07:44.147+0000] {logging_mixin.py:137} INFO - [2023-02-01T12:07:44.147+0000] {dag.py:2690} INFO - Sync 1 DAGs
[2023-02-01T12:07:44.179+0000] {logging_mixin.py:137} INFO - [2023-02-01T12:07:44.178+0000] {dag.py:3441} INFO - Setting next_dagrun for example_branch_operator to 2023-01-31T00:00:00+00:00, run_after=2023-02-01T00:00:00+00:00
[2023-02-01T12:07:44.202+0000] {processor.py:175} INFO - Processing /home/airflow/.local/lib/python3.7/site-packages/airflow/example_dags/example_branch_operator.py took 0.104 seconds
