[2023-02-01T11:58:32.576+0000] {processor.py:153} INFO - Started process (PID=69) to work on /home/airflow/.local/lib/python3.7/site-packages/airflow/example_dags/tutorial_dag.py
[2023-02-01T11:58:32.582+0000] {processor.py:743} INFO - Processing file /home/airflow/.local/lib/python3.7/site-packages/airflow/example_dags/tutorial_dag.py for tasks to queue
[2023-02-01T11:58:32.583+0000] {logging_mixin.py:137} INFO - [2023-02-01T11:58:32.583+0000] {dagbag.py:538} INFO - Filling up the DagBag from /home/airflow/.local/lib/python3.7/site-packages/airflow/example_dags/tutorial_dag.py
[2023-02-01T11:58:32.648+0000] {processor.py:753} INFO - DAG(s) dict_keys(['tutorial_dag']) retrieved from /home/airflow/.local/lib/python3.7/site-packages/airflow/example_dags/tutorial_dag.py
[2023-02-01T11:58:32.710+0000] {logging_mixin.py:137} INFO - [2023-02-01T11:58:32.709+0000] {dag.py:2690} INFO - Sync 1 DAGs
[2023-02-01T11:58:32.823+0000] {logging_mixin.py:137} INFO - [2023-02-01T11:58:32.823+0000] {dag.py:3441} INFO - Setting next_dagrun for tutorial_dag to None, run_after=None
[2023-02-01T11:58:32.902+0000] {processor.py:175} INFO - Processing /home/airflow/.local/lib/python3.7/site-packages/airflow/example_dags/tutorial_dag.py took 0.332 seconds
[2023-02-01T11:59:03.295+0000] {processor.py:153} INFO - Started process (PID=137) to work on /home/airflow/.local/lib/python3.7/site-packages/airflow/example_dags/tutorial_dag.py
[2023-02-01T11:59:03.295+0000] {processor.py:743} INFO - Processing file /home/airflow/.local/lib/python3.7/site-packages/airflow/example_dags/tutorial_dag.py for tasks to queue
[2023-02-01T11:59:03.296+0000] {logging_mixin.py:137} INFO - [2023-02-01T11:59:03.296+0000] {dagbag.py:538} INFO - Filling up the DagBag from /home/airflow/.local/lib/python3.7/site-packages/airflow/example_dags/tutorial_dag.py
[2023-02-01T11:59:03.309+0000] {processor.py:753} INFO - DAG(s) dict_keys(['tutorial_dag']) retrieved from /home/airflow/.local/lib/python3.7/site-packages/airflow/example_dags/tutorial_dag.py
[2023-02-01T11:59:03.334+0000] {logging_mixin.py:137} INFO - [2023-02-01T11:59:03.334+0000] {dag.py:2690} INFO - Sync 1 DAGs
[2023-02-01T11:59:03.359+0000] {logging_mixin.py:137} INFO - [2023-02-01T11:59:03.359+0000] {dag.py:3441} INFO - Setting next_dagrun for tutorial_dag to None, run_after=None
[2023-02-01T11:59:03.376+0000] {processor.py:175} INFO - Processing /home/airflow/.local/lib/python3.7/site-packages/airflow/example_dags/tutorial_dag.py took 0.085 seconds
[2023-02-01T11:59:34.302+0000] {processor.py:153} INFO - Started process (PID=216) to work on /home/airflow/.local/lib/python3.7/site-packages/airflow/example_dags/tutorial_dag.py
[2023-02-01T11:59:34.303+0000] {processor.py:743} INFO - Processing file /home/airflow/.local/lib/python3.7/site-packages/airflow/example_dags/tutorial_dag.py for tasks to queue
[2023-02-01T11:59:34.303+0000] {logging_mixin.py:137} INFO - [2023-02-01T11:59:34.303+0000] {dagbag.py:538} INFO - Filling up the DagBag from /home/airflow/.local/lib/python3.7/site-packages/airflow/example_dags/tutorial_dag.py
[2023-02-01T11:59:34.318+0000] {processor.py:753} INFO - DAG(s) dict_keys(['tutorial_dag']) retrieved from /home/airflow/.local/lib/python3.7/site-packages/airflow/example_dags/tutorial_dag.py
[2023-02-01T11:59:34.341+0000] {logging_mixin.py:137} INFO - [2023-02-01T11:59:34.341+0000] {dag.py:2690} INFO - Sync 1 DAGs
[2023-02-01T11:59:34.364+0000] {logging_mixin.py:137} INFO - [2023-02-01T11:59:34.364+0000] {dag.py:3441} INFO - Setting next_dagrun for tutorial_dag to None, run_after=None
[2023-02-01T11:59:34.381+0000] {processor.py:175} INFO - Processing /home/airflow/.local/lib/python3.7/site-packages/airflow/example_dags/tutorial_dag.py took 0.083 seconds
[2023-02-01T12:00:04.951+0000] {processor.py:153} INFO - Started process (PID=282) to work on /home/airflow/.local/lib/python3.7/site-packages/airflow/example_dags/tutorial_dag.py
[2023-02-01T12:00:04.952+0000] {processor.py:743} INFO - Processing file /home/airflow/.local/lib/python3.7/site-packages/airflow/example_dags/tutorial_dag.py for tasks to queue
[2023-02-01T12:00:04.953+0000] {logging_mixin.py:137} INFO - [2023-02-01T12:00:04.953+0000] {dagbag.py:538} INFO - Filling up the DagBag from /home/airflow/.local/lib/python3.7/site-packages/airflow/example_dags/tutorial_dag.py
[2023-02-01T12:00:04.968+0000] {processor.py:753} INFO - DAG(s) dict_keys(['tutorial_dag']) retrieved from /home/airflow/.local/lib/python3.7/site-packages/airflow/example_dags/tutorial_dag.py
[2023-02-01T12:00:04.992+0000] {logging_mixin.py:137} INFO - [2023-02-01T12:00:04.992+0000] {dag.py:2690} INFO - Sync 1 DAGs
[2023-02-01T12:00:05.015+0000] {logging_mixin.py:137} INFO - [2023-02-01T12:00:05.015+0000] {dag.py:3441} INFO - Setting next_dagrun for tutorial_dag to None, run_after=None
[2023-02-01T12:00:05.031+0000] {processor.py:175} INFO - Processing /home/airflow/.local/lib/python3.7/site-packages/airflow/example_dags/tutorial_dag.py took 0.083 seconds
[2023-02-01T12:00:35.774+0000] {processor.py:153} INFO - Started process (PID=360) to work on /home/airflow/.local/lib/python3.7/site-packages/airflow/example_dags/tutorial_dag.py
[2023-02-01T12:00:35.775+0000] {processor.py:743} INFO - Processing file /home/airflow/.local/lib/python3.7/site-packages/airflow/example_dags/tutorial_dag.py for tasks to queue
[2023-02-01T12:00:35.776+0000] {logging_mixin.py:137} INFO - [2023-02-01T12:00:35.776+0000] {dagbag.py:538} INFO - Filling up the DagBag from /home/airflow/.local/lib/python3.7/site-packages/airflow/example_dags/tutorial_dag.py
[2023-02-01T12:00:35.794+0000] {processor.py:753} INFO - DAG(s) dict_keys(['tutorial_dag']) retrieved from /home/airflow/.local/lib/python3.7/site-packages/airflow/example_dags/tutorial_dag.py
[2023-02-01T12:00:35.822+0000] {logging_mixin.py:137} INFO - [2023-02-01T12:00:35.822+0000] {dag.py:2690} INFO - Sync 1 DAGs
[2023-02-01T12:00:35.852+0000] {logging_mixin.py:137} INFO - [2023-02-01T12:00:35.852+0000] {dag.py:3441} INFO - Setting next_dagrun for tutorial_dag to None, run_after=None
[2023-02-01T12:00:35.871+0000] {processor.py:175} INFO - Processing /home/airflow/.local/lib/python3.7/site-packages/airflow/example_dags/tutorial_dag.py took 0.101 seconds
[2023-02-01T12:01:06.440+0000] {processor.py:153} INFO - Started process (PID=425) to work on /home/airflow/.local/lib/python3.7/site-packages/airflow/example_dags/tutorial_dag.py
[2023-02-01T12:01:06.442+0000] {processor.py:743} INFO - Processing file /home/airflow/.local/lib/python3.7/site-packages/airflow/example_dags/tutorial_dag.py for tasks to queue
[2023-02-01T12:01:06.444+0000] {logging_mixin.py:137} INFO - [2023-02-01T12:01:06.443+0000] {dagbag.py:538} INFO - Filling up the DagBag from /home/airflow/.local/lib/python3.7/site-packages/airflow/example_dags/tutorial_dag.py
[2023-02-01T12:01:06.463+0000] {processor.py:753} INFO - DAG(s) dict_keys(['tutorial_dag']) retrieved from /home/airflow/.local/lib/python3.7/site-packages/airflow/example_dags/tutorial_dag.py
[2023-02-01T12:01:06.497+0000] {logging_mixin.py:137} INFO - [2023-02-01T12:01:06.497+0000] {dag.py:2690} INFO - Sync 1 DAGs
[2023-02-01T12:01:06.530+0000] {logging_mixin.py:137} INFO - [2023-02-01T12:01:06.530+0000] {dag.py:3441} INFO - Setting next_dagrun for tutorial_dag to None, run_after=None
[2023-02-01T12:01:06.552+0000] {processor.py:175} INFO - Processing /home/airflow/.local/lib/python3.7/site-packages/airflow/example_dags/tutorial_dag.py took 0.116 seconds
[2023-02-01T12:01:37.424+0000] {processor.py:153} INFO - Started process (PID=504) to work on /home/airflow/.local/lib/python3.7/site-packages/airflow/example_dags/tutorial_dag.py
[2023-02-01T12:01:37.426+0000] {processor.py:743} INFO - Processing file /home/airflow/.local/lib/python3.7/site-packages/airflow/example_dags/tutorial_dag.py for tasks to queue
[2023-02-01T12:01:37.427+0000] {logging_mixin.py:137} INFO - [2023-02-01T12:01:37.426+0000] {dagbag.py:538} INFO - Filling up the DagBag from /home/airflow/.local/lib/python3.7/site-packages/airflow/example_dags/tutorial_dag.py
[2023-02-01T12:01:37.447+0000] {processor.py:753} INFO - DAG(s) dict_keys(['tutorial_dag']) retrieved from /home/airflow/.local/lib/python3.7/site-packages/airflow/example_dags/tutorial_dag.py
[2023-02-01T12:01:37.482+0000] {logging_mixin.py:137} INFO - [2023-02-01T12:01:37.482+0000] {dag.py:2690} INFO - Sync 1 DAGs
[2023-02-01T12:01:37.509+0000] {logging_mixin.py:137} INFO - [2023-02-01T12:01:37.509+0000] {dag.py:3441} INFO - Setting next_dagrun for tutorial_dag to None, run_after=None
[2023-02-01T12:01:37.534+0000] {processor.py:175} INFO - Processing /home/airflow/.local/lib/python3.7/site-packages/airflow/example_dags/tutorial_dag.py took 0.114 seconds
[2023-02-01T12:02:08.898+0000] {processor.py:153} INFO - Started process (PID=581) to work on /home/airflow/.local/lib/python3.7/site-packages/airflow/example_dags/tutorial_dag.py
[2023-02-01T12:02:08.901+0000] {processor.py:743} INFO - Processing file /home/airflow/.local/lib/python3.7/site-packages/airflow/example_dags/tutorial_dag.py for tasks to queue
[2023-02-01T12:02:08.904+0000] {logging_mixin.py:137} INFO - [2023-02-01T12:02:08.903+0000] {dagbag.py:538} INFO - Filling up the DagBag from /home/airflow/.local/lib/python3.7/site-packages/airflow/example_dags/tutorial_dag.py
[2023-02-01T12:02:08.927+0000] {processor.py:753} INFO - DAG(s) dict_keys(['tutorial_dag']) retrieved from /home/airflow/.local/lib/python3.7/site-packages/airflow/example_dags/tutorial_dag.py
[2023-02-01T12:02:08.995+0000] {logging_mixin.py:137} INFO - [2023-02-01T12:02:08.995+0000] {dag.py:2690} INFO - Sync 1 DAGs
[2023-02-01T12:02:09.020+0000] {logging_mixin.py:137} INFO - [2023-02-01T12:02:09.020+0000] {dag.py:3441} INFO - Setting next_dagrun for tutorial_dag to None, run_after=None
[2023-02-01T12:02:09.039+0000] {processor.py:175} INFO - Processing /home/airflow/.local/lib/python3.7/site-packages/airflow/example_dags/tutorial_dag.py took 0.148 seconds
[2023-02-01T12:02:39.212+0000] {processor.py:153} INFO - Started process (PID=646) to work on /home/airflow/.local/lib/python3.7/site-packages/airflow/example_dags/tutorial_dag.py
[2023-02-01T12:02:39.212+0000] {processor.py:743} INFO - Processing file /home/airflow/.local/lib/python3.7/site-packages/airflow/example_dags/tutorial_dag.py for tasks to queue
[2023-02-01T12:02:39.213+0000] {logging_mixin.py:137} INFO - [2023-02-01T12:02:39.213+0000] {dagbag.py:538} INFO - Filling up the DagBag from /home/airflow/.local/lib/python3.7/site-packages/airflow/example_dags/tutorial_dag.py
[2023-02-01T12:02:39.226+0000] {processor.py:753} INFO - DAG(s) dict_keys(['tutorial_dag']) retrieved from /home/airflow/.local/lib/python3.7/site-packages/airflow/example_dags/tutorial_dag.py
[2023-02-01T12:02:39.255+0000] {logging_mixin.py:137} INFO - [2023-02-01T12:02:39.255+0000] {dag.py:2690} INFO - Sync 1 DAGs
[2023-02-01T12:02:39.299+0000] {logging_mixin.py:137} INFO - [2023-02-01T12:02:39.299+0000] {dag.py:3441} INFO - Setting next_dagrun for tutorial_dag to None, run_after=None
[2023-02-01T12:02:39.320+0000] {processor.py:175} INFO - Processing /home/airflow/.local/lib/python3.7/site-packages/airflow/example_dags/tutorial_dag.py took 0.112 seconds
[2023-02-01T12:03:09.387+0000] {processor.py:153} INFO - Started process (PID=724) to work on /home/airflow/.local/lib/python3.7/site-packages/airflow/example_dags/tutorial_dag.py
[2023-02-01T12:03:09.388+0000] {processor.py:743} INFO - Processing file /home/airflow/.local/lib/python3.7/site-packages/airflow/example_dags/tutorial_dag.py for tasks to queue
[2023-02-01T12:03:09.389+0000] {logging_mixin.py:137} INFO - [2023-02-01T12:03:09.389+0000] {dagbag.py:538} INFO - Filling up the DagBag from /home/airflow/.local/lib/python3.7/site-packages/airflow/example_dags/tutorial_dag.py
[2023-02-01T12:03:09.403+0000] {processor.py:753} INFO - DAG(s) dict_keys(['tutorial_dag']) retrieved from /home/airflow/.local/lib/python3.7/site-packages/airflow/example_dags/tutorial_dag.py
[2023-02-01T12:03:09.431+0000] {logging_mixin.py:137} INFO - [2023-02-01T12:03:09.431+0000] {dag.py:2690} INFO - Sync 1 DAGs
[2023-02-01T12:03:09.457+0000] {logging_mixin.py:137} INFO - [2023-02-01T12:03:09.456+0000] {dag.py:3441} INFO - Setting next_dagrun for tutorial_dag to None, run_after=None
[2023-02-01T12:03:09.484+0000] {processor.py:175} INFO - Processing /home/airflow/.local/lib/python3.7/site-packages/airflow/example_dags/tutorial_dag.py took 0.102 seconds
[2023-02-01T12:03:40.436+0000] {processor.py:153} INFO - Started process (PID=790) to work on /home/airflow/.local/lib/python3.7/site-packages/airflow/example_dags/tutorial_dag.py
[2023-02-01T12:03:40.437+0000] {processor.py:743} INFO - Processing file /home/airflow/.local/lib/python3.7/site-packages/airflow/example_dags/tutorial_dag.py for tasks to queue
[2023-02-01T12:03:40.437+0000] {logging_mixin.py:137} INFO - [2023-02-01T12:03:40.437+0000] {dagbag.py:538} INFO - Filling up the DagBag from /home/airflow/.local/lib/python3.7/site-packages/airflow/example_dags/tutorial_dag.py
[2023-02-01T12:03:40.453+0000] {processor.py:753} INFO - DAG(s) dict_keys(['tutorial_dag']) retrieved from /home/airflow/.local/lib/python3.7/site-packages/airflow/example_dags/tutorial_dag.py
[2023-02-01T12:03:40.499+0000] {logging_mixin.py:137} INFO - [2023-02-01T12:03:40.499+0000] {dag.py:2690} INFO - Sync 1 DAGs
[2023-02-01T12:03:40.535+0000] {logging_mixin.py:137} INFO - [2023-02-01T12:03:40.535+0000] {dag.py:3441} INFO - Setting next_dagrun for tutorial_dag to None, run_after=None
[2023-02-01T12:03:40.567+0000] {processor.py:175} INFO - Processing /home/airflow/.local/lib/python3.7/site-packages/airflow/example_dags/tutorial_dag.py took 0.138 seconds
[2023-02-01T12:04:11.603+0000] {processor.py:153} INFO - Started process (PID=867) to work on /home/airflow/.local/lib/python3.7/site-packages/airflow/example_dags/tutorial_dag.py
[2023-02-01T12:04:11.604+0000] {processor.py:743} INFO - Processing file /home/airflow/.local/lib/python3.7/site-packages/airflow/example_dags/tutorial_dag.py for tasks to queue
[2023-02-01T12:04:11.611+0000] {logging_mixin.py:137} INFO - [2023-02-01T12:04:11.610+0000] {dagbag.py:538} INFO - Filling up the DagBag from /home/airflow/.local/lib/python3.7/site-packages/airflow/example_dags/tutorial_dag.py
[2023-02-01T12:04:11.631+0000] {processor.py:753} INFO - DAG(s) dict_keys(['tutorial_dag']) retrieved from /home/airflow/.local/lib/python3.7/site-packages/airflow/example_dags/tutorial_dag.py
[2023-02-01T12:04:11.668+0000] {logging_mixin.py:137} INFO - [2023-02-01T12:04:11.668+0000] {dag.py:2690} INFO - Sync 1 DAGs
[2023-02-01T12:04:11.718+0000] {logging_mixin.py:137} INFO - [2023-02-01T12:04:11.718+0000] {dag.py:3441} INFO - Setting next_dagrun for tutorial_dag to None, run_after=None
[2023-02-01T12:04:11.746+0000] {processor.py:175} INFO - Processing /home/airflow/.local/lib/python3.7/site-packages/airflow/example_dags/tutorial_dag.py took 0.148 seconds
[2023-02-01T12:04:42.598+0000] {processor.py:153} INFO - Started process (PID=932) to work on /home/airflow/.local/lib/python3.7/site-packages/airflow/example_dags/tutorial_dag.py
[2023-02-01T12:04:42.599+0000] {processor.py:743} INFO - Processing file /home/airflow/.local/lib/python3.7/site-packages/airflow/example_dags/tutorial_dag.py for tasks to queue
[2023-02-01T12:04:42.600+0000] {logging_mixin.py:137} INFO - [2023-02-01T12:04:42.600+0000] {dagbag.py:538} INFO - Filling up the DagBag from /home/airflow/.local/lib/python3.7/site-packages/airflow/example_dags/tutorial_dag.py
[2023-02-01T12:04:42.616+0000] {processor.py:753} INFO - DAG(s) dict_keys(['tutorial_dag']) retrieved from /home/airflow/.local/lib/python3.7/site-packages/airflow/example_dags/tutorial_dag.py
[2023-02-01T12:04:42.642+0000] {logging_mixin.py:137} INFO - [2023-02-01T12:04:42.642+0000] {dag.py:2690} INFO - Sync 1 DAGs
[2023-02-01T12:04:42.663+0000] {logging_mixin.py:137} INFO - [2023-02-01T12:04:42.663+0000] {dag.py:3441} INFO - Setting next_dagrun for tutorial_dag to None, run_after=None
[2023-02-01T12:04:42.679+0000] {processor.py:175} INFO - Processing /home/airflow/.local/lib/python3.7/site-packages/airflow/example_dags/tutorial_dag.py took 0.085 seconds
[2023-02-01T12:05:13.307+0000] {processor.py:153} INFO - Started process (PID=1011) to work on /home/airflow/.local/lib/python3.7/site-packages/airflow/example_dags/tutorial_dag.py
[2023-02-01T12:05:13.308+0000] {processor.py:743} INFO - Processing file /home/airflow/.local/lib/python3.7/site-packages/airflow/example_dags/tutorial_dag.py for tasks to queue
[2023-02-01T12:05:13.309+0000] {logging_mixin.py:137} INFO - [2023-02-01T12:05:13.309+0000] {dagbag.py:538} INFO - Filling up the DagBag from /home/airflow/.local/lib/python3.7/site-packages/airflow/example_dags/tutorial_dag.py
[2023-02-01T12:05:13.322+0000] {processor.py:753} INFO - DAG(s) dict_keys(['tutorial_dag']) retrieved from /home/airflow/.local/lib/python3.7/site-packages/airflow/example_dags/tutorial_dag.py
[2023-02-01T12:05:13.345+0000] {logging_mixin.py:137} INFO - [2023-02-01T12:05:13.345+0000] {dag.py:2690} INFO - Sync 1 DAGs
[2023-02-01T12:05:13.367+0000] {logging_mixin.py:137} INFO - [2023-02-01T12:05:13.366+0000] {dag.py:3441} INFO - Setting next_dagrun for tutorial_dag to None, run_after=None
[2023-02-01T12:05:13.382+0000] {processor.py:175} INFO - Processing /home/airflow/.local/lib/python3.7/site-packages/airflow/example_dags/tutorial_dag.py took 0.078 seconds
[2023-02-01T12:05:43.979+0000] {processor.py:153} INFO - Started process (PID=1076) to work on /home/airflow/.local/lib/python3.7/site-packages/airflow/example_dags/tutorial_dag.py
[2023-02-01T12:05:43.980+0000] {processor.py:743} INFO - Processing file /home/airflow/.local/lib/python3.7/site-packages/airflow/example_dags/tutorial_dag.py for tasks to queue
[2023-02-01T12:05:43.981+0000] {logging_mixin.py:137} INFO - [2023-02-01T12:05:43.981+0000] {dagbag.py:538} INFO - Filling up the DagBag from /home/airflow/.local/lib/python3.7/site-packages/airflow/example_dags/tutorial_dag.py
[2023-02-01T12:05:43.996+0000] {processor.py:753} INFO - DAG(s) dict_keys(['tutorial_dag']) retrieved from /home/airflow/.local/lib/python3.7/site-packages/airflow/example_dags/tutorial_dag.py
[2023-02-01T12:05:44.020+0000] {logging_mixin.py:137} INFO - [2023-02-01T12:05:44.020+0000] {dag.py:2690} INFO - Sync 1 DAGs
[2023-02-01T12:05:44.042+0000] {logging_mixin.py:137} INFO - [2023-02-01T12:05:44.042+0000] {dag.py:3441} INFO - Setting next_dagrun for tutorial_dag to None, run_after=None
[2023-02-01T12:05:44.061+0000] {processor.py:175} INFO - Processing /home/airflow/.local/lib/python3.7/site-packages/airflow/example_dags/tutorial_dag.py took 0.085 seconds
[2023-02-01T12:06:14.524+0000] {processor.py:153} INFO - Started process (PID=1154) to work on /home/airflow/.local/lib/python3.7/site-packages/airflow/example_dags/tutorial_dag.py
[2023-02-01T12:06:14.525+0000] {processor.py:743} INFO - Processing file /home/airflow/.local/lib/python3.7/site-packages/airflow/example_dags/tutorial_dag.py for tasks to queue
[2023-02-01T12:06:14.525+0000] {logging_mixin.py:137} INFO - [2023-02-01T12:06:14.525+0000] {dagbag.py:538} INFO - Filling up the DagBag from /home/airflow/.local/lib/python3.7/site-packages/airflow/example_dags/tutorial_dag.py
[2023-02-01T12:06:14.538+0000] {processor.py:753} INFO - DAG(s) dict_keys(['tutorial_dag']) retrieved from /home/airflow/.local/lib/python3.7/site-packages/airflow/example_dags/tutorial_dag.py
[2023-02-01T12:06:14.561+0000] {logging_mixin.py:137} INFO - [2023-02-01T12:06:14.561+0000] {dag.py:2690} INFO - Sync 1 DAGs
[2023-02-01T12:06:14.582+0000] {logging_mixin.py:137} INFO - [2023-02-01T12:06:14.581+0000] {dag.py:3441} INFO - Setting next_dagrun for tutorial_dag to None, run_after=None
[2023-02-01T12:06:14.600+0000] {processor.py:175} INFO - Processing /home/airflow/.local/lib/python3.7/site-packages/airflow/example_dags/tutorial_dag.py took 0.079 seconds
[2023-02-01T12:06:45.427+0000] {processor.py:153} INFO - Started process (PID=1232) to work on /home/airflow/.local/lib/python3.7/site-packages/airflow/example_dags/tutorial_dag.py
[2023-02-01T12:06:45.427+0000] {processor.py:743} INFO - Processing file /home/airflow/.local/lib/python3.7/site-packages/airflow/example_dags/tutorial_dag.py for tasks to queue
[2023-02-01T12:06:45.428+0000] {logging_mixin.py:137} INFO - [2023-02-01T12:06:45.428+0000] {dagbag.py:538} INFO - Filling up the DagBag from /home/airflow/.local/lib/python3.7/site-packages/airflow/example_dags/tutorial_dag.py
[2023-02-01T12:06:45.441+0000] {processor.py:753} INFO - DAG(s) dict_keys(['tutorial_dag']) retrieved from /home/airflow/.local/lib/python3.7/site-packages/airflow/example_dags/tutorial_dag.py
[2023-02-01T12:06:45.471+0000] {logging_mixin.py:137} INFO - [2023-02-01T12:06:45.471+0000] {dag.py:2690} INFO - Sync 1 DAGs
[2023-02-01T12:06:45.498+0000] {logging_mixin.py:137} INFO - [2023-02-01T12:06:45.497+0000] {dag.py:3441} INFO - Setting next_dagrun for tutorial_dag to None, run_after=None
[2023-02-01T12:06:45.529+0000] {processor.py:175} INFO - Processing /home/airflow/.local/lib/python3.7/site-packages/airflow/example_dags/tutorial_dag.py took 0.107 seconds
[2023-02-01T12:07:16.464+0000] {processor.py:153} INFO - Started process (PID=1296) to work on /home/airflow/.local/lib/python3.7/site-packages/airflow/example_dags/tutorial_dag.py
[2023-02-01T12:07:16.465+0000] {processor.py:743} INFO - Processing file /home/airflow/.local/lib/python3.7/site-packages/airflow/example_dags/tutorial_dag.py for tasks to queue
[2023-02-01T12:07:16.466+0000] {logging_mixin.py:137} INFO - [2023-02-01T12:07:16.466+0000] {dagbag.py:538} INFO - Filling up the DagBag from /home/airflow/.local/lib/python3.7/site-packages/airflow/example_dags/tutorial_dag.py
[2023-02-01T12:07:16.478+0000] {processor.py:753} INFO - DAG(s) dict_keys(['tutorial_dag']) retrieved from /home/airflow/.local/lib/python3.7/site-packages/airflow/example_dags/tutorial_dag.py
[2023-02-01T12:07:16.502+0000] {logging_mixin.py:137} INFO - [2023-02-01T12:07:16.501+0000] {dag.py:2690} INFO - Sync 1 DAGs
[2023-02-01T12:07:16.523+0000] {logging_mixin.py:137} INFO - [2023-02-01T12:07:16.523+0000] {dag.py:3441} INFO - Setting next_dagrun for tutorial_dag to None, run_after=None
[2023-02-01T12:07:16.538+0000] {processor.py:175} INFO - Processing /home/airflow/.local/lib/python3.7/site-packages/airflow/example_dags/tutorial_dag.py took 0.078 seconds
[2023-02-01T12:07:46.823+0000] {processor.py:153} INFO - Started process (PID=1375) to work on /home/airflow/.local/lib/python3.7/site-packages/airflow/example_dags/tutorial_dag.py
[2023-02-01T12:07:46.824+0000] {processor.py:743} INFO - Processing file /home/airflow/.local/lib/python3.7/site-packages/airflow/example_dags/tutorial_dag.py for tasks to queue
[2023-02-01T12:07:46.825+0000] {logging_mixin.py:137} INFO - [2023-02-01T12:07:46.824+0000] {dagbag.py:538} INFO - Filling up the DagBag from /home/airflow/.local/lib/python3.7/site-packages/airflow/example_dags/tutorial_dag.py
[2023-02-01T12:07:46.838+0000] {processor.py:753} INFO - DAG(s) dict_keys(['tutorial_dag']) retrieved from /home/airflow/.local/lib/python3.7/site-packages/airflow/example_dags/tutorial_dag.py
[2023-02-01T12:07:46.868+0000] {logging_mixin.py:137} INFO - [2023-02-01T12:07:46.868+0000] {dag.py:2690} INFO - Sync 1 DAGs
[2023-02-01T12:07:46.894+0000] {logging_mixin.py:137} INFO - [2023-02-01T12:07:46.894+0000] {dag.py:3441} INFO - Setting next_dagrun for tutorial_dag to None, run_after=None
[2023-02-01T12:07:46.921+0000] {processor.py:175} INFO - Processing /home/airflow/.local/lib/python3.7/site-packages/airflow/example_dags/tutorial_dag.py took 0.101 seconds
