[2023-02-01T11:58:31.571+0000] {processor.py:153} INFO - Started process (PID=59) to work on /home/airflow/.local/lib/python3.7/site-packages/airflow/example_dags/tutorial.py
[2023-02-01T11:58:31.573+0000] {processor.py:743} INFO - Processing file /home/airflow/.local/lib/python3.7/site-packages/airflow/example_dags/tutorial.py for tasks to queue
[2023-02-01T11:58:31.574+0000] {logging_mixin.py:137} INFO - [2023-02-01T11:58:31.574+0000] {dagbag.py:538} INFO - Filling up the DagBag from /home/airflow/.local/lib/python3.7/site-packages/airflow/example_dags/tutorial.py
[2023-02-01T11:58:31.607+0000] {processor.py:753} INFO - DAG(s) dict_keys(['tutorial']) retrieved from /home/airflow/.local/lib/python3.7/site-packages/airflow/example_dags/tutorial.py
[2023-02-01T11:58:31.627+0000] {logging_mixin.py:137} INFO - [2023-02-01T11:58:31.627+0000] {dag.py:2690} INFO - Sync 1 DAGs
[2023-02-01T11:58:31.665+0000] {logging_mixin.py:137} INFO - [2023-02-01T11:58:31.665+0000] {dag.py:3441} INFO - Setting next_dagrun for tutorial to 2023-01-31T11:58:31.664585+00:00, run_after=2023-02-01T11:58:31.664585+00:00
[2023-02-01T11:58:31.716+0000] {processor.py:175} INFO - Processing /home/airflow/.local/lib/python3.7/site-packages/airflow/example_dags/tutorial.py took 0.151 seconds
[2023-02-01T11:59:01.787+0000] {processor.py:153} INFO - Started process (PID=130) to work on /home/airflow/.local/lib/python3.7/site-packages/airflow/example_dags/tutorial.py
[2023-02-01T11:59:01.789+0000] {processor.py:743} INFO - Processing file /home/airflow/.local/lib/python3.7/site-packages/airflow/example_dags/tutorial.py for tasks to queue
[2023-02-01T11:59:01.791+0000] {logging_mixin.py:137} INFO - [2023-02-01T11:59:01.791+0000] {dagbag.py:538} INFO - Filling up the DagBag from /home/airflow/.local/lib/python3.7/site-packages/airflow/example_dags/tutorial.py
[2023-02-01T11:59:01.811+0000] {processor.py:753} INFO - DAG(s) dict_keys(['tutorial']) retrieved from /home/airflow/.local/lib/python3.7/site-packages/airflow/example_dags/tutorial.py
[2023-02-01T11:59:01.836+0000] {logging_mixin.py:137} INFO - [2023-02-01T11:59:01.836+0000] {dag.py:2690} INFO - Sync 1 DAGs
[2023-02-01T11:59:01.861+0000] {logging_mixin.py:137} INFO - [2023-02-01T11:59:01.860+0000] {dag.py:3441} INFO - Setting next_dagrun for tutorial to 2023-01-31T11:59:01.860192+00:00, run_after=2023-02-01T11:59:01.860192+00:00
[2023-02-01T11:59:01.885+0000] {processor.py:175} INFO - Processing /home/airflow/.local/lib/python3.7/site-packages/airflow/example_dags/tutorial.py took 0.105 seconds
[2023-02-01T11:59:32.739+0000] {processor.py:153} INFO - Started process (PID=196) to work on /home/airflow/.local/lib/python3.7/site-packages/airflow/example_dags/tutorial.py
[2023-02-01T11:59:32.740+0000] {processor.py:743} INFO - Processing file /home/airflow/.local/lib/python3.7/site-packages/airflow/example_dags/tutorial.py for tasks to queue
[2023-02-01T11:59:32.741+0000] {logging_mixin.py:137} INFO - [2023-02-01T11:59:32.741+0000] {dagbag.py:538} INFO - Filling up the DagBag from /home/airflow/.local/lib/python3.7/site-packages/airflow/example_dags/tutorial.py
[2023-02-01T11:59:32.755+0000] {processor.py:753} INFO - DAG(s) dict_keys(['tutorial']) retrieved from /home/airflow/.local/lib/python3.7/site-packages/airflow/example_dags/tutorial.py
[2023-02-01T11:59:32.781+0000] {logging_mixin.py:137} INFO - [2023-02-01T11:59:32.781+0000] {dag.py:2690} INFO - Sync 1 DAGs
[2023-02-01T11:59:32.805+0000] {logging_mixin.py:137} INFO - [2023-02-01T11:59:32.805+0000] {dag.py:3441} INFO - Setting next_dagrun for tutorial to 2023-01-31T11:59:32.804919+00:00, run_after=2023-02-01T11:59:32.804919+00:00
[2023-02-01T11:59:32.820+0000] {processor.py:175} INFO - Processing /home/airflow/.local/lib/python3.7/site-packages/airflow/example_dags/tutorial.py took 0.085 seconds
[2023-02-01T12:00:03.500+0000] {processor.py:153} INFO - Started process (PID=275) to work on /home/airflow/.local/lib/python3.7/site-packages/airflow/example_dags/tutorial.py
[2023-02-01T12:00:03.501+0000] {processor.py:743} INFO - Processing file /home/airflow/.local/lib/python3.7/site-packages/airflow/example_dags/tutorial.py for tasks to queue
[2023-02-01T12:00:03.503+0000] {logging_mixin.py:137} INFO - [2023-02-01T12:00:03.502+0000] {dagbag.py:538} INFO - Filling up the DagBag from /home/airflow/.local/lib/python3.7/site-packages/airflow/example_dags/tutorial.py
[2023-02-01T12:00:03.518+0000] {processor.py:753} INFO - DAG(s) dict_keys(['tutorial']) retrieved from /home/airflow/.local/lib/python3.7/site-packages/airflow/example_dags/tutorial.py
[2023-02-01T12:00:03.548+0000] {logging_mixin.py:137} INFO - [2023-02-01T12:00:03.548+0000] {dag.py:2690} INFO - Sync 1 DAGs
[2023-02-01T12:00:03.571+0000] {logging_mixin.py:137} INFO - [2023-02-01T12:00:03.571+0000] {dag.py:3441} INFO - Setting next_dagrun for tutorial to 2023-01-31T12:00:03.571620+00:00, run_after=2023-02-01T12:00:03.571620+00:00
[2023-02-01T12:00:03.587+0000] {processor.py:175} INFO - Processing /home/airflow/.local/lib/python3.7/site-packages/airflow/example_dags/tutorial.py took 0.090 seconds
[2023-02-01T12:00:34.330+0000] {processor.py:153} INFO - Started process (PID=353) to work on /home/airflow/.local/lib/python3.7/site-packages/airflow/example_dags/tutorial.py
[2023-02-01T12:00:34.331+0000] {processor.py:743} INFO - Processing file /home/airflow/.local/lib/python3.7/site-packages/airflow/example_dags/tutorial.py for tasks to queue
[2023-02-01T12:00:34.333+0000] {logging_mixin.py:137} INFO - [2023-02-01T12:00:34.332+0000] {dagbag.py:538} INFO - Filling up the DagBag from /home/airflow/.local/lib/python3.7/site-packages/airflow/example_dags/tutorial.py
[2023-02-01T12:00:34.350+0000] {processor.py:753} INFO - DAG(s) dict_keys(['tutorial']) retrieved from /home/airflow/.local/lib/python3.7/site-packages/airflow/example_dags/tutorial.py
[2023-02-01T12:00:34.379+0000] {logging_mixin.py:137} INFO - [2023-02-01T12:00:34.379+0000] {dag.py:2690} INFO - Sync 1 DAGs
[2023-02-01T12:00:34.405+0000] {logging_mixin.py:137} INFO - [2023-02-01T12:00:34.405+0000] {dag.py:3441} INFO - Setting next_dagrun for tutorial to 2023-01-31T12:00:34.404732+00:00, run_after=2023-02-01T12:00:34.404732+00:00
[2023-02-01T12:00:34.429+0000] {processor.py:175} INFO - Processing /home/airflow/.local/lib/python3.7/site-packages/airflow/example_dags/tutorial.py took 0.104 seconds
[2023-02-01T12:01:04.921+0000] {processor.py:153} INFO - Started process (PID=418) to work on /home/airflow/.local/lib/python3.7/site-packages/airflow/example_dags/tutorial.py
[2023-02-01T12:01:04.922+0000] {processor.py:743} INFO - Processing file /home/airflow/.local/lib/python3.7/site-packages/airflow/example_dags/tutorial.py for tasks to queue
[2023-02-01T12:01:04.923+0000] {logging_mixin.py:137} INFO - [2023-02-01T12:01:04.923+0000] {dagbag.py:538} INFO - Filling up the DagBag from /home/airflow/.local/lib/python3.7/site-packages/airflow/example_dags/tutorial.py
[2023-02-01T12:01:04.937+0000] {processor.py:753} INFO - DAG(s) dict_keys(['tutorial']) retrieved from /home/airflow/.local/lib/python3.7/site-packages/airflow/example_dags/tutorial.py
[2023-02-01T12:01:04.961+0000] {logging_mixin.py:137} INFO - [2023-02-01T12:01:04.961+0000] {dag.py:2690} INFO - Sync 1 DAGs
[2023-02-01T12:01:04.992+0000] {logging_mixin.py:137} INFO - [2023-02-01T12:01:04.992+0000] {dag.py:3441} INFO - Setting next_dagrun for tutorial to 2023-01-31T12:01:04.991937+00:00, run_after=2023-02-01T12:01:04.991937+00:00
[2023-02-01T12:01:05.009+0000] {processor.py:175} INFO - Processing /home/airflow/.local/lib/python3.7/site-packages/airflow/example_dags/tutorial.py took 0.092 seconds
[2023-02-01T12:01:35.859+0000] {processor.py:153} INFO - Started process (PID=497) to work on /home/airflow/.local/lib/python3.7/site-packages/airflow/example_dags/tutorial.py
[2023-02-01T12:01:35.860+0000] {processor.py:743} INFO - Processing file /home/airflow/.local/lib/python3.7/site-packages/airflow/example_dags/tutorial.py for tasks to queue
[2023-02-01T12:01:35.862+0000] {logging_mixin.py:137} INFO - [2023-02-01T12:01:35.862+0000] {dagbag.py:538} INFO - Filling up the DagBag from /home/airflow/.local/lib/python3.7/site-packages/airflow/example_dags/tutorial.py
[2023-02-01T12:01:35.877+0000] {processor.py:753} INFO - DAG(s) dict_keys(['tutorial']) retrieved from /home/airflow/.local/lib/python3.7/site-packages/airflow/example_dags/tutorial.py
[2023-02-01T12:01:35.902+0000] {logging_mixin.py:137} INFO - [2023-02-01T12:01:35.902+0000] {dag.py:2690} INFO - Sync 1 DAGs
[2023-02-01T12:01:35.926+0000] {logging_mixin.py:137} INFO - [2023-02-01T12:01:35.926+0000] {dag.py:3441} INFO - Setting next_dagrun for tutorial to 2023-01-31T12:01:35.925862+00:00, run_after=2023-02-01T12:01:35.925862+00:00
[2023-02-01T12:01:35.946+0000] {processor.py:175} INFO - Processing /home/airflow/.local/lib/python3.7/site-packages/airflow/example_dags/tutorial.py took 0.090 seconds
[2023-02-01T12:02:07.799+0000] {processor.py:153} INFO - Started process (PID=570) to work on /home/airflow/.local/lib/python3.7/site-packages/airflow/example_dags/tutorial.py
[2023-02-01T12:02:07.801+0000] {processor.py:743} INFO - Processing file /home/airflow/.local/lib/python3.7/site-packages/airflow/example_dags/tutorial.py for tasks to queue
[2023-02-01T12:02:07.802+0000] {logging_mixin.py:137} INFO - [2023-02-01T12:02:07.802+0000] {dagbag.py:538} INFO - Filling up the DagBag from /home/airflow/.local/lib/python3.7/site-packages/airflow/example_dags/tutorial.py
[2023-02-01T12:02:07.848+0000] {processor.py:753} INFO - DAG(s) dict_keys(['tutorial']) retrieved from /home/airflow/.local/lib/python3.7/site-packages/airflow/example_dags/tutorial.py
[2023-02-01T12:02:07.972+0000] {logging_mixin.py:137} INFO - [2023-02-01T12:02:07.972+0000] {dag.py:2690} INFO - Sync 1 DAGs
[2023-02-01T12:02:08.089+0000] {logging_mixin.py:137} INFO - [2023-02-01T12:02:08.089+0000] {dag.py:3441} INFO - Setting next_dagrun for tutorial to 2023-01-31T12:02:08.089117+00:00, run_after=2023-02-01T12:02:08.089117+00:00
[2023-02-01T12:02:08.202+0000] {processor.py:175} INFO - Processing /home/airflow/.local/lib/python3.7/site-packages/airflow/example_dags/tutorial.py took 0.409 seconds
[2023-02-01T12:02:38.482+0000] {processor.py:153} INFO - Started process (PID=639) to work on /home/airflow/.local/lib/python3.7/site-packages/airflow/example_dags/tutorial.py
[2023-02-01T12:02:38.483+0000] {processor.py:743} INFO - Processing file /home/airflow/.local/lib/python3.7/site-packages/airflow/example_dags/tutorial.py for tasks to queue
[2023-02-01T12:02:38.484+0000] {logging_mixin.py:137} INFO - [2023-02-01T12:02:38.484+0000] {dagbag.py:538} INFO - Filling up the DagBag from /home/airflow/.local/lib/python3.7/site-packages/airflow/example_dags/tutorial.py
[2023-02-01T12:02:38.499+0000] {processor.py:753} INFO - DAG(s) dict_keys(['tutorial']) retrieved from /home/airflow/.local/lib/python3.7/site-packages/airflow/example_dags/tutorial.py
[2023-02-01T12:02:38.526+0000] {logging_mixin.py:137} INFO - [2023-02-01T12:02:38.526+0000] {dag.py:2690} INFO - Sync 1 DAGs
[2023-02-01T12:02:38.555+0000] {logging_mixin.py:137} INFO - [2023-02-01T12:02:38.555+0000] {dag.py:3441} INFO - Setting next_dagrun for tutorial to 2023-01-31T12:02:38.554744+00:00, run_after=2023-02-01T12:02:38.554744+00:00
[2023-02-01T12:02:38.587+0000] {processor.py:175} INFO - Processing /home/airflow/.local/lib/python3.7/site-packages/airflow/example_dags/tutorial.py took 0.109 seconds
[2023-02-01T12:03:08.767+0000] {processor.py:153} INFO - Started process (PID=718) to work on /home/airflow/.local/lib/python3.7/site-packages/airflow/example_dags/tutorial.py
[2023-02-01T12:03:08.768+0000] {processor.py:743} INFO - Processing file /home/airflow/.local/lib/python3.7/site-packages/airflow/example_dags/tutorial.py for tasks to queue
[2023-02-01T12:03:08.769+0000] {logging_mixin.py:137} INFO - [2023-02-01T12:03:08.769+0000] {dagbag.py:538} INFO - Filling up the DagBag from /home/airflow/.local/lib/python3.7/site-packages/airflow/example_dags/tutorial.py
[2023-02-01T12:03:08.789+0000] {processor.py:753} INFO - DAG(s) dict_keys(['tutorial']) retrieved from /home/airflow/.local/lib/python3.7/site-packages/airflow/example_dags/tutorial.py
[2023-02-01T12:03:08.823+0000] {logging_mixin.py:137} INFO - [2023-02-01T12:03:08.823+0000] {dag.py:2690} INFO - Sync 1 DAGs
[2023-02-01T12:03:08.901+0000] {logging_mixin.py:137} INFO - [2023-02-01T12:03:08.901+0000] {dag.py:3441} INFO - Setting next_dagrun for tutorial to 2023-01-31T12:03:08.900766+00:00, run_after=2023-02-01T12:03:08.900766+00:00
[2023-02-01T12:03:08.927+0000] {processor.py:175} INFO - Processing /home/airflow/.local/lib/python3.7/site-packages/airflow/example_dags/tutorial.py took 0.165 seconds
[2023-02-01T12:03:39.742+0000] {processor.py:153} INFO - Started process (PID=783) to work on /home/airflow/.local/lib/python3.7/site-packages/airflow/example_dags/tutorial.py
[2023-02-01T12:03:39.743+0000] {processor.py:743} INFO - Processing file /home/airflow/.local/lib/python3.7/site-packages/airflow/example_dags/tutorial.py for tasks to queue
[2023-02-01T12:03:39.745+0000] {logging_mixin.py:137} INFO - [2023-02-01T12:03:39.744+0000] {dagbag.py:538} INFO - Filling up the DagBag from /home/airflow/.local/lib/python3.7/site-packages/airflow/example_dags/tutorial.py
[2023-02-01T12:03:39.766+0000] {processor.py:753} INFO - DAG(s) dict_keys(['tutorial']) retrieved from /home/airflow/.local/lib/python3.7/site-packages/airflow/example_dags/tutorial.py
[2023-02-01T12:03:39.813+0000] {logging_mixin.py:137} INFO - [2023-02-01T12:03:39.812+0000] {dag.py:2690} INFO - Sync 1 DAGs
[2023-02-01T12:03:39.849+0000] {logging_mixin.py:137} INFO - [2023-02-01T12:03:39.849+0000] {dag.py:3441} INFO - Setting next_dagrun for tutorial to 2023-01-31T12:03:39.849234+00:00, run_after=2023-02-01T12:03:39.849234+00:00
[2023-02-01T12:03:39.878+0000] {processor.py:175} INFO - Processing /home/airflow/.local/lib/python3.7/site-packages/airflow/example_dags/tutorial.py took 0.141 seconds
[2023-02-01T12:04:10.564+0000] {processor.py:153} INFO - Started process (PID=856) to work on /home/airflow/.local/lib/python3.7/site-packages/airflow/example_dags/tutorial.py
[2023-02-01T12:04:10.566+0000] {processor.py:743} INFO - Processing file /home/airflow/.local/lib/python3.7/site-packages/airflow/example_dags/tutorial.py for tasks to queue
[2023-02-01T12:04:10.567+0000] {logging_mixin.py:137} INFO - [2023-02-01T12:04:10.566+0000] {dagbag.py:538} INFO - Filling up the DagBag from /home/airflow/.local/lib/python3.7/site-packages/airflow/example_dags/tutorial.py
[2023-02-01T12:04:10.643+0000] {processor.py:753} INFO - DAG(s) dict_keys(['tutorial']) retrieved from /home/airflow/.local/lib/python3.7/site-packages/airflow/example_dags/tutorial.py
[2023-02-01T12:04:10.717+0000] {logging_mixin.py:137} INFO - [2023-02-01T12:04:10.716+0000] {dag.py:2690} INFO - Sync 1 DAGs
[2023-02-01T12:04:10.786+0000] {logging_mixin.py:137} INFO - [2023-02-01T12:04:10.786+0000] {dag.py:3441} INFO - Setting next_dagrun for tutorial to 2023-01-31T12:04:10.785877+00:00, run_after=2023-02-01T12:04:10.785877+00:00
[2023-02-01T12:04:10.828+0000] {processor.py:175} INFO - Processing /home/airflow/.local/lib/python3.7/site-packages/airflow/example_dags/tutorial.py took 0.271 seconds
[2023-02-01T12:04:41.177+0000] {processor.py:153} INFO - Started process (PID=925) to work on /home/airflow/.local/lib/python3.7/site-packages/airflow/example_dags/tutorial.py
[2023-02-01T12:04:41.178+0000] {processor.py:743} INFO - Processing file /home/airflow/.local/lib/python3.7/site-packages/airflow/example_dags/tutorial.py for tasks to queue
[2023-02-01T12:04:41.179+0000] {logging_mixin.py:137} INFO - [2023-02-01T12:04:41.179+0000] {dagbag.py:538} INFO - Filling up the DagBag from /home/airflow/.local/lib/python3.7/site-packages/airflow/example_dags/tutorial.py
[2023-02-01T12:04:41.194+0000] {processor.py:753} INFO - DAG(s) dict_keys(['tutorial']) retrieved from /home/airflow/.local/lib/python3.7/site-packages/airflow/example_dags/tutorial.py
[2023-02-01T12:04:41.220+0000] {logging_mixin.py:137} INFO - [2023-02-01T12:04:41.219+0000] {dag.py:2690} INFO - Sync 1 DAGs
[2023-02-01T12:04:41.245+0000] {logging_mixin.py:137} INFO - [2023-02-01T12:04:41.245+0000] {dag.py:3441} INFO - Setting next_dagrun for tutorial to 2023-01-31T12:04:41.244936+00:00, run_after=2023-02-01T12:04:41.244936+00:00
[2023-02-01T12:04:41.264+0000] {processor.py:175} INFO - Processing /home/airflow/.local/lib/python3.7/site-packages/airflow/example_dags/tutorial.py took 0.090 seconds
[2023-02-01T12:05:11.896+0000] {processor.py:153} INFO - Started process (PID=1004) to work on /home/airflow/.local/lib/python3.7/site-packages/airflow/example_dags/tutorial.py
[2023-02-01T12:05:11.897+0000] {processor.py:743} INFO - Processing file /home/airflow/.local/lib/python3.7/site-packages/airflow/example_dags/tutorial.py for tasks to queue
[2023-02-01T12:05:11.899+0000] {logging_mixin.py:137} INFO - [2023-02-01T12:05:11.898+0000] {dagbag.py:538} INFO - Filling up the DagBag from /home/airflow/.local/lib/python3.7/site-packages/airflow/example_dags/tutorial.py
[2023-02-01T12:05:11.912+0000] {processor.py:753} INFO - DAG(s) dict_keys(['tutorial']) retrieved from /home/airflow/.local/lib/python3.7/site-packages/airflow/example_dags/tutorial.py
[2023-02-01T12:05:11.945+0000] {logging_mixin.py:137} INFO - [2023-02-01T12:05:11.945+0000] {dag.py:2690} INFO - Sync 1 DAGs
[2023-02-01T12:05:11.967+0000] {logging_mixin.py:137} INFO - [2023-02-01T12:05:11.967+0000] {dag.py:3441} INFO - Setting next_dagrun for tutorial to 2023-01-31T12:05:11.967564+00:00, run_after=2023-02-01T12:05:11.967564+00:00
[2023-02-01T12:05:11.984+0000] {processor.py:175} INFO - Processing /home/airflow/.local/lib/python3.7/site-packages/airflow/example_dags/tutorial.py took 0.091 seconds
[2023-02-01T12:05:42.573+0000] {processor.py:153} INFO - Started process (PID=1069) to work on /home/airflow/.local/lib/python3.7/site-packages/airflow/example_dags/tutorial.py
[2023-02-01T12:05:42.574+0000] {processor.py:743} INFO - Processing file /home/airflow/.local/lib/python3.7/site-packages/airflow/example_dags/tutorial.py for tasks to queue
[2023-02-01T12:05:42.575+0000] {logging_mixin.py:137} INFO - [2023-02-01T12:05:42.575+0000] {dagbag.py:538} INFO - Filling up the DagBag from /home/airflow/.local/lib/python3.7/site-packages/airflow/example_dags/tutorial.py
[2023-02-01T12:05:42.589+0000] {processor.py:753} INFO - DAG(s) dict_keys(['tutorial']) retrieved from /home/airflow/.local/lib/python3.7/site-packages/airflow/example_dags/tutorial.py
[2023-02-01T12:05:42.612+0000] {logging_mixin.py:137} INFO - [2023-02-01T12:05:42.612+0000] {dag.py:2690} INFO - Sync 1 DAGs
[2023-02-01T12:05:42.633+0000] {logging_mixin.py:137} INFO - [2023-02-01T12:05:42.633+0000] {dag.py:3441} INFO - Setting next_dagrun for tutorial to 2023-01-31T12:05:42.633565+00:00, run_after=2023-02-01T12:05:42.633565+00:00
[2023-02-01T12:05:42.650+0000] {processor.py:175} INFO - Processing /home/airflow/.local/lib/python3.7/site-packages/airflow/example_dags/tutorial.py took 0.081 seconds
[2023-02-01T12:06:13.116+0000] {processor.py:153} INFO - Started process (PID=1147) to work on /home/airflow/.local/lib/python3.7/site-packages/airflow/example_dags/tutorial.py
[2023-02-01T12:06:13.117+0000] {processor.py:743} INFO - Processing file /home/airflow/.local/lib/python3.7/site-packages/airflow/example_dags/tutorial.py for tasks to queue
[2023-02-01T12:06:13.118+0000] {logging_mixin.py:137} INFO - [2023-02-01T12:06:13.118+0000] {dagbag.py:538} INFO - Filling up the DagBag from /home/airflow/.local/lib/python3.7/site-packages/airflow/example_dags/tutorial.py
[2023-02-01T12:06:13.133+0000] {processor.py:753} INFO - DAG(s) dict_keys(['tutorial']) retrieved from /home/airflow/.local/lib/python3.7/site-packages/airflow/example_dags/tutorial.py
[2023-02-01T12:06:13.159+0000] {logging_mixin.py:137} INFO - [2023-02-01T12:06:13.159+0000] {dag.py:2690} INFO - Sync 1 DAGs
[2023-02-01T12:06:13.189+0000] {logging_mixin.py:137} INFO - [2023-02-01T12:06:13.189+0000] {dag.py:3441} INFO - Setting next_dagrun for tutorial to 2023-01-31T12:06:13.189043+00:00, run_after=2023-02-01T12:06:13.189043+00:00
[2023-02-01T12:06:13.210+0000] {processor.py:175} INFO - Processing /home/airflow/.local/lib/python3.7/site-packages/airflow/example_dags/tutorial.py took 0.097 seconds
[2023-02-01T12:06:43.763+0000] {processor.py:153} INFO - Started process (PID=1221) to work on /home/airflow/.local/lib/python3.7/site-packages/airflow/example_dags/tutorial.py
[2023-02-01T12:06:43.765+0000] {processor.py:743} INFO - Processing file /home/airflow/.local/lib/python3.7/site-packages/airflow/example_dags/tutorial.py for tasks to queue
[2023-02-01T12:06:43.766+0000] {logging_mixin.py:137} INFO - [2023-02-01T12:06:43.766+0000] {dagbag.py:538} INFO - Filling up the DagBag from /home/airflow/.local/lib/python3.7/site-packages/airflow/example_dags/tutorial.py
[2023-02-01T12:06:43.785+0000] {processor.py:753} INFO - DAG(s) dict_keys(['tutorial']) retrieved from /home/airflow/.local/lib/python3.7/site-packages/airflow/example_dags/tutorial.py
[2023-02-01T12:06:43.832+0000] {logging_mixin.py:137} INFO - [2023-02-01T12:06:43.832+0000] {dag.py:2690} INFO - Sync 1 DAGs
[2023-02-01T12:06:43.892+0000] {logging_mixin.py:137} INFO - [2023-02-01T12:06:43.892+0000] {dag.py:3441} INFO - Setting next_dagrun for tutorial to 2023-01-31T12:06:43.892417+00:00, run_after=2023-02-01T12:06:43.892417+00:00
[2023-02-01T12:06:43.931+0000] {processor.py:175} INFO - Processing /home/airflow/.local/lib/python3.7/site-packages/airflow/example_dags/tutorial.py took 0.172 seconds
[2023-02-01T12:07:13.979+0000] {processor.py:153} INFO - Started process (PID=1289) to work on /home/airflow/.local/lib/python3.7/site-packages/airflow/example_dags/tutorial.py
[2023-02-01T12:07:13.979+0000] {processor.py:743} INFO - Processing file /home/airflow/.local/lib/python3.7/site-packages/airflow/example_dags/tutorial.py for tasks to queue
[2023-02-01T12:07:13.980+0000] {logging_mixin.py:137} INFO - [2023-02-01T12:07:13.980+0000] {dagbag.py:538} INFO - Filling up the DagBag from /home/airflow/.local/lib/python3.7/site-packages/airflow/example_dags/tutorial.py
[2023-02-01T12:07:13.995+0000] {processor.py:753} INFO - DAG(s) dict_keys(['tutorial']) retrieved from /home/airflow/.local/lib/python3.7/site-packages/airflow/example_dags/tutorial.py
[2023-02-01T12:07:14.023+0000] {logging_mixin.py:137} INFO - [2023-02-01T12:07:14.023+0000] {dag.py:2690} INFO - Sync 1 DAGs
[2023-02-01T12:07:14.052+0000] {logging_mixin.py:137} INFO - [2023-02-01T12:07:14.052+0000] {dag.py:3441} INFO - Setting next_dagrun for tutorial to 2023-01-31T12:07:14.051803+00:00, run_after=2023-02-01T12:07:14.051803+00:00
[2023-02-01T12:07:14.072+0000] {processor.py:175} INFO - Processing /home/airflow/.local/lib/python3.7/site-packages/airflow/example_dags/tutorial.py took 0.097 seconds
[2023-02-01T12:07:44.423+0000] {processor.py:153} INFO - Started process (PID=1368) to work on /home/airflow/.local/lib/python3.7/site-packages/airflow/example_dags/tutorial.py
[2023-02-01T12:07:44.424+0000] {processor.py:743} INFO - Processing file /home/airflow/.local/lib/python3.7/site-packages/airflow/example_dags/tutorial.py for tasks to queue
[2023-02-01T12:07:44.425+0000] {logging_mixin.py:137} INFO - [2023-02-01T12:07:44.425+0000] {dagbag.py:538} INFO - Filling up the DagBag from /home/airflow/.local/lib/python3.7/site-packages/airflow/example_dags/tutorial.py
[2023-02-01T12:07:44.440+0000] {processor.py:753} INFO - DAG(s) dict_keys(['tutorial']) retrieved from /home/airflow/.local/lib/python3.7/site-packages/airflow/example_dags/tutorial.py
[2023-02-01T12:07:44.468+0000] {logging_mixin.py:137} INFO - [2023-02-01T12:07:44.468+0000] {dag.py:2690} INFO - Sync 1 DAGs
[2023-02-01T12:07:44.491+0000] {logging_mixin.py:137} INFO - [2023-02-01T12:07:44.491+0000] {dag.py:3441} INFO - Setting next_dagrun for tutorial to 2023-01-31T12:07:44.490818+00:00, run_after=2023-02-01T12:07:44.490818+00:00
[2023-02-01T12:07:44.513+0000] {processor.py:175} INFO - Processing /home/airflow/.local/lib/python3.7/site-packages/airflow/example_dags/tutorial.py took 0.094 seconds
